[32m[I 2022-04-15 11:57:20,307][0m Trial 0 finished with value: 1.103966 and parameters: {'colsample_bytree': 0.3764805413071612, 'eta': 1.9063905308326283e-07, 'max_depth': 3, 'n_estimators': 700, 'subsample': 0.5126241680999286}. Best is trial 2 with value: 0.998858.[0m
[11:57:25] WARNING: ../src/learner.cc:576: 
Parameters: { "n_estimators" } might not be used.

  This could be a false alarm, with some parameters getting used by language bindings but
  then being mistakenly passed down to XGBoost core, or some parameter actually being used
  but getting flagged wrongly here. Please open an issue if you find any such cases.


[0]	train-rmse:1.09920	valid-rmse:1.10400
[360]	train-rmse:1.09892	valid-rmse:1.10373
[240]	train-rmse:1.09876	valid-rmse:1.10358
[60]	train-rmse:0.97681	valid-rmse:1.00057
[380]	train-rmse:1.09890	valid-rmse:1.10371
[40]	train-rmse:1.09919	valid-rmse:1.10400
[200]	train-rmse:1.07786	valid-rmse:1.08474
[20]	train-rmse:1.09918	valid-rmse:1.10399
[400]	train-rmse:1.09889	valid-rmse:1.10370
[260]	train-rmse:1.09873	valid-rmse:1.10355
[73]	train-rmse:0.97229	valid-rmse:1.00093
[32m[I 2022-04-15 12:00:54,916][0m Trial 6 finished with value: 0.999719 and parameters: {'colsample_bytree': 0.9256810278687844, 'eta': 0.1184032940256081, 'max_depth': 5, 'n_estimators': 1013, 'subsample': 0.8884646970899595}. Best is trial 2 with value: 0.998858.[0m
[12:00:59] WARNING: ../src/learner.cc:576: 
Parameters: { "n_estimators" } might not be used.

  This could be a false alarm, with some parameters getting used by language bindings but
  then being mistakenly passed down to XGBoost core, or some parameter actually being used
  but getting flagged wrongly here. Please open an issue if you find any such cases.


[0]	train-rmse:1.09919	valid-rmse:1.10399
[60]	train-rmse:1.09919	valid-rmse:1.10400
[420]	train-rmse:1.09887	valid-rmse:1.10368
[220]	train-rmse:1.07593	valid-rmse:1.08303
[40]	train-rmse:1.09916	valid-rmse:1.10397
[280]	train-rmse:1.09869	valid-rmse:1.10351
[20]	train-rmse:1.09888	valid-rmse:1.10371
[440]	train-rmse:1.09885	valid-rmse:1.10367
[80]	train-rmse:1.09919	valid-rmse:1.10400
[460]	train-rmse:1.09884	valid-rmse:1.10365
[300]	train-rmse:1.09866	valid-rmse:1.10348
[240]	train-rmse:1.07403	valid-rmse:1.08134
[60]	train-rmse:1.09914	valid-rmse:1.10395
[40]	train-rmse:1.09858	valid-rmse:1.10343
[480]	train-rmse:1.09882	valid-rmse:1.10364
[100]	train-rmse:1.09919	valid-rmse:1.10399
[320]	train-rmse:1.09862	valid-rmse:1.10344
[500]	train-rmse:1.09881	valid-rmse:1.10362
[60]	train-rmse:1.09828	valid-rmse:1.10315
[80]	train-rmse:1.09912	valid-rmse:1.10393
[260]	train-rmse:1.07216	valid-rmse:1.07970
[120]	train-rmse:1.09919	valid-rmse:1.10399
[520]	train-rmse:1.09879	valid-rmse:1.10361
[340]	train-rmse:1.09858	valid-rmse:1.10341
[80]	train-rmse:1.09798	valid-rmse:1.10287
[100]	train-rmse:1.09911	valid-rmse:1.10392
[540]	train-rmse:1.09878	valid-rmse:1.10359
[280]	train-rmse:1.07036	valid-rmse:1.07808
[140]	train-rmse:1.09919	valid-rmse:1.10399
[360]	train-rmse:1.09855	valid-rmse:1.10337
[560]	train-rmse:1.09876	valid-rmse:1.10358
[100]	train-rmse:1.09768	valid-rmse:1.10259
[120]	train-rmse:1.09909	valid-rmse:1.10390
[580]	train-rmse:1.09875	valid-rmse:1.10356
[300]	train-rmse:1.06858	valid-rmse:1.07649
[160]	train-rmse:1.09918	valid-rmse:1.10399
[380]	train-rmse:1.09851	valid-rmse:1.10334
[120]	train-rmse:1.09738	valid-rmse:1.10232
[600]	train-rmse:1.09873	valid-rmse:1.10355
[140]	train-rmse:1.09907	valid-rmse:1.10388
[400]	train-rmse:1.09848	valid-rmse:1.10330
[620]	train-rmse:1.09871	valid-rmse:1.10353
[180]	train-rmse:1.09918	valid-rmse:1.10398
[320]	train-rmse:1.06682	valid-rmse:1.07493
[140]	train-rmse:1.09708	valid-rmse:1.10204
[640]	train-rmse:1.09870	valid-rmse:1.10352
[160]	train-rmse:1.09905	valid-rmse:1.10386
[420]	train-rmse:1.09844	valid-rmse:1.10327
[200]	train-rmse:1.09918	valid-rmse:1.10398
[340]	train-rmse:1.06509	valid-rmse:1.07341
[660]	train-rmse:1.09868	valid-rmse:1.10350
[160]	train-rmse:1.09678	valid-rmse:1.10176
[440]	train-rmse:1.09840	valid-rmse:1.10323
[680]	train-rmse:1.09867	valid-rmse:1.10349
[180]	train-rmse:1.09903	valid-rmse:1.10385
[220]	train-rmse:1.09918	valid-rmse:1.10398
[180]	train-rmse:1.09649	valid-rmse:1.10149
[360]	train-rmse:1.06338	valid-rmse:1.07192
[700]	train-rmse:1.09865	valid-rmse:1.10347
[460]	train-rmse:1.09837	valid-rmse:1.10320
[200]	train-rmse:1.09901	valid-rmse:1.10383
[240]	train-rmse:1.09918	valid-rmse:1.10398
[720]	train-rmse:1.09864	valid-rmse:1.10346
[200]	train-rmse:1.09620	valid-rmse:1.10122
[380]	train-rmse:1.06171	valid-rmse:1.07046
[480]	train-rmse:1.09833	valid-rmse:1.10316
[740]	train-rmse:1.09862	valid-rmse:1.10344
[260]	train-rmse:1.09917	valid-rmse:1.10398
[220]	train-rmse:1.09899	valid-rmse:1.10381
[220]	train-rmse:1.09590	valid-rmse:1.10094
[760]	train-rmse:1.09860	valid-rmse:1.10343
[500]	train-rmse:1.09830	valid-rmse:1.10313
[400]	train-rmse:1.06007	valid-rmse:1.06902
[780]	train-rmse:1.09859	valid-rmse:1.10341
[280]	train-rmse:1.09917	valid-rmse:1.10397
[240]	train-rmse:1.09898	valid-rmse:1.10380
[240]	train-rmse:1.09560	valid-rmse:1.10067
[520]	train-rmse:1.09826	valid-rmse:1.10309
[800]	train-rmse:1.09857	valid-rmse:1.10339
[420]	train-rmse:1.05846	valid-rmse:1.06761
[300]	train-rmse:1.09917	valid-rmse:1.10397
[820]	train-rmse:1.09856	valid-rmse:1.10338
[260]	train-rmse:1.09896	valid-rmse:1.10378
[260]	train-rmse:1.09531	valid-rmse:1.10040
[540]	train-rmse:1.09822	valid-rmse:1.10306
[840]	train-rmse:1.09854	valid-rmse:1.10336
[440]	train-rmse:1.05688	valid-rmse:1.06623
[320]	train-rmse:1.09917	valid-rmse:1.10397
[280]	train-rmse:1.09894	valid-rmse:1.10376
[280]	train-rmse:1.09502	valid-rmse:1.10012
[560]	train-rmse:1.09819	valid-rmse:1.10303
[860]	train-rmse:1.09853	valid-rmse:1.10335
[880]	train-rmse:1.09851	valid-rmse:1.10333
[340]	train-rmse:1.09916	valid-rmse:1.10397
[460]	train-rmse:1.05532	valid-rmse:1.06489
[300]	train-rmse:1.09472	valid-rmse:1.09985
[300]	train-rmse:1.09892	valid-rmse:1.10374
[580]	train-rmse:1.09815	valid-rmse:1.10299
[900]	train-rmse:1.09850	valid-rmse:1.10332
[920]	train-rmse:1.09848	valid-rmse:1.10330
[600]	train-rmse:1.09812	valid-rmse:1.10296
[320]	train-rmse:1.09443	valid-rmse:1.09958
[360]	train-rmse:1.09916	valid-rmse:1.10397
[320]	train-rmse:1.09890	valid-rmse:1.10373
[480]	train-rmse:1.05378	valid-rmse:1.06356
[940]	train-rmse:1.09847	valid-rmse:1.10329
[620]	train-rmse:1.09808	valid-rmse:1.10292
[340]	train-rmse:1.09414	valid-rmse:1.09931
[380]	train-rmse:1.09916	valid-rmse:1.10396
[340]	train-rmse:1.09888	valid-rmse:1.10371
[960]	train-rmse:1.09845	valid-rmse:1.10327
[500]	train-rmse:1.05227	valid-rmse:1.06226
[980]	train-rmse:1.09843	valid-rmse:1.10326
[640]	train-rmse:1.09804	valid-rmse:1.10289
[360]	train-rmse:1.09385	valid-rmse:1.09904
[400]	train-rmse:1.09916	valid-rmse:1.10396
[360]	train-rmse:1.09886	valid-rmse:1.10369
[999]	train-rmse:1.09842	valid-rmse:1.10324
[32m[I 2022-04-15 12:46:01,894][0m Trial 4 finished with value: 1.103244 and parameters: {'colsample_bytree': 0.6263177982520836, 'eta': 3.905621699908462e-06, 'max_depth': 7, 'n_estimators': 935, 'subsample': 0.3291197103715723}. Best is trial 2 with value: 0.998858.[0m
[12:46:07] WARNING: ../src/learner.cc:576: 
Parameters: { "n_estimators" } might not be used.

  This could be a false alarm, with some parameters getting used by language bindings but
  then being mistakenly passed down to XGBoost core, or some parameter actually being used
  but getting flagged wrongly here. Please open an issue if you find any such cases.


[520]	train-rmse:1.05080	valid-rmse:1.06098
[0]	train-rmse:1.09917	valid-rmse:1.10397
[660]	train-rmse:1.09801	valid-rmse:1.10285
[380]	train-rmse:1.09356	valid-rmse:1.09878
[420]	train-rmse:1.09916	valid-rmse:1.10396
[380]	train-rmse:1.09885	valid-rmse:1.10367
[20]	train-rmse:1.09853	valid-rmse:1.10339
[540]	train-rmse:1.04934	valid-rmse:1.05973
[680]	train-rmse:1.09797	valid-rmse:1.10282
[400]	train-rmse:1.09327	valid-rmse:1.09851
[440]	train-rmse:1.09915	valid-rmse:1.10396
[40]	train-rmse:1.09789	valid-rmse:1.10280
[400]	train-rmse:1.09883	valid-rmse:1.10366
[700]	train-rmse:1.09794	valid-rmse:1.10278
[560]	train-rmse:1.04791	valid-rmse:1.05851
[420]	train-rmse:1.09299	valid-rmse:1.09824
[60]	train-rmse:1.09726	valid-rmse:1.10222
[460]	train-rmse:1.09915	valid-rmse:1.10396
[420]	train-rmse:1.09881	valid-rmse:1.10364
[720]	train-rmse:1.09790	valid-rmse:1.10275
[440]	train-rmse:1.09270	valid-rmse:1.09798
[80]	train-rmse:1.09663	valid-rmse:1.10164
[580]	train-rmse:1.04649	valid-rmse:1.05731
[480]	train-rmse:1.09915	valid-rmse:1.10395
[740]	train-rmse:1.09787	valid-rmse:1.10271
[440]	train-rmse:1.09879	valid-rmse:1.10362
[100]	train-rmse:1.09600	valid-rmse:1.10107
[460]	train-rmse:1.09241	valid-rmse:1.09771
[600]	train-rmse:1.04513	valid-rmse:1.05614
[500]	train-rmse:1.09915	valid-rmse:1.10395
[760]	train-rmse:1.09783	valid-rmse:1.10268
[460]	train-rmse:1.09877	valid-rmse:1.10360
[120]	train-rmse:1.09537	valid-rmse:1.10050
[480]	train-rmse:1.09213	valid-rmse:1.09745
[520]	train-rmse:1.09914	valid-rmse:1.10395
[780]	train-rmse:1.09779	valid-rmse:1.10264
[620]	train-rmse:1.04378	valid-rmse:1.05497
[140]	train-rmse:1.09475	valid-rmse:1.09993
[480]	train-rmse:1.09875	valid-rmse:1.10359
[500]	train-rmse:1.09184	valid-rmse:1.09718
[540]	train-rmse:1.09914	valid-rmse:1.10395
[800]	train-rmse:1.09776	valid-rmse:1.10261
[160]	train-rmse:1.09413	valid-rmse:1.09937
[640]	train-rmse:1.04244	valid-rmse:1.05385
[500]	train-rmse:1.09873	valid-rmse:1.10357
[520]	train-rmse:1.09156	valid-rmse:1.09692
[820]	train-rmse:1.09772	valid-rmse:1.10258
[180]	train-rmse:1.09352	valid-rmse:1.09881
[560]	train-rmse:1.09914	valid-rmse:1.10394
[660]	train-rmse:1.04113	valid-rmse:1.05274
[520]	train-rmse:1.09872	valid-rmse:1.10355
[540]	train-rmse:1.09127	valid-rmse:1.09666
[200]	train-rmse:1.09291	valid-rmse:1.09825
[840]	train-rmse:1.09769	valid-rmse:1.10254
[580]	train-rmse:1.09914	valid-rmse:1.10394
[560]	train-rmse:1.09099	valid-rmse:1.09640
[680]	train-rmse:1.03983	valid-rmse:1.05166
[540]	train-rmse:1.09870	valid-rmse:1.10353
[220]	train-rmse:1.09229	valid-rmse:1.09769
[860]	train-rmse:1.09765	valid-rmse:1.10251
[600]	train-rmse:1.09913	valid-rmse:1.10394
[580]	train-rmse:1.09071	valid-rmse:1.09614
[240]	train-rmse:1.09168	valid-rmse:1.09714
[560]	train-rmse:1.09868	valid-rmse:1.10352
[880]	train-rmse:1.09761	valid-rmse:1.10247
[700]	train-rmse:1.03855	valid-rmse:1.05060
[620]	train-rmse:1.09913	valid-rmse:1.10394
[600]	train-rmse:1.09043	valid-rmse:1.09587
[260]	train-rmse:1.09108	valid-rmse:1.09659
[900]	train-rmse:1.09758	valid-rmse:1.10244
[580]	train-rmse:1.09866	valid-rmse:1.10350
[720]	train-rmse:1.03729	valid-rmse:1.04956
[640]	train-rmse:1.09913	valid-rmse:1.10394
[280]	train-rmse:1.09048	valid-rmse:1.09604
[620]	train-rmse:1.09014	valid-rmse:1.09561
[920]	train-rmse:1.09754	valid-rmse:1.10240
[600]	train-rmse:1.09864	valid-rmse:1.10348
[300]	train-rmse:1.08988	valid-rmse:1.09550
[740]	train-rmse:1.03607	valid-rmse:1.04853
[660]	train-rmse:1.09913	valid-rmse:1.10393
[640]	train-rmse:1.08986	valid-rmse:1.09536
[940]	train-rmse:1.09751	valid-rmse:1.10237
[620]	train-rmse:1.09862	valid-rmse:1.10346
[320]	train-rmse:1.08928	valid-rmse:1.09496
[680]	train-rmse:1.09912	valid-rmse:1.10393
[760]	train-rmse:1.03488	valid-rmse:1.04753
[660]	train-rmse:1.08958	valid-rmse:1.09510
[960]	train-rmse:1.09747	valid-rmse:1.10233
[640]	train-rmse:1.09861	valid-rmse:1.10345
[340]	train-rmse:1.08869	valid-rmse:1.09442
[700]	train-rmse:1.09912	valid-rmse:1.10393
[680]	train-rmse:1.08930	valid-rmse:1.09484
[780]	train-rmse:1.03369	valid-rmse:1.04656
[980]	train-rmse:1.09744	valid-rmse:1.10230
[360]	train-rmse:1.08810	valid-rmse:1.09389
[660]	train-rmse:1.09859	valid-rmse:1.10343
[720]	train-rmse:1.09912	valid-rmse:1.10393
[999]	train-rmse:1.09740	valid-rmse:1.10227
