[32m[I 2022-04-16 19:22:27,598][0m Trial 4 finished with value: 1.101645 and parameters: {'colsample_bytree': 0.49487933293809183, 'eta': 3.102043933569569e-06, 'max_depth': 9, 'n_estimators': 340, 'subsample': 0.25413984189111505}. Best is trial 1 with value: 0.999336.[0m
[238300:MainThread](2022-04-16 19:22:27,599) ERROR - qlib.workflow - [utils.py:41] - An exception has been raised[FileExistsError: [Errno 17] File exists: './tensor_board/runs/xgboost'].
  File "hyperparameter_360_XGBoost_br.py", line 88, in <module>
    study.optimize(objective, n_jobs=6)
  File "/home/lisa/miniconda3/envs/igor_tcc/lib/python3.8/site-packages/optuna/study/study.py", line 400, in optimize
    _optimize(
  File "/home/lisa/miniconda3/envs/igor_tcc/lib/python3.8/site-packages/optuna/study/_optimize.py", line 106, in _optimize
    f.result()
  File "/home/lisa/miniconda3/envs/igor_tcc/lib/python3.8/concurrent/futures/_base.py", line 437, in result
    return self.__get_result()
  File "/home/lisa/miniconda3/envs/igor_tcc/lib/python3.8/concurrent/futures/_base.py", line 389, in __get_result
    raise self._exception
  File "/home/lisa/miniconda3/envs/igor_tcc/lib/python3.8/concurrent/futures/thread.py", line 57, in run
    result = self.fn(*self.args, **self.kwargs)
  File "/home/lisa/miniconda3/envs/igor_tcc/lib/python3.8/site-packages/optuna/study/_optimize.py", line 163, in _optimize_sequential
    trial = _run_trial(study, func, catch)
  File "/home/lisa/miniconda3/envs/igor_tcc/lib/python3.8/site-packages/optuna/study/_optimize.py", line 264, in _run_trial
    raise func_err
  File "/home/lisa/miniconda3/envs/igor_tcc/lib/python3.8/site-packages/optuna/study/_optimize.py", line 213, in _run_trial
    value_or_values = func(trial)
  File "hyperparameter_360_XGBoost_br.py", line 73, in objective
    model.fit(dataset, evals_result=evals_result)
  File "/home/lisa/miniconda3/envs/igor_tcc/lib/python3.8/site-packages/qlib/contrib/model/xgboost.py", line 73, in fit
    callbacks=[TensorBoardCallback(experiment='xgboost_exp', data_name='valid')],
  File "/home/lisa/miniconda3/envs/igor_tcc/lib/python3.8/site-packages/qlib/contrib/model/xgboost.py", line 106, in __init__
    self.train_writer = SummaryWriter(log_dir=target_dir + '/runs/xgboost')
  File "/home/lisa/miniconda3/envs/igor_tcc/lib/python3.8/site-packages/tensorboardX/writer.py", line 301, in __init__
    self._get_file_writer()
  File "/home/lisa/miniconda3/envs/igor_tcc/lib/python3.8/site-packages/tensorboardX/writer.py", line 349, in _get_file_writer
    self.file_writer = FileWriter(logdir=self.logdir,
  File "/home/lisa/miniconda3/envs/igor_tcc/lib/python3.8/site-packages/tensorboardX/writer.py", line 105, in __init__
    self.event_writer = EventFileWriter(
  File "/home/lisa/miniconda3/envs/igor_tcc/lib/python3.8/site-packages/tensorboardX/event_file_writer.py", line 104, in __init__
    directory_check(self._logdir)
  File "/home/lisa/miniconda3/envs/igor_tcc/lib/python3.8/site-packages/tensorboardX/record_writer.py", line 51, in directory_check
    os.makedirs(path)
  File "/home/lisa/miniconda3/envs/igor_tcc/lib/python3.8/os.py", line 223, in makedirs
    mkdir(name, mode)
FileExistsError: [Errno 17] File exists: './tensor_board/runs/xgboost'
2022-04-16 19:28:57.473 | WARNING  | qlib.tests.data:qlib_data:150 - Data already exists: ~/igorlima/igor_tcc/qlib_data/br_data, the data download will be skipped
	If downloading is required: `exists_skip=False` or `change target_dir`
[242489:MainThread](2022-04-16 19:28:57,474) INFO - qlib.Initialization - [config.py:402] - default_conf: client.
[242489:MainThread](2022-04-16 19:28:57,797) INFO - qlib.Initialization - [__init__.py:74] - qlib successfully initialized based on client settings.
[242489:MainThread](2022-04-16 19:28:57,797) INFO - qlib.Initialization - [__init__.py:76] - data_path={'__DEFAULT_FREQ': PosixPath('/home/lisa/igorlima/igor_tcc/qlib_data/br_data')}
[242489:MainThread](2022-04-16 19:28:57,798) INFO - qlib.Hyperparameter - [hyperparameter_360_XGBoost_br.py:83] - Dataset intialization
[242489:MainThread](2022-04-16 19:29:05,683) INFO - qlib.timer - [log.py:113] - Time cost: 7.882s | Loading data Done
[242489:MainThread](2022-04-16 19:29:05,846) INFO - qlib.timer - [log.py:113] - Time cost: 0.057s | DropnaLabel Done
/home/lisa/miniconda3/envs/igor_tcc/lib/python3.8/site-packages/qlib/data/dataset/processor.py:347: SettingWithCopyWarning: 
A value is trying to be set on a copy of a slice from a DataFrame.
Try using .loc[row_indexer,col_indexer] = value instead

See the caveats in the documentation: https://pandas.pydata.org/pandas-docs/stable/user_guide/indexing.html#returning-a-view-versus-a-copy
  df[cols] = t
[242489:MainThread](2022-04-16 19:29:06,002) INFO - qlib.timer - [log.py:113] - Time cost: 0.155s | CSRankNorm Done
[242489:MainThread](2022-04-16 19:29:06,002) INFO - qlib.timer - [log.py:113] - Time cost: 0.319s | fit & process data Done
[242489:MainThread](2022-04-16 19:29:06,003) INFO - qlib.timer - [log.py:113] - Time cost: 8.202s | Init data Done
[242489:MainThread](2022-04-16 19:29:06,003) INFO - qlib.Hyperparameter - [hyperparameter_360_XGBoost_br.py:86] - Start parameter tuning
[19:29:10] WARNING: ../src/learner.cc:576: 
Parameters: { "n_estimators" } might not be used.

  This could be a false alarm, with some parameters getting used by language bindings but
  then being mistakenly passed down to XGBoost core, or some parameter actually being used
  but getting flagged wrongly here. Please open an issue if you find any such cases.


target_dir:  ./tensor_board/runs/catboost
[19:29:09] WARNING: ../src/learner.cc:576: 
Parameters: { "n_estimators" } might not be used.

  This could be a false alarm, with some parameters getting used by language bindings but
  then being mistakenly passed down to XGBoost core, or some parameter actually being used
  but getting flagged wrongly here. Please open an issue if you find any such cases.


[0]	train-rmse:1.09906	valid-rmse:1.10224
[19:29:12] WARNING: ../src/learner.cc:576: 
Parameters: { "n_estimators" } might not be used.

  This could be a false alarm, with some parameters getting used by language bindings but
  then being mistakenly passed down to XGBoost core, or some parameter actually being used
  but getting flagged wrongly here. Please open an issue if you find any such cases.


[19:29:12] WARNING: ../src/learner.cc:576: 
Parameters: { "n_estimators" } might not be used.

  This could be a false alarm, with some parameters getting used by language bindings but
  then being mistakenly passed down to XGBoost core, or some parameter actually being used
  but getting flagged wrongly here. Please open an issue if you find any such cases.


[19:29:12] WARNING: ../src/learner.cc:576: 
Parameters: { "n_estimators" } might not be used.

  This could be a false alarm, with some parameters getting used by language bindings but
  then being mistakenly passed down to XGBoost core, or some parameter actually being used
  but getting flagged wrongly here. Please open an issue if you find any such cases.


[0]	train-rmse:1.09906	valid-rmse:1.10224
[19:29:13] WARNING: ../src/learner.cc:576: 
Parameters: { "n_estimators" } might not be used.

  This could be a false alarm, with some parameters getting used by language bindings but
  then being mistakenly passed down to XGBoost core, or some parameter actually being used
  but getting flagged wrongly here. Please open an issue if you find any such cases.


[0]	train-rmse:1.09906	valid-rmse:1.10224
[0]	train-rmse:0.99386	valid-rmse:1.00189
[0]	train-rmse:1.09906	valid-rmse:1.10223
[0]	train-rmse:1.08099	valid-rmse:1.08609
[20]	train-rmse:1.09906	valid-rmse:1.10224
[20]	train-rmse:1.09905	valid-rmse:1.10222
[20]	train-rmse:1.09906	valid-rmse:1.10224
[40]	train-rmse:1.09906	valid-rmse:1.10224
[20]	train-rmse:0.93009	valid-rmse:1.05010
[20]	train-rmse:1.09888	valid-rmse:1.10207
[40]	train-rmse:1.09903	valid-rmse:1.10221
[40]	train-rmse:1.09906	valid-rmse:1.10224
[49]	train-rmse:1.09906	valid-rmse:1.10224
/home/lisa/miniconda3/envs/igor_tcc/lib/python3.8/site-packages/optuna/study/study.py:393: FutureWarning: `n_jobs` argument has been deprecated in v2.7.0. This feature will be removed in v4.0.0. See https://github.com/optuna/optuna/releases/tag/v2.7.0.
  warnings.warn(
/home/lisa/miniconda3/envs/igor_tcc/lib/python3.8/site-packages/xgboost/compat.py:36: FutureWarning: pandas.Int64Index is deprecated and will be removed from pandas in a future version. Use pandas.Index with the appropriate dtype instead.
  from pandas import MultiIndex, Int64Index
[32m[I 2022-04-16 19:30:40,191][0m Trial 12 finished with value: 1.102238 and parameters: {'colsample_bytree': 0.5806599491467006, 'eta': 1.0865982862408315e-08, 'max_depth': 5, 'n_estimators': 999, 'subsample': 0.20099680631233063}. Best is trial 7 with value: 0.998686.[0m
[19:30:43] WARNING: ../src/learner.cc:576: 
Parameters: { "n_estimators" } might not be used.

  This could be a false alarm, with some parameters getting used by language bindings but
  then being mistakenly passed down to XGBoost core, or some parameter actually being used
  but getting flagged wrongly here. Please open an issue if you find any such cases.


[0]	train-rmse:1.09906	valid-rmse:1.10224
[60]	train-rmse:1.09902	valid-rmse:1.10219
[60]	train-rmse:1.09906	valid-rmse:1.10224
[40]	train-rmse:1.09871	valid-rmse:1.10190
[40]	train-rmse:0.86306	valid-rmse:1.10548
[80]	train-rmse:1.09900	valid-rmse:1.10218
[80]	train-rmse:1.09906	valid-rmse:1.10223
[20]	train-rmse:1.09905	valid-rmse:1.10223
[50]	train-rmse:0.83522	valid-rmse:1.12676
[32m[I 2022-04-16 19:32:18,011][0m Trial 14 finished with value: 1.001894 and parameters: {'colsample_bytree': 0.30153247511231573, 'eta': 0.9910073114848794, 'max_depth': 7, 'n_estimators': 402, 'subsample': 0.7667967138629281}. Best is trial 7 with value: 0.998686.[0m
[19:32:22] WARNING: ../src/learner.cc:576: 
Parameters: { "n_estimators" } might not be used.

  This could be a false alarm, with some parameters getting used by language bindings but
  then being mistakenly passed down to XGBoost core, or some parameter actually being used
  but getting flagged wrongly here. Please open an issue if you find any such cases.


[20]	train-rmse:0.96224	valid-rmse:1.00355
[0]	train-rmse:1.09594	valid-rmse:1.09914
[100]	train-rmse:1.09899	valid-rmse:1.10217
[60]	train-rmse:1.09854	valid-rmse:1.10174
[100]	train-rmse:1.09906	valid-rmse:1.10223
[20]	train-rmse:1.04955	valid-rmse:1.05295
[120]	train-rmse:1.09898	valid-rmse:1.10215
[120]	train-rmse:1.09906	valid-rmse:1.10223
[40]	train-rmse:1.09904	valid-rmse:1.10222
[40]	train-rmse:1.02448	valid-rmse:1.02790
[140]	train-rmse:1.09896	valid-rmse:1.10214
[80]	train-rmse:1.09837	valid-rmse:1.10158
[140]	train-rmse:1.09906	valid-rmse:1.10223
[60]	train-rmse:1.01106	valid-rmse:1.01443
[160]	train-rmse:1.09895	valid-rmse:1.10212
[160]	train-rmse:1.09906	valid-rmse:1.10223
[80]	train-rmse:1.00382	valid-rmse:1.00723
[60]	train-rmse:1.09903	valid-rmse:1.10221
[180]	train-rmse:1.09893	valid-rmse:1.10211
[100]	train-rmse:1.09820	valid-rmse:1.10142
[40]	train-rmse:0.93220	valid-rmse:1.00203
[200]	train-rmse:1.09892	valid-rmse:1.10209
[100]	train-rmse:0.99987	valid-rmse:1.00335
[180]	train-rmse:1.09905	valid-rmse:1.10223
[120]	train-rmse:1.09803	valid-rmse:1.10125
[220]	train-rmse:1.09890	valid-rmse:1.10208
[120]	train-rmse:0.99767	valid-rmse:1.00124
[80]	train-rmse:1.09902	valid-rmse:1.10220
[200]	train-rmse:1.09905	valid-rmse:1.10223
[240]	train-rmse:1.09889	valid-rmse:1.10206
[140]	train-rmse:0.99633	valid-rmse:1.00010
[220]	train-rmse:1.09905	valid-rmse:1.10223
[140]	train-rmse:1.09786	valid-rmse:1.10109
[260]	train-rmse:1.09887	valid-rmse:1.10205
[160]	train-rmse:0.99550	valid-rmse:0.99943
[100]	train-rmse:1.09901	valid-rmse:1.10219
[240]	train-rmse:1.09905	valid-rmse:1.10223
[280]	train-rmse:1.09886	valid-rmse:1.10204
[180]	train-rmse:0.99491	valid-rmse:0.99908
[60]	train-rmse:0.90660	valid-rmse:1.00280
[160]	train-rmse:1.09769	valid-rmse:1.10093
[260]	train-rmse:1.09905	valid-rmse:1.10223
[300]	train-rmse:1.09884	valid-rmse:1.10202
[200]	train-rmse:0.99443	valid-rmse:0.99887
[120]	train-rmse:1.09900	valid-rmse:1.10218
[280]	train-rmse:1.09905	valid-rmse:1.10222
[320]	train-rmse:1.09883	valid-rmse:1.10201
[220]	train-rmse:0.99405	valid-rmse:0.99876
[180]	train-rmse:1.09752	valid-rmse:1.10077
[300]	train-rmse:1.09905	valid-rmse:1.10222
[340]	train-rmse:1.09882	valid-rmse:1.10199
[240]	train-rmse:0.99372	valid-rmse:0.99867
[140]	train-rmse:1.09899	valid-rmse:1.10217
[360]	train-rmse:1.09880	valid-rmse:1.10198
[320]	train-rmse:1.09905	valid-rmse:1.10222
[200]	train-rmse:1.09735	valid-rmse:1.10061
[260]	train-rmse:0.99339	valid-rmse:0.99861
[380]	train-rmse:1.09879	valid-rmse:1.10196
[340]	train-rmse:1.09905	valid-rmse:1.10222
[280]	train-rmse:0.99306	valid-rmse:0.99858
[80]	train-rmse:0.87309	valid-rmse:1.00458
[160]	train-rmse:1.09898	valid-rmse:1.10215
[400]	train-rmse:1.09877	valid-rmse:1.10195
[220]	train-rmse:1.09718	valid-rmse:1.10045
[300]	train-rmse:0.99276	valid-rmse:0.99857
[360]	train-rmse:1.09905	valid-rmse:1.10222
[420]	train-rmse:1.09876	valid-rmse:1.10193
[320]	train-rmse:0.99246	valid-rmse:0.99856
[380]	train-rmse:1.09904	valid-rmse:1.10222
[240]	train-rmse:1.09702	valid-rmse:1.10028
[440]	train-rmse:1.09874	valid-rmse:1.10192
[180]	train-rmse:1.09897	valid-rmse:1.10214
[340]	train-rmse:0.99219	valid-rmse:0.99856
[400]	train-rmse:1.09904	valid-rmse:1.10222
[92]	train-rmse:0.85644	valid-rmse:1.00565
[32m[I 2022-04-16 19:43:51,857][0m Trial 15 finished with value: 1.001841 and parameters: {'colsample_bytree': 0.855512887741593, 'eta': 0.0888067777325371, 'max_depth': 9, 'n_estimators': 139, 'subsample': 0.6225214117984363}. Best is trial 7 with value: 0.998686.[0m
[19:43:56] WARNING: ../src/learner.cc:576: 
Parameters: { "n_estimators" } might not be used.

  This could be a false alarm, with some parameters getting used by language bindings but
  then being mistakenly passed down to XGBoost core, or some parameter actually being used
  but getting flagged wrongly here. Please open an issue if you find any such cases.


[0]	train-rmse:1.09905	valid-rmse:1.10223
[460]	train-rmse:1.09873	valid-rmse:1.10190
[360]	train-rmse:0.99190	valid-rmse:0.99855
[260]	train-rmse:1.09685	valid-rmse:1.10013
[420]	train-rmse:1.09904	valid-rmse:1.10222
[480]	train-rmse:1.09871	valid-rmse:1.10189
[200]	train-rmse:1.09896	valid-rmse:1.10213
[380]	train-rmse:0.99162	valid-rmse:0.99854
[440]	train-rmse:1.09904	valid-rmse:1.10221
[500]	train-rmse:1.09870	valid-rmse:1.10188
[20]	train-rmse:1.09888	valid-rmse:1.10207
[280]	train-rmse:1.09668	valid-rmse:1.09997
[400]	train-rmse:0.99132	valid-rmse:0.99855
[460]	train-rmse:1.09904	valid-rmse:1.10221
[520]	train-rmse:1.09868	valid-rmse:1.10186
[220]	train-rmse:1.09895	valid-rmse:1.10212
[420]	train-rmse:0.99106	valid-rmse:0.99854
[540]	train-rmse:1.09867	valid-rmse:1.10185
[480]	train-rmse:1.09904	valid-rmse:1.10221
[300]	train-rmse:1.09651	valid-rmse:1.09980
[40]	train-rmse:1.09871	valid-rmse:1.10191
[440]	train-rmse:0.99075	valid-rmse:0.99855
[560]	train-rmse:1.09866	valid-rmse:1.10183
[500]	train-rmse:1.09904	valid-rmse:1.10221
[240]	train-rmse:1.09894	valid-rmse:1.10211
[460]	train-rmse:0.99049	valid-rmse:0.99854
[462]	train-rmse:0.99045	valid-rmse:0.99854
[32m[I 2022-04-16 19:47:50,906][0m Trial 19 finished with value: 0.998533 and parameters: {'colsample_bytree': 0.5044610381796226, 'eta': 0.016264462924223542, 'max_depth': 3, 'n_estimators': 869, 'subsample': 0.8596397787018508}. Best is trial 19 with value: 0.998533.[0m
[19:47:54] WARNING: ../src/learner.cc:576: 
Parameters: { "n_estimators" } might not be used.

  This could be a false alarm, with some parameters getting used by language bindings but
  then being mistakenly passed down to XGBoost core, or some parameter actually being used
  but getting flagged wrongly here. Please open an issue if you find any such cases.


[580]	train-rmse:1.09864	valid-rmse:1.10182
[320]	train-rmse:1.09634	valid-rmse:1.09964
[0]	train-rmse:1.09879	valid-rmse:1.10197
[520]	train-rmse:1.09904	valid-rmse:1.10221
[60]	train-rmse:1.09854	valid-rmse:1.10174
[600]	train-rmse:1.09863	valid-rmse:1.10180
[540]	train-rmse:1.09904	valid-rmse:1.10221
[20]	train-rmse:1.09351	valid-rmse:1.09672
[260]	train-rmse:1.09892	valid-rmse:1.10210
[340]	train-rmse:1.09618	valid-rmse:1.09949
[620]	train-rmse:1.09861	valid-rmse:1.10179
[560]	train-rmse:1.09903	valid-rmse:1.10221
[640]	train-rmse:1.09860	valid-rmse:1.10177
[80]	train-rmse:1.09837	valid-rmse:1.10158
[40]	train-rmse:1.08849	valid-rmse:1.09173
[360]	train-rmse:1.09601	valid-rmse:1.09933
[580]	train-rmse:1.09903	valid-rmse:1.10221
[280]	train-rmse:1.09891	valid-rmse:1.10209
[660]	train-rmse:1.09858	valid-rmse:1.10176
[600]	train-rmse:1.09903	valid-rmse:1.10221
[60]	train-rmse:1.08372	valid-rmse:1.08699
[680]	train-rmse:1.09857	valid-rmse:1.10175
[100]	train-rmse:1.09819	valid-rmse:1.10142
[380]	train-rmse:1.09584	valid-rmse:1.09917
[700]	train-rmse:1.09855	valid-rmse:1.10173
[620]	train-rmse:1.09903	valid-rmse:1.10221
[300]	train-rmse:1.09890	valid-rmse:1.10208
[80]	train-rmse:1.07918	valid-rmse:1.08248
[720]	train-rmse:1.09854	valid-rmse:1.10172
[640]	train-rmse:1.09903	valid-rmse:1.10221
[400]	train-rmse:1.09568	valid-rmse:1.09901
[120]	train-rmse:1.09802	valid-rmse:1.10126
[740]	train-rmse:1.09853	valid-rmse:1.10170
[100]	train-rmse:1.07488	valid-rmse:1.07820
[660]	train-rmse:1.09903	valid-rmse:1.10220
[320]	train-rmse:1.09889	valid-rmse:1.10207
[760]	train-rmse:1.09851	valid-rmse:1.10169
[420]	train-rmse:1.09551	valid-rmse:1.09885
[680]	train-rmse:1.09903	valid-rmse:1.10220
[120]	train-rmse:1.07079	valid-rmse:1.07414
[140]	train-rmse:1.09785	valid-rmse:1.10110
[780]	train-rmse:1.09850	valid-rmse:1.10167
[340]	train-rmse:1.09888	valid-rmse:1.10206
[700]	train-rmse:1.09903	valid-rmse:1.10220
[440]	train-rmse:1.09535	valid-rmse:1.09869
[800]	train-rmse:1.09848	valid-rmse:1.10166
[140]	train-rmse:1.06691	valid-rmse:1.07027
[720]	train-rmse:1.09903	valid-rmse:1.10220
[820]	train-rmse:1.09847	valid-rmse:1.10165
[160]	train-rmse:1.09768	valid-rmse:1.10094
[360]	train-rmse:1.09887	valid-rmse:1.10205
[460]	train-rmse:1.09518	valid-rmse:1.09854
[740]	train-rmse:1.09902	valid-rmse:1.10220
[160]	train-rmse:1.06323	valid-rmse:1.06660
[840]	train-rmse:1.09845	valid-rmse:1.10163
[760]	train-rmse:1.09902	valid-rmse:1.10220
[860]	train-rmse:1.09844	valid-rmse:1.10162
[180]	train-rmse:1.05973	valid-rmse:1.06312
[180]	train-rmse:1.09751	valid-rmse:1.10078
[480]	train-rmse:1.09501	valid-rmse:1.09838
[380]	train-rmse:1.09886	valid-rmse:1.10204
[880]	train-rmse:1.09842	valid-rmse:1.10160
[780]	train-rmse:1.09902	valid-rmse:1.10220
[900]	train-rmse:1.09841	valid-rmse:1.10159
[200]	train-rmse:1.05641	valid-rmse:1.05981
[800]	train-rmse:1.09902	valid-rmse:1.10220
[500]	train-rmse:1.09485	valid-rmse:1.09822
[200]	train-rmse:1.09734	valid-rmse:1.10062
[920]	train-rmse:1.09840	valid-rmse:1.10157
[400]	train-rmse:1.09885	valid-rmse:1.10203
[820]	train-rmse:1.09902	valid-rmse:1.10220
[220]	train-rmse:1.05326	valid-rmse:1.05667
[940]	train-rmse:1.09838	valid-rmse:1.10156
[520]	train-rmse:1.09468	valid-rmse:1.09806
[840]	train-rmse:1.09902	valid-rmse:1.10219
[960]	train-rmse:1.09837	valid-rmse:1.10154
[220]	train-rmse:1.09717	valid-rmse:1.10046
[240]	train-rmse:1.05028	valid-rmse:1.05369
[420]	train-rmse:1.09884	valid-rmse:1.10202
[860]	train-rmse:1.09902	valid-rmse:1.10219
[980]	train-rmse:1.09835	valid-rmse:1.10153
[540]	train-rmse:1.09452	valid-rmse:1.09790
[880]	train-rmse:1.09902	valid-rmse:1.10219
[260]	train-rmse:1.04744	valid-rmse:1.05087
[999]	train-rmse:1.09834	valid-rmse:1.10152
[32m[I 2022-04-16 20:01:26,873][0m Trial 16 finished with value: 1.101517 and parameters: {'colsample_bytree': 0.4925832994051431, 'eta': 3.7537169016032784e-06, 'max_depth': 3, 'n_estimators': 468, 'subsample': 0.8545113701599671}. Best is trial 19 with value: 0.998533.[0m
[20:01:31] WARNING: ../src/learner.cc:576: 
Parameters: { "n_estimators" } might not be used.

  This could be a false alarm, with some parameters getting used by language bindings but
  then being mistakenly passed down to XGBoost core, or some parameter actually being used
  but getting flagged wrongly here. Please open an issue if you find any such cases.


[0]	train-rmse:1.09850	valid-rmse:1.10169
[240]	train-rmse:1.09700	valid-rmse:1.10030
[440]	train-rmse:1.09883	valid-rmse:1.10201
[560]	train-rmse:1.09435	valid-rmse:1.09775
[900]	train-rmse:1.09902	valid-rmse:1.10219
[280]	train-rmse:1.04475	valid-rmse:1.04819
[20]	train-rmse:1.08790	valid-rmse:1.09115
[920]	train-rmse:1.09901	valid-rmse:1.10219
[460]	train-rmse:1.09882	valid-rmse:1.10200
[260]	train-rmse:1.09683	valid-rmse:1.10014
[580]	train-rmse:1.09419	valid-rmse:1.09759
[300]	train-rmse:1.04220	valid-rmse:1.04564
[40]	train-rmse:1.07837	valid-rmse:1.08167
[940]	train-rmse:1.09901	valid-rmse:1.10219
[960]	train-rmse:1.09901	valid-rmse:1.10219
[600]	train-rmse:1.09403	valid-rmse:1.09743
[60]	train-rmse:1.06980	valid-rmse:1.07313
[320]	train-rmse:1.03978	valid-rmse:1.04322
[480]	train-rmse:1.09881	valid-rmse:1.10199
[280]	train-rmse:1.09666	valid-rmse:1.09998
[980]	train-rmse:1.09901	valid-rmse:1.10219
[80]	train-rmse:1.06209	valid-rmse:1.06546
[340]	train-rmse:1.03748	valid-rmse:1.04094
[620]	train-rmse:1.09386	valid-rmse:1.09728
[999]	train-rmse:1.09901	valid-rmse:1.10219
