[32m[I 2022-04-15 00:25:30,874][0m Trial 5 finished with value: 1.093292 and parameters: {'colsample_bytree': 0.23909168156937943, 'eta': 6.022770376712244e-05, 'max_depth': 5, 'n_estimators': 644, 'subsample': 0.502793609005115}. Best is trial 1 with value: 1.015398.[0m
[800]	train-rmse:1.08300	valid-rmse:1.08760
[00:25:35] WARNING: ../src/learner.cc:576: 
Parameters: { "n_estimators" } might not be used.

  This could be a false alarm, with some parameters getting used by language bindings but
  then being mistakenly passed down to XGBoost core, or some parameter actually being used
  but getting flagged wrongly here. Please open an issue if you find any such cases.


[0]	train-rmse:1.09960	valid-rmse:1.10451
[160]	train-rmse:1.09930	valid-rmse:1.10424
[180]	train-rmse:1.09951	valid-rmse:1.10442
[20]	train-rmse:1.09959	valid-rmse:1.10450
[200]	train-rmse:1.09936	valid-rmse:1.10429
[820]	train-rmse:1.08262	valid-rmse:1.08721
[40]	train-rmse:1.09958	valid-rmse:1.10449
[60]	train-rmse:1.09957	valid-rmse:1.10448
[80]	train-rmse:1.09956	valid-rmse:1.10447
[200]	train-rmse:1.09950	valid-rmse:1.10441
[840]	train-rmse:1.08224	valid-rmse:1.08683
[100]	train-rmse:1.09954	valid-rmse:1.10445
[80]	train-rmse:1.09959	valid-rmse:1.10450
[120]	train-rmse:1.09953	valid-rmse:1.10444
[140]	train-rmse:1.09952	valid-rmse:1.10443
[860]	train-rmse:1.08187	valid-rmse:1.08644
[220]	train-rmse:1.09949	valid-rmse:1.10440
[160]	train-rmse:1.09951	valid-rmse:1.10442
[180]	train-rmse:1.09950	valid-rmse:1.10441
[880]	train-rmse:1.08150	valid-rmse:1.08606
[200]	train-rmse:1.09949	valid-rmse:1.10439
[220]	train-rmse:1.09934	valid-rmse:1.10427
[220]	train-rmse:1.09947	valid-rmse:1.10438
[240]	train-rmse:1.09948	valid-rmse:1.10439
[240]	train-rmse:1.09946	valid-rmse:1.10437
[900]	train-rmse:1.08112	valid-rmse:1.08568
[260]	train-rmse:1.09945	valid-rmse:1.10436
[180]	train-rmse:1.09927	valid-rmse:1.10420
[280]	train-rmse:1.09944	valid-rmse:1.10435
[920]	train-rmse:1.08075	valid-rmse:1.08530
[260]	train-rmse:1.09947	valid-rmse:1.10438
[300]	train-rmse:1.09943	valid-rmse:1.10433
[320]	train-rmse:1.09941	valid-rmse:1.10432
[340]	train-rmse:1.09940	valid-rmse:1.10431
[940]	train-rmse:1.08038	valid-rmse:1.08493
[360]	train-rmse:1.09939	valid-rmse:1.10430
[100]	train-rmse:1.09959	valid-rmse:1.10450
[280]	train-rmse:1.09946	valid-rmse:1.10437
[380]	train-rmse:1.09938	valid-rmse:1.10429
[960]	train-rmse:1.08001	valid-rmse:1.08455
[240]	train-rmse:1.09932	valid-rmse:1.10425
[400]	train-rmse:1.09937	valid-rmse:1.10427
[420]	train-rmse:1.09936	valid-rmse:1.10426
[980]	train-rmse:1.07964	valid-rmse:1.08418
[300]	train-rmse:1.09945	valid-rmse:1.10435
[440]	train-rmse:1.09934	valid-rmse:1.10425
[460]	train-rmse:1.09933	valid-rmse:1.10424
[480]	train-rmse:1.09932	valid-rmse:1.10423
[999]	train-rmse:1.07930	valid-rmse:1.08382
[32m[I 2022-04-15 00:33:04,643][0m Trial 0 finished with value: 1.083824 and parameters: {'colsample_bytree': 0.4379955751629873, 'eta': 0.00011566311112452341, 'max_depth': 3, 'n_estimators': 211, 'subsample': 0.9731800156196793}. Best is trial 1 with value: 1.015398.[0m
[00:33:08] WARNING: ../src/learner.cc:576: 
Parameters: { "n_estimators" } might not be used.

  This could be a false alarm, with some parameters getting used by language bindings but
  then being mistakenly passed down to XGBoost core, or some parameter actually being used
  but getting flagged wrongly here. Please open an issue if you find any such cases.


[500]	train-rmse:1.09931	valid-rmse:1.10421
[0]	train-rmse:1.09148	valid-rmse:1.09706
[200]	train-rmse:1.09923	valid-rmse:1.10417
[320]	train-rmse:1.09943	valid-rmse:1.10434
[520]	train-rmse:1.09930	valid-rmse:1.10420
[540]	train-rmse:1.09928	valid-rmse:1.10419
[560]	train-rmse:1.09927	valid-rmse:1.10418
[260]	train-rmse:1.09929	valid-rmse:1.10423
[340]	train-rmse:1.09943	valid-rmse:1.10434
[580]	train-rmse:1.09926	valid-rmse:1.10417
[120]	train-rmse:1.09958	valid-rmse:1.10450
[600]	train-rmse:1.09925	valid-rmse:1.10416
[620]	train-rmse:1.09924	valid-rmse:1.10414
[640]	train-rmse:1.09923	valid-rmse:1.10413
[360]	train-rmse:1.09942	valid-rmse:1.10432
[660]	train-rmse:1.09922	valid-rmse:1.10412
[20]	train-rmse:1.00378	valid-rmse:1.02163
[680]	train-rmse:1.09920	valid-rmse:1.10411
[700]	train-rmse:1.09919	valid-rmse:1.10410
[720]	train-rmse:1.09918	valid-rmse:1.10408
[380]	train-rmse:1.09940	valid-rmse:1.10431
[740]	train-rmse:1.09917	valid-rmse:1.10407
[280]	train-rmse:1.09927	valid-rmse:1.10420
[220]	train-rmse:1.09919	valid-rmse:1.10414
[760]	train-rmse:1.09916	valid-rmse:1.10406
[780]	train-rmse:1.09914	valid-rmse:1.10405
[400]	train-rmse:1.09939	valid-rmse:1.10430
[800]	train-rmse:1.09913	valid-rmse:1.10404
[820]	train-rmse:1.09912	valid-rmse:1.10403
[840]	train-rmse:1.09911	valid-rmse:1.10401
[140]	train-rmse:1.09958	valid-rmse:1.10449
[40]	train-rmse:0.97542	valid-rmse:1.00509
[420]	train-rmse:1.09938	valid-rmse:1.10429
[860]	train-rmse:1.09910	valid-rmse:1.10400
[880]	train-rmse:1.09909	valid-rmse:1.10399
[900]	train-rmse:1.09908	valid-rmse:1.10398
[920]	train-rmse:1.09906	valid-rmse:1.10397
[440]	train-rmse:1.09937	valid-rmse:1.10428
[300]	train-rmse:1.09924	valid-rmse:1.10418
[940]	train-rmse:1.09905	valid-rmse:1.10396
[960]	train-rmse:1.09904	valid-rmse:1.10394
[980]	train-rmse:1.09903	valid-rmse:1.10393
[999]	train-rmse:1.09902	valid-rmse:1.10392
[460]	train-rmse:1.09936	valid-rmse:1.10427
[32m[I 2022-04-15 00:41:01,604][0m Trial 9 finished with value: 1.10392 and parameters: {'colsample_bytree': 0.3454130700713822, 'eta': 3.0212704428443838e-06, 'max_depth': 3, 'n_estimators': 796, 'subsample': 0.22364371352379422}. Best is trial 1 with value: 1.015398.[0m
[240]	train-rmse:1.09916	valid-rmse:1.10410
[00:41:06] WARNING: ../src/learner.cc:576: 
Parameters: { "n_estimators" } might not be used.

  This could be a false alarm, with some parameters getting used by language bindings but
  then being mistakenly passed down to XGBoost core, or some parameter actually being used
  but getting flagged wrongly here. Please open an issue if you find any such cases.


[0]	train-rmse:1.09960	valid-rmse:1.10451
[60]	train-rmse:0.96204	valid-rmse:1.00173
[480]	train-rmse:1.09935	valid-rmse:1.10426
[160]	train-rmse:1.09958	valid-rmse:1.10449
[20]	train-rmse:1.09960	valid-rmse:1.10451
[320]	train-rmse:1.09922	valid-rmse:1.10416
[500]	train-rmse:1.09934	valid-rmse:1.10425
[80]	train-rmse:0.95209	valid-rmse:1.00081
[520]	train-rmse:1.09933	valid-rmse:1.10424
[40]	train-rmse:1.09960	valid-rmse:1.10451
[260]	train-rmse:1.09912	valid-rmse:1.10407
[540]	train-rmse:1.09932	valid-rmse:1.10423
[340]	train-rmse:1.09920	valid-rmse:1.10414
[180]	train-rmse:1.09958	valid-rmse:1.10449
[60]	train-rmse:1.09960	valid-rmse:1.10451
[560]	train-rmse:1.09931	valid-rmse:1.10422
[67]	train-rmse:1.09960	valid-rmse:1.10451
[32m[I 2022-04-15 00:46:40,503][0m Trial 11 finished with value: 1.104512 and parameters: {'colsample_bytree': 0.5225270615905753, 'eta': 2.3033874453989724e-08, 'max_depth': 7, 'n_estimators': 843, 'subsample': 0.5330356657718209}. Best is trial 1 with value: 1.015398.[0m
[00:46:44] WARNING: ../src/learner.cc:576: 
Parameters: { "n_estimators" } might not be used.

  This could be a false alarm, with some parameters getting used by language bindings but
  then being mistakenly passed down to XGBoost core, or some parameter actually being used
  but getting flagged wrongly here. Please open an issue if you find any such cases.


[100]	train-rmse:0.94136	valid-rmse:1.00084
[0]	train-rmse:1.09793	valid-rmse:1.10285
[580]	train-rmse:1.09930	valid-rmse:1.10421
[20]	train-rmse:1.06872	valid-rmse:1.07439
[600]	train-rmse:1.09929	valid-rmse:1.10420
[40]	train-rmse:1.04703	valid-rmse:1.05354
[280]	train-rmse:1.09908	valid-rmse:1.10403
[360]	train-rmse:1.09918	valid-rmse:1.10412
[60]	train-rmse:1.03139	valid-rmse:1.03853
[120]	train-rmse:0.93104	valid-rmse:1.00119
[620]	train-rmse:1.09928	valid-rmse:1.10419
[200]	train-rmse:1.09957	valid-rmse:1.10448
[123]	train-rmse:0.92978	valid-rmse:1.00121
[32m[I 2022-04-15 00:50:03,556][0m Trial 10 finished with value: 1.000768 and parameters: {'colsample_bytree': 0.6023602728561701, 'eta': 0.03860480425923229, 'max_depth': 9, 'n_estimators': 73, 'subsample': 0.6116172587858377}. Best is trial 10 with value: 1.000768.[0m
[00:50:07] WARNING: ../src/learner.cc:576: 
Parameters: { "n_estimators" } might not be used.

  This could be a false alarm, with some parameters getting used by language bindings but
  then being mistakenly passed down to XGBoost core, or some parameter actually being used
  but getting flagged wrongly here. Please open an issue if you find any such cases.


[80]	train-rmse:1.01978	valid-rmse:1.02783
[0]	train-rmse:1.09959	valid-rmse:1.10451
[640]	train-rmse:1.09927	valid-rmse:1.10418
[100]	train-rmse:1.01107	valid-rmse:1.01998
[380]	train-rmse:1.09915	valid-rmse:1.10409
[660]	train-rmse:1.09926	valid-rmse:1.10417
[120]	train-rmse:1.00450	valid-rmse:1.01433
[300]	train-rmse:1.09904	valid-rmse:1.10400
[20]	train-rmse:1.09947	valid-rmse:1.10439
[680]	train-rmse:1.09925	valid-rmse:1.10416
[140]	train-rmse:0.99966	valid-rmse:1.01030
[220]	train-rmse:1.09957	valid-rmse:1.10448
[160]	train-rmse:0.99597	valid-rmse:1.00734
[700]	train-rmse:1.09924	valid-rmse:1.10415
[400]	train-rmse:1.09913	valid-rmse:1.10407
[180]	train-rmse:0.99299	valid-rmse:1.00521
[40]	train-rmse:1.09935	valid-rmse:1.10427
[720]	train-rmse:1.09923	valid-rmse:1.10414
[200]	train-rmse:0.99054	valid-rmse:1.00368
[740]	train-rmse:1.09922	valid-rmse:1.10413
[320]	train-rmse:1.09901	valid-rmse:1.10396
[220]	train-rmse:0.98861	valid-rmse:1.00262
[60]	train-rmse:1.09923	valid-rmse:1.10415
[240]	train-rmse:1.09957	valid-rmse:1.10448
[420]	train-rmse:1.09910	valid-rmse:1.10405
[240]	train-rmse:0.98698	valid-rmse:1.00186
[760]	train-rmse:1.09921	valid-rmse:1.10411
[260]	train-rmse:0.98554	valid-rmse:1.00126
[780]	train-rmse:1.09920	valid-rmse:1.10410
[280]	train-rmse:0.98418	valid-rmse:1.00076
[80]	train-rmse:1.09911	valid-rmse:1.10404
[800]	train-rmse:1.09919	valid-rmse:1.10409
[300]	train-rmse:0.98313	valid-rmse:1.00048
[440]	train-rmse:1.09908	valid-rmse:1.10403
[340]	train-rmse:1.09897	valid-rmse:1.10393
[820]	train-rmse:1.09918	valid-rmse:1.10408
[320]	train-rmse:0.98199	valid-rmse:1.00033
[260]	train-rmse:1.09956	valid-rmse:1.10448
[100]	train-rmse:1.09899	valid-rmse:1.10392
[340]	train-rmse:0.98107	valid-rmse:1.00022
[840]	train-rmse:1.09917	valid-rmse:1.10407
[360]	train-rmse:0.98011	valid-rmse:1.00016
[860]	train-rmse:1.09916	valid-rmse:1.10406
[460]	train-rmse:1.09905	valid-rmse:1.10401
[380]	train-rmse:0.97912	valid-rmse:1.00007
[120]	train-rmse:1.09886	valid-rmse:1.10380
[880]	train-rmse:1.09915	valid-rmse:1.10405
[360]	train-rmse:1.09893	valid-rmse:1.10390
[400]	train-rmse:0.97826	valid-rmse:1.00000
[280]	train-rmse:1.09956	valid-rmse:1.10447
[900]	train-rmse:1.09914	valid-rmse:1.10404
[420]	train-rmse:0.97740	valid-rmse:1.00001
[480]	train-rmse:1.09903	valid-rmse:1.10398
[140]	train-rmse:1.09874	valid-rmse:1.10368
[920]	train-rmse:1.09913	valid-rmse:1.10403
[440]	train-rmse:0.97642	valid-rmse:1.00002
[460]	train-rmse:0.97549	valid-rmse:1.00002
[940]	train-rmse:1.09912	valid-rmse:1.10402
[465]	train-rmse:0.97528	valid-rmse:1.00001
[32m[I 2022-04-15 01:07:13,464][0m Trial 12 finished with value: 0.999956 and parameters: {'colsample_bytree': 0.35918040854036826, 'eta': 0.008578685810531636, 'max_depth': 7, 'n_estimators': 724, 'subsample': 0.2580846645871704}. Best is trial 12 with value: 0.999956.[0m
[01:07:17] WARNING: ../src/learner.cc:576: 
Parameters: { "n_estimators" } might not be used.

  This could be a false alarm, with some parameters getting used by language bindings but
  then being mistakenly passed down to XGBoost core, or some parameter actually being used
  but getting flagged wrongly here. Please open an issue if you find any such cases.


[0]	train-rmse:1.09960	valid-rmse:1.10451
[380]	train-rmse:1.09889	valid-rmse:1.10386
[160]	train-rmse:1.09862	valid-rmse:1.10357
[960]	train-rmse:1.09911	valid-rmse:1.10401
[300]	train-rmse:1.09956	valid-rmse:1.10447
[500]	train-rmse:1.09901	valid-rmse:1.10396
[980]	train-rmse:1.09910	valid-rmse:1.10400
[20]	train-rmse:1.09960	valid-rmse:1.10451
[999]	train-rmse:1.09909	valid-rmse:1.10399
[180]	train-rmse:1.09850	valid-rmse:1.10345
[32m[I 2022-04-15 01:10:02,916][0m Trial 8 finished with value: 1.103991 and parameters: {'colsample_bytree': 0.8496745657139164, 'eta': 2.6482300182925704e-06, 'max_depth': 3, 'n_estimators': 198, 'subsample': 0.691653043896203}. Best is trial 12 with value: 0.999956.[0m
[01:10:07] WARNING: ../src/learner.cc:576: 
Parameters: { "n_estimators" } might not be used.

  This could be a false alarm, with some parameters getting used by language bindings but
  then being mistakenly passed down to XGBoost core, or some parameter actually being used
  but getting flagged wrongly here. Please open an issue if you find any such cases.


[0]	train-rmse:1.09820	valid-rmse:1.10321
[520]	train-rmse:1.09898	valid-rmse:1.10394
[40]	train-rmse:1.09960	valid-rmse:1.10451
[400]	train-rmse:1.09886	valid-rmse:1.10383
[320]	train-rmse:1.09956	valid-rmse:1.10447
[200]	train-rmse:1.09838	valid-rmse:1.10333
[20]	train-rmse:1.07311	valid-rmse:1.07996
[60]	train-rmse:1.09960	valid-rmse:1.10451
[540]	train-rmse:1.09896	valid-rmse:1.10392
[220]	train-rmse:1.09826	valid-rmse:1.10321
[40]	train-rmse:1.05304	valid-rmse:1.06186
[420]	train-rmse:1.09882	valid-rmse:1.10379
[80]	train-rmse:1.09960	valid-rmse:1.10451
[340]	train-rmse:1.09955	valid-rmse:1.10447
[240]	train-rmse:1.09814	valid-rmse:1.10310
[560]	train-rmse:1.09894	valid-rmse:1.10390
[97]	train-rmse:1.09960	valid-rmse:1.10451
[32m[I 2022-04-15 01:17:14,507][0m Trial 14 finished with value: 1.104511 and parameters: {'colsample_bytree': 0.9278452000221926, 'eta': 1.1268884237946623e-07, 'max_depth': 5, 'n_estimators': 409, 'subsample': 0.7348922406893454}. Best is trial 12 with value: 0.999956.[0m
[60]	train-rmse:1.03729	valid-rmse:1.04768
[01:17:18] WARNING: ../src/learner.cc:576: 
Parameters: { "n_estimators" } might not be used.

  This could be a false alarm, with some parameters getting used by language bindings but
  then being mistakenly passed down to XGBoost core, or some parameter actually being used
  but getting flagged wrongly here. Please open an issue if you find any such cases.


[0]	train-rmse:1.08655	valid-rmse:1.09256
[260]	train-rmse:1.09802	valid-rmse:1.10298
[440]	train-rmse:1.09878	valid-rmse:1.10376
[360]	train-rmse:1.09955	valid-rmse:1.10446
[580]	train-rmse:1.09891	valid-rmse:1.10387
[80]	train-rmse:1.02448	valid-rmse:1.03670
[20]	train-rmse:0.98511	valid-rmse:1.00836
[280]	train-rmse:1.09790	valid-rmse:1.10286
[100]	train-rmse:1.01429	valid-rmse:1.02834
[600]	train-rmse:1.09889	valid-rmse:1.10385
[40]	train-rmse:0.96151	valid-rmse:1.00311
[460]	train-rmse:1.09875	valid-rmse:1.10373
[380]	train-rmse:1.09954	valid-rmse:1.10446
[300]	train-rmse:1.09778	valid-rmse:1.10275
[120]	train-rmse:1.00585	valid-rmse:1.02169
[60]	train-rmse:0.94592	valid-rmse:1.00394
[620]	train-rmse:1.09887	valid-rmse:1.10383
[320]	train-rmse:1.09766	valid-rmse:1.10263
[400]	train-rmse:1.09954	valid-rmse:1.10446
[140]	train-rmse:0.99915	valid-rmse:1.01659
[480]	train-rmse:1.09871	valid-rmse:1.10369
[80]	train-rmse:0.93042	valid-rmse:1.00538
[340]	train-rmse:1.09753	valid-rmse:1.10252
[640]	train-rmse:1.09884	valid-rmse:1.10381
[89]	train-rmse:0.92379	valid-rmse:1.00605
[32m[I 2022-04-15 01:28:45,476][0m Trial 16 finished with value: 1.003005 and parameters: {'colsample_bytree': 0.7012566249035236, 'eta': 0.06447775316239014, 'max_depth': 9, 'n_estimators': 1011, 'subsample': 0.4201259795519234}. Best is trial 12 with value: 0.999956.[0m
[01:28:49] WARNING: ../src/learner.cc:576: 
Parameters: { "n_estimators" } might not be used.

  This could be a false alarm, with some parameters getting used by language bindings but
  then being mistakenly passed down to XGBoost core, or some parameter actually being used
  but getting flagged wrongly here. Please open an issue if you find any such cases.


[160]	train-rmse:0.99369	valid-rmse:1.01268
[0]	train-rmse:1.09805	valid-rmse:1.10309
[360]	train-rmse:1.09742	valid-rmse:1.10240
[420]	train-rmse:1.09954	valid-rmse:1.10445
[500]	train-rmse:1.09867	valid-rmse:1.10366
[660]	train-rmse:1.09882	valid-rmse:1.10379
[180]	train-rmse:0.98901	valid-rmse:1.00963
[380]	train-rmse:1.09730	valid-rmse:1.10228
[20]	train-rmse:1.06996	valid-rmse:1.07772
[200]	train-rmse:0.98507	valid-rmse:1.00724
[680]	train-rmse:1.09879	valid-rmse:1.10377
[440]	train-rmse:1.09953	valid-rmse:1.10445
[520]	train-rmse:1.09864	valid-rmse:1.10362
[400]	train-rmse:1.09718	valid-rmse:1.10217
[40]	train-rmse:1.04789	valid-rmse:1.05846
[220]	train-rmse:0.98176	valid-rmse:1.00541
[700]	train-rmse:1.09877	valid-rmse:1.10374
[420]	train-rmse:1.09706	valid-rmse:1.10205
[460]	train-rmse:1.09953	valid-rmse:1.10445
[540]	train-rmse:1.09860	valid-rmse:1.10359
[240]	train-rmse:0.97866	valid-rmse:1.00402
[440]	train-rmse:1.09694	valid-rmse:1.10194
[60]	train-rmse:1.03037	valid-rmse:1.04385
[720]	train-rmse:1.09875	valid-rmse:1.10372
[260]	train-rmse:0.97557	valid-rmse:1.00302
[460]	train-rmse:1.09682	valid-rmse:1.10182
[480]	train-rmse:1.09953	valid-rmse:1.10445
[560]	train-rmse:1.09856	valid-rmse:1.10356
[740]	train-rmse:1.09872	valid-rmse:1.10370
[80]	train-rmse:1.01661	valid-rmse:1.03286
[280]	train-rmse:0.97309	valid-rmse:1.00217
[480]	train-rmse:1.09670	valid-rmse:1.10170
[760]	train-rmse:1.09870	valid-rmse:1.10368
[500]	train-rmse:1.09953	valid-rmse:1.10444
[500]	train-rmse:1.09658	valid-rmse:1.10159
[300]	train-rmse:0.97097	valid-rmse:1.00155
[580]	train-rmse:1.09852	valid-rmse:1.10352
[100]	train-rmse:1.00558	valid-rmse:1.02464
[780]	train-rmse:1.09868	valid-rmse:1.10366
[520]	train-rmse:1.09646	valid-rmse:1.10148
[320]	train-rmse:0.96874	valid-rmse:1.00103
[520]	train-rmse:1.09952	valid-rmse:1.10444
[120]	train-rmse:0.99658	valid-rmse:1.01839
[600]	train-rmse:1.09849	valid-rmse:1.10349
[540]	train-rmse:1.09634	valid-rmse:1.10136
[800]	train-rmse:1.09865	valid-rmse:1.10363
[340]	train-rmse:0.96671	valid-rmse:1.00068
[560]	train-rmse:1.09622	valid-rmse:1.10125
[540]	train-rmse:1.09952	valid-rmse:1.10444
[140]	train-rmse:0.98955	valid-rmse:1.01374
[620]	train-rmse:1.09845	valid-rmse:1.10345
[360]	train-rmse:0.96475	valid-rmse:1.00033
[820]	train-rmse:1.09863	valid-rmse:1.10361
[580]	train-rmse:1.09611	valid-rmse:1.10113
[380]	train-rmse:0.96264	valid-rmse:1.00004
[560]	train-rmse:1.09952	valid-rmse:1.10444
[160]	train-rmse:0.98359	valid-rmse:1.01021
[840]	train-rmse:1.09861	valid-rmse:1.10359
[600]	train-rmse:1.09599	valid-rmse:1.10102
[640]	train-rmse:1.09841	valid-rmse:1.10342
[400]	train-rmse:0.96090	valid-rmse:0.99988
[620]	train-rmse:1.09587	valid-rmse:1.10090
[860]	train-rmse:1.09858	valid-rmse:1.10357
[180]	train-rmse:0.97871	valid-rmse:1.00751
[580]	train-rmse:1.09951	valid-rmse:1.10443
[660]	train-rmse:1.09838	valid-rmse:1.10339
[420]	train-rmse:0.95896	valid-rmse:0.99979
[640]	train-rmse:1.09575	valid-rmse:1.10079
[880]	train-rmse:1.09856	valid-rmse:1.10355
[200]	train-rmse:0.97470	valid-rmse:1.00551
[440]	train-rmse:0.95710	valid-rmse:0.99974
[600]	train-rmse:1.09951	valid-rmse:1.10443
[660]	train-rmse:1.09563	valid-rmse:1.10067
[680]	train-rmse:1.09834	valid-rmse:1.10335
[900]	train-rmse:1.09854	valid-rmse:1.10353
[680]	train-rmse:1.09551	valid-rmse:1.10056
[460]	train-rmse:0.95544	valid-rmse:0.99965
[220]	train-rmse:0.97107	valid-rmse:1.00406
[620]	train-rmse:1.09951	valid-rmse:1.10443
[920]	train-rmse:1.09851	valid-rmse:1.10350
[700]	train-rmse:1.09540	valid-rmse:1.10045
[700]	train-rmse:1.09831	valid-rmse:1.10332
[480]	train-rmse:0.95385	valid-rmse:0.99958
[240]	train-rmse:0.96801	valid-rmse:1.00294
[720]	train-rmse:1.09528	valid-rmse:1.10033
[940]	train-rmse:1.09849	valid-rmse:1.10348
[640]	train-rmse:1.09950	valid-rmse:1.10442
[500]	train-rmse:0.95202	valid-rmse:0.99950
[720]	train-rmse:1.09827	valid-rmse:1.10328
[740]	train-rmse:1.09516	valid-rmse:1.10022
[260]	train-rmse:0.96510	valid-rmse:1.00210
[960]	train-rmse:1.09847	valid-rmse:1.10346
[520]	train-rmse:0.95017	valid-rmse:0.99957
[660]	train-rmse:1.09950	valid-rmse:1.10442
[760]	train-rmse:1.09504	valid-rmse:1.10011
[980]	train-rmse:1.09844	valid-rmse:1.10344
[740]	train-rmse:1.09823	valid-rmse:1.10325
[540]	train-rmse:0.94826	valid-rmse:0.99962
[280]	train-rmse:0.96249	valid-rmse:1.00142
[780]	train-rmse:1.09493	valid-rmse:1.09999
[546]	train-rmse:0.94781	valid-rmse:0.99961
[32m[I 2022-04-15 02:16:34,305][0m Trial 15 finished with value: 0.999478 and parameters: {'colsample_bytree': 0.7103050612805366, 'eta': 0.006748878236202877, 'max_depth': 9, 'n_estimators': 1019, 'subsample': 0.3923426245032063}. Best is trial 15 with value: 0.999478.[0m
[02:16:38] WARNING: ../src/learner.cc:576: 
Parameters: { "n_estimators" } might not be used.

  This could be a false alarm, with some parameters getting used by language bindings but
  then being mistakenly passed down to XGBoost core, or some parameter actually being used
  but getting flagged wrongly here. Please open an issue if you find any such cases.


[0]	train-rmse:1.09875	valid-rmse:1.10372
[680]	train-rmse:1.09950	valid-rmse:1.10442
[999]	train-rmse:1.09842	valid-rmse:1.10342
