[32m[I 2022-04-15 10:36:02,901][0m Trial 104 finished with value: 0.998683 and parameters: {'colsample_bytree': 0.2734904537374719, 'eta': 0.013130967464599567, 'max_depth': 3, 'n_estimators': 913, 'subsample': 0.7494342182911978}. Best is trial 65 with value: 0.998642.[0m
[680]	train-rmse:1.04083	valid-rmse:1.04470
[10:36:08] WARNING: ../src/learner.cc:576: 
Parameters: { "n_estimators" } might not be used.

  This could be a false alarm, with some parameters getting used by language bindings but
  then being mistakenly passed down to XGBoost core, or some parameter actually being used
  but getting flagged wrongly here. Please open an issue if you find any such cases.


[10:36:06] WARNING: ../src/learner.cc:576: 
Parameters: { "n_estimators" } might not be used.

  This could be a false alarm, with some parameters getting used by language bindings but
  then being mistakenly passed down to XGBoost core, or some parameter actually being used
  but getting flagged wrongly here. Please open an issue if you find any such cases.


[0]	train-rmse:1.09369	valid-rmse:1.09852
[360]	train-rmse:0.99394	valid-rmse:0.99874
[0]	train-rmse:1.09276	valid-rmse:1.09758
[370]	train-rmse:0.99384	valid-rmse:0.99876
[32m[I 2022-04-15 10:36:36,915][0m Trial 103 finished with value: 0.998669 and parameters: {'colsample_bytree': 0.41257807923839207, 'eta': 0.013506229861917228, 'max_depth': 3, 'n_estimators': 165, 'subsample': 0.7560095581020128}. Best is trial 65 with value: 0.998642.[0m
[240]	train-rmse:0.99440	valid-rmse:0.99890
[700]	train-rmse:1.03973	valid-rmse:1.04358
[10:36:42] WARNING: ../src/learner.cc:576: 
Parameters: { "n_estimators" } might not be used.

  This could be a false alarm, with some parameters getting used by language bindings but
  then being mistakenly passed down to XGBoost core, or some parameter actually being used
  but getting flagged wrongly here. Please open an issue if you find any such cases.


[0]	train-rmse:1.09427	valid-rmse:1.09911
[20]	train-rmse:1.01993	valid-rmse:1.02340
[20]	train-rmse:1.02538	valid-rmse:1.02905
[720]	train-rmse:1.03866	valid-rmse:1.04249
[20]	train-rmse:1.05108	valid-rmse:1.05511
[260]	train-rmse:0.99413	valid-rmse:0.99889
[20]	train-rmse:1.02930	valid-rmse:1.03299
[740]	train-rmse:1.03762	valid-rmse:1.04143
[40]	train-rmse:1.00186	valid-rmse:1.00491
[40]	train-rmse:1.00481	valid-rmse:1.00791
[760]	train-rmse:1.03660	valid-rmse:1.04039
[280]	train-rmse:0.99383	valid-rmse:0.99887
[40]	train-rmse:1.00720	valid-rmse:1.01043
[60]	train-rmse:0.99720	valid-rmse:1.00025
[60]	train-rmse:0.99850	valid-rmse:1.00150
[780]	train-rmse:1.03561	valid-rmse:1.03937
[40]	train-rmse:1.02600	valid-rmse:1.02958
[300]	train-rmse:0.99357	valid-rmse:0.99890
[80]	train-rmse:0.99570	valid-rmse:0.99920
[60]	train-rmse:0.99970	valid-rmse:1.00272
[800]	train-rmse:1.03464	valid-rmse:1.03838
[80]	train-rmse:0.99636	valid-rmse:0.99965
[820]	train-rmse:1.03370	valid-rmse:1.03742
[100]	train-rmse:0.99497	valid-rmse:0.99892
[320]	train-rmse:0.99331	valid-rmse:0.99894
[80]	train-rmse:0.99698	valid-rmse:1.00016
[321]	train-rmse:0.99330	valid-rmse:0.99894
[32m[I 2022-04-15 10:40:17,986][0m Trial 105 finished with value: 0.998856 and parameters: {'colsample_bytree': 0.48718861075279823, 'eta': 0.018046844594839184, 'max_depth': 3, 'n_estimators': 185, 'subsample': 0.816432800090316}. Best is trial 65 with value: 0.998642.[0m
[10:40:22] WARNING: ../src/learner.cc:576: 
Parameters: { "n_estimators" } might not be used.

  This could be a false alarm, with some parameters getting used by language bindings but
  then being mistakenly passed down to XGBoost core, or some parameter actually being used
  but getting flagged wrongly here. Please open an issue if you find any such cases.


[100]	train-rmse:0.99544	valid-rmse:0.99905
[0]	train-rmse:1.09317	valid-rmse:1.09799
[60]	train-rmse:1.01233	valid-rmse:1.01561
[840]	train-rmse:1.03277	valid-rmse:1.03648
[120]	train-rmse:0.99439	valid-rmse:0.99892
[100]	train-rmse:0.99583	valid-rmse:0.99922
[860]	train-rmse:1.03187	valid-rmse:1.03556
[20]	train-rmse:1.02211	valid-rmse:1.02559
[120]	train-rmse:0.99487	valid-rmse:0.99885
[880]	train-rmse:1.03100	valid-rmse:1.03467
[140]	train-rmse:0.99386	valid-rmse:0.99900
[120]	train-rmse:0.99518	valid-rmse:0.99891
[80]	train-rmse:1.00485	valid-rmse:1.00801
[140]	train-rmse:0.99434	valid-rmse:0.99882
[40]	train-rmse:1.00295	valid-rmse:1.00606
[900]	train-rmse:1.03014	valid-rmse:1.03379
[157]	train-rmse:0.99341	valid-rmse:0.99910
[32m[I 2022-04-15 10:42:28,700][0m Trial 109 finished with value: 0.998871 and parameters: {'colsample_bytree': 0.4259309523554826, 'eta': 0.03600733549880409, 'max_depth': 3, 'n_estimators': 222, 'subsample': 0.8276550886943445}. Best is trial 65 with value: 0.998642.[0m
[10:42:33] WARNING: ../src/learner.cc:576: 
Parameters: { "n_estimators" } might not be used.

  This could be a false alarm, with some parameters getting used by language bindings but
  then being mistakenly passed down to XGBoost core, or some parameter actually being used
  but getting flagged wrongly here. Please open an issue if you find any such cases.


[0]	train-rmse:1.09960	valid-rmse:1.10451
[140]	train-rmse:0.99465	valid-rmse:0.99876
[920]	train-rmse:1.02930	valid-rmse:1.03293
[160]	train-rmse:0.99386	valid-rmse:0.99886
[60]	train-rmse:0.99765	valid-rmse:1.00075
[940]	train-rmse:1.02849	valid-rmse:1.03210
[160]	train-rmse:0.99417	valid-rmse:0.99875
[20]	train-rmse:1.09960	valid-rmse:1.10451
[100]	train-rmse:1.00076	valid-rmse:1.00381
[176]	train-rmse:0.99354	valid-rmse:0.99885
[32m[I 2022-04-15 10:43:38,399][0m Trial 108 finished with value: 0.9988 and parameters: {'colsample_bytree': 0.4849308855881854, 'eta': 0.031051992362144537, 'max_depth': 3, 'n_estimators': 704, 'subsample': 0.8153547874873232}. Best is trial 65 with value: 0.998642.[0m
[10:43:42] WARNING: ../src/learner.cc:576: 
Parameters: { "n_estimators" } might not be used.

  This could be a false alarm, with some parameters getting used by language bindings but
  then being mistakenly passed down to XGBoost core, or some parameter actually being used
  but getting flagged wrongly here. Please open an issue if you find any such cases.


[960]	train-rmse:1.02769	valid-rmse:1.03129
[80]	train-rmse:0.99587	valid-rmse:0.99931
[0]	train-rmse:1.08619	valid-rmse:1.09091
[180]	train-rmse:0.99374	valid-rmse:0.99870
[40]	train-rmse:1.09960	valid-rmse:1.10451
[980]	train-rmse:1.02692	valid-rmse:1.03050
[20]	train-rmse:1.00131	valid-rmse:1.00418
[100]	train-rmse:0.99503	valid-rmse:0.99892
[999]	train-rmse:1.02620	valid-rmse:1.02976
[32m[I 2022-04-15 10:44:44,618][0m Trial 100 finished with value: 1.029762 and parameters: {'colsample_bytree': 0.2788722940195848, 'eta': 0.000648168537621453, 'max_depth': 3, 'n_estimators': 899, 'subsample': 0.7874047290733}. Best is trial 65 with value: 0.998642.[0m
[120]	train-rmse:0.99847	valid-rmse:1.00151
[10:44:49] WARNING: ../src/learner.cc:576: 
Parameters: { "n_estimators" } might not be used.

  This could be a false alarm, with some parameters getting used by language bindings but
  then being mistakenly passed down to XGBoost core, or some parameter actually being used
  but getting flagged wrongly here. Please open an issue if you find any such cases.


[0]	train-rmse:1.09960	valid-rmse:1.10451
[200]	train-rmse:0.99331	valid-rmse:0.99872
[60]	train-rmse:1.09960	valid-rmse:1.10451
[40]	train-rmse:0.99568	valid-rmse:0.99913
[120]	train-rmse:0.99443	valid-rmse:0.99889
[74]	train-rmse:1.09960	valid-rmse:1.10451
[32m[I 2022-04-15 10:45:48,224][0m Trial 112 finished with value: 1.104512 and parameters: {'colsample_bytree': 0.538358450481262, 'eta': 1.2717648360994502e-08, 'max_depth': 3, 'n_estimators': 924, 'subsample': 0.7672300967873718}. Best is trial 65 with value: 0.998642.[0m
[60]	train-rmse:0.99440	valid-rmse:0.99881
[220]	train-rmse:0.99291	valid-rmse:0.99873
[10:45:53] WARNING: ../src/learner.cc:576: 
Parameters: { "n_estimators" } might not be used.

  This could be a false alarm, with some parameters getting used by language bindings but
  then being mistakenly passed down to XGBoost core, or some parameter actually being used
  but getting flagged wrongly here. Please open an issue if you find any such cases.


[0]	train-rmse:1.09593	valid-rmse:1.10082
[20]	train-rmse:1.09960	valid-rmse:1.10451
[140]	train-rmse:0.99713	valid-rmse:1.00024
[80]	train-rmse:0.99336	valid-rmse:0.99908
[20]	train-rmse:1.04388	valid-rmse:1.04789
[140]	train-rmse:0.99389	valid-rmse:0.99893
[240]	train-rmse:0.99251	valid-rmse:0.99881
[32m[I 2022-04-15 10:46:49,412][0m Trial 110 finished with value: 0.998658 and parameters: {'colsample_bytree': 0.4934832655303232, 'eta': 0.028000308765852338, 'max_depth': 3, 'n_estimators': 115, 'subsample': 0.7560371852695829}. Best is trial 65 with value: 0.998642.[0m
[10:46:54] WARNING: ../src/learner.cc:576: 
Parameters: { "n_estimators" } might not be used.

  This could be a false alarm, with some parameters getting used by language bindings but
  then being mistakenly passed down to XGBoost core, or some parameter actually being used
  but getting flagged wrongly here. Please open an issue if you find any such cases.


[40]	train-rmse:1.01883	valid-rmse:1.02227
[40]	train-rmse:1.09960	valid-rmse:1.10451
[0]	train-rmse:1.08473	valid-rmse:1.08943
[100]	train-rmse:0.99243	valid-rmse:0.99926
[160]	train-rmse:0.99335	valid-rmse:0.99899
[60]	train-rmse:1.00696	valid-rmse:1.01005
[110]	train-rmse:0.99196	valid-rmse:0.99936
[163]	train-rmse:0.99328	valid-rmse:0.99899
[32m[I 2022-04-15 10:47:40,490][0m Trial 113 finished with value: 0.9988 and parameters: {'colsample_bytree': 0.37434528214401935, 'eta': 0.07181720836980578, 'max_depth': 3, 'n_estimators': 847, 'subsample': 0.7549677403257671}. Best is trial 65 with value: 0.998642.[0m
[32m[I 2022-04-15 10:47:41,059][0m Trial 111 finished with value: 0.998862 and parameters: {'colsample_bytree': 0.5432466126477073, 'eta': 0.033885254203839824, 'max_depth': 3, 'n_estimators': 932, 'subsample': 0.7554156025784372}. Best is trial 65 with value: 0.998642.[0m
[10:47:48] WARNING: ../src/learner.cc:576: 
Parameters: { "n_estimators" } might not be used.

  This could be a false alarm, with some parameters getting used by language bindings but
  then being mistakenly passed down to XGBoost core, or some parameter actually being used
  but getting flagged wrongly here. Please open an issue if you find any such cases.


[10:47:45] WARNING: ../src/learner.cc:576: 
Parameters: { "n_estimators" } might not be used.

  This could be a false alarm, with some parameters getting used by language bindings but
  then being mistakenly passed down to XGBoost core, or some parameter actually being used
  but getting flagged wrongly here. Please open an issue if you find any such cases.


[0]	train-rmse:1.09675	valid-rmse:1.10163
[0]	train-rmse:1.09678	valid-rmse:1.10167
[160]	train-rmse:0.99628	valid-rmse:0.99953
[20]	train-rmse:0.99975	valid-rmse:1.00267
[60]	train-rmse:1.09960	valid-rmse:1.10451
[80]	train-rmse:1.00127	valid-rmse:1.00419
[64]	train-rmse:1.09960	valid-rmse:1.10451
[32m[I 2022-04-15 10:48:14,750][0m Trial 114 finished with value: 1.104512 and parameters: {'colsample_bytree': 0.5435192476139614, 'eta': 1.3523736420271945e-08, 'max_depth': 3, 'n_estimators': 842, 'subsample': 0.850223124525561}. Best is trial 65 with value: 0.998642.[0m
[10:48:19] WARNING: ../src/learner.cc:576: 
Parameters: { "n_estimators" } might not be used.

  This could be a false alarm, with some parameters getting used by language bindings but
  then being mistakenly passed down to XGBoost core, or some parameter actually being used
  but getting flagged wrongly here. Please open an issue if you find any such cases.


[0]	train-rmse:1.09563	valid-rmse:1.10048
[100]	train-rmse:0.99847	valid-rmse:1.00136
[20]	train-rmse:1.05341	valid-rmse:1.05761
[20]	train-rmse:1.05307	valid-rmse:1.05729
[40]	train-rmse:0.99531	valid-rmse:0.99926
[120]	train-rmse:0.99704	valid-rmse:1.00003
[20]	train-rmse:1.04077	valid-rmse:1.04469
[180]	train-rmse:0.99571	valid-rmse:0.99911
[140]	train-rmse:0.99620	valid-rmse:0.99932
[40]	train-rmse:1.02854	valid-rmse:1.03224
[40]	train-rmse:1.02817	valid-rmse:1.03184
[60]	train-rmse:0.99392	valid-rmse:0.99909
[160]	train-rmse:0.99566	valid-rmse:0.99898
[40]	train-rmse:1.01596	valid-rmse:1.01941
[180]	train-rmse:0.99526	valid-rmse:0.99882
[60]	train-rmse:1.01446	valid-rmse:1.01785
[60]	train-rmse:1.01414	valid-rmse:1.01750
[80]	train-rmse:0.99278	valid-rmse:0.99952
[200]	train-rmse:0.99493	valid-rmse:0.99874
[60]	train-rmse:1.00493	valid-rmse:1.00803
[200]	train-rmse:0.99529	valid-rmse:0.99890
[80]	train-rmse:1.00647	valid-rmse:1.00962
[220]	train-rmse:0.99463	valid-rmse:0.99868
[80]	train-rmse:1.00622	valid-rmse:1.00939
[100]	train-rmse:0.99180	valid-rmse:0.99961
[80]	train-rmse:0.99993	valid-rmse:1.00300
[240]	train-rmse:0.99440	valid-rmse:0.99875
[110]	train-rmse:0.99122	valid-rmse:0.99970
[32m[I 2022-04-15 10:52:03,866][0m Trial 116 finished with value: 0.999088 and parameters: {'colsample_bytree': 0.539583747522389, 'eta': 0.07989879091974579, 'max_depth': 3, 'n_estimators': 158, 'subsample': 0.7507742336855124}. Best is trial 65 with value: 0.998642.[0m
[100]	train-rmse:1.00192	valid-rmse:1.00497
[10:52:08] WARNING: ../src/learner.cc:576: 
Parameters: { "n_estimators" } might not be used.

  This could be a false alarm, with some parameters getting used by language bindings but
  then being mistakenly passed down to XGBoost core, or some parameter actually being used
  but getting flagged wrongly here. Please open an issue if you find any such cases.


[0]	train-rmse:1.09651	valid-rmse:1.10137
[260]	train-rmse:0.99413	valid-rmse:0.99879
[100]	train-rmse:1.00173	valid-rmse:1.00479
[268]	train-rmse:0.99402	valid-rmse:0.99879
[220]	train-rmse:0.99496	valid-rmse:0.99873
[100]	train-rmse:0.99761	valid-rmse:1.00065
[32m[I 2022-04-15 10:52:37,209][0m Trial 115 finished with value: 0.998679 and parameters: {'colsample_bytree': 0.20546768914019994, 'eta': 0.019203858256510938, 'max_depth': 3, 'n_estimators': 849, 'subsample': 0.8480245513141487}. Best is trial 65 with value: 0.998642.[0m
[10:52:41] WARNING: ../src/learner.cc:576: 
Parameters: { "n_estimators" } might not be used.

  This could be a false alarm, with some parameters getting used by language bindings but
  then being mistakenly passed down to XGBoost core, or some parameter actually being used
  but getting flagged wrongly here. Please open an issue if you find any such cases.


[0]	train-rmse:1.09665	valid-rmse:1.10152
[120]	train-rmse:0.99930	valid-rmse:1.00233
[20]	train-rmse:1.05014	valid-rmse:1.05422
[120]	train-rmse:0.99915	valid-rmse:1.00226
[120]	train-rmse:0.99640	valid-rmse:0.99958
[20]	train-rmse:1.05188	valid-rmse:1.05602
[140]	train-rmse:0.99771	valid-rmse:1.00077
[40]	train-rmse:1.02499	valid-rmse:1.02858
[240]	train-rmse:0.99466	valid-rmse:0.99871
[40]	train-rmse:1.02684	valid-rmse:1.03054
[140]	train-rmse:0.99567	valid-rmse:0.99906
[140]	train-rmse:0.99760	valid-rmse:1.00071
[160]	train-rmse:0.99672	valid-rmse:0.99990
[60]	train-rmse:1.01304	valid-rmse:1.01637
[60]	train-rmse:1.01156	valid-rmse:1.01475
[160]	train-rmse:0.99518	valid-rmse:0.99884
[160]	train-rmse:0.99662	valid-rmse:0.99985
[180]	train-rmse:0.99607	valid-rmse:0.99937
[80]	train-rmse:1.00544	valid-rmse:1.00866
[260]	train-rmse:0.99438	valid-rmse:0.99869
[80]	train-rmse:1.00433	valid-rmse:1.00742
[180]	train-rmse:0.99477	valid-rmse:0.99873
[180]	train-rmse:0.99598	valid-rmse:0.99933
[100]	train-rmse:1.00120	valid-rmse:1.00430
[200]	train-rmse:0.99560	valid-rmse:0.99912
[100]	train-rmse:1.00044	valid-rmse:1.00340
[200]	train-rmse:0.99441	valid-rmse:0.99883
[120]	train-rmse:0.99880	valid-rmse:1.00188
[200]	train-rmse:0.99553	valid-rmse:0.99903
[220]	train-rmse:0.99525	valid-rmse:0.99893
[280]	train-rmse:0.99410	valid-rmse:0.99865
[140]	train-rmse:0.99735	valid-rmse:1.00049
[120]	train-rmse:0.99828	valid-rmse:1.00127
[220]	train-rmse:0.99406	valid-rmse:0.99884
[240]	train-rmse:0.99497	valid-rmse:0.99883
[220]	train-rmse:0.99516	valid-rmse:0.99887
[231]	train-rmse:0.99387	valid-rmse:0.99889
[32m[I 2022-04-15 10:57:48,135][0m Trial 119 finished with value: 0.998724 and parameters: {'colsample_bytree': 0.5118188343438569, 'eta': 0.020819177580911237, 'max_depth': 3, 'n_estimators': 107, 'subsample': 0.6972231760105584}. Best is trial 65 with value: 0.998642.[0m
[10:57:52] WARNING: ../src/learner.cc:576: 
Parameters: { "n_estimators" } might not be used.

  This could be a false alarm, with some parameters getting used by language bindings but
  then being mistakenly passed down to XGBoost core, or some parameter actually being used
  but getting flagged wrongly here. Please open an issue if you find any such cases.


[160]	train-rmse:0.99647	valid-rmse:0.99975
[0]	train-rmse:1.09641	valid-rmse:1.10129
[140]	train-rmse:0.99699	valid-rmse:1.00009
[300]	train-rmse:0.99384	valid-rmse:0.99868
[260]	train-rmse:0.99470	valid-rmse:0.99877
[180]	train-rmse:0.99587	valid-rmse:0.99930
[240]	train-rmse:0.99487	valid-rmse:0.99875
[20]	train-rmse:1.04907	valid-rmse:1.05318
[160]	train-rmse:0.99620	valid-rmse:0.99944
[200]	train-rmse:0.99546	valid-rmse:0.99909
[280]	train-rmse:0.99446	valid-rmse:0.99873
[260]	train-rmse:0.99459	valid-rmse:0.99869
[40]	train-rmse:1.02389	valid-rmse:1.02751
[220]	train-rmse:0.99511	valid-rmse:0.99897
[319]	train-rmse:0.99360	valid-rmse:0.99869
[180]	train-rmse:0.99565	valid-rmse:0.99906
[32m[I 2022-04-15 10:59:42,938][0m Trial 107 finished with value: 0.998639 and parameters: {'colsample_bytree': 0.9622094492522866, 'eta': 0.01573125023853601, 'max_depth': 3, 'n_estimators': 142, 'subsample': 0.8156168642648772}. Best is trial 107 with value: 0.998639.[0m
[10:59:47] WARNING: ../src/learner.cc:576: 
Parameters: { "n_estimators" } might not be used.

  This could be a false alarm, with some parameters getting used by language bindings but
  then being mistakenly passed down to XGBoost core, or some parameter actually being used
  but getting flagged wrongly here. Please open an issue if you find any such cases.


[0]	train-rmse:1.09669	valid-rmse:1.10159
[300]	train-rmse:0.99423	valid-rmse:0.99874
[280]	train-rmse:0.99435	valid-rmse:0.99864
[240]	train-rmse:0.99482	valid-rmse:0.99889
[60]	train-rmse:1.01065	valid-rmse:1.01391
[200]	train-rmse:0.99527	valid-rmse:0.99891
[320]	train-rmse:0.99399	valid-rmse:0.99873
[260]	train-rmse:0.99455	valid-rmse:0.99885
[300]	train-rmse:0.99411	valid-rmse:0.99865
[20]	train-rmse:1.05234	valid-rmse:1.05648
[80]	train-rmse:1.00368	valid-rmse:1.00680
[336]	train-rmse:0.99381	valid-rmse:0.99875
[220]	train-rmse:0.99493	valid-rmse:0.99879
[32m[I 2022-04-15 11:01:17,983][0m Trial 118 finished with value: 0.998703 and parameters: {'colsample_bytree': 0.5032063967500237, 'eta': 0.014727099454964218, 'max_depth': 3, 'n_estimators': 110, 'subsample': 0.7431787599223871}. Best is trial 107 with value: 0.998639.[0m
[11:01:23] WARNING: ../src/learner.cc:576: 
Parameters: { "n_estimators" } might not be used.

  This could be a false alarm, with some parameters getting used by language bindings but
  then being mistakenly passed down to XGBoost core, or some parameter actually being used
  but getting flagged wrongly here. Please open an issue if you find any such cases.


[280]	train-rmse:0.99432	valid-rmse:0.99883
[0]	train-rmse:1.09884	valid-rmse:1.10375
[100]	train-rmse:0.99997	valid-rmse:1.00301
[320]	train-rmse:0.99385	valid-rmse:0.99865
[300]	train-rmse:0.99409	valid-rmse:0.99883
[240]	train-rmse:0.99465	valid-rmse:0.99877
[326]	train-rmse:0.99377	valid-rmse:0.99866
[32m[I 2022-04-15 11:02:07,935][0m Trial 117 finished with value: 0.998633 and parameters: {'colsample_bytree': 0.5661475189819565, 'eta': 0.014870874504292239, 'max_depth': 3, 'n_estimators': 113, 'subsample': 0.735240002277884}. Best is trial 117 with value: 0.998633.[0m
[40]	train-rmse:1.02733	valid-rmse:1.03100
[11:02:12] WARNING: ../src/learner.cc:576: 
Parameters: { "n_estimators" } might not be used.

  This could be a false alarm, with some parameters getting used by language bindings but
  then being mistakenly passed down to XGBoost core, or some parameter actually being used
  but getting flagged wrongly here. Please open an issue if you find any such cases.


[0]	train-rmse:1.07261	valid-rmse:1.07780
[120]	train-rmse:0.99796	valid-rmse:1.00101
[320]	train-rmse:0.99386	valid-rmse:0.99886
[260]	train-rmse:0.99437	valid-rmse:0.99874
[336]	train-rmse:0.99367	valid-rmse:0.99890
[32m[I 2022-04-15 11:03:12,518][0m Trial 121 finished with value: 0.998809 and parameters: {'colsample_bytree': 0.40143218784989076, 'eta': 0.015398223162288055, 'max_depth': 3, 'n_estimators': 764, 'subsample': 0.6821187514422197}. Best is trial 117 with value: 0.998633.[0m
[11:03:17] WARNING: ../src/learner.cc:576: 
Parameters: { "n_estimators" } might not be used.

  This could be a false alarm, with some parameters getting used by language bindings but
  then being mistakenly passed down to XGBoost core, or some parameter actually being used
  but getting flagged wrongly here. Please open an issue if you find any such cases.


[60]	train-rmse:1.01342	valid-rmse:1.01684
[140]	train-rmse:0.99679	valid-rmse:0.99995
[0]	train-rmse:1.09094	valid-rmse:1.09570
[20]	train-rmse:1.08445	valid-rmse:1.08941
[280]	train-rmse:0.99412	valid-rmse:0.99877
[160]	train-rmse:0.99606	valid-rmse:0.99936
[300]	train-rmse:0.99389	valid-rmse:0.99881
[80]	train-rmse:1.00567	valid-rmse:1.00895
[20]	train-rmse:0.98950	valid-rmse:1.00002
[20]	train-rmse:1.01188	valid-rmse:1.01518
[180]	train-rmse:0.99556	valid-rmse:0.99904
[310]	train-rmse:0.99377	valid-rmse:0.99884
