[32m[I 2022-04-17 07:37:13,760][0m Trial 158 finished with value: 0.999044 and parameters: {'colsample_bytree': 0.8052824398013629, 'eta': 0.0029294614909846127, 'max_depth': 3, 'n_estimators': 615, 'subsample': 0.9851696774505145}. Best is trial 143 with value: 0.998394.[0m
[07:37:18] WARNING: ../src/learner.cc:576: 
Parameters: { "n_estimators" } might not be used.

  This could be a false alarm, with some parameters getting used by language bindings but
  then being mistakenly passed down to XGBoost core, or some parameter actually being used
  but getting flagged wrongly here. Please open an issue if you find any such cases.


[140]	train-rmse:0.99506	valid-rmse:0.99903
[500]	train-rmse:0.99284	valid-rmse:0.99849
[0]	train-rmse:1.09559	valid-rmse:1.09879
[220]	train-rmse:0.99361	valid-rmse:0.99858
[717]	train-rmse:0.99108	valid-rmse:0.99859
[320]	train-rmse:0.99471	valid-rmse:0.99887
[32m[I 2022-04-17 07:37:57,670][0m Trial 161 finished with value: 0.998584 and parameters: {'colsample_bytree': 0.8646899797992175, 'eta': 0.009264943310415682, 'max_depth': 3, 'n_estimators': 518, 'subsample': 0.9009891823513705}. Best is trial 143 with value: 0.998394.[0m
[07:38:02] WARNING: ../src/learner.cc:576: 
Parameters: { "n_estimators" } might not be used.

  This could be a false alarm, with some parameters getting used by language bindings but
  then being mistakenly passed down to XGBoost core, or some parameter actually being used
  but getting flagged wrongly here. Please open an issue if you find any such cases.


[0]	train-rmse:1.09585	valid-rmse:1.09905
[160]	train-rmse:0.99452	valid-rmse:0.99877
[20]	train-rmse:1.04585	valid-rmse:1.04925
[520]	train-rmse:0.99267	valid-rmse:0.99848
[340]	train-rmse:0.99448	valid-rmse:0.99879
[240]	train-rmse:0.99328	valid-rmse:0.99853
[20]	train-rmse:1.04872	valid-rmse:1.05211
[180]	train-rmse:0.99408	valid-rmse:0.99865
[40]	train-rmse:1.02071	valid-rmse:1.02413
[540]	train-rmse:0.99251	valid-rmse:0.99847
[360]	train-rmse:0.99425	valid-rmse:0.99872
[40]	train-rmse:1.02359	valid-rmse:1.02702
[260]	train-rmse:0.99293	valid-rmse:0.99851
[200]	train-rmse:0.99368	valid-rmse:0.99858
[60]	train-rmse:1.00812	valid-rmse:1.01150
[560]	train-rmse:0.99233	valid-rmse:0.99848
[380]	train-rmse:0.99404	valid-rmse:0.99865
[60]	train-rmse:1.01035	valid-rmse:1.01369
[280]	train-rmse:0.99258	valid-rmse:0.99849
[220]	train-rmse:0.99333	valid-rmse:0.99853
[80]	train-rmse:1.00178	valid-rmse:1.00519
[580]	train-rmse:0.99214	valid-rmse:0.99847
[400]	train-rmse:0.99384	valid-rmse:0.99862
[80]	train-rmse:1.00333	valid-rmse:1.00669
[240]	train-rmse:0.99292	valid-rmse:0.99848
[100]	train-rmse:0.99851	valid-rmse:1.00199
[300]	train-rmse:0.99227	valid-rmse:0.99849
[420]	train-rmse:0.99363	valid-rmse:0.99859
[600]	train-rmse:0.99198	valid-rmse:0.99847
[100]	train-rmse:0.99955	valid-rmse:1.00298
[120]	train-rmse:0.99674	valid-rmse:1.00034
[260]	train-rmse:0.99256	valid-rmse:0.99849
[320]	train-rmse:0.99197	valid-rmse:0.99849
[440]	train-rmse:0.99348	valid-rmse:0.99856
[120]	train-rmse:0.99748	valid-rmse:1.00098
[620]	train-rmse:0.99183	valid-rmse:0.99847
[140]	train-rmse:0.99571	valid-rmse:0.99948
[280]	train-rmse:0.99221	valid-rmse:0.99848
[337]	train-rmse:0.99170	valid-rmse:0.99849
[32m[I 2022-04-17 07:44:24,987][0m Trial 164 finished with value: 0.998477 and parameters: {'colsample_bytree': 0.8663888866673454, 'eta': 0.018722341293201133, 'max_depth': 3, 'n_estimators': 373, 'subsample': 0.9942660421474134}. Best is trial 143 with value: 0.998394.[0m
[07:44:29] WARNING: ../src/learner.cc:576: 
Parameters: { "n_estimators" } might not be used.

  This could be a false alarm, with some parameters getting used by language bindings but
  then being mistakenly passed down to XGBoost core, or some parameter actually being used
  but getting flagged wrongly here. Please open an issue if you find any such cases.


[0]	train-rmse:1.09906	valid-rmse:1.10224
[460]	train-rmse:0.99330	valid-rmse:0.99854
[634]	train-rmse:0.99172	valid-rmse:0.99847
[32m[I 2022-04-17 07:44:51,765][0m Trial 162 finished with value: 0.998469 and parameters: {'colsample_bytree': 0.8668892009819411, 'eta': 0.010012514455149986, 'max_depth': 3, 'n_estimators': 925, 'subsample': 0.9980579975581072}. Best is trial 143 with value: 0.998394.[0m
[07:44:56] WARNING: ../src/learner.cc:576: 
Parameters: { "n_estimators" } might not be used.

  This could be a false alarm, with some parameters getting used by language bindings but
  then being mistakenly passed down to XGBoost core, or some parameter actually being used
  but getting flagged wrongly here. Please open an issue if you find any such cases.


[140]	train-rmse:0.99627	valid-rmse:0.99989
[0]	train-rmse:1.09363	valid-rmse:1.09686
[160]	train-rmse:0.99505	valid-rmse:0.99903
[299]	train-rmse:0.99190	valid-rmse:0.99849
[32m[I 2022-04-17 07:45:15,174][0m Trial 165 finished with value: 0.998476 and parameters: {'colsample_bytree': 0.7564454256216133, 'eta': 0.020635289579665445, 'max_depth': 3, 'n_estimators': 635, 'subsample': 0.9984448095027608}. Best is trial 143 with value: 0.998394.[0m
[07:45:19] WARNING: ../src/learner.cc:576: 
Parameters: { "n_estimators" } might not be used.

  This could be a false alarm, with some parameters getting used by language bindings but
  then being mistakenly passed down to XGBoost core, or some parameter actually being used
  but getting flagged wrongly here. Please open an issue if you find any such cases.


[0]	train-rmse:1.09906	valid-rmse:1.10224
[20]	train-rmse:1.09906	valid-rmse:1.10224
[480]	train-rmse:0.99312	valid-rmse:0.99853
[160]	train-rmse:0.99550	valid-rmse:0.99931
[20]	train-rmse:1.02857	valid-rmse:1.03202
[180]	train-rmse:0.99454	valid-rmse:0.99879
[40]	train-rmse:1.09906	valid-rmse:1.10223
[20]	train-rmse:1.09906	valid-rmse:1.10224
[500]	train-rmse:0.99294	valid-rmse:0.99851
[180]	train-rmse:0.99496	valid-rmse:0.99898
[40]	train-rmse:1.00660	valid-rmse:1.01002
[200]	train-rmse:0.99413	valid-rmse:0.99864
[60]	train-rmse:1.09905	valid-rmse:1.10223
[40]	train-rmse:1.09906	valid-rmse:1.10223
[520]	train-rmse:0.99278	valid-rmse:0.99850
[200]	train-rmse:0.99453	valid-rmse:0.99878
[60]	train-rmse:0.99910	valid-rmse:1.00255
[220]	train-rmse:0.99379	valid-rmse:0.99857
[80]	train-rmse:1.09905	valid-rmse:1.10223
[540]	train-rmse:0.99262	valid-rmse:0.99849
[60]	train-rmse:1.09906	valid-rmse:1.10223
[80]	train-rmse:0.99628	valid-rmse:1.00002
[220]	train-rmse:0.99413	valid-rmse:0.99866
[240]	train-rmse:0.99346	valid-rmse:0.99855
[100]	train-rmse:1.09905	valid-rmse:1.10222
[560]	train-rmse:0.99247	valid-rmse:0.99848
[100]	train-rmse:0.99501	valid-rmse:0.99916
[240]	train-rmse:0.99382	valid-rmse:0.99859
[80]	train-rmse:1.09906	valid-rmse:1.10223
[260]	train-rmse:0.99316	valid-rmse:0.99852
[120]	train-rmse:1.09905	valid-rmse:1.10222
[580]	train-rmse:0.99230	valid-rmse:0.99848
[120]	train-rmse:0.99425	valid-rmse:0.99882
[260]	train-rmse:0.99352	valid-rmse:0.99855
[100]	train-rmse:1.09905	valid-rmse:1.10223
[280]	train-rmse:0.99284	valid-rmse:0.99849
[140]	train-rmse:1.09904	valid-rmse:1.10222
[600]	train-rmse:0.99214	valid-rmse:0.99848
[140]	train-rmse:0.99368	valid-rmse:0.99867
[280]	train-rmse:0.99322	valid-rmse:0.99851
[300]	train-rmse:0.99252	valid-rmse:0.99849
[120]	train-rmse:1.09905	valid-rmse:1.10223
[160]	train-rmse:1.09904	valid-rmse:1.10221
[620]	train-rmse:0.99198	valid-rmse:0.99849
[160]	train-rmse:0.99312	valid-rmse:0.99859
[300]	train-rmse:0.99292	valid-rmse:0.99848
[320]	train-rmse:0.99220	valid-rmse:0.99847
[140]	train-rmse:1.09905	valid-rmse:1.10223
[180]	train-rmse:1.09904	valid-rmse:1.10221
[640]	train-rmse:0.99182	valid-rmse:0.99848
[180]	train-rmse:0.99266	valid-rmse:0.99856
[320]	train-rmse:0.99263	valid-rmse:0.99847
[642]	train-rmse:0.99180	valid-rmse:0.99848
[32m[I 2022-04-17 07:53:50,361][0m Trial 163 finished with value: 0.998476 and parameters: {'colsample_bytree': 0.7538304006436902, 'eta': 0.009878480601230873, 'max_depth': 3, 'n_estimators': 1005, 'subsample': 0.9959776158934801}. Best is trial 143 with value: 0.998394.[0m
[07:53:54] WARNING: ../src/learner.cc:576: 
Parameters: { "n_estimators" } might not be used.

  This could be a false alarm, with some parameters getting used by language bindings but
  then being mistakenly passed down to XGBoost core, or some parameter actually being used
  but getting flagged wrongly here. Please open an issue if you find any such cases.


[0]	train-rmse:1.09624	valid-rmse:1.09944
[340]	train-rmse:0.99189	valid-rmse:0.99846
[200]	train-rmse:1.09903	valid-rmse:1.10221
[160]	train-rmse:1.09905	valid-rmse:1.10222
[200]	train-rmse:0.99211	valid-rmse:0.99854
[340]	train-rmse:0.99238	valid-rmse:0.99847
[20]	train-rmse:1.05321	valid-rmse:1.05663
[360]	train-rmse:0.99160	valid-rmse:0.99844
[220]	train-rmse:1.09903	valid-rmse:1.10221
[180]	train-rmse:1.09905	valid-rmse:1.10222
[220]	train-rmse:0.99166	valid-rmse:0.99854
[360]	train-rmse:0.99209	valid-rmse:0.99847
[40]	train-rmse:1.02842	valid-rmse:1.03192
[380]	train-rmse:0.99135	valid-rmse:0.99845
[240]	train-rmse:1.09903	valid-rmse:1.10220
[200]	train-rmse:1.09905	valid-rmse:1.10222
[240]	train-rmse:0.99123	valid-rmse:0.99857
[380]	train-rmse:0.99183	valid-rmse:0.99847
[400]	train-rmse:0.99104	valid-rmse:0.99846
[60]	train-rmse:1.01426	valid-rmse:1.01774
[260]	train-rmse:1.09903	valid-rmse:1.10220
[256]	train-rmse:0.99093	valid-rmse:0.99856
[32m[I 2022-04-17 07:57:25,274][0m Trial 169 finished with value: 0.998537 and parameters: {'colsample_bytree': 0.7519699052826694, 'eta': 0.028283793093468415, 'max_depth': 3, 'n_estimators': 117, 'subsample': 0.9658829071093672}. Best is trial 143 with value: 0.998394.[0m
[07:57:29] WARNING: ../src/learner.cc:576: 
Parameters: { "n_estimators" } might not be used.

  This could be a false alarm, with some parameters getting used by language bindings but
  then being mistakenly passed down to XGBoost core, or some parameter actually being used
  but getting flagged wrongly here. Please open an issue if you find any such cases.


[0]	train-rmse:1.09644	valid-rmse:1.09964
[220]	train-rmse:1.09904	valid-rmse:1.10222
[399]	train-rmse:0.99159	valid-rmse:0.99847
[32m[I 2022-04-17 07:57:45,402][0m Trial 167 finished with value: 0.998463 and parameters: {'colsample_bytree': 0.7587529696064285, 'eta': 0.016634228887992552, 'max_depth': 3, 'n_estimators': 371, 'subsample': 0.9961804230625461}. Best is trial 143 with value: 0.998394.[0m
[07:57:49] WARNING: ../src/learner.cc:576: 
Parameters: { "n_estimators" } might not be used.

  This could be a false alarm, with some parameters getting used by language bindings but
  then being mistakenly passed down to XGBoost core, or some parameter actually being used
  but getting flagged wrongly here. Please open an issue if you find any such cases.


[0]	train-rmse:1.08883	valid-rmse:1.09208
[418]	train-rmse:0.99075	valid-rmse:0.99847
[32m[I 2022-04-17 07:58:00,998][0m Trial 166 finished with value: 0.998439 and parameters: {'colsample_bytree': 0.7586177305867777, 'eta': 0.017995850896528578, 'max_depth': 3, 'n_estimators': 371, 'subsample': 0.9992248725954552}. Best is trial 143 with value: 0.998394.[0m
[80]	train-rmse:1.00617	valid-rmse:1.00962
[07:58:05] WARNING: ../src/learner.cc:576: 
Parameters: { "n_estimators" } might not be used.

  This could be a false alarm, with some parameters getting used by language bindings but
  then being mistakenly passed down to XGBoost core, or some parameter actually being used
  but getting flagged wrongly here. Please open an issue if you find any such cases.


[280]	train-rmse:1.09902	valid-rmse:1.10220
[0]	train-rmse:1.08961	valid-rmse:1.09285
[20]	train-rmse:1.05566	valid-rmse:1.05907
[240]	train-rmse:1.09904	valid-rmse:1.10222
[20]	train-rmse:1.00690	valid-rmse:1.01034
[100]	train-rmse:1.00151	valid-rmse:1.00503
[300]	train-rmse:1.09902	valid-rmse:1.10219
[20]	train-rmse:1.00916	valid-rmse:1.01258
[40]	train-rmse:1.03123	valid-rmse:1.03468
[260]	train-rmse:1.09904	valid-rmse:1.10222
[40]	train-rmse:0.99640	valid-rmse:1.00021
[320]	train-rmse:1.09902	valid-rmse:1.10219
[120]	train-rmse:0.99877	valid-rmse:1.00238
[40]	train-rmse:0.99722	valid-rmse:1.00079
[60]	train-rmse:1.01670	valid-rmse:1.02013
[60]	train-rmse:0.99444	valid-rmse:0.99879
[280]	train-rmse:1.09904	valid-rmse:1.10221
[340]	train-rmse:1.09901	valid-rmse:1.10219
[140]	train-rmse:0.99711	valid-rmse:1.00086
[60]	train-rmse:0.99487	valid-rmse:0.99891
[80]	train-rmse:1.00806	valid-rmse:1.01150
[80]	train-rmse:0.99326	valid-rmse:0.99860
[360]	train-rmse:1.09901	valid-rmse:1.10218
[300]	train-rmse:1.09904	valid-rmse:1.10221
[160]	train-rmse:0.99606	valid-rmse:0.99995
[80]	train-rmse:0.99367	valid-rmse:0.99868
[100]	train-rmse:1.00293	valid-rmse:1.00637
[380]	train-rmse:1.09901	valid-rmse:1.10218
[100]	train-rmse:0.99225	valid-rmse:0.99860
[180]	train-rmse:0.99535	valid-rmse:0.99940
[320]	train-rmse:1.09904	valid-rmse:1.10221
[100]	train-rmse:0.99273	valid-rmse:0.99859
[120]	train-rmse:0.99984	valid-rmse:1.00329
[400]	train-rmse:1.09900	valid-rmse:1.10218
[120]	train-rmse:0.99139	valid-rmse:0.99861
[200]	train-rmse:0.99483	valid-rmse:0.99907
[340]	train-rmse:1.09903	valid-rmse:1.10221
[120]	train-rmse:0.99185	valid-rmse:0.99858
[140]	train-rmse:0.99791	valid-rmse:1.00144
[420]	train-rmse:1.09900	valid-rmse:1.10218
[140]	train-rmse:0.99049	valid-rmse:0.99862
[220]	train-rmse:0.99443	valid-rmse:0.99888
[143]	train-rmse:0.99033	valid-rmse:0.99864
[32m[I 2022-04-17 08:05:23,922][0m Trial 173 finished with value: 0.998575 and parameters: {'colsample_bytree': 0.8219851876586247, 'eta': 0.05383534369835421, 'max_depth': 3, 'n_estimators': 764, 'subsample': 0.968701354256449}. Best is trial 143 with value: 0.998394.[0m
[08:05:28] WARNING: ../src/learner.cc:576: 
Parameters: { "n_estimators" } might not be used.

  This could be a false alarm, with some parameters getting used by language bindings but
  then being mistakenly passed down to XGBoost core, or some parameter actually being used
  but getting flagged wrongly here. Please open an issue if you find any such cases.


[140]	train-rmse:0.99105	valid-rmse:0.99853
[360]	train-rmse:1.09903	valid-rmse:1.10221
[0]	train-rmse:1.09661	valid-rmse:1.09981
[160]	train-rmse:0.99669	valid-rmse:1.00032
[440]	train-rmse:1.09900	valid-rmse:1.10217
[240]	train-rmse:0.99409	valid-rmse:0.99874
[20]	train-rmse:1.05794	valid-rmse:1.06133
[160]	train-rmse:0.99024	valid-rmse:0.99852
[380]	train-rmse:1.09903	valid-rmse:1.10221
[180]	train-rmse:0.99585	valid-rmse:0.99966
[460]	train-rmse:1.09899	valid-rmse:1.10217
[260]	train-rmse:0.99382	valid-rmse:0.99866
[40]	train-rmse:1.03393	valid-rmse:1.03740
[180]	train-rmse:0.98954	valid-rmse:0.99853
[400]	train-rmse:1.09903	valid-rmse:1.10220
[200]	train-rmse:0.99528	valid-rmse:0.99925
[480]	train-rmse:1.09899	valid-rmse:1.10217
[280]	train-rmse:0.99355	valid-rmse:0.99860
[60]	train-rmse:1.01911	valid-rmse:1.02258
[200]	train-rmse:0.98862	valid-rmse:0.99855
[420]	train-rmse:1.09903	valid-rmse:1.10220
[500]	train-rmse:1.09899	valid-rmse:1.10217
[220]	train-rmse:0.99482	valid-rmse:0.99899
[300]	train-rmse:0.99324	valid-rmse:0.99856
[80]	train-rmse:1.01000	valid-rmse:1.01344
[217]	train-rmse:0.98799	valid-rmse:0.99860
[32m[I 2022-04-17 08:09:35,116][0m Trial 174 finished with value: 0.998492 and parameters: {'colsample_bytree': 0.8273626154421165, 'eta': 0.04966099263511946, 'max_depth': 3, 'n_estimators': 438, 'subsample': 0.9680212756667552}. Best is trial 143 with value: 0.998394.[0m
[08:09:39] WARNING: ../src/learner.cc:576: 
Parameters: { "n_estimators" } might not be used.

  This could be a false alarm, with some parameters getting used by language bindings but
  then being mistakenly passed down to XGBoost core, or some parameter actually being used
  but getting flagged wrongly here. Please open an issue if you find any such cases.


[0]	train-rmse:1.09797	valid-rmse:1.10115
[520]	train-rmse:1.09899	valid-rmse:1.10216
[240]	train-rmse:0.99446	valid-rmse:0.99883
[440]	train-rmse:1.09903	valid-rmse:1.10220
[320]	train-rmse:0.99297	valid-rmse:0.99852
[100]	train-rmse:1.00438	valid-rmse:1.00785
[20]	train-rmse:1.07824	valid-rmse:1.08154
[540]	train-rmse:1.09898	valid-rmse:1.10216
[260]	train-rmse:0.99418	valid-rmse:0.99872
[460]	train-rmse:1.09902	valid-rmse:1.10220
[120]	train-rmse:1.00088	valid-rmse:1.00439
[340]	train-rmse:0.99272	valid-rmse:0.99850
[560]	train-rmse:1.09898	valid-rmse:1.10216
[40]	train-rmse:1.06224	valid-rmse:1.06561
[280]	train-rmse:0.99389	valid-rmse:0.99864
[480]	train-rmse:1.09902	valid-rmse:1.10220
[140]	train-rmse:0.99865	valid-rmse:1.00224
[360]	train-rmse:0.99243	valid-rmse:0.99850
[580]	train-rmse:1.09898	valid-rmse:1.10215
[60]	train-rmse:1.04929	valid-rmse:1.05270
[300]	train-rmse:0.99362	valid-rmse:0.99858
[500]	train-rmse:1.09902	valid-rmse:1.10220
[160]	train-rmse:0.99722	valid-rmse:1.00090
[380]	train-rmse:0.99217	valid-rmse:0.99851
[600]	train-rmse:1.09898	valid-rmse:1.10215
[80]	train-rmse:1.03883	valid-rmse:1.04227
[320]	train-rmse:0.99338	valid-rmse:0.99855
[180]	train-rmse:0.99625	valid-rmse:1.00004
[520]	train-rmse:1.09902	valid-rmse:1.10219
[400]	train-rmse:0.99189	valid-rmse:0.99850
[401]	train-rmse:0.99187	valid-rmse:0.99850
[32m[I 2022-04-17 08:14:41,705][0m Trial 171 finished with value: 0.998492 and parameters: {'colsample_bytree': 0.828111779031061, 'eta': 0.014633475225388751, 'max_depth': 3, 'n_estimators': 75, 'subsample': 0.9359075391926983}. Best is trial 143 with value: 0.998394.[0m
[620]	train-rmse:1.09897	valid-rmse:1.10215
[08:14:45] WARNING: ../src/learner.cc:576: 
Parameters: { "n_estimators" } might not be used.

  This could be a false alarm, with some parameters getting used by language bindings but
  then being mistakenly passed down to XGBoost core, or some parameter actually being used
  but getting flagged wrongly here. Please open an issue if you find any such cases.


[0]	train-rmse:1.09906	valid-rmse:1.10224
[100]	train-rmse:1.03039	valid-rmse:1.03387
[340]	train-rmse:0.99313	valid-rmse:0.99852
[200]	train-rmse:0.99555	valid-rmse:0.99951
[540]	train-rmse:1.09902	valid-rmse:1.10219
[640]	train-rmse:1.09897	valid-rmse:1.10214
[20]	train-rmse:1.09906	valid-rmse:1.10224
[120]	train-rmse:1.02359	valid-rmse:1.02707
[360]	train-rmse:0.99291	valid-rmse:0.99852
[220]	train-rmse:0.99507	valid-rmse:0.99916
[560]	train-rmse:1.09901	valid-rmse:1.10219
[660]	train-rmse:1.09897	valid-rmse:1.10214
[40]	train-rmse:1.09906	valid-rmse:1.10223
[140]	train-rmse:1.01812	valid-rmse:1.02160
[380]	train-rmse:0.99267	valid-rmse:0.99850
[240]	train-rmse:0.99467	valid-rmse:0.99893
[680]	train-rmse:1.09896	valid-rmse:1.10214
[580]	train-rmse:1.09901	valid-rmse:1.10219
[60]	train-rmse:1.09905	valid-rmse:1.10223
[160]	train-rmse:1.01371	valid-rmse:1.01718
[260]	train-rmse:0.99437	valid-rmse:0.99878
[400]	train-rmse:0.99242	valid-rmse:0.99850
