[32m[I 2022-04-17 00:14:06,645][0m Trial 68 finished with value: 0.998544 and parameters: {'colsample_bytree': 0.7902667526895636, 'eta': 0.03199756204324764, 'max_depth': 3, 'n_estimators': 879, 'subsample': 0.40260570735112733}. Best is trial 48 with value: 0.998395.[0m
[00:14:10] WARNING: ../src/learner.cc:576: 
Parameters: { "n_estimators" } might not be used.

  This could be a false alarm, with some parameters getting used by language bindings but
  then being mistakenly passed down to XGBoost core, or some parameter actually being used
  but getting flagged wrongly here. Please open an issue if you find any such cases.


[0]	train-rmse:1.09744	valid-rmse:1.10063
[40]	train-rmse:1.04812	valid-rmse:1.05158
[220]	train-rmse:0.99791	valid-rmse:1.00159
[140]	train-rmse:1.00353	valid-rmse:1.00700
[220]	train-rmse:0.99727	valid-rmse:1.00098
[100]	train-rmse:1.02029	valid-rmse:1.02376
[240]	train-rmse:0.99705	valid-rmse:1.00081
[240]	train-rmse:0.99653	valid-rmse:1.00033
[20]	train-rmse:1.06966	valid-rmse:1.07302
[60]	train-rmse:1.03323	valid-rmse:1.03673
[160]	train-rmse:1.00101	valid-rmse:1.00451
[120]	train-rmse:1.01415	valid-rmse:1.01762
[260]	train-rmse:0.99638	valid-rmse:1.00025
[260]	train-rmse:0.99598	valid-rmse:0.99989
[180]	train-rmse:0.99922	valid-rmse:1.00279
[280]	train-rmse:0.99552	valid-rmse:0.99954
[280]	train-rmse:0.99586	valid-rmse:0.99983
[80]	train-rmse:1.02253	valid-rmse:1.02603
[40]	train-rmse:1.04933	valid-rmse:1.05278
[140]	train-rmse:1.00953	valid-rmse:1.01300
[300]	train-rmse:0.99515	valid-rmse:0.99932
[300]	train-rmse:0.99544	valid-rmse:0.99954
[200]	train-rmse:0.99794	valid-rmse:1.00158
[160]	train-rmse:1.00603	valid-rmse:1.00951
[320]	train-rmse:0.99482	valid-rmse:0.99915
[100]	train-rmse:1.01487	valid-rmse:1.01838
[60]	train-rmse:1.03453	valid-rmse:1.03802
[320]	train-rmse:0.99507	valid-rmse:0.99932
[340]	train-rmse:0.99454	valid-rmse:0.99903
[220]	train-rmse:0.99700	valid-rmse:1.00072
[340]	train-rmse:0.99478	valid-rmse:0.99916
[180]	train-rmse:1.00338	valid-rmse:1.00687
[360]	train-rmse:0.99430	valid-rmse:0.99895
[120]	train-rmse:1.00937	valid-rmse:1.01287
[80]	train-rmse:1.02378	valid-rmse:1.02728
[360]	train-rmse:0.99452	valid-rmse:0.99903
[240]	train-rmse:0.99632	valid-rmse:1.00013
[380]	train-rmse:0.99409	valid-rmse:0.99887
[200]	train-rmse:1.00138	valid-rmse:1.00488
[380]	train-rmse:0.99429	valid-rmse:0.99894
[400]	train-rmse:0.99388	valid-rmse:0.99881
[140]	train-rmse:1.00540	valid-rmse:1.00893
[100]	train-rmse:1.01600	valid-rmse:1.01950
[260]	train-rmse:0.99579	valid-rmse:0.99970
[220]	train-rmse:0.99984	valid-rmse:1.00340
[420]	train-rmse:0.99371	valid-rmse:0.99877
[400]	train-rmse:0.99406	valid-rmse:0.99887
[280]	train-rmse:0.99536	valid-rmse:0.99939
[440]	train-rmse:0.99352	valid-rmse:0.99873
[160]	train-rmse:1.00252	valid-rmse:1.00609
[120]	train-rmse:1.01034	valid-rmse:1.01384
[420]	train-rmse:0.99387	valid-rmse:0.99880
[240]	train-rmse:0.99869	valid-rmse:1.00227
[460]	train-rmse:0.99334	valid-rmse:0.99871
[440]	train-rmse:0.99368	valid-rmse:0.99874
[300]	train-rmse:0.99501	valid-rmse:0.99917
[480]	train-rmse:0.99315	valid-rmse:0.99870
[180]	train-rmse:1.00043	valid-rmse:1.00405
[260]	train-rmse:0.99780	valid-rmse:1.00141
[140]	train-rmse:1.00622	valid-rmse:1.00975
[460]	train-rmse:0.99350	valid-rmse:0.99871
[500]	train-rmse:0.99296	valid-rmse:0.99871
[320]	train-rmse:0.99471	valid-rmse:0.99900
[480]	train-rmse:0.99332	valid-rmse:0.99871
[280]	train-rmse:0.99708	valid-rmse:1.00075
[200]	train-rmse:0.99891	valid-rmse:1.00258
[520]	train-rmse:0.99277	valid-rmse:0.99870
[160]	train-rmse:1.00323	valid-rmse:1.00676
[32m[I 2022-04-17 00:22:55,391][0m Trial 71 finished with value: 0.998697 and parameters: {'colsample_bytree': 0.716483580203003, 'eta': 0.009286120764357073, 'max_depth': 3, 'n_estimators': 896, 'subsample': 0.3725183669665076}. Best is trial 48 with value: 0.998395.[0m
[00:22:59] WARNING: ../src/learner.cc:576: 
Parameters: { "n_estimators" } might not be used.

  This could be a false alarm, with some parameters getting used by language bindings but
  then being mistakenly passed down to XGBoost core, or some parameter actually being used
  but getting flagged wrongly here. Please open an issue if you find any such cases.


[0]	train-rmse:1.08097	valid-rmse:1.08431
[340]	train-rmse:0.99444	valid-rmse:0.99889
[500]	train-rmse:0.99314	valid-rmse:0.99870
[300]	train-rmse:0.99650	valid-rmse:1.00026
[20]	train-rmse:0.99703	valid-rmse:1.00058
[220]	train-rmse:0.99777	valid-rmse:1.00152
[520]	train-rmse:0.99299	valid-rmse:0.99867
[180]	train-rmse:1.00100	valid-rmse:1.00459
[360]	train-rmse:0.99422	valid-rmse:0.99880
[320]	train-rmse:0.99605	valid-rmse:0.99988
[40]	train-rmse:0.99376	valid-rmse:0.99869
[540]	train-rmse:0.99281	valid-rmse:0.99866
[240]	train-rmse:0.99694	valid-rmse:1.00075
[380]	train-rmse:0.99398	valid-rmse:0.99874
[200]	train-rmse:0.99938	valid-rmse:1.00300
[560]	train-rmse:0.99264	valid-rmse:0.99866
[60]	train-rmse:0.99216	valid-rmse:0.99859
[340]	train-rmse:0.99567	valid-rmse:0.99959
[580]	train-rmse:0.99246	valid-rmse:0.99865
[400]	train-rmse:0.99377	valid-rmse:0.99869
[80]	train-rmse:0.99049	valid-rmse:0.99852
[260]	train-rmse:0.99630	valid-rmse:1.00019
[220]	train-rmse:0.99816	valid-rmse:1.00186
[360]	train-rmse:0.99535	valid-rmse:0.99938
[600]	train-rmse:0.99231	valid-rmse:0.99865
[100]	train-rmse:0.98901	valid-rmse:0.99856
[420]	train-rmse:0.99357	valid-rmse:0.99866
[280]	train-rmse:0.99578	valid-rmse:0.99978
[380]	train-rmse:0.99507	valid-rmse:0.99920
[620]	train-rmse:0.99213	valid-rmse:0.99865
[240]	train-rmse:0.99727	valid-rmse:1.00102
[120]	train-rmse:0.98741	valid-rmse:0.99870
[125]	train-rmse:0.98698	valid-rmse:0.99875
[32m[I 2022-04-17 00:27:40,674][0m Trial 75 finished with value: 0.998499 and parameters: {'colsample_bytree': 0.5594956921157953, 'eta': 0.09723711740492809, 'max_depth': 3, 'n_estimators': 38, 'subsample': 0.8861627371344465}. Best is trial 48 with value: 0.998395.[0m
[440]	train-rmse:0.99340	valid-rmse:0.99862
[00:27:45] WARNING: ../src/learner.cc:576: 
Parameters: { "n_estimators" } might not be used.

  This could be a false alarm, with some parameters getting used by language bindings but
  then being mistakenly passed down to XGBoost core, or some parameter actually being used
  but getting flagged wrongly here. Please open an issue if you find any such cases.


[640]	train-rmse:0.99197	valid-rmse:0.99864
[0]	train-rmse:1.08011	valid-rmse:1.08343
[400]	train-rmse:0.99483	valid-rmse:0.99906
[300]	train-rmse:0.99537	valid-rmse:0.99948
[260]	train-rmse:0.99658	valid-rmse:1.00039
[660]	train-rmse:0.99180	valid-rmse:0.99864
[20]	train-rmse:0.99657	valid-rmse:1.00013
[460]	train-rmse:0.99322	valid-rmse:0.99861
[420]	train-rmse:0.99462	valid-rmse:0.99895
[680]	train-rmse:0.99165	valid-rmse:0.99864
[40]	train-rmse:0.99349	valid-rmse:0.99862
[320]	train-rmse:0.99503	valid-rmse:0.99926
[280]	train-rmse:0.99602	valid-rmse:0.99993
[480]	train-rmse:0.99304	valid-rmse:0.99858
[700]	train-rmse:0.99150	valid-rmse:0.99865
[440]	train-rmse:0.99443	valid-rmse:0.99887
[60]	train-rmse:0.99187	valid-rmse:0.99856
[340]	train-rmse:0.99474	valid-rmse:0.99910
[500]	train-rmse:0.99286	valid-rmse:0.99859
[720]	train-rmse:0.99134	valid-rmse:0.99865
[300]	train-rmse:0.99558	valid-rmse:0.99958
[80]	train-rmse:0.99009	valid-rmse:0.99859
[730]	train-rmse:0.99126	valid-rmse:0.99865
[460]	train-rmse:0.99425	valid-rmse:0.99880
[32m[I 2022-04-17 00:30:43,282][0m Trial 69 finished with value: 0.998635 and parameters: {'colsample_bytree': 0.7936670887315806, 'eta': 0.00866283059902183, 'max_depth': 3, 'n_estimators': 897, 'subsample': 0.41680283567368775}. Best is trial 48 with value: 0.998395.[0m
[00:30:47] WARNING: ../src/learner.cc:576: 
Parameters: { "n_estimators" } might not be used.

  This could be a false alarm, with some parameters getting used by language bindings but
  then being mistakenly passed down to XGBoost core, or some parameter actually being used
  but getting flagged wrongly here. Please open an issue if you find any such cases.


[0]	train-rmse:1.08081	valid-rmse:1.08415
[520]	train-rmse:0.99267	valid-rmse:0.99859
[100]	train-rmse:0.98841	valid-rmse:0.99874
[360]	train-rmse:0.99449	valid-rmse:0.99898
[320]	train-rmse:0.99520	valid-rmse:0.99933
[20]	train-rmse:0.99692	valid-rmse:1.00057
[480]	train-rmse:0.99409	valid-rmse:0.99876
[529]	train-rmse:0.99259	valid-rmse:0.99858
[32m[I 2022-04-17 00:31:39,670][0m Trial 70 finished with value: 0.998581 and parameters: {'colsample_bytree': 0.7194543627853809, 'eta': 0.009483432862674104, 'max_depth': 3, 'n_estimators': 894, 'subsample': 0.8842539608539739}. Best is trial 48 with value: 0.998395.[0m
[00:31:43] WARNING: ../src/learner.cc:576: 
Parameters: { "n_estimators" } might not be used.

  This could be a false alarm, with some parameters getting used by language bindings but
  then being mistakenly passed down to XGBoost core, or some parameter actually being used
  but getting flagged wrongly here. Please open an issue if you find any such cases.


[113]	train-rmse:0.98733	valid-rmse:0.99893
[32m[I 2022-04-17 00:31:44,551][0m Trial 76 finished with value: 0.998539 and parameters: {'colsample_bytree': 0.5469265082704443, 'eta': 0.10246144761082306, 'max_depth': 3, 'n_estimators': 1024, 'subsample': 0.843548839920784}. Best is trial 48 with value: 0.998395.[0m
[0]	train-rmse:1.08082	valid-rmse:1.08413
[00:31:48] WARNING: ../src/learner.cc:576: 
Parameters: { "n_estimators" } might not be used.

  This could be a false alarm, with some parameters getting used by language bindings but
  then being mistakenly passed down to XGBoost core, or some parameter actually being used
  but getting flagged wrongly here. Please open an issue if you find any such cases.


[0]	train-rmse:1.04901	valid-rmse:1.05256
[40]	train-rmse:0.99360	valid-rmse:0.99866
[380]	train-rmse:0.99425	valid-rmse:0.99888
[500]	train-rmse:0.99391	valid-rmse:0.99871
[20]	train-rmse:0.99687	valid-rmse:1.00047
[20]	train-rmse:0.99230	valid-rmse:0.99930
[340]	train-rmse:0.99490	valid-rmse:0.99915
[60]	train-rmse:0.99195	valid-rmse:0.99864
[40]	train-rmse:0.98810	valid-rmse:0.99981
[40]	train-rmse:0.99338	valid-rmse:0.99862
[520]	train-rmse:0.99376	valid-rmse:0.99868
[400]	train-rmse:0.99403	valid-rmse:0.99880
[360]	train-rmse:0.99463	valid-rmse:0.99901
[80]	train-rmse:0.99027	valid-rmse:0.99874
[60]	train-rmse:0.98394	valid-rmse:1.00076
[32m[I 2022-04-17 00:33:53,021][0m Trial 79 finished with value: 0.998979 and parameters: {'colsample_bytree': 0.6248139394680641, 'eta': 0.29798133380524816, 'max_depth': 3, 'n_estimators': 501, 'subsample': 0.6240845678303087}. Best is trial 48 with value: 0.998395.[0m
[00:33:57] WARNING: ../src/learner.cc:576: 
Parameters: { "n_estimators" } might not be used.

  This could be a false alarm, with some parameters getting used by language bindings but
  then being mistakenly passed down to XGBoost core, or some parameter actually being used
  but getting flagged wrongly here. Please open an issue if you find any such cases.


[60]	train-rmse:0.99173	valid-rmse:0.99856
[0]	train-rmse:1.09905	valid-rmse:1.10223
[540]	train-rmse:0.99361	valid-rmse:0.99866
[97]	train-rmse:0.98891	valid-rmse:0.99882
[32m[I 2022-04-17 00:34:16,836][0m Trial 77 finished with value: 0.998605 and parameters: {'colsample_bytree': 0.5606936875289915, 'eta': 0.09820771054884987, 'max_depth': 3, 'n_estimators': 476, 'subsample': 0.8720471295127199}. Best is trial 48 with value: 0.998395.[0m
[00:34:21] WARNING: ../src/learner.cc:576: 
Parameters: { "n_estimators" } might not be used.

  This could be a false alarm, with some parameters getting used by language bindings but
  then being mistakenly passed down to XGBoost core, or some parameter actually being used
  but getting flagged wrongly here. Please open an issue if you find any such cases.


[0]	train-rmse:1.09865	valid-rmse:1.10183
[420]	train-rmse:0.99383	valid-rmse:0.99875
[20]	train-rmse:1.09887	valid-rmse:1.10204
[80]	train-rmse:0.99008	valid-rmse:0.99864
[380]	train-rmse:0.99440	valid-rmse:0.99889
[20]	train-rmse:1.09066	valid-rmse:1.09389
[560]	train-rmse:0.99346	valid-rmse:0.99864
[40]	train-rmse:1.09868	valid-rmse:1.10186
[100]	train-rmse:0.98835	valid-rmse:0.99878
[32m[I 2022-04-17 00:35:25,836][0m Trial 78 finished with value: 0.998546 and parameters: {'colsample_bytree': 0.5824684837751145, 'eta': 0.09843119483169958, 'max_depth': 3, 'n_estimators': 25, 'subsample': 0.8402887017944886}. Best is trial 48 with value: 0.998395.[0m
[00:35:30] WARNING: ../src/learner.cc:576: 
Parameters: { "n_estimators" } might not be used.

  This could be a false alarm, with some parameters getting used by language bindings but
  then being mistakenly passed down to XGBoost core, or some parameter actually being used
  but getting flagged wrongly here. Please open an issue if you find any such cases.


[0]	train-rmse:1.01239	valid-rmse:1.01564
[440]	train-rmse:0.99365	valid-rmse:0.99871
[40]	train-rmse:1.08327	valid-rmse:1.08654
[400]	train-rmse:0.99419	valid-rmse:0.99880
[60]	train-rmse:1.09850	valid-rmse:1.10168
[580]	train-rmse:0.99330	valid-rmse:0.99862
[20]	train-rmse:0.98829	valid-rmse:1.00102
[60]	train-rmse:1.07644	valid-rmse:1.07974
[80]	train-rmse:1.09831	valid-rmse:1.10149
[460]	train-rmse:0.99346	valid-rmse:0.99868
[40]	train-rmse:0.98094	valid-rmse:1.00270
[420]	train-rmse:0.99398	valid-rmse:0.99874
[600]	train-rmse:0.99317	valid-rmse:0.99861
[80]	train-rmse:1.07013	valid-rmse:1.07346
[55]	train-rmse:0.97566	valid-rmse:1.00383
[32m[I 2022-04-17 00:37:19,426][0m Trial 82 finished with value: 0.999101 and parameters: {'colsample_bytree': 0.46815477344460515, 'eta': 0.6227880096822302, 'max_depth': 3, 'n_estimators': 69, 'subsample': 0.924035914093863}. Best is trial 48 with value: 0.998395.[0m
[100]	train-rmse:1.09813	valid-rmse:1.10131
[00:37:23] WARNING: ../src/learner.cc:576: 
Parameters: { "n_estimators" } might not be used.

  This could be a false alarm, with some parameters getting used by language bindings but
  then being mistakenly passed down to XGBoost core, or some parameter actually being used
  but getting flagged wrongly here. Please open an issue if you find any such cases.


[0]	train-rmse:1.09906	valid-rmse:1.10224
[100]	train-rmse:1.06431	valid-rmse:1.06767
[480]	train-rmse:0.99329	valid-rmse:0.99865
[620]	train-rmse:0.99302	valid-rmse:0.99860
[440]	train-rmse:0.99379	valid-rmse:0.99868
[120]	train-rmse:1.09794	valid-rmse:1.10112
[20]	train-rmse:1.09904	valid-rmse:1.10221
[120]	train-rmse:1.05893	valid-rmse:1.06232
[140]	train-rmse:1.09776	valid-rmse:1.10094
[640]	train-rmse:0.99287	valid-rmse:0.99859
[500]	train-rmse:0.99311	valid-rmse:0.99863
[460]	train-rmse:0.99360	valid-rmse:0.99865
[40]	train-rmse:1.09901	valid-rmse:1.10218
[140]	train-rmse:1.05397	valid-rmse:1.05737
[160]	train-rmse:1.09757	valid-rmse:1.10076
[660]	train-rmse:0.99273	valid-rmse:0.99858
[60]	train-rmse:1.09898	valid-rmse:1.10215
[160]	train-rmse:1.04939	valid-rmse:1.05281
[180]	train-rmse:1.09739	valid-rmse:1.10058
[520]	train-rmse:0.99294	valid-rmse:0.99862
[480]	train-rmse:0.99343	valid-rmse:0.99862
[180]	train-rmse:1.04517	valid-rmse:1.04859
[680]	train-rmse:0.99260	valid-rmse:0.99857
[80]	train-rmse:1.09895	valid-rmse:1.10213
[200]	train-rmse:1.09721	valid-rmse:1.10040
[540]	train-rmse:0.99279	valid-rmse:0.99861
[200]	train-rmse:1.04127	valid-rmse:1.04471
[500]	train-rmse:0.99325	valid-rmse:0.99861
[220]	train-rmse:1.09703	valid-rmse:1.10021
[100]	train-rmse:1.09892	valid-rmse:1.10210
[700]	train-rmse:0.99246	valid-rmse:0.99857
[220]	train-rmse:1.03768	valid-rmse:1.04112
[240]	train-rmse:1.09684	valid-rmse:1.10003
[120]	train-rmse:1.09889	valid-rmse:1.10207
[560]	train-rmse:0.99262	valid-rmse:0.99860
[520]	train-rmse:0.99308	valid-rmse:0.99859
[720]	train-rmse:0.99232	valid-rmse:0.99856
[240]	train-rmse:1.03438	valid-rmse:1.03782
[260]	train-rmse:1.09666	valid-rmse:1.09985
[140]	train-rmse:1.09887	valid-rmse:1.10204
[260]	train-rmse:1.03133	valid-rmse:1.03477
[280]	train-rmse:1.09648	valid-rmse:1.09967
[580]	train-rmse:0.99245	valid-rmse:0.99861
[740]	train-rmse:0.99217	valid-rmse:0.99856
[540]	train-rmse:0.99293	valid-rmse:0.99857
[160]	train-rmse:1.09884	valid-rmse:1.10201
[280]	train-rmse:1.02851	valid-rmse:1.03196
[300]	train-rmse:1.09630	valid-rmse:1.09949
[760]	train-rmse:0.99204	valid-rmse:0.99855
[600]	train-rmse:0.99231	valid-rmse:0.99860
[560]	train-rmse:0.99277	valid-rmse:0.99856
[300]	train-rmse:1.02592	valid-rmse:1.02938
[180]	train-rmse:1.09881	valid-rmse:1.10199
[320]	train-rmse:1.09612	valid-rmse:1.09931
[780]	train-rmse:0.99190	valid-rmse:0.99855
[320]	train-rmse:1.02353	valid-rmse:1.02698
[340]	train-rmse:1.09594	valid-rmse:1.09913
[200]	train-rmse:1.09878	valid-rmse:1.10196
[620]	train-rmse:0.99214	valid-rmse:0.99859
[580]	train-rmse:0.99261	valid-rmse:0.99855
[340]	train-rmse:1.02133	valid-rmse:1.02479
[360]	train-rmse:1.09575	valid-rmse:1.09895
[800]	train-rmse:0.99177	valid-rmse:0.99855
[220]	train-rmse:1.09875	valid-rmse:1.10193
[360]	train-rmse:1.01931	valid-rmse:1.02276
[640]	train-rmse:0.99199	valid-rmse:0.99859
[380]	train-rmse:1.09557	valid-rmse:1.09877
[600]	train-rmse:0.99247	valid-rmse:0.99853
[240]	train-rmse:1.09873	valid-rmse:1.10190
[820]	train-rmse:0.99164	valid-rmse:0.99854
[400]	train-rmse:1.09539	valid-rmse:1.09859
[380]	train-rmse:1.01744	valid-rmse:1.02089
[660]	train-rmse:0.99183	valid-rmse:0.99860
[260]	train-rmse:1.09870	valid-rmse:1.10188
[620]	train-rmse:0.99230	valid-rmse:0.99852
[840]	train-rmse:0.99150	valid-rmse:0.99854
[420]	train-rmse:1.09521	valid-rmse:1.09841
[400]	train-rmse:1.01571	valid-rmse:1.01917
[280]	train-rmse:1.09867	valid-rmse:1.10185
[440]	train-rmse:1.09503	valid-rmse:1.09824
[420]	train-rmse:1.01412	valid-rmse:1.01758
[860]	train-rmse:0.99138	valid-rmse:0.99854
[680]	train-rmse:0.99169	valid-rmse:0.99859
[640]	train-rmse:0.99214	valid-rmse:0.99851
[460]	train-rmse:1.09485	valid-rmse:1.09806
[440]	train-rmse:1.01265	valid-rmse:1.01611
[300]	train-rmse:1.09864	valid-rmse:1.10182
[880]	train-rmse:0.99126	valid-rmse:0.99854
[700]	train-rmse:0.99153	valid-rmse:0.99859
[480]	train-rmse:1.09468	valid-rmse:1.09788
[660]	train-rmse:0.99198	valid-rmse:0.99850
[460]	train-rmse:1.01130	valid-rmse:1.01476
[320]	train-rmse:1.09862	valid-rmse:1.10179
[500]	train-rmse:1.09450	valid-rmse:1.09770
[900]	train-rmse:0.99112	valid-rmse:0.99854
[480]	train-rmse:1.01006	valid-rmse:1.01351
[340]	train-rmse:1.09859	valid-rmse:1.10177
[720]	train-rmse:0.99137	valid-rmse:0.99860
[680]	train-rmse:0.99184	valid-rmse:0.99851
[520]	train-rmse:1.09432	valid-rmse:1.09753
[500]	train-rmse:1.00892	valid-rmse:1.01237
[920]	train-rmse:0.99100	valid-rmse:0.99854
[360]	train-rmse:1.09856	valid-rmse:1.10174
[540]	train-rmse:1.09414	valid-rmse:1.09735
[520]	train-rmse:1.00786	valid-rmse:1.01131
[700]	train-rmse:0.99169	valid-rmse:0.99851
[740]	train-rmse:0.99122	valid-rmse:0.99860
[743]	train-rmse:0.99120	valid-rmse:0.99860
[32m[I 2022-04-17 00:52:26,821][0m Trial 73 finished with value: 0.998589 and parameters: {'colsample_bytree': 0.9247309077578829, 'eta': 0.008697136004124995, 'max_depth': 3, 'n_estimators': 70, 'subsample': 0.8844717658485381}. Best is trial 48 with value: 0.998395.[0m
[00:52:31] WARNING: ../src/learner.cc:576: 
Parameters: { "n_estimators" } might not be used.

  This could be a false alarm, with some parameters getting used by language bindings but
  then being mistakenly passed down to XGBoost core, or some parameter actually being used
  but getting flagged wrongly here. Please open an issue if you find any such cases.


[940]	train-rmse:0.99087	valid-rmse:0.99854
[380]	train-rmse:1.09853	valid-rmse:1.10171
[942]	train-rmse:0.99085	valid-rmse:0.99854
[0]	train-rmse:1.09905	valid-rmse:1.10223
[32m[I 2022-04-17 00:52:38,053][0m Trial 72 finished with value: 0.998536 and parameters: {'colsample_bytree': 0.7167428727245188, 'eta': 0.007430944704946715, 'max_depth': 3, 'n_estimators': 94, 'subsample': 0.9186094331936754}. Best is trial 48 with value: 0.998395.[0m
[560]	train-rmse:1.09397	valid-rmse:1.09717
[00:52:42] WARNING: ../src/learner.cc:576: 
Parameters: { "n_estimators" } might not be used.

  This could be a false alarm, with some parameters getting used by language bindings but
  then being mistakenly passed down to XGBoost core, or some parameter actually being used
  but getting flagged wrongly here. Please open an issue if you find any such cases.


[540]	train-rmse:1.00689	valid-rmse:1.01034
[711]	train-rmse:0.99160	valid-rmse:0.99852
[0]	train-rmse:1.09906	valid-rmse:1.10224
