[32m[I 2022-04-15 08:19:49,297][0m Trial 40 finished with value: 1.06007 and parameters: {'colsample_bytree': 0.4446198118631166, 'eta': 0.0002906261938468737, 'max_depth': 7, 'n_estimators': 472, 'subsample': 0.9793446973789568}. Best is trial 59 with value: 0.998688.[0m
[08:19:53] WARNING: ../src/learner.cc:576: 
Parameters: { "n_estimators" } might not be used.

  This could be a false alarm, with some parameters getting used by language bindings but
  then being mistakenly passed down to XGBoost core, or some parameter actually being used
  but getting flagged wrongly here. Please open an issue if you find any such cases.


[0]	train-rmse:1.09847	valid-rmse:1.10337
[180]	train-rmse:1.00652	valid-rmse:1.00965
[180]	train-rmse:1.01087	valid-rmse:1.01410
[280]	train-rmse:0.99865	valid-rmse:1.00162
[520]	train-rmse:0.97522	valid-rmse:0.99949
[20]	train-rmse:1.07803	valid-rmse:1.08262
[200]	train-rmse:1.00418	valid-rmse:1.00726
[200]	train-rmse:1.00800	valid-rmse:1.01117
[880]	train-rmse:1.08081	valid-rmse:1.08638
[300]	train-rmse:0.99797	valid-rmse:1.00097
[40]	train-rmse:1.06155	valid-rmse:1.06589
[220]	train-rmse:1.00567	valid-rmse:1.00878
[220]	train-rmse:1.00234	valid-rmse:1.00537
[320]	train-rmse:0.99743	valid-rmse:1.00046
[60]	train-rmse:1.04837	valid-rmse:1.05246
[240]	train-rmse:1.00380	valid-rmse:1.00686
[540]	train-rmse:0.97440	valid-rmse:0.99947
[240]	train-rmse:1.00090	valid-rmse:1.00392
[340]	train-rmse:0.99701	valid-rmse:1.00006
[80]	train-rmse:1.03783	valid-rmse:1.04174
[260]	train-rmse:1.00227	valid-rmse:1.00532
[260]	train-rmse:0.99975	valid-rmse:1.00278
[100]	train-rmse:1.02939	valid-rmse:1.03309
[280]	train-rmse:1.00103	valid-rmse:1.00407
[360]	train-rmse:0.99664	valid-rmse:0.99976
[280]	train-rmse:0.99886	valid-rmse:1.00189
[900]	train-rmse:1.08042	valid-rmse:1.08600
[560]	train-rmse:0.97361	valid-rmse:0.99940
[120]	train-rmse:1.02267	valid-rmse:1.02622
[300]	train-rmse:1.00002	valid-rmse:1.00303
[300]	train-rmse:0.99814	valid-rmse:1.00119
[380]	train-rmse:0.99635	valid-rmse:0.99952
[140]	train-rmse:1.01727	valid-rmse:1.02069
[320]	train-rmse:0.99921	valid-rmse:1.00224
[320]	train-rmse:0.99758	valid-rmse:1.00066
[400]	train-rmse:0.99610	valid-rmse:0.99933
[160]	train-rmse:1.01298	valid-rmse:1.01629
[340]	train-rmse:0.99855	valid-rmse:1.00157
[340]	train-rmse:0.99712	valid-rmse:1.00023
[580]	train-rmse:0.97274	valid-rmse:0.99942
[180]	train-rmse:1.00955	valid-rmse:1.01276
[420]	train-rmse:0.99588	valid-rmse:0.99919
[360]	train-rmse:0.99799	valid-rmse:1.00104
[360]	train-rmse:0.99674	valid-rmse:0.99990
[920]	train-rmse:1.08003	valid-rmse:1.08563
[200]	train-rmse:1.00683	valid-rmse:1.00999
[380]	train-rmse:0.99752	valid-rmse:1.00059
[440]	train-rmse:0.99569	valid-rmse:0.99907
[380]	train-rmse:0.99642	valid-rmse:0.99962
[220]	train-rmse:1.00465	valid-rmse:1.00774
[400]	train-rmse:0.99714	valid-rmse:1.00022
[600]	train-rmse:0.97196	valid-rmse:0.99943
[460]	train-rmse:0.99552	valid-rmse:0.99899
[400]	train-rmse:0.99616	valid-rmse:0.99942
[240]	train-rmse:1.00290	valid-rmse:1.00596
[420]	train-rmse:0.99681	valid-rmse:0.99992
[420]	train-rmse:0.99593	valid-rmse:0.99926
[480]	train-rmse:0.99538	valid-rmse:0.99891
[260]	train-rmse:1.00148	valid-rmse:1.00453
[440]	train-rmse:0.99653	valid-rmse:0.99967
[615]	train-rmse:0.97137	valid-rmse:0.99943
[32m[I 2022-04-15 08:27:02,980][0m Trial 56 finished with value: 0.999391 and parameters: {'colsample_bytree': 0.33786630774321974, 'eta': 0.006218004271951415, 'max_depth': 7, 'n_estimators': 863, 'subsample': 0.6407837966303446}. Best is trial 59 with value: 0.998688.[0m
[440]	train-rmse:0.99574	valid-rmse:0.99911
[08:27:06] WARNING: ../src/learner.cc:576: 
Parameters: { "n_estimators" } might not be used.

  This could be a false alarm, with some parameters getting used by language bindings but
  then being mistakenly passed down to XGBoost core, or some parameter actually being used
  but getting flagged wrongly here. Please open an issue if you find any such cases.


[940]	train-rmse:1.07964	valid-rmse:1.08526
[0]	train-rmse:1.09859	valid-rmse:1.10349
[280]	train-rmse:1.00035	valid-rmse:1.00340
[500]	train-rmse:0.99524	valid-rmse:0.99886
[460]	train-rmse:0.99628	valid-rmse:0.99948
[460]	train-rmse:0.99555	valid-rmse:0.99902
[20]	train-rmse:1.08014	valid-rmse:1.08475
[300]	train-rmse:0.99942	valid-rmse:1.00247
[480]	train-rmse:0.99608	valid-rmse:0.99933
[520]	train-rmse:0.99511	valid-rmse:0.99883
[40]	train-rmse:1.06491	valid-rmse:1.06930
[480]	train-rmse:0.99540	valid-rmse:0.99894
[320]	train-rmse:0.99869	valid-rmse:1.00176
[500]	train-rmse:0.99590	valid-rmse:0.99921
[540]	train-rmse:0.99499	valid-rmse:0.99880
[60]	train-rmse:1.05242	valid-rmse:1.05662
[500]	train-rmse:0.99526	valid-rmse:0.99889
[340]	train-rmse:0.99809	valid-rmse:1.00117
[520]	train-rmse:0.99574	valid-rmse:0.99912
[80]	train-rmse:1.04219	valid-rmse:1.04620
[560]	train-rmse:0.99487	valid-rmse:0.99879
[520]	train-rmse:0.99513	valid-rmse:0.99886
[360]	train-rmse:0.99759	valid-rmse:1.00071
[540]	train-rmse:0.99558	valid-rmse:0.99904
[960]	train-rmse:1.07926	valid-rmse:1.08489
[100]	train-rmse:1.03378	valid-rmse:1.03760
[540]	train-rmse:0.99500	valid-rmse:0.99883
[560]	train-rmse:0.99545	valid-rmse:0.99897
[380]	train-rmse:0.99717	valid-rmse:1.00032
[580]	train-rmse:0.99476	valid-rmse:0.99877
[120]	train-rmse:1.02691	valid-rmse:1.03059
[580]	train-rmse:0.99532	valid-rmse:0.99890
[400]	train-rmse:0.99683	valid-rmse:1.00000
[560]	train-rmse:0.99488	valid-rmse:0.99881
[600]	train-rmse:0.99465	valid-rmse:0.99874
[140]	train-rmse:1.02127	valid-rmse:1.02483
[600]	train-rmse:0.99520	valid-rmse:0.99884
[420]	train-rmse:0.99654	valid-rmse:0.99975
[580]	train-rmse:0.99476	valid-rmse:0.99876
[160]	train-rmse:1.01666	valid-rmse:1.02010
[620]	train-rmse:0.99455	valid-rmse:0.99873
[620]	train-rmse:0.99509	valid-rmse:0.99880
[440]	train-rmse:0.99629	valid-rmse:0.99953
[600]	train-rmse:0.99464	valid-rmse:0.99874
[980]	train-rmse:1.07887	valid-rmse:1.08452
[180]	train-rmse:1.01290	valid-rmse:1.01622
[640]	train-rmse:0.99499	valid-rmse:0.99877
[640]	train-rmse:0.99446	valid-rmse:0.99872
[460]	train-rmse:0.99607	valid-rmse:0.99937
[620]	train-rmse:0.99454	valid-rmse:0.99872
[200]	train-rmse:1.00983	valid-rmse:1.01308
[660]	train-rmse:0.99488	valid-rmse:0.99877
[480]	train-rmse:0.99588	valid-rmse:0.99925
[660]	train-rmse:0.99435	valid-rmse:0.99872
[640]	train-rmse:0.99445	valid-rmse:0.99872
[220]	train-rmse:1.00732	valid-rmse:1.01048
[680]	train-rmse:0.99479	valid-rmse:0.99876
[500]	train-rmse:0.99571	valid-rmse:0.99916
[660]	train-rmse:0.99434	valid-rmse:0.99872
[680]	train-rmse:0.99425	valid-rmse:0.99873
[240]	train-rmse:1.00526	valid-rmse:1.00838
[685]	train-rmse:0.99422	valid-rmse:0.99872
[32m[I 2022-04-15 08:33:30,733][0m Trial 60 finished with value: 0.998713 and parameters: {'colsample_bytree': 0.3418815000160369, 'eta': 0.006755633702747014, 'max_depth': 3, 'n_estimators': 1022, 'subsample': 0.902947297638899}. Best is trial 59 with value: 0.998688.[0m
[700]	train-rmse:0.99470	valid-rmse:0.99874
[520]	train-rmse:0.99556	valid-rmse:0.99909
[08:33:35] WARNING: ../src/learner.cc:576: 
Parameters: { "n_estimators" } might not be used.

  This could be a false alarm, with some parameters getting used by language bindings but
  then being mistakenly passed down to XGBoost core, or some parameter actually being used
  but getting flagged wrongly here. Please open an issue if you find any such cases.


[0]	train-rmse:1.09870	valid-rmse:1.10360
[999]	train-rmse:1.07851	valid-rmse:1.08417
[677]	train-rmse:0.99425	valid-rmse:0.99874
[32m[I 2022-04-15 08:33:41,916][0m Trial 61 finished with value: 0.99871 and parameters: {'colsample_bytree': 0.3425699553159452, 'eta': 0.006606892585704014, 'max_depth': 3, 'n_estimators': 961, 'subsample': 0.6190904281774519}. Best is trial 59 with value: 0.998688.[0m
[08:33:46] WARNING: ../src/learner.cc:576: 
Parameters: { "n_estimators" } might not be used.

  This could be a false alarm, with some parameters getting used by language bindings but
  then being mistakenly passed down to XGBoost core, or some parameter actually being used
  but getting flagged wrongly here. Please open an issue if you find any such cases.


[32m[I 2022-04-15 08:33:46,504][0m Trial 41 finished with value: 1.084174 and parameters: {'colsample_bytree': 0.4650292454758735, 'eta': 0.00011428367459524828, 'max_depth': 7, 'n_estimators': 937, 'subsample': 0.9856084787755668}. Best is trial 59 with value: 0.998688.[0m
[260]	train-rmse:1.00355	valid-rmse:1.00664
[0]	train-rmse:1.09929	valid-rmse:1.10420
[08:33:50] WARNING: ../src/learner.cc:576: 
Parameters: { "n_estimators" } might not be used.

  This could be a false alarm, with some parameters getting used by language bindings but
  then being mistakenly passed down to XGBoost core, or some parameter actually being used
  but getting flagged wrongly here. Please open an issue if you find any such cases.


[0]	train-rmse:1.09892	valid-rmse:1.10382
[720]	train-rmse:0.99461	valid-rmse:0.99872
[540]	train-rmse:0.99542	valid-rmse:0.99903
[20]	train-rmse:1.08205	valid-rmse:1.08669
[280]	train-rmse:1.00217	valid-rmse:1.00522
[20]	train-rmse:1.09326	valid-rmse:1.09809
[20]	train-rmse:1.08595	valid-rmse:1.09068
[40]	train-rmse:1.06803	valid-rmse:1.07245
[740]	train-rmse:0.99452	valid-rmse:0.99872
[560]	train-rmse:0.99529	valid-rmse:0.99897
[300]	train-rmse:1.00102	valid-rmse:1.00405
[40]	train-rmse:1.08757	valid-rmse:1.09231
[60]	train-rmse:1.05627	valid-rmse:1.06044
[40]	train-rmse:1.07457	valid-rmse:1.07915
[760]	train-rmse:0.99442	valid-rmse:0.99870
[580]	train-rmse:0.99516	valid-rmse:0.99891
[320]	train-rmse:1.00009	valid-rmse:1.00312
[80]	train-rmse:1.04640	valid-rmse:1.05038
[60]	train-rmse:1.08221	valid-rmse:1.08688
[60]	train-rmse:1.06462	valid-rmse:1.06903
[780]	train-rmse:0.99434	valid-rmse:0.99869
[600]	train-rmse:0.99505	valid-rmse:0.99887
[100]	train-rmse:1.03814	valid-rmse:1.04196
[340]	train-rmse:0.99931	valid-rmse:1.00235
[80]	train-rmse:1.07716	valid-rmse:1.08176
[80]	train-rmse:1.05592	valid-rmse:1.06018
[800]	train-rmse:0.99426	valid-rmse:0.99870
[620]	train-rmse:0.99494	valid-rmse:0.99885
[120]	train-rmse:1.03124	valid-rmse:1.03491
[100]	train-rmse:1.07239	valid-rmse:1.07691
[360]	train-rmse:0.99866	valid-rmse:1.00171
[100]	train-rmse:1.04829	valid-rmse:1.05240
[820]	train-rmse:0.99417	valid-rmse:0.99870
[140]	train-rmse:1.02545	valid-rmse:1.02900
[640]	train-rmse:0.99485	valid-rmse:0.99883
[823]	train-rmse:0.99417	valid-rmse:0.99870
[32m[I 2022-04-15 08:36:49,962][0m Trial 62 finished with value: 0.998695 and parameters: {'colsample_bytree': 0.3188118343806655, 'eta': 0.005613978546855285, 'max_depth': 3, 'n_estimators': 949, 'subsample': 0.6139487669212859}. Best is trial 59 with value: 0.998688.[0m
[08:36:54] WARNING: ../src/learner.cc:576: 
Parameters: { "n_estimators" } might not be used.

  This could be a false alarm, with some parameters getting used by language bindings but
  then being mistakenly passed down to XGBoost core, or some parameter actually being used
  but getting flagged wrongly here. Please open an issue if you find any such cases.


[120]	train-rmse:1.06790	valid-rmse:1.07235
[380]	train-rmse:0.99812	valid-rmse:1.00117
[0]	train-rmse:1.09877	valid-rmse:1.10367
[120]	train-rmse:1.04164	valid-rmse:1.04563
[160]	train-rmse:1.02063	valid-rmse:1.02406
[660]	train-rmse:0.99475	valid-rmse:0.99882
[140]	train-rmse:1.06365	valid-rmse:1.06804
[400]	train-rmse:0.99767	valid-rmse:1.00074
[20]	train-rmse:1.08322	valid-rmse:1.08792
[140]	train-rmse:1.03581	valid-rmse:1.03967
[180]	train-rmse:1.01659	valid-rmse:1.01990
[680]	train-rmse:0.99465	valid-rmse:0.99882
[160]	train-rmse:1.05966	valid-rmse:1.06399
[40]	train-rmse:1.06996	valid-rmse:1.07446
[420]	train-rmse:0.99729	valid-rmse:1.00037
[200]	train-rmse:1.01324	valid-rmse:1.01645
[160]	train-rmse:1.03073	valid-rmse:1.03447
[700]	train-rmse:0.99456	valid-rmse:0.99881
[220]	train-rmse:1.01042	valid-rmse:1.01355
[60]	train-rmse:1.05869	valid-rmse:1.06302
[180]	train-rmse:1.05590	valid-rmse:1.06014
[440]	train-rmse:0.99697	valid-rmse:1.00006
[180]	train-rmse:1.02628	valid-rmse:1.02990
[720]	train-rmse:0.99446	valid-rmse:0.99878
[240]	train-rmse:1.00807	valid-rmse:1.01113
[80]	train-rmse:1.04914	valid-rmse:1.05330
[460]	train-rmse:0.99669	valid-rmse:0.99983
[200]	train-rmse:1.05236	valid-rmse:1.05655
[200]	train-rmse:1.02242	valid-rmse:1.02596
[260]	train-rmse:1.00611	valid-rmse:1.00913
[740]	train-rmse:0.99437	valid-rmse:0.99877
[100]	train-rmse:1.04100	valid-rmse:1.04500
[480]	train-rmse:0.99644	valid-rmse:0.99962
[220]	train-rmse:1.01905	valid-rmse:1.02250
[220]	train-rmse:1.04903	valid-rmse:1.05315
[280]	train-rmse:1.00446	valid-rmse:1.00742
[760]	train-rmse:0.99428	valid-rmse:0.99876
[120]	train-rmse:1.03413	valid-rmse:1.03799
[240]	train-rmse:1.01611	valid-rmse:1.01949
[500]	train-rmse:0.99623	valid-rmse:0.99946
[240]	train-rmse:1.04589	valid-rmse:1.04996
[300]	train-rmse:1.00307	valid-rmse:1.00601
[780]	train-rmse:0.99420	valid-rmse:0.99876
[140]	train-rmse:1.02827	valid-rmse:1.03199
[260]	train-rmse:1.01354	valid-rmse:1.01687
[520]	train-rmse:0.99605	valid-rmse:0.99933
[320]	train-rmse:1.00192	valid-rmse:1.00483
[260]	train-rmse:1.04293	valid-rmse:1.04694
[800]	train-rmse:0.99411	valid-rmse:0.99876
[160]	train-rmse:1.02333	valid-rmse:1.02692
[340]	train-rmse:1.00095	valid-rmse:1.00383
[540]	train-rmse:0.99588	valid-rmse:0.99922
[280]	train-rmse:1.01130	valid-rmse:1.01458
[280]	train-rmse:1.04015	valid-rmse:1.04411
[360]	train-rmse:1.00013	valid-rmse:1.00301
[820]	train-rmse:0.99402	valid-rmse:0.99878
[180]	train-rmse:1.01913	valid-rmse:1.02259
[300]	train-rmse:1.00933	valid-rmse:1.01256
[560]	train-rmse:0.99573	valid-rmse:0.99913
[32m[I 2022-04-15 08:41:31,341][0m Trial 63 finished with value: 0.998756 and parameters: {'colsample_bytree': 0.32495792770837606, 'eta': 0.0058828679146413826, 'max_depth': 3, 'n_estimators': 940, 'subsample': 0.6176780130132884}. Best is trial 59 with value: 0.998688.[0m
[300]	train-rmse:1.03753	valid-rmse:1.04143
[08:41:36] WARNING: ../src/learner.cc:576: 
Parameters: { "n_estimators" } might not be used.

  This could be a false alarm, with some parameters getting used by language bindings but
  then being mistakenly passed down to XGBoost core, or some parameter actually being used
  but getting flagged wrongly here. Please open an issue if you find any such cases.


[0]	train-rmse:1.09889	valid-rmse:1.10379
[380]	train-rmse:0.99942	valid-rmse:1.00230
[320]	train-rmse:1.00765	valid-rmse:1.01084
[200]	train-rmse:1.01559	valid-rmse:1.01898
[580]	train-rmse:0.99559	valid-rmse:0.99905
[20]	train-rmse:1.08547	valid-rmse:1.09017
[320]	train-rmse:1.03507	valid-rmse:1.03893
[400]	train-rmse:0.99885	valid-rmse:1.00171
[340]	train-rmse:1.00616	valid-rmse:1.00931
[40]	train-rmse:1.07374	valid-rmse:1.07827
[600]	train-rmse:0.99547	valid-rmse:0.99897
[220]	train-rmse:1.01259	valid-rmse:1.01591
[340]	train-rmse:1.03276	valid-rmse:1.03655
[420]	train-rmse:0.99835	valid-rmse:1.00122
[60]	train-rmse:1.06355	valid-rmse:1.06788
[360]	train-rmse:1.00487	valid-rmse:1.00798
[240]	train-rmse:1.01005	valid-rmse:1.01330
[620]	train-rmse:0.99535	valid-rmse:0.99891
[440]	train-rmse:0.99792	valid-rmse:1.00081
[360]	train-rmse:1.03058	valid-rmse:1.03432
[80]	train-rmse:1.05469	valid-rmse:1.05888
[380]	train-rmse:1.00373	valid-rmse:1.00681
[260]	train-rmse:1.00790	valid-rmse:1.01110
[640]	train-rmse:0.99525	valid-rmse:0.99887
[460]	train-rmse:0.99756	valid-rmse:1.00046
[380]	train-rmse:1.02852	valid-rmse:1.03221
[100]	train-rmse:1.04695	valid-rmse:1.05101
[480]	train-rmse:0.99725	valid-rmse:1.00018
[400]	train-rmse:1.00275	valid-rmse:1.00579
[280]	train-rmse:1.00607	valid-rmse:1.00922
[660]	train-rmse:0.99514	valid-rmse:0.99884
[120]	train-rmse:1.04025	valid-rmse:1.04417
[400]	train-rmse:1.02660	valid-rmse:1.03023
[500]	train-rmse:0.99697	valid-rmse:0.99993
[420]	train-rmse:1.00187	valid-rmse:1.00489
[300]	train-rmse:1.00451	valid-rmse:1.00763
[140]	train-rmse:1.03439	valid-rmse:1.03821
[680]	train-rmse:0.99504	valid-rmse:0.99880
[420]	train-rmse:1.02478	valid-rmse:1.02837
[520]	train-rmse:0.99673	valid-rmse:0.99972
[160]	train-rmse:1.02932	valid-rmse:1.03302
[440]	train-rmse:1.00112	valid-rmse:1.00412
[320]	train-rmse:1.00322	valid-rmse:1.00631
[700]	train-rmse:0.99495	valid-rmse:0.99877
[440]	train-rmse:1.02308	valid-rmse:1.02663
[540]	train-rmse:0.99652	valid-rmse:0.99956
[180]	train-rmse:1.02491	valid-rmse:1.02850
[460]	train-rmse:1.00045	valid-rmse:1.00345
[340]	train-rmse:1.00210	valid-rmse:1.00516
[720]	train-rmse:0.99486	valid-rmse:0.99877
[560]	train-rmse:0.99634	valid-rmse:0.99942
[460]	train-rmse:1.02148	valid-rmse:1.02500
[200]	train-rmse:1.02110	valid-rmse:1.02460
[480]	train-rmse:0.99986	valid-rmse:1.00285
[360]	train-rmse:1.00116	valid-rmse:1.00420
[740]	train-rmse:0.99477	valid-rmse:0.99875
[580]	train-rmse:0.99617	valid-rmse:0.99929
[220]	train-rmse:1.01779	valid-rmse:1.02121
[480]	train-rmse:1.01997	valid-rmse:1.02344
[500]	train-rmse:0.99934	valid-rmse:1.00234
[600]	train-rmse:0.99603	valid-rmse:0.99919
[380]	train-rmse:1.00034	valid-rmse:1.00337
[240]	train-rmse:1.01492	valid-rmse:1.01827
[760]	train-rmse:0.99468	valid-rmse:0.99874
[500]	train-rmse:1.01855	valid-rmse:1.02199
[620]	train-rmse:0.99589	valid-rmse:0.99909
[260]	train-rmse:1.01242	valid-rmse:1.01572
[520]	train-rmse:0.99889	valid-rmse:1.00190
[400]	train-rmse:0.99965	valid-rmse:1.00267
[780]	train-rmse:0.99461	valid-rmse:0.99873
[520]	train-rmse:1.01721	valid-rmse:1.02062
[280]	train-rmse:1.01026	valid-rmse:1.01349
[640]	train-rmse:0.99577	valid-rmse:0.99902
[540]	train-rmse:0.99848	valid-rmse:1.00151
[420]	train-rmse:0.99905	valid-rmse:1.00206
[800]	train-rmse:0.99453	valid-rmse:0.99872
[300]	train-rmse:1.00838	valid-rmse:1.01155
[540]	train-rmse:1.01596	valid-rmse:1.01934
[660]	train-rmse:0.99566	valid-rmse:0.99895
[560]	train-rmse:0.99813	valid-rmse:1.00116
[440]	train-rmse:0.99855	valid-rmse:1.00155
[320]	train-rmse:1.00676	valid-rmse:1.00990
[820]	train-rmse:0.99444	valid-rmse:0.99872
[680]	train-rmse:0.99555	valid-rmse:0.99889
[560]	train-rmse:1.01478	valid-rmse:1.01813
[580]	train-rmse:0.99781	valid-rmse:1.00084
[460]	train-rmse:0.99811	valid-rmse:1.00114
[340]	train-rmse:1.00535	valid-rmse:1.00845
[700]	train-rmse:0.99545	valid-rmse:0.99884
[840]	train-rmse:0.99437	valid-rmse:0.99872
[580]	train-rmse:1.01367	valid-rmse:1.01698
[360]	train-rmse:1.00412	valid-rmse:1.00719
[600]	train-rmse:0.99752	valid-rmse:1.00056
[480]	train-rmse:0.99772	valid-rmse:1.00077
[720]	train-rmse:0.99535	valid-rmse:0.99880
[860]	train-rmse:0.99429	valid-rmse:0.99872
[600]	train-rmse:1.01262	valid-rmse:1.01589
[380]	train-rmse:1.00305	valid-rmse:1.00608
[500]	train-rmse:0.99739	valid-rmse:1.00047
[620]	train-rmse:0.99726	valid-rmse:1.00031
[740]	train-rmse:0.99527	valid-rmse:0.99877
[880]	train-rmse:0.99421	valid-rmse:0.99871
[400]	train-rmse:1.00213	valid-rmse:1.00513
[620]	train-rmse:1.01163	valid-rmse:1.01488
[760]	train-rmse:0.99518	valid-rmse:0.99874
[640]	train-rmse:0.99704	valid-rmse:1.00011
[520]	train-rmse:0.99710	valid-rmse:1.00023
[420]	train-rmse:1.00131	valid-rmse:1.00429
[900]	train-rmse:0.99413	valid-rmse:0.99871
[640]	train-rmse:1.01071	valid-rmse:1.01393
[780]	train-rmse:0.99511	valid-rmse:0.99871
[660]	train-rmse:0.99684	valid-rmse:0.99993
[540]	train-rmse:0.99685	valid-rmse:1.00001
[440]	train-rmse:1.00061	valid-rmse:1.00357
[920]	train-rmse:0.99405	valid-rmse:0.99871
[800]	train-rmse:0.99503	valid-rmse:0.99870
[660]	train-rmse:1.00984	valid-rmse:1.01303
[460]	train-rmse:0.99999	valid-rmse:1.00295
[680]	train-rmse:0.99665	valid-rmse:0.99977
[560]	train-rmse:0.99663	valid-rmse:0.99982
[820]	train-rmse:0.99495	valid-rmse:0.99868
[940]	train-rmse:0.99398	valid-rmse:0.99871
[480]	train-rmse:0.99945	valid-rmse:1.00241
[680]	train-rmse:1.00902	valid-rmse:1.01220
[700]	train-rmse:0.99649	valid-rmse:0.99962
[580]	train-rmse:0.99642	valid-rmse:0.99964
[840]	train-rmse:0.99488	valid-rmse:0.99868
[957]	train-rmse:0.99390	valid-rmse:0.99872
