[32m[I 2022-04-15 02:18:10,931][0m Trial 6 finished with value: 1.103417 and parameters: {'colsample_bytree': 0.7425498626891842, 'eta': 5.644473287709005e-06, 'max_depth': 9, 'n_estimators': 915, 'subsample': 0.4778007690277277}. Best is trial 15 with value: 0.999478.[0m
[02:18:15] WARNING: ../src/learner.cc:576: 
Parameters: { "n_estimators" } might not be used.

  This could be a false alarm, with some parameters getting used by language bindings but
  then being mistakenly passed down to XGBoost core, or some parameter actually being used
  but getting flagged wrongly here. Please open an issue if you find any such cases.


[800]	train-rmse:1.09481	valid-rmse:1.09988
[0]	train-rmse:1.09918	valid-rmse:1.10410
[300]	train-rmse:0.96006	valid-rmse:1.00099
[760]	train-rmse:1.09819	valid-rmse:1.10322
[20]	train-rmse:1.08264	valid-rmse:1.08867
[20]	train-rmse:1.09095	valid-rmse:1.09608
[820]	train-rmse:1.09469	valid-rmse:1.09977
[700]	train-rmse:1.09950	valid-rmse:1.10442
[40]	train-rmse:1.08328	valid-rmse:1.08866
[40]	train-rmse:1.06853	valid-rmse:1.07568
[320]	train-rmse:0.95758	valid-rmse:1.00060
[840]	train-rmse:1.09458	valid-rmse:1.09965
[780]	train-rmse:1.09816	valid-rmse:1.10318
[60]	train-rmse:1.07623	valid-rmse:1.08185
[60]	train-rmse:1.05640	valid-rmse:1.06462
[720]	train-rmse:1.09949	valid-rmse:1.10441
[80]	train-rmse:1.06968	valid-rmse:1.07554
[860]	train-rmse:1.09446	valid-rmse:1.09954
[340]	train-rmse:0.95564	valid-rmse:1.00026
[100]	train-rmse:1.06359	valid-rmse:1.06967
[80]	train-rmse:1.04577	valid-rmse:1.05525
[800]	train-rmse:1.09812	valid-rmse:1.10315
[880]	train-rmse:1.09434	valid-rmse:1.09943
[120]	train-rmse:1.05792	valid-rmse:1.06422
[740]	train-rmse:1.09949	valid-rmse:1.10441
[100]	train-rmse:1.03652	valid-rmse:1.04710
[140]	train-rmse:1.05265	valid-rmse:1.05917
[360]	train-rmse:0.95341	valid-rmse:1.00007
[900]	train-rmse:1.09423	valid-rmse:1.09932
[820]	train-rmse:1.09808	valid-rmse:1.10311
[160]	train-rmse:1.04778	valid-rmse:1.05451
[120]	train-rmse:1.02842	valid-rmse:1.04013
[920]	train-rmse:1.09411	valid-rmse:1.09920
[760]	train-rmse:1.09949	valid-rmse:1.10441
[180]	train-rmse:1.04327	valid-rmse:1.05017
[380]	train-rmse:0.95115	valid-rmse:0.99992
[140]	train-rmse:1.02144	valid-rmse:1.03413
[200]	train-rmse:1.03910	valid-rmse:1.04621
[940]	train-rmse:1.09399	valid-rmse:1.09909
[840]	train-rmse:1.09805	valid-rmse:1.10308
[220]	train-rmse:1.03524	valid-rmse:1.04256
[780]	train-rmse:1.09949	valid-rmse:1.10441
[160]	train-rmse:1.01521	valid-rmse:1.02907
[960]	train-rmse:1.09388	valid-rmse:1.09898
[400]	train-rmse:0.94913	valid-rmse:0.99978
[240]	train-rmse:1.03164	valid-rmse:1.03917
[860]	train-rmse:1.09801	valid-rmse:1.10305
[180]	train-rmse:1.00988	valid-rmse:1.02472
[980]	train-rmse:1.09376	valid-rmse:1.09887
[260]	train-rmse:1.02828	valid-rmse:1.03607
[800]	train-rmse:1.09948	valid-rmse:1.10440
[420]	train-rmse:0.94765	valid-rmse:0.99973
[280]	train-rmse:1.02519	valid-rmse:1.03318
[999]	train-rmse:1.09365	valid-rmse:1.09876
[200]	train-rmse:1.00519	valid-rmse:1.02096
[32m[I 2022-04-15 02:40:18,836][0m Trial 13 finished with value: 1.09876 and parameters: {'colsample_bytree': 0.7779790850490254, 'eta': 3.0137859373788002e-05, 'max_depth': 7, 'n_estimators': 829, 'subsample': 0.536977214923771}. Best is trial 15 with value: 0.999478.[0m
[02:40:23] WARNING: ../src/learner.cc:576: 
Parameters: { "n_estimators" } might not be used.

  This could be a false alarm, with some parameters getting used by language bindings but
  then being mistakenly passed down to XGBoost core, or some parameter actually being used
  but getting flagged wrongly here. Please open an issue if you find any such cases.


[0]	train-rmse:1.09874	valid-rmse:1.10370
[300]	train-rmse:1.02233	valid-rmse:1.03052
[880]	train-rmse:1.09797	valid-rmse:1.10301
[220]	train-rmse:1.00112	valid-rmse:1.01781
[440]	train-rmse:0.94561	valid-rmse:0.99970
[20]	train-rmse:1.08254	valid-rmse:1.08851
[320]	train-rmse:1.01969	valid-rmse:1.02812
[820]	train-rmse:1.09948	valid-rmse:1.10440
[340]	train-rmse:1.01723	valid-rmse:1.02588
[240]	train-rmse:0.99743	valid-rmse:1.01511
[40]	train-rmse:1.06833	valid-rmse:1.07548
[900]	train-rmse:1.09794	valid-rmse:1.10298
[360]	train-rmse:1.01491	valid-rmse:1.02380
[460]	train-rmse:0.94366	valid-rmse:0.99961
[840]	train-rmse:1.09948	valid-rmse:1.10440
[60]	train-rmse:1.05628	valid-rmse:1.06440
[260]	train-rmse:0.99395	valid-rmse:1.01290
[380]	train-rmse:1.01273	valid-rmse:1.02187
[400]	train-rmse:1.01076	valid-rmse:1.02010
[80]	train-rmse:1.04564	valid-rmse:1.05500
[920]	train-rmse:1.09790	valid-rmse:1.10294
[480]	train-rmse:0.94189	valid-rmse:0.99961
[280]	train-rmse:0.99107	valid-rmse:1.01092
[860]	train-rmse:1.09947	valid-rmse:1.10439
[420]	train-rmse:1.00890	valid-rmse:1.01844
[100]	train-rmse:1.03638	valid-rmse:1.04685
[440]	train-rmse:1.00720	valid-rmse:1.01694
[300]	train-rmse:0.98842	valid-rmse:1.00922
[500]	train-rmse:0.93968	valid-rmse:0.99959
[940]	train-rmse:1.09786	valid-rmse:1.10291
[460]	train-rmse:1.00563	valid-rmse:1.01557
[120]	train-rmse:1.02828	valid-rmse:1.03986
[880]	train-rmse:1.09947	valid-rmse:1.10439
[320]	train-rmse:0.98622	valid-rmse:1.00785
[480]	train-rmse:1.00412	valid-rmse:1.01428
[140]	train-rmse:1.02128	valid-rmse:1.03392
[520]	train-rmse:0.93787	valid-rmse:0.99961
[500]	train-rmse:1.00273	valid-rmse:1.01315
[340]	train-rmse:0.98408	valid-rmse:1.00661
[960]	train-rmse:1.09783	valid-rmse:1.10288
[900]	train-rmse:1.09947	valid-rmse:1.10439
[160]	train-rmse:1.01513	valid-rmse:1.02884
[520]	train-rmse:1.00144	valid-rmse:1.01206
[360]	train-rmse:0.98208	valid-rmse:1.00562
[540]	train-rmse:1.00022	valid-rmse:1.01108
[540]	train-rmse:0.93603	valid-rmse:0.99965
[180]	train-rmse:1.00978	valid-rmse:1.02448
[545]	train-rmse:0.93545	valid-rmse:0.99963
[32m[I 2022-04-15 03:00:37,575][0m Trial 17 finished with value: 0.99957 and parameters: {'colsample_bytree': 0.6627562145039668, 'eta': 0.007466393805783826, 'max_depth': 9, 'n_estimators': 441, 'subsample': 0.8357576994302865}. Best is trial 15 with value: 0.999478.[0m
[980]	train-rmse:1.09779	valid-rmse:1.10284
[560]	train-rmse:0.99909	valid-rmse:1.01017
[03:00:41] WARNING: ../src/learner.cc:576: 
Parameters: { "n_estimators" } might not be used.

  This could be a false alarm, with some parameters getting used by language bindings but
  then being mistakenly passed down to XGBoost core, or some parameter actually being used
  but getting flagged wrongly here. Please open an issue if you find any such cases.


[0]	train-rmse:1.09902	valid-rmse:1.10398
[920]	train-rmse:1.09946	valid-rmse:1.10438
[380]	train-rmse:0.98013	valid-rmse:1.00473
[200]	train-rmse:1.00511	valid-rmse:1.02077
[580]	train-rmse:0.99801	valid-rmse:1.00930
[400]	train-rmse:0.97849	valid-rmse:1.00395
[600]	train-rmse:0.99702	valid-rmse:1.00851
[220]	train-rmse:1.00107	valid-rmse:1.01759
[999]	train-rmse:1.09775	valid-rmse:1.10281
[20]	train-rmse:1.08781	valid-rmse:1.09377
[32m[I 2022-04-15 03:04:32,262][0m Trial 4 finished with value: 1.10281 and parameters: {'colsample_bytree': 0.9840810530045516, 'eta': 8.77712503285814e-06, 'max_depth': 9, 'n_estimators': 726, 'subsample': 0.5622021515588467}. Best is trial 15 with value: 0.999478.[0m
[03:04:36] WARNING: ../src/learner.cc:576: 
Parameters: { "n_estimators" } might not be used.

  This could be a false alarm, with some parameters getting used by language bindings but
  then being mistakenly passed down to XGBoost core, or some parameter actually being used
  but getting flagged wrongly here. Please open an issue if you find any such cases.


[940]	train-rmse:1.09946	valid-rmse:1.10438
[0]	train-rmse:1.09928	valid-rmse:1.10422
[620]	train-rmse:0.99608	valid-rmse:1.00780
[420]	train-rmse:0.97676	valid-rmse:1.00335
[240]	train-rmse:0.99737	valid-rmse:1.01497
[640]	train-rmse:0.99518	valid-rmse:1.00715
[40]	train-rmse:1.07757	valid-rmse:1.08454
[440]	train-rmse:0.97534	valid-rmse:1.00283
[260]	train-rmse:0.99385	valid-rmse:1.01269
[660]	train-rmse:0.99435	valid-rmse:1.00653
[20]	train-rmse:1.09305	valid-rmse:1.09851
[960]	train-rmse:1.09946	valid-rmse:1.10438
[680]	train-rmse:0.99357	valid-rmse:1.00598
[280]	train-rmse:0.99098	valid-rmse:1.01080
[460]	train-rmse:0.97399	valid-rmse:1.00241
[700]	train-rmse:0.99283	valid-rmse:1.00546
[60]	train-rmse:1.06821	valid-rmse:1.07619
[40]	train-rmse:1.08709	valid-rmse:1.09313
[980]	train-rmse:1.09945	valid-rmse:1.10438
[300]	train-rmse:0.98847	valid-rmse:1.00914
[480]	train-rmse:0.97265	valid-rmse:1.00203
[720]	train-rmse:0.99211	valid-rmse:1.00499
[740]	train-rmse:0.99142	valid-rmse:1.00455
[320]	train-rmse:0.98621	valid-rmse:1.00782
[80]	train-rmse:1.05959	valid-rmse:1.06863
[500]	train-rmse:0.97129	valid-rmse:1.00171
[60]	train-rmse:1.08145	valid-rmse:1.08801
[999]	train-rmse:1.09945	valid-rmse:1.10437
[760]	train-rmse:0.99081	valid-rmse:1.00415
[32m[I 2022-04-15 03:15:56,563][0m Trial 7 finished with value: 1.104374 and parameters: {'colsample_bytree': 0.7172106769722115, 'eta': 7.069024575453144e-07, 'max_depth': 9, 'n_estimators': 411, 'subsample': 0.8688266351063512}. Best is trial 15 with value: 0.999478.[0m
[03:16:00] WARNING: ../src/learner.cc:576: 
Parameters: { "n_estimators" } might not be used.

  This could be a false alarm, with some parameters getting used by language bindings but
  then being mistakenly passed down to XGBoost core, or some parameter actually being used
  but getting flagged wrongly here. Please open an issue if you find any such cases.


[340]	train-rmse:0.98404	valid-rmse:1.00663
[0]	train-rmse:1.09916	valid-rmse:1.10410
[520]	train-rmse:0.97005	valid-rmse:1.00147
[780]	train-rmse:0.99015	valid-rmse:1.00378
[100]	train-rmse:1.05179	valid-rmse:1.06183
[80]	train-rmse:1.07605	valid-rmse:1.08319
[360]	train-rmse:0.98196	valid-rmse:1.00558
[800]	train-rmse:0.98957	valid-rmse:1.00342
[540]	train-rmse:0.96869	valid-rmse:1.00127
[20]	train-rmse:1.09048	valid-rmse:1.09616
[820]	train-rmse:0.98902	valid-rmse:1.00308
[380]	train-rmse:0.98001	valid-rmse:1.00472
[120]	train-rmse:1.04462	valid-rmse:1.05567
[100]	train-rmse:1.07090	valid-rmse:1.07862
[560]	train-rmse:0.96751	valid-rmse:1.00108
[840]	train-rmse:0.98852	valid-rmse:1.00277
[400]	train-rmse:0.97832	valid-rmse:1.00401
[40]	train-rmse:1.08238	valid-rmse:1.08881
[860]	train-rmse:0.98797	valid-rmse:1.00251
[580]	train-rmse:0.96624	valid-rmse:1.00094
[880]	train-rmse:0.98749	valid-rmse:1.00227
[420]	train-rmse:0.97648	valid-rmse:1.00337
[140]	train-rmse:1.03801	valid-rmse:1.05008
[120]	train-rmse:1.06603	valid-rmse:1.07428
[60]	train-rmse:1.07486	valid-rmse:1.08204
[900]	train-rmse:0.98705	valid-rmse:1.00204
[600]	train-rmse:0.96503	valid-rmse:1.00079
[440]	train-rmse:0.97490	valid-rmse:1.00284
[920]	train-rmse:0.98662	valid-rmse:1.00182
[140]	train-rmse:1.06134	valid-rmse:1.07017
[160]	train-rmse:1.03184	valid-rmse:1.04507
[620]	train-rmse:0.96386	valid-rmse:1.00068
[460]	train-rmse:0.97352	valid-rmse:1.00243
[940]	train-rmse:0.98617	valid-rmse:1.00163
[80]	train-rmse:1.06781	valid-rmse:1.07574
[960]	train-rmse:0.98577	valid-rmse:1.00143
[640]	train-rmse:0.96265	valid-rmse:1.00057
[480]	train-rmse:0.97216	valid-rmse:1.00203
[160]	train-rmse:1.05687	valid-rmse:1.06630
[180]	train-rmse:1.02627	valid-rmse:1.04055
[980]	train-rmse:0.98537	valid-rmse:1.00126
[100]	train-rmse:1.06120	valid-rmse:1.06993
[500]	train-rmse:0.97075	valid-rmse:1.00172
[660]	train-rmse:0.96151	valid-rmse:1.00053
[999]	train-rmse:0.98497	valid-rmse:1.00114
[32m[I 2022-04-15 03:33:37,524][0m Trial 19 finished with value: 1.001138 and parameters: {'colsample_bytree': 0.6464867368220147, 'eta': 0.0021270175264025424, 'max_depth': 7, 'n_estimators': 692, 'subsample': 0.3558969242540247}. Best is trial 15 with value: 0.999478.[0m
[03:33:41] WARNING: ../src/learner.cc:576: 
Parameters: { "n_estimators" } might not be used.

  This could be a false alarm, with some parameters getting used by language bindings but
  then being mistakenly passed down to XGBoost core, or some parameter actually being used
  but getting flagged wrongly here. Please open an issue if you find any such cases.


[0]	train-rmse:1.00124	valid-rmse:1.00642
[180]	train-rmse:1.05262	valid-rmse:1.06262
[200]	train-rmse:1.02112	valid-rmse:1.03649
[520]	train-rmse:0.96955	valid-rmse:1.00150
[680]	train-rmse:0.96033	valid-rmse:1.00046
[120]	train-rmse:1.05504	valid-rmse:1.06454
[20]	train-rmse:0.97161	valid-rmse:1.02745
[540]	train-rmse:0.96827	valid-rmse:1.00127
[700]	train-rmse:0.95917	valid-rmse:1.00039
[40]	train-rmse:0.94938	valid-rmse:1.05004
[200]	train-rmse:1.04861	valid-rmse:1.05915
[220]	train-rmse:1.01637	valid-rmse:1.03279
[140]	train-rmse:1.04925	valid-rmse:1.05958
[50]	train-rmse:0.93776	valid-rmse:1.05975
[32m[I 2022-04-15 03:39:14,353][0m Trial 24 finished with value: 1.00182 and parameters: {'colsample_bytree': 0.8374009876414555, 'eta': 0.7882762860151962, 'max_depth': 5, 'n_estimators': 377, 'subsample': 0.8453708324574702}. Best is trial 15 with value: 0.999478.[0m
[03:39:18] WARNING: ../src/learner.cc:576: 
Parameters: { "n_estimators" } might not be used.

  This could be a false alarm, with some parameters getting used by language bindings but
  then being mistakenly passed down to XGBoost core, or some parameter actually being used
  but getting flagged wrongly here. Please open an issue if you find any such cases.


[560]	train-rmse:0.96706	valid-rmse:1.00109
[0]	train-rmse:1.09941	valid-rmse:1.10434
[720]	train-rmse:0.95801	valid-rmse:1.00031
[220]	train-rmse:1.04477	valid-rmse:1.05585
[580]	train-rmse:0.96582	valid-rmse:1.00095
[240]	train-rmse:1.01205	valid-rmse:1.02949
[160]	train-rmse:1.04382	valid-rmse:1.05495
[20]	train-rmse:1.09566	valid-rmse:1.10089
[740]	train-rmse:0.95686	valid-rmse:1.00032
[600]	train-rmse:0.96471	valid-rmse:1.00082
[240]	train-rmse:1.04108	valid-rmse:1.05275
[760]	train-rmse:0.95578	valid-rmse:1.00030
[40]	train-rmse:1.09200	valid-rmse:1.09754
[260]	train-rmse:1.00803	valid-rmse:1.02651
[180]	train-rmse:1.03875	valid-rmse:1.05069
[620]	train-rmse:0.96358	valid-rmse:1.00070
[780]	train-rmse:0.95477	valid-rmse:1.00029
[60]	train-rmse:1.08847	valid-rmse:1.09431
[640]	train-rmse:0.96242	valid-rmse:1.00057
[260]	train-rmse:1.03762	valid-rmse:1.04979
[200]	train-rmse:1.03405	valid-rmse:1.04675
[280]	train-rmse:1.00430	valid-rmse:1.02381
[800]	train-rmse:0.95368	valid-rmse:1.00030
[660]	train-rmse:0.96130	valid-rmse:1.00051
[805]	train-rmse:0.95336	valid-rmse:1.00029
[80]	train-rmse:1.08502	valid-rmse:1.09118
[32m[I 2022-04-15 03:50:42,810][0m Trial 18 finished with value: 1.000286 and parameters: {'colsample_bytree': 0.7304450697536347, 'eta': 0.004174847853960499, 'max_depth': 9, 'n_estimators': 979, 'subsample': 0.3631675259092978}. Best is trial 15 with value: 0.999478.[0m
[03:50:47] WARNING: ../src/learner.cc:576: 
Parameters: { "n_estimators" } might not be used.

  This could be a false alarm, with some parameters getting used by language bindings but
  then being mistakenly passed down to XGBoost core, or some parameter actually being used
  but getting flagged wrongly here. Please open an issue if you find any such cases.


[0]	train-rmse:1.09670	valid-rmse:1.10167
[280]	train-rmse:1.03426	valid-rmse:1.04701
[220]	train-rmse:1.02962	valid-rmse:1.04309
[300]	train-rmse:1.00089	valid-rmse:1.02137
[20]	train-rmse:1.05164	valid-rmse:1.05796
[680]	train-rmse:0.96008	valid-rmse:1.00048
[100]	train-rmse:1.08166	valid-rmse:1.08816
[40]	train-rmse:1.02466	valid-rmse:1.03255
[700]	train-rmse:0.95902	valid-rmse:1.00040
[60]	train-rmse:1.00891	valid-rmse:1.01822
[300]	train-rmse:1.03107	valid-rmse:1.04438
[240]	train-rmse:1.02541	valid-rmse:1.03973
[320]	train-rmse:0.99773	valid-rmse:1.01921
[80]	train-rmse:0.99945	valid-rmse:1.01003
[120]	train-rmse:1.07844	valid-rmse:1.08523
[720]	train-rmse:0.95794	valid-rmse:1.00037
[100]	train-rmse:0.99316	valid-rmse:1.00542
[320]	train-rmse:1.02800	valid-rmse:1.04190
[260]	train-rmse:1.02152	valid-rmse:1.03660
[120]	train-rmse:0.98890	valid-rmse:1.00269
[740]	train-rmse:0.95683	valid-rmse:1.00030
[340]	train-rmse:0.99476	valid-rmse:1.01724
[140]	train-rmse:1.07528	valid-rmse:1.08239
[140]	train-rmse:0.98581	valid-rmse:1.00126
[760]	train-rmse:0.95577	valid-rmse:1.00031
[160]	train-rmse:0.98330	valid-rmse:1.00050
[340]	train-rmse:1.02511	valid-rmse:1.03955
[280]	train-rmse:1.01782	valid-rmse:1.03371
[160]	train-rmse:1.07221	valid-rmse:1.07965
[360]	train-rmse:0.99201	valid-rmse:1.01547
[180]	train-rmse:0.98119	valid-rmse:1.00004
[780]	train-rmse:0.95470	valid-rmse:1.00028
[200]	train-rmse:0.97933	valid-rmse:0.99975
[180]	train-rmse:1.06924	valid-rmse:1.07698
[300]	train-rmse:1.01446	valid-rmse:1.03106
[360]	train-rmse:1.02230	valid-rmse:1.03732
[220]	train-rmse:0.97749	valid-rmse:0.99963
[800]	train-rmse:0.95349	valid-rmse:1.00025
[380]	train-rmse:0.98947	valid-rmse:1.01386
[240]	train-rmse:0.97573	valid-rmse:0.99950
[200]	train-rmse:1.06636	valid-rmse:1.07440
[820]	train-rmse:0.95234	valid-rmse:1.00025
[260]	train-rmse:0.97377	valid-rmse:0.99963
[320]	train-rmse:1.01131	valid-rmse:1.02860
[380]	train-rmse:1.01959	valid-rmse:1.03522
[280]	train-rmse:0.97215	valid-rmse:0.99973
[281]	train-rmse:0.97210	valid-rmse:0.99974
[400]	train-rmse:0.98714	valid-rmse:1.01242
[32m[I 2022-04-15 04:09:13,757][0m Trial 26 finished with value: 0.999492 and parameters: {'colsample_bytree': 0.5652094258913339, 'eta': 0.014711326181250286, 'max_depth': 7, 'n_estimators': 553, 'subsample': 0.33456771991035}. Best is trial 15 with value: 0.999478.[0m
[04:09:18] WARNING: ../src/learner.cc:576: 
Parameters: { "n_estimators" } might not be used.

  This could be a false alarm, with some parameters getting used by language bindings but
  then being mistakenly passed down to XGBoost core, or some parameter actually being used
  but getting flagged wrongly here. Please open an issue if you find any such cases.


[0]	train-rmse:1.09162	valid-rmse:1.09696
[840]	train-rmse:0.95119	valid-rmse:1.00024
[220]	train-rmse:1.06355	valid-rmse:1.07191
[340]	train-rmse:1.00830	valid-rmse:1.02633
[20]	train-rmse:1.00657	valid-rmse:1.02109
[400]	train-rmse:1.01708	valid-rmse:1.03323
[860]	train-rmse:0.95003	valid-rmse:1.00025
[420]	train-rmse:0.98493	valid-rmse:1.01112
[240]	train-rmse:1.06084	valid-rmse:1.06949
[40]	train-rmse:0.97964	valid-rmse:1.00527
[360]	train-rmse:1.00549	valid-rmse:1.02425
[880]	train-rmse:0.94900	valid-rmse:1.00026
[420]	train-rmse:1.01461	valid-rmse:1.03135
[888]	train-rmse:0.94864	valid-rmse:1.00029
[60]	train-rmse:0.96751	valid-rmse:1.00266
[32m[I 2022-04-15 04:15:27,433][0m Trial 20 finished with value: 1.000231 and parameters: {'colsample_bytree': 0.6266520026447315, 'eta': 0.004197412740310833, 'max_depth': 9, 'n_estimators': 654, 'subsample': 0.359887859769667}. Best is trial 15 with value: 0.999478.[0m
[04:15:31] WARNING: ../src/learner.cc:576: 
Parameters: { "n_estimators" } might not be used.

  This could be a false alarm, with some parameters getting used by language bindings but
  then being mistakenly passed down to XGBoost core, or some parameter actually being used
  but getting flagged wrongly here. Please open an issue if you find any such cases.


[0]	train-rmse:1.08819	valid-rmse:1.09348
[440]	train-rmse:0.98288	valid-rmse:1.00996
[260]	train-rmse:1.05820	valid-rmse:1.06715
[80]	train-rmse:0.95805	valid-rmse:1.00240
[380]	train-rmse:1.00279	valid-rmse:1.02232
[20]	train-rmse:0.99701	valid-rmse:1.00930
[440]	train-rmse:1.01225	valid-rmse:1.02958
[280]	train-rmse:1.05561	valid-rmse:1.06488
[460]	train-rmse:0.98096	valid-rmse:1.00893
[40]	train-rmse:0.98130	valid-rmse:1.00072
[100]	train-rmse:0.94718	valid-rmse:1.00280
[400]	train-rmse:1.00025	valid-rmse:1.02054
[60]	train-rmse:0.97343	valid-rmse:1.00011
[120]	train-rmse:0.93711	valid-rmse:1.00349
[300]	train-rmse:1.05315	valid-rmse:1.06269
[460]	train-rmse:1.00998	valid-rmse:1.02789
[480]	train-rmse:0.97920	valid-rmse:1.00799
[80]	train-rmse:0.96630	valid-rmse:1.00047
[132]	train-rmse:0.93077	valid-rmse:1.00367
[32m[I 2022-04-15 04:22:59,896][0m Trial 27 finished with value: 1.002359 and parameters: {'colsample_bytree': 0.581220320105981, 'eta': 0.03969446590858911, 'max_depth': 9, 'n_estimators': 523, 'subsample': 0.3563019607494392}. Best is trial 15 with value: 0.999478.[0m
[04:23:04] WARNING: ../src/learner.cc:576: 
Parameters: { "n_estimators" } might not be used.

  This could be a false alarm, with some parameters getting used by language bindings but
  then being mistakenly passed down to XGBoost core, or some parameter actually being used
  but getting flagged wrongly here. Please open an issue if you find any such cases.


[0]	train-rmse:1.09946	valid-rmse:1.10437
[420]	train-rmse:0.99792	valid-rmse:1.01890
[320]	train-rmse:1.05076	valid-rmse:1.06059
[100]	train-rmse:0.95963	valid-rmse:1.00065
[20]	train-rmse:1.09659	valid-rmse:1.10160
[480]	train-rmse:1.00786	valid-rmse:1.02634
[107]	train-rmse:0.95688	valid-rmse:1.00081
