[32m[I 2022-04-15 06:19:16,710][0m Trial 37 finished with value: 0.999743 and parameters: {'colsample_bytree': 0.4399302785834396, 'eta': 0.011171939395071752, 'max_depth': 7, 'n_estimators': 921, 'subsample': 0.2874149060193534}. Best is trial 15 with value: 0.999478.[0m
[06:19:21] WARNING: ../src/learner.cc:576: 
Parameters: { "n_estimators" } might not be used.

  This could be a false alarm, with some parameters getting used by language bindings but
  then being mistakenly passed down to XGBoost core, or some parameter actually being used
  but getting flagged wrongly here. Please open an issue if you find any such cases.


[420]	train-rmse:1.06902	valid-rmse:1.07490
[0]	train-rmse:1.09579	valid-rmse:1.10086
[300]	train-rmse:1.07697	valid-rmse:1.08265
[360]	train-rmse:1.08520	valid-rmse:1.09011
[420]	train-rmse:1.08262	valid-rmse:1.08758
[440]	train-rmse:1.06779	valid-rmse:1.07372
[200]	train-rmse:0.97880	valid-rmse:0.99998
[440]	train-rmse:1.08188	valid-rmse:1.08684
[380]	train-rmse:1.08445	valid-rmse:1.08937
[20]	train-rmse:1.04108	valid-rmse:1.04875
[320]	train-rmse:1.07564	valid-rmse:1.08136
[460]	train-rmse:1.06658	valid-rmse:1.07256
[460]	train-rmse:1.08115	valid-rmse:1.08611
[400]	train-rmse:1.08372	valid-rmse:1.08863
[220]	train-rmse:0.97715	valid-rmse:0.99975
[480]	train-rmse:1.06539	valid-rmse:1.07140
[40]	train-rmse:1.01291	valid-rmse:1.02315
[480]	train-rmse:1.08043	valid-rmse:1.08539
[420]	train-rmse:1.08299	valid-rmse:1.08791
[340]	train-rmse:1.07432	valid-rmse:1.08010
[500]	train-rmse:1.06421	valid-rmse:1.07028
[500]	train-rmse:1.07971	valid-rmse:1.08467
[240]	train-rmse:0.97574	valid-rmse:0.99961
[440]	train-rmse:1.08227	valid-rmse:1.08719
[60]	train-rmse:0.99786	valid-rmse:1.01092
[520]	train-rmse:1.07899	valid-rmse:1.08396
[520]	train-rmse:1.06305	valid-rmse:1.06916
[360]	train-rmse:1.07303	valid-rmse:1.07886
[460]	train-rmse:1.08155	valid-rmse:1.08647
[260]	train-rmse:0.97420	valid-rmse:0.99948
[540]	train-rmse:1.07828	valid-rmse:1.08326
[80]	train-rmse:0.98933	valid-rmse:1.00496
[540]	train-rmse:1.06191	valid-rmse:1.06807
[480]	train-rmse:1.08084	valid-rmse:1.08576
[560]	train-rmse:1.07758	valid-rmse:1.08256
[380]	train-rmse:1.07174	valid-rmse:1.07763
[560]	train-rmse:1.06079	valid-rmse:1.06699
[280]	train-rmse:0.97270	valid-rmse:0.99945
[500]	train-rmse:1.08013	valid-rmse:1.08506
[100]	train-rmse:0.98440	valid-rmse:1.00208
[580]	train-rmse:1.07688	valid-rmse:1.08186
[580]	train-rmse:1.05968	valid-rmse:1.06594
[400]	train-rmse:1.07049	valid-rmse:1.07642
[600]	train-rmse:1.07619	valid-rmse:1.08117
[520]	train-rmse:1.07943	valid-rmse:1.08435
[300]	train-rmse:0.97141	valid-rmse:0.99942
[120]	train-rmse:0.98072	valid-rmse:1.00073
[600]	train-rmse:1.05859	valid-rmse:1.06489
[620]	train-rmse:1.07550	valid-rmse:1.08048
[540]	train-rmse:1.07874	valid-rmse:1.08366
[420]	train-rmse:1.06924	valid-rmse:1.07522
[320]	train-rmse:0.97000	valid-rmse:0.99940
[620]	train-rmse:1.05751	valid-rmse:1.06386
[640]	train-rmse:1.07482	valid-rmse:1.07981
[140]	train-rmse:0.97820	valid-rmse:1.00009
[560]	train-rmse:1.07805	valid-rmse:1.08297
[660]	train-rmse:1.07415	valid-rmse:1.07914
[640]	train-rmse:1.05646	valid-rmse:1.06285
[580]	train-rmse:1.07736	valid-rmse:1.08228
[340]	train-rmse:0.96867	valid-rmse:0.99944
[440]	train-rmse:1.06803	valid-rmse:1.07405
[160]	train-rmse:0.97575	valid-rmse:0.99982
[680]	train-rmse:1.07348	valid-rmse:1.07847
[660]	train-rmse:1.05541	valid-rmse:1.06186
[600]	train-rmse:1.07668	valid-rmse:1.08161
[700]	train-rmse:1.07281	valid-rmse:1.07781
[360]	train-rmse:0.96742	valid-rmse:0.99945
[680]	train-rmse:1.05439	valid-rmse:1.06088
[460]	train-rmse:1.06682	valid-rmse:1.07289
[180]	train-rmse:0.97357	valid-rmse:0.99968
[362]	train-rmse:0.96730	valid-rmse:0.99946
[32m[I 2022-04-15 06:36:43,687][0m Trial 38 finished with value: 0.999384 and parameters: {'colsample_bytree': 0.4479772798233485, 'eta': 0.0129360174993181, 'max_depth': 7, 'n_estimators': 471, 'subsample': 0.9889594018734298}. Best is trial 38 with value: 0.999384.[0m
[620]	train-rmse:1.07601	valid-rmse:1.08093
[06:36:48] WARNING: ../src/learner.cc:576: 
Parameters: { "n_estimators" } might not be used.

  This could be a false alarm, with some parameters getting used by language bindings but
  then being mistakenly passed down to XGBoost core, or some parameter actually being used
  but getting flagged wrongly here. Please open an issue if you find any such cases.


[0]	train-rmse:1.09954	valid-rmse:1.10446
[720]	train-rmse:1.07215	valid-rmse:1.07715
[700]	train-rmse:1.05337	valid-rmse:1.05991
[640]	train-rmse:1.07534	valid-rmse:1.08027
[740]	train-rmse:1.07150	valid-rmse:1.07650
[200]	train-rmse:0.97168	valid-rmse:0.99960
[480]	train-rmse:1.06563	valid-rmse:1.07175
[20]	train-rmse:1.09837	valid-rmse:1.10332
[720]	train-rmse:1.05238	valid-rmse:1.05895
[660]	train-rmse:1.07468	valid-rmse:1.07960
[760]	train-rmse:1.07085	valid-rmse:1.07585
[740]	train-rmse:1.05140	valid-rmse:1.05801
[220]	train-rmse:0.96958	valid-rmse:0.99955
[780]	train-rmse:1.07021	valid-rmse:1.07521
[680]	train-rmse:1.07402	valid-rmse:1.07895
[500]	train-rmse:1.06446	valid-rmse:1.07063
[40]	train-rmse:1.09720	valid-rmse:1.10219
[760]	train-rmse:1.05043	valid-rmse:1.05709
[800]	train-rmse:1.06957	valid-rmse:1.07458
[700]	train-rmse:1.07337	valid-rmse:1.07830
[240]	train-rmse:0.96731	valid-rmse:0.99959
[60]	train-rmse:1.09605	valid-rmse:1.10108
[820]	train-rmse:1.06894	valid-rmse:1.07395
[780]	train-rmse:1.04947	valid-rmse:1.05618
[520]	train-rmse:1.06330	valid-rmse:1.06953
[720]	train-rmse:1.07272	valid-rmse:1.07765
[840]	train-rmse:1.06831	valid-rmse:1.07333
[800]	train-rmse:1.04853	valid-rmse:1.05529
[260]	train-rmse:0.96515	valid-rmse:0.99960
[740]	train-rmse:1.07208	valid-rmse:1.07701
[80]	train-rmse:1.09491	valid-rmse:1.09997
[540]	train-rmse:1.06216	valid-rmse:1.06844
[860]	train-rmse:1.06769	valid-rmse:1.07271
[820]	train-rmse:1.04760	valid-rmse:1.05441
[272]	train-rmse:0.96374	valid-rmse:0.99967
[32m[I 2022-04-15 06:45:36,986][0m Trial 39 finished with value: 0.999535 and parameters: {'colsample_bytree': 0.4576230032463514, 'eta': 0.01887027672373262, 'max_depth': 7, 'n_estimators': 922, 'subsample': 0.9645432549460224}. Best is trial 38 with value: 0.999384.[0m
[06:45:41] WARNING: ../src/learner.cc:576: 
Parameters: { "n_estimators" } might not be used.

  This could be a false alarm, with some parameters getting used by language bindings but
  then being mistakenly passed down to XGBoost core, or some parameter actually being used
  but getting flagged wrongly here. Please open an issue if you find any such cases.


[0]	train-rmse:1.09958	valid-rmse:1.10449
[760]	train-rmse:1.07144	valid-rmse:1.07637
[880]	train-rmse:1.06707	valid-rmse:1.07209
[100]	train-rmse:1.09379	valid-rmse:1.09888
[840]	train-rmse:1.04668	valid-rmse:1.05354
[560]	train-rmse:1.06105	valid-rmse:1.06737
[780]	train-rmse:1.07081	valid-rmse:1.07574
[900]	train-rmse:1.06646	valid-rmse:1.07148
[20]	train-rmse:1.09911	valid-rmse:1.10404
[860]	train-rmse:1.04578	valid-rmse:1.05269
[120]	train-rmse:1.09267	valid-rmse:1.09780
[800]	train-rmse:1.07018	valid-rmse:1.07512
[920]	train-rmse:1.06585	valid-rmse:1.07088
[580]	train-rmse:1.05994	valid-rmse:1.06632
[880]	train-rmse:1.04490	valid-rmse:1.05184
[940]	train-rmse:1.06525	valid-rmse:1.07028
[820]	train-rmse:1.06956	valid-rmse:1.07450
[40]	train-rmse:1.09865	valid-rmse:1.10359
[140]	train-rmse:1.09156	valid-rmse:1.09673
[900]	train-rmse:1.04403	valid-rmse:1.05102
[960]	train-rmse:1.06465	valid-rmse:1.06968
[840]	train-rmse:1.06894	valid-rmse:1.07388
[600]	train-rmse:1.05885	valid-rmse:1.06527
[60]	train-rmse:1.09819	valid-rmse:1.10315
[980]	train-rmse:1.06405	valid-rmse:1.06909
[920]	train-rmse:1.04316	valid-rmse:1.05020
[160]	train-rmse:1.09046	valid-rmse:1.09567
[860]	train-rmse:1.06832	valid-rmse:1.07327
[999]	train-rmse:1.06350	valid-rmse:1.06853
[32m[I 2022-04-15 06:53:08,330][0m Trial 34 finished with value: 1.068533 and parameters: {'colsample_bytree': 0.4555479152714706, 'eta': 0.0002219020223421569, 'max_depth': 5, 'n_estimators': 590, 'subsample': 0.7612383511814629}. Best is trial 38 with value: 0.999384.[0m
[06:53:12] WARNING: ../src/learner.cc:576: 
Parameters: { "n_estimators" } might not be used.

  This could be a false alarm, with some parameters getting used by language bindings but
  then being mistakenly passed down to XGBoost core, or some parameter actually being used
  but getting flagged wrongly here. Please open an issue if you find any such cases.


[620]	train-rmse:1.05778	valid-rmse:1.06424
[940]	train-rmse:1.04232	valid-rmse:1.04939
[0]	train-rmse:1.09579	valid-rmse:1.10085
[880]	train-rmse:1.06772	valid-rmse:1.07266
[80]	train-rmse:1.09773	valid-rmse:1.10271
[180]	train-rmse:1.08938	valid-rmse:1.09462
[960]	train-rmse:1.04148	valid-rmse:1.04859
[900]	train-rmse:1.06711	valid-rmse:1.07206
[640]	train-rmse:1.05672	valid-rmse:1.06324
[20]	train-rmse:1.04080	valid-rmse:1.04862
[100]	train-rmse:1.09728	valid-rmse:1.10226
[980]	train-rmse:1.04066	valid-rmse:1.04782
[200]	train-rmse:1.08830	valid-rmse:1.09359
[920]	train-rmse:1.06651	valid-rmse:1.07147
[999]	train-rmse:1.03988	valid-rmse:1.04709
[32m[I 2022-04-15 06:57:12,111][0m Trial 32 finished with value: 1.047089 and parameters: {'colsample_bytree': 0.4345681500584294, 'eta': 0.0004185037889580184, 'max_depth': 7, 'n_estimators': 294, 'subsample': 0.43917412586066124}. Best is trial 38 with value: 0.999384.[0m
[06:57:16] WARNING: ../src/learner.cc:576: 
Parameters: { "n_estimators" } might not be used.

  This could be a false alarm, with some parameters getting used by language bindings but
  then being mistakenly passed down to XGBoost core, or some parameter actually being used
  but getting flagged wrongly here. Please open an issue if you find any such cases.


[40]	train-rmse:1.01259	valid-rmse:1.02302
[0]	train-rmse:1.07436	valid-rmse:1.08010
[660]	train-rmse:1.05568	valid-rmse:1.06225
[940]	train-rmse:1.06592	valid-rmse:1.07087
[120]	train-rmse:1.09682	valid-rmse:1.10183
[220]	train-rmse:1.08724	valid-rmse:1.09256
[960]	train-rmse:1.06533	valid-rmse:1.07029
[20]	train-rmse:0.97874	valid-rmse:1.00096
[60]	train-rmse:0.99743	valid-rmse:1.01085
[680]	train-rmse:1.05466	valid-rmse:1.06127
[140]	train-rmse:1.09637	valid-rmse:1.10139
[240]	train-rmse:1.08619	valid-rmse:1.09154
[980]	train-rmse:1.06475	valid-rmse:1.06971
[40]	train-rmse:0.96380	valid-rmse:1.00236
[80]	train-rmse:0.98929	valid-rmse:1.00500
[999]	train-rmse:1.06419	valid-rmse:1.06916
[32m[I 2022-04-15 07:01:20,891][0m Trial 35 finished with value: 1.069157 and parameters: {'colsample_bytree': 0.45459892057330914, 'eta': 0.0002165240885205903, 'max_depth': 5, 'n_estimators': 223, 'subsample': 0.964308077406697}. Best is trial 38 with value: 0.999384.[0m
[07:01:25] WARNING: ../src/learner.cc:576: 
Parameters: { "n_estimators" } might not be used.

  This could be a false alarm, with some parameters getting used by language bindings but
  then being mistakenly passed down to XGBoost core, or some parameter actually being used
  but getting flagged wrongly here. Please open an issue if you find any such cases.


[700]	train-rmse:1.05364	valid-rmse:1.06031
[0]	train-rmse:1.09625	valid-rmse:1.10125
[60]	train-rmse:0.95078	valid-rmse:1.00424
[260]	train-rmse:1.08515	valid-rmse:1.09054
[160]	train-rmse:1.09592	valid-rmse:1.10095
[69]	train-rmse:0.94474	valid-rmse:1.00457
[32m[I 2022-04-15 07:02:27,455][0m Trial 43 finished with value: 1.000955 and parameters: {'colsample_bytree': 0.2828218790314996, 'eta': 0.1313141391377144, 'max_depth': 7, 'n_estimators': 914, 'subsample': 0.9843601031073519}. Best is trial 38 with value: 0.999384.[0m
[07:02:32] WARNING: ../src/learner.cc:576: 
Parameters: { "n_estimators" } might not be used.

  This could be a false alarm, with some parameters getting used by language bindings but
  then being mistakenly passed down to XGBoost core, or some parameter actually being used
  but getting flagged wrongly here. Please open an issue if you find any such cases.


[0]	train-rmse:1.09454	valid-rmse:1.09959
[20]	train-rmse:1.04590	valid-rmse:1.05316
[100]	train-rmse:0.98413	valid-rmse:1.00206
[720]	train-rmse:1.05265	valid-rmse:1.05936
[280]	train-rmse:1.08411	valid-rmse:1.08954
[180]	train-rmse:1.09547	valid-rmse:1.10051
[20]	train-rmse:1.02872	valid-rmse:1.03721
[40]	train-rmse:1.01808	valid-rmse:1.02771
[120]	train-rmse:0.98055	valid-rmse:1.00069
[740]	train-rmse:1.05167	valid-rmse:1.05842
[300]	train-rmse:1.08309	valid-rmse:1.08856
[200]	train-rmse:1.09502	valid-rmse:1.10008
[60]	train-rmse:1.00233	valid-rmse:1.01417
[40]	train-rmse:1.00141	valid-rmse:1.01338
[140]	train-rmse:0.97793	valid-rmse:0.99999
[80]	train-rmse:0.99307	valid-rmse:1.00697
[760]	train-rmse:1.05070	valid-rmse:1.05750
[320]	train-rmse:1.08208	valid-rmse:1.08759
[60]	train-rmse:0.98933	valid-rmse:1.00452
[220]	train-rmse:1.09457	valid-rmse:1.09965
[100]	train-rmse:0.98759	valid-rmse:1.00325
[160]	train-rmse:0.97546	valid-rmse:0.99975
[80]	train-rmse:0.98314	valid-rmse:1.00118
[340]	train-rmse:1.08108	valid-rmse:1.08663
[780]	train-rmse:1.04975	valid-rmse:1.05660
[240]	train-rmse:1.09413	valid-rmse:1.09922
[120]	train-rmse:0.98398	valid-rmse:1.00126
[100]	train-rmse:0.97925	valid-rmse:1.00003
[180]	train-rmse:0.97313	valid-rmse:0.99968
[140]	train-rmse:0.98127	valid-rmse:1.00023
[360]	train-rmse:1.08009	valid-rmse:1.08568
[260]	train-rmse:1.09369	valid-rmse:1.09879
[800]	train-rmse:1.04881	valid-rmse:1.05571
[120]	train-rmse:0.97646	valid-rmse:0.99952
[160]	train-rmse:0.97918	valid-rmse:0.99970
[200]	train-rmse:0.97100	valid-rmse:0.99971
[380]	train-rmse:1.07911	valid-rmse:1.08474
[280]	train-rmse:1.09325	valid-rmse:1.09837
[820]	train-rmse:1.04788	valid-rmse:1.05483
[180]	train-rmse:0.97714	valid-rmse:0.99944
[140]	train-rmse:0.97352	valid-rmse:0.99949
[220]	train-rmse:0.96915	valid-rmse:0.99964
[400]	train-rmse:1.07814	valid-rmse:1.08381
[200]	train-rmse:0.97543	valid-rmse:0.99941
[300]	train-rmse:1.09281	valid-rmse:1.09794
[840]	train-rmse:1.04696	valid-rmse:1.05396
[160]	train-rmse:0.97002	valid-rmse:0.99960
[240]	train-rmse:0.96710	valid-rmse:0.99976
[220]	train-rmse:0.97378	valid-rmse:0.99933
[420]	train-rmse:1.07718	valid-rmse:1.08289
[180]	train-rmse:0.96741	valid-rmse:0.99972
[320]	train-rmse:1.09237	valid-rmse:1.09752
[860]	train-rmse:1.04606	valid-rmse:1.05312
[240]	train-rmse:0.97198	valid-rmse:0.99929
[190]	train-rmse:0.96611	valid-rmse:0.99980
[32m[I 2022-04-15 07:18:33,083][0m Trial 45 finished with value: 0.999489 and parameters: {'colsample_bytree': 0.384843390680077, 'eta': 0.025333564531841733, 'max_depth': 7, 'n_estimators': 766, 'subsample': 0.9477085253203428}. Best is trial 38 with value: 0.999384.[0m
[07:18:37] WARNING: ../src/learner.cc:576: 
Parameters: { "n_estimators" } might not be used.

  This could be a false alarm, with some parameters getting used by language bindings but
  then being mistakenly passed down to XGBoost core, or some parameter actually being used
  but getting flagged wrongly here. Please open an issue if you find any such cases.


[0]	train-rmse:1.09451	valid-rmse:1.09960
[260]	train-rmse:0.96505	valid-rmse:0.99989
[440]	train-rmse:1.07623	valid-rmse:1.08197
[260]	train-rmse:0.97017	valid-rmse:0.99930
[340]	train-rmse:1.09193	valid-rmse:1.09710
[270]	train-rmse:0.96387	valid-rmse:0.99992
[32m[I 2022-04-15 07:20:00,601][0m Trial 42 finished with value: 0.999637 and parameters: {'colsample_bytree': 0.4754685827380298, 'eta': 0.01894910290715494, 'max_depth': 7, 'n_estimators': 905, 'subsample': 0.9212849844168547}. Best is trial 38 with value: 0.999384.[0m
[880]	train-rmse:1.04517	valid-rmse:1.05228
[07:20:05] WARNING: ../src/learner.cc:576: 
Parameters: { "n_estimators" } might not be used.

  This could be a false alarm, with some parameters getting used by language bindings but
  then being mistakenly passed down to XGBoost core, or some parameter actually being used
  but getting flagged wrongly here. Please open an issue if you find any such cases.


[0]	train-rmse:1.09473	valid-rmse:1.09984
[20]	train-rmse:1.02875	valid-rmse:1.03740
[460]	train-rmse:1.07529	valid-rmse:1.08108
[280]	train-rmse:0.96858	valid-rmse:0.99931
[360]	train-rmse:1.09150	valid-rmse:1.09668
[20]	train-rmse:1.03041	valid-rmse:1.03892
[900]	train-rmse:1.04430	valid-rmse:1.05145
[40]	train-rmse:1.00117	valid-rmse:1.01359
[300]	train-rmse:0.96702	valid-rmse:0.99933
[302]	train-rmse:0.96690	valid-rmse:0.99933
[32m[I 2022-04-15 07:22:53,835][0m Trial 44 finished with value: 0.999254 and parameters: {'colsample_bytree': 0.2837078621960535, 'eta': 0.01673595459223884, 'max_depth': 7, 'n_estimators': 908, 'subsample': 0.9988265114907936}. Best is trial 44 with value: 0.999254.[0m
[07:22:58] WARNING: ../src/learner.cc:576: 
Parameters: { "n_estimators" } might not be used.

  This could be a false alarm, with some parameters getting used by language bindings but
  then being mistakenly passed down to XGBoost core, or some parameter actually being used
  but getting flagged wrongly here. Please open an issue if you find any such cases.


[0]	train-rmse:1.09569	valid-rmse:1.10068
[480]	train-rmse:1.07435	valid-rmse:1.08018
[20]	train-rmse:1.04076	valid-rmse:1.04698
[40]	train-rmse:1.00280	valid-rmse:1.01484
[60]	train-rmse:0.98891	valid-rmse:1.00453
[380]	train-rmse:1.09107	valid-rmse:1.09626
[920]	train-rmse:1.04344	valid-rmse:1.05063
[40]	train-rmse:1.01383	valid-rmse:1.02137
[60]	train-rmse:1.00081	valid-rmse:1.00981
[500]	train-rmse:1.07343	valid-rmse:1.07930
[80]	train-rmse:0.99387	valid-rmse:1.00464
[80]	train-rmse:0.98289	valid-rmse:1.00113
[60]	train-rmse:0.99032	valid-rmse:1.00552
[400]	train-rmse:1.09064	valid-rmse:1.09585
[100]	train-rmse:0.98964	valid-rmse:1.00212
[940]	train-rmse:1.04259	valid-rmse:1.04983
[120]	train-rmse:0.98662	valid-rmse:1.00092
[520]	train-rmse:1.07252	valid-rmse:1.07843
[100]	train-rmse:0.97892	valid-rmse:0.99993
[140]	train-rmse:0.98438	valid-rmse:1.00063
[80]	train-rmse:0.98389	valid-rmse:1.00197
[160]	train-rmse:0.98228	valid-rmse:1.00038
[420]	train-rmse:1.09021	valid-rmse:1.09544
[180]	train-rmse:0.98050	valid-rmse:1.00045
[960]	train-rmse:1.04175	valid-rmse:1.04904
[540]	train-rmse:1.07162	valid-rmse:1.07757
[120]	train-rmse:0.97566	valid-rmse:0.99941
[200]	train-rmse:0.97858	valid-rmse:1.00047
[100]	train-rmse:0.98013	valid-rmse:1.00061
[212]	train-rmse:0.97725	valid-rmse:1.00060
[32m[I 2022-04-15 07:29:22,141][0m Trial 48 finished with value: 1.000362 and parameters: {'colsample_bytree': 0.20644915241965733, 'eta': 0.020025654077499833, 'max_depth': 7, 'n_estimators': 803, 'subsample': 0.20091202843922085}. Best is trial 44 with value: 0.999254.[0m
[07:29:26] WARNING: ../src/learner.cc:576: 
Parameters: { "n_estimators" } might not be used.

  This could be a false alarm, with some parameters getting used by language bindings but
  then being mistakenly passed down to XGBoost core, or some parameter actually being used
  but getting flagged wrongly here. Please open an issue if you find any such cases.


[0]	train-rmse:1.05233	valid-rmse:1.05856
[440]	train-rmse:1.08978	valid-rmse:1.09502
[140]	train-rmse:0.97274	valid-rmse:0.99933
[980]	train-rmse:1.04093	valid-rmse:1.04827
[560]	train-rmse:1.07072	valid-rmse:1.07671
[120]	train-rmse:0.97688	valid-rmse:0.99996
[20]	train-rmse:0.96912	valid-rmse:1.00435
[460]	train-rmse:1.08936	valid-rmse:1.09461
[160]	train-rmse:0.96974	valid-rmse:0.99934
[140]	train-rmse:0.97396	valid-rmse:0.99976
[999]	train-rmse:1.04015	valid-rmse:1.04754
[580]	train-rmse:1.06984	valid-rmse:1.07587
[40]	train-rmse:0.94083	valid-rmse:1.00991
[32m[I 2022-04-15 07:32:33,685][0m Trial 31 finished with value: 1.047541 and parameters: {'colsample_bytree': 0.8246693141824883, 'eta': 0.00041321079817504533, 'max_depth': 7, 'n_estimators': 325, 'subsample': 0.4401725360265827}. Best is trial 44 with value: 0.999254.[0m
[07:32:38] WARNING: ../src/learner.cc:576: 
Parameters: { "n_estimators" } might not be used.

  This could be a false alarm, with some parameters getting used by language bindings but
  then being mistakenly passed down to XGBoost core, or some parameter actually being used
  but getting flagged wrongly here. Please open an issue if you find any such cases.


[0]	train-rmse:1.07985	valid-rmse:1.08545
[180]	train-rmse:0.96750	valid-rmse:0.99946
[480]	train-rmse:1.08893	valid-rmse:1.09420
[60]	train-rmse:0.91353	valid-rmse:1.01490
[160]	train-rmse:0.97141	valid-rmse:0.99985
[32m[I 2022-04-15 07:34:03,925][0m Trial 49 finished with value: 1.001989 and parameters: {'colsample_bytree': 0.2989376925012503, 'eta': 0.2646351601734074, 'max_depth': 7, 'n_estimators': 757, 'subsample': 0.998768436677279}. Best is trial 44 with value: 0.999254.[0m
[07:34:08] WARNING: ../src/learner.cc:576: 
Parameters: { "n_estimators" } might not be used.

  This could be a false alarm, with some parameters getting used by language bindings but
  then being mistakenly passed down to XGBoost core, or some parameter actually being used
  but getting flagged wrongly here. Please open an issue if you find any such cases.


[0]	train-rmse:1.02049	valid-rmse:1.02961
[600]	train-rmse:1.06896	valid-rmse:1.07503
[20]	train-rmse:0.98254	valid-rmse:1.00121
[200]	train-rmse:0.96457	valid-rmse:0.99961
[201]	train-rmse:0.96446	valid-rmse:0.99964
