[32m[I 2022-04-15 13:27:26,507][0m Trial 3 finished with value: 1.102266 and parameters: {'colsample_bytree': 0.9736196164484279, 'eta': 8.969072266104698e-06, 'max_depth': 7, 'n_estimators': 93, 'subsample': 0.3955161961841041}. Best is trial 2 with value: 0.998858.[0m
[700]	train-rmse:1.08902	valid-rmse:1.09458
[13:27:31] WARNING: ../src/learner.cc:576: 
Parameters: { "n_estimators" } might not be used.

  This could be a false alarm, with some parameters getting used by language bindings but
  then being mistakenly passed down to XGBoost core, or some parameter actually being used
  but getting flagged wrongly here. Please open an issue if you find any such cases.


[0]	train-rmse:1.09920	valid-rmse:1.10400
[800]	train-rmse:1.03254	valid-rmse:1.04560
[380]	train-rmse:1.08751	valid-rmse:1.09336
[20]	train-rmse:1.09919	valid-rmse:1.10400
[40]	train-rmse:1.09919	valid-rmse:1.10400
[680]	train-rmse:1.09857	valid-rmse:1.10341
[60]	train-rmse:1.09919	valid-rmse:1.10399
[740]	train-rmse:1.09912	valid-rmse:1.10393
[720]	train-rmse:1.08875	valid-rmse:1.09433
[400]	train-rmse:1.08693	valid-rmse:1.09283
[80]	train-rmse:1.09919	valid-rmse:1.10399
[820]	train-rmse:1.03139	valid-rmse:1.04466
[100]	train-rmse:1.09918	valid-rmse:1.10398
[700]	train-rmse:1.09855	valid-rmse:1.10340
[120]	train-rmse:1.09918	valid-rmse:1.10398
[740]	train-rmse:1.08847	valid-rmse:1.09407
[760]	train-rmse:1.09912	valid-rmse:1.10392
[420]	train-rmse:1.08635	valid-rmse:1.09230
[140]	train-rmse:1.09917	valid-rmse:1.10398
[160]	train-rmse:1.09917	valid-rmse:1.10397
[840]	train-rmse:1.03027	valid-rmse:1.04374
[180]	train-rmse:1.09917	valid-rmse:1.10397
[720]	train-rmse:1.09853	valid-rmse:1.10338
[440]	train-rmse:1.08577	valid-rmse:1.09178
[200]	train-rmse:1.09916	valid-rmse:1.10397
[760]	train-rmse:1.08819	valid-rmse:1.09381
[780]	train-rmse:1.09911	valid-rmse:1.10392
[220]	train-rmse:1.09916	valid-rmse:1.10396
[240]	train-rmse:1.09916	valid-rmse:1.10396
[860]	train-rmse:1.02915	valid-rmse:1.04284
[460]	train-rmse:1.08520	valid-rmse:1.09126
[260]	train-rmse:1.09915	valid-rmse:1.10395
[740]	train-rmse:1.09851	valid-rmse:1.10336
[780]	train-rmse:1.08791	valid-rmse:1.09356
[280]	train-rmse:1.09915	valid-rmse:1.10395
[800]	train-rmse:1.09911	valid-rmse:1.10392
[300]	train-rmse:1.09914	valid-rmse:1.10395
[320]	train-rmse:1.09914	valid-rmse:1.10394
[480]	train-rmse:1.08463	valid-rmse:1.09074
[880]	train-rmse:1.02808	valid-rmse:1.04195
[340]	train-rmse:1.09913	valid-rmse:1.10394
[800]	train-rmse:1.08764	valid-rmse:1.09331
[760]	train-rmse:1.09849	valid-rmse:1.10334
[820]	train-rmse:1.09911	valid-rmse:1.10392
[360]	train-rmse:1.09913	valid-rmse:1.10394
[380]	train-rmse:1.09913	valid-rmse:1.10393
[500]	train-rmse:1.08406	valid-rmse:1.09022
[400]	train-rmse:1.09912	valid-rmse:1.10393
[820]	train-rmse:1.08737	valid-rmse:1.09305
[420]	train-rmse:1.09912	valid-rmse:1.10392
[900]	train-rmse:1.02699	valid-rmse:1.04108
[780]	train-rmse:1.09848	valid-rmse:1.10333
[840]	train-rmse:1.09911	valid-rmse:1.10391
2022-04-16 18:53:38.337 | WARNING  | qlib.tests.data:qlib_data:150 - Data already exists: ~/igorlima/igor_tcc/qlib_data/br_data, the data download will be skipped
	If downloading is required: `exists_skip=False` or `change target_dir`
[234881:MainThread](2022-04-16 18:53:38,338) INFO - qlib.Initialization - [config.py:402] - default_conf: client.
[234881:MainThread](2022-04-16 18:53:38,653) INFO - qlib.Initialization - [__init__.py:74] - qlib successfully initialized based on client settings.
[234881:MainThread](2022-04-16 18:53:38,654) INFO - qlib.Initialization - [__init__.py:76] - data_path={'__DEFAULT_FREQ': PosixPath('/home/lisa/igorlima/igor_tcc/qlib_data/br_data')}
[234881:MainThread](2022-04-16 18:53:38,654) INFO - qlib.Hyperparameter - [hyperparameter_360_XGBoost_br.py:83] - Dataset intialization
[234881:MainThread](2022-04-16 18:53:46,857) INFO - qlib.timer - [log.py:113] - Time cost: 8.199s | Loading data Done
[234881:MainThread](2022-04-16 18:53:47,023) INFO - qlib.timer - [log.py:113] - Time cost: 0.058s | DropnaLabel Done
/home/lisa/miniconda3/envs/igor_tcc/lib/python3.8/site-packages/qlib/data/dataset/processor.py:347: SettingWithCopyWarning: 
A value is trying to be set on a copy of a slice from a DataFrame.
Try using .loc[row_indexer,col_indexer] = value instead

See the caveats in the documentation: https://pandas.pydata.org/pandas-docs/stable/user_guide/indexing.html#returning-a-view-versus-a-copy
  df[cols] = t
[234881:MainThread](2022-04-16 18:53:47,182) INFO - qlib.timer - [log.py:113] - Time cost: 0.158s | CSRankNorm Done
[234881:MainThread](2022-04-16 18:53:47,182) INFO - qlib.timer - [log.py:113] - Time cost: 0.325s | fit & process data Done
[234881:MainThread](2022-04-16 18:53:47,183) INFO - qlib.timer - [log.py:113] - Time cost: 8.526s | Init data Done
[234881:MainThread](2022-04-16 18:53:47,183) INFO - qlib.Hyperparameter - [hyperparameter_360_XGBoost_br.py:86] - Start parameter tuning
[234881:MainThread](2022-04-16 18:53:47,212) ERROR - qlib.workflow - [utils.py:41] - An exception has been raised[KeyError: 'Record does not exist.'].
  File "hyperparameter_360_XGBoost_br.py", line 87, in <module>
    study = optuna.Study(study_name=" ", storage="sqlite:///db_3_0.sqlite3")
  File "/home/lisa/miniconda3/envs/igor_tcc/lib/python3.8/site-packages/optuna/study/study.py", line 231, in __init__
    study_id = storage.get_study_id_from_name(study_name)
  File "/home/lisa/miniconda3/envs/igor_tcc/lib/python3.8/site-packages/optuna/storages/_cached_storage.py", line 124, in get_study_id_from_name
    return self._backend.get_study_id_from_name(study_name)
  File "/home/lisa/miniconda3/envs/igor_tcc/lib/python3.8/site-packages/optuna/storages/_rdb/storage.py", line 317, in get_study_id_from_name
    study = models.StudyModel.find_or_raise_by_name(study_name, session)
  File "/home/lisa/miniconda3/envs/igor_tcc/lib/python3.8/site-packages/optuna/storages/_rdb/models.py", line 71, in find_or_raise_by_name
    raise KeyError(NOT_FOUND_MSG)
KeyError: 'Record does not exist.'
2022-04-16 19:11:16.377 | WARNING  | qlib.tests.data:qlib_data:150 - Data already exists: ~/igorlima/igor_tcc/qlib_data/br_data, the data download will be skipped
	If downloading is required: `exists_skip=False` or `change target_dir`
[238300:MainThread](2022-04-16 19:11:16,378) INFO - qlib.Initialization - [config.py:402] - default_conf: client.
[238300:MainThread](2022-04-16 19:11:16,696) INFO - qlib.Initialization - [__init__.py:74] - qlib successfully initialized based on client settings.
[238300:MainThread](2022-04-16 19:11:16,696) INFO - qlib.Initialization - [__init__.py:76] - data_path={'__DEFAULT_FREQ': PosixPath('/home/lisa/igorlima/igor_tcc/qlib_data/br_data')}
[238300:MainThread](2022-04-16 19:11:16,697) INFO - qlib.Hyperparameter - [hyperparameter_360_XGBoost_br.py:83] - Dataset intialization
[238300:MainThread](2022-04-16 19:11:24,683) INFO - qlib.timer - [log.py:113] - Time cost: 7.983s | Loading data Done
[238300:MainThread](2022-04-16 19:11:24,854) INFO - qlib.timer - [log.py:113] - Time cost: 0.061s | DropnaLabel Done
/home/lisa/miniconda3/envs/igor_tcc/lib/python3.8/site-packages/qlib/data/dataset/processor.py:347: SettingWithCopyWarning: 
A value is trying to be set on a copy of a slice from a DataFrame.
Try using .loc[row_indexer,col_indexer] = value instead

See the caveats in the documentation: https://pandas.pydata.org/pandas-docs/stable/user_guide/indexing.html#returning-a-view-versus-a-copy
  df[cols] = t
[238300:MainThread](2022-04-16 19:11:25,020) INFO - qlib.timer - [log.py:113] - Time cost: 0.166s | CSRankNorm Done
[238300:MainThread](2022-04-16 19:11:25,020) INFO - qlib.timer - [log.py:113] - Time cost: 0.337s | fit & process data Done
[238300:MainThread](2022-04-16 19:11:25,021) INFO - qlib.timer - [log.py:113] - Time cost: 8.321s | Init data Done
[238300:MainThread](2022-04-16 19:11:25,021) INFO - qlib.Hyperparameter - [hyperparameter_360_XGBoost_br.py:86] - Start parameter tuning
[19:11:29] WARNING: ../src/learner.cc:576: 
Parameters: { "n_estimators" } might not be used.

  This could be a false alarm, with some parameters getting used by language bindings but
  then being mistakenly passed down to XGBoost core, or some parameter actually being used
  but getting flagged wrongly here. Please open an issue if you find any such cases.


/home/lisa/miniconda3/envs/igor_tcc/lib/python3.8/site-packages/optuna/study/study.py:393: FutureWarning: `n_jobs` argument has been deprecated in v2.7.0. This feature will be removed in v4.0.0. See https://github.com/optuna/optuna/releases/tag/v2.7.0.
  warnings.warn(
/home/lisa/miniconda3/envs/igor_tcc/lib/python3.8/site-packages/xgboost/compat.py:36: FutureWarning: pandas.Int64Index is deprecated and will be removed from pandas in a future version. Use pandas.Index with the appropriate dtype instead.
  from pandas import MultiIndex, Int64Index
[33m[W 2022-04-16 19:11:29,797][0m Trial 0 failed because of the following error: FileExistsError(17, 'File exists')[0m
Traceback (most recent call last):
  File "/home/lisa/miniconda3/envs/igor_tcc/lib/python3.8/site-packages/tensorboardX/record_writer.py", line 47, in directory_check
    factory = REGISTERED_FACTORIES[prefix]
KeyError: './tensor_board/runs/xgboost'

During handling of the above exception, another exception occurred:

Traceback (most recent call last):
  File "/home/lisa/miniconda3/envs/igor_tcc/lib/python3.8/site-packages/optuna/study/_optimize.py", line 213, in _run_trial
    value_or_values = func(trial)
  File "hyperparameter_360_XGBoost_br.py", line 73, in objective
    model.fit(dataset, evals_result=evals_result)
  File "/home/lisa/miniconda3/envs/igor_tcc/lib/python3.8/site-packages/qlib/contrib/model/xgboost.py", line 73, in fit
    callbacks=[TensorBoardCallback(experiment='xgboost_exp', data_name='test')],
  File "/home/lisa/miniconda3/envs/igor_tcc/lib/python3.8/site-packages/qlib/contrib/model/xgboost.py", line 106, in __init__
    self.train_writer = SummaryWriter(log_dir=target_dir + '/runs/xgboost')
  File "/home/lisa/miniconda3/envs/igor_tcc/lib/python3.8/site-packages/tensorboardX/writer.py", line 301, in __init__
    self._get_file_writer()
  File "/home/lisa/miniconda3/envs/igor_tcc/lib/python3.8/site-packages/tensorboardX/writer.py", line 349, in _get_file_writer
    self.file_writer = FileWriter(logdir=self.logdir,
  File "/home/lisa/miniconda3/envs/igor_tcc/lib/python3.8/site-packages/tensorboardX/writer.py", line 105, in __init__
    self.event_writer = EventFileWriter(
  File "/home/lisa/miniconda3/envs/igor_tcc/lib/python3.8/site-packages/tensorboardX/event_file_writer.py", line 104, in __init__
    directory_check(self._logdir)
  File "/home/lisa/miniconda3/envs/igor_tcc/lib/python3.8/site-packages/tensorboardX/record_writer.py", line 51, in directory_check
    os.makedirs(path)
  File "/home/lisa/miniconda3/envs/igor_tcc/lib/python3.8/os.py", line 223, in makedirs
    mkdir(name, mode)
FileExistsError: [Errno 17] File exists: './tensor_board/runs/xgboost'
[19:11:30] WARNING: ../src/learner.cc:576: 
Parameters: { "n_estimators" } might not be used.

  This could be a false alarm, with some parameters getting used by language bindings but
  then being mistakenly passed down to XGBoost core, or some parameter actually being used
  but getting flagged wrongly here. Please open an issue if you find any such cases.


[19:11:30] WARNING: ../src/learner.cc:576: 
Parameters: { "n_estimators" } might not be used.

  This could be a false alarm, with some parameters getting used by language bindings but
  then being mistakenly passed down to XGBoost core, or some parameter actually being used
  but getting flagged wrongly here. Please open an issue if you find any such cases.


[19:11:31] WARNING: ../src/learner.cc:576: 
Parameters: { "n_estimators" } might not be used.

  This could be a false alarm, with some parameters getting used by language bindings but
  then being mistakenly passed down to XGBoost core, or some parameter actually being used
  but getting flagged wrongly here. Please open an issue if you find any such cases.


target_dir:  ./tensor_board/runs/catboost
[19:11:30] WARNING: ../src/learner.cc:576: 
Parameters: { "n_estimators" } might not be used.

  This could be a false alarm, with some parameters getting used by language bindings but
  then being mistakenly passed down to XGBoost core, or some parameter actually being used
  but getting flagged wrongly here. Please open an issue if you find any such cases.


[0]	train-rmse:1.08351	valid-rmse:1.08683
[0]	train-rmse:1.09906	valid-rmse:1.10224
[0]	train-rmse:1.09906	valid-rmse:1.10224
[0]	train-rmse:1.04767	valid-rmse:1.05321
[0]	train-rmse:0.99373	valid-rmse:1.01259
[20]	train-rmse:0.99590	valid-rmse:1.00236
[20]	train-rmse:0.95897	valid-rmse:1.00698
[40]	train-rmse:0.98891	valid-rmse:0.99942
[20]	train-rmse:1.09906	valid-rmse:1.10224
[20]	train-rmse:1.09905	valid-rmse:1.10223
[60]	train-rmse:0.98443	valid-rmse:0.99981
[40]	train-rmse:0.92638	valid-rmse:1.01538
[80]	train-rmse:0.98079	valid-rmse:1.00010
[40]	train-rmse:1.09906	valid-rmse:1.10224
[94]	train-rmse:0.97833	valid-rmse:1.00069
[32m[I 2022-04-16 19:13:34,107][0m Trial 1 finished with value: 0.999336 and parameters: {'colsample_bytree': 0.36908636706118103, 'eta': 0.0835726229851427, 'max_depth': 5, 'n_estimators': 185, 'subsample': 0.255309133222227}. Best is trial 1 with value: 0.999336.[0m
[20]	train-rmse:0.85103	valid-rmse:1.09343
[49]	train-rmse:1.09906	valid-rmse:1.10224
[32m[I 2022-04-16 19:13:40,709][0m Trial 3 finished with value: 1.102238 and parameters: {'colsample_bytree': 0.5335044563168367, 'eta': 7.005944333207717e-08, 'max_depth': 5, 'n_estimators': 294, 'subsample': 0.6575452971816862}. Best is trial 1 with value: 0.999336.[0m
[40]	train-rmse:1.09904	valid-rmse:1.10221
[56]	train-rmse:0.90121	valid-rmse:1.02083
[32m[I 2022-04-16 19:13:46,147][0m Trial 2 finished with value: 1.002476 and parameters: {'colsample_bytree': 0.2970164958298247, 'eta': 0.2932252820553465, 'max_depth': 7, 'n_estimators': 133, 'subsample': 0.4951279653535092}. Best is trial 1 with value: 0.999336.[0m
[60]	train-rmse:1.09903	valid-rmse:1.10220
[40]	train-rmse:0.73352	valid-rmse:1.16815
[80]	train-rmse:1.09901	valid-rmse:1.10219
[51]	train-rmse:0.67733	valid-rmse:1.19982
[32m[I 2022-04-16 19:14:51,965][0m Trial 5 finished with value: 1.009177 and parameters: {'colsample_bytree': 0.5498864666763867, 'eta': 0.7701071617517461, 'max_depth': 9, 'n_estimators': 425, 'subsample': 0.6805447984989068}. Best is trial 1 with value: 0.999336.[0m
[100]	train-rmse:1.09900	valid-rmse:1.10218
[120]	train-rmse:1.09899	valid-rmse:1.10217
[140]	train-rmse:1.09897	valid-rmse:1.10215
[160]	train-rmse:1.09896	valid-rmse:1.10214
[180]	train-rmse:1.09895	valid-rmse:1.10213
[200]	train-rmse:1.09894	valid-rmse:1.10212
[220]	train-rmse:1.09892	valid-rmse:1.10211
[240]	train-rmse:1.09891	valid-rmse:1.10209
[260]	train-rmse:1.09890	valid-rmse:1.10208
[280]	train-rmse:1.09888	valid-rmse:1.10207
[300]	train-rmse:1.09887	valid-rmse:1.10206
[320]	train-rmse:1.09886	valid-rmse:1.10205
[340]	train-rmse:1.09885	valid-rmse:1.10204
[360]	train-rmse:1.09883	valid-rmse:1.10202
[380]	train-rmse:1.09882	valid-rmse:1.10201
[400]	train-rmse:1.09881	valid-rmse:1.10200
[420]	train-rmse:1.09879	valid-rmse:1.10199
[440]	train-rmse:1.09878	valid-rmse:1.10198
[460]	train-rmse:1.09877	valid-rmse:1.10196
[480]	train-rmse:1.09876	valid-rmse:1.10195
[500]	train-rmse:1.09874	valid-rmse:1.10194
[520]	train-rmse:1.09873	valid-rmse:1.10193
[540]	train-rmse:1.09872	valid-rmse:1.10192
[560]	train-rmse:1.09871	valid-rmse:1.10190
[580]	train-rmse:1.09869	valid-rmse:1.10189
[600]	train-rmse:1.09868	valid-rmse:1.10188
[620]	train-rmse:1.09867	valid-rmse:1.10187
[640]	train-rmse:1.09865	valid-rmse:1.10186
[660]	train-rmse:1.09864	valid-rmse:1.10185
[680]	train-rmse:1.09863	valid-rmse:1.10183
[700]	train-rmse:1.09862	valid-rmse:1.10182
[720]	train-rmse:1.09860	valid-rmse:1.10181
[740]	train-rmse:1.09859	valid-rmse:1.10180
[760]	train-rmse:1.09858	valid-rmse:1.10179
[780]	train-rmse:1.09856	valid-rmse:1.10177
[800]	train-rmse:1.09855	valid-rmse:1.10176
[820]	train-rmse:1.09854	valid-rmse:1.10175
[840]	train-rmse:1.09853	valid-rmse:1.10174
[860]	train-rmse:1.09851	valid-rmse:1.10173
[880]	train-rmse:1.09850	valid-rmse:1.10171
[900]	train-rmse:1.09849	valid-rmse:1.10170
[920]	train-rmse:1.09848	valid-rmse:1.10169
[940]	train-rmse:1.09846	valid-rmse:1.10168
[960]	train-rmse:1.09845	valid-rmse:1.10167
[980]	train-rmse:1.09844	valid-rmse:1.10166
[999]	train-rmse:1.09842	valid-rmse:1.10164
