[32m[I 2022-04-16 21:37:30,736][0m Trial 32 finished with value: 0.998563 and parameters: {'colsample_bytree': 0.9403857489994436, 'eta': 0.01757979207352174, 'max_depth': 3, 'n_estimators': 546, 'subsample': 0.9076496227549934}. Best is trial 27 with value: 0.998512.[0m
[500]	train-rmse:1.08101	valid-rmse:1.08431
[100]	train-rmse:1.09565	valid-rmse:1.09892
[140]	train-rmse:1.09185	valid-rmse:1.09523
[40]	train-rmse:1.09615	valid-rmse:1.09941
[21:37:35] WARNING: ../src/learner.cc:576: 
Parameters: { "n_estimators" } might not be used.

  This could be a false alarm, with some parameters getting used by language bindings but
  then being mistakenly passed down to XGBoost core, or some parameter actually being used
  but getting flagged wrongly here. Please open an issue if you find any such cases.


[0]	train-rmse:1.09900	valid-rmse:1.10218
[300]	train-rmse:1.08025	valid-rmse:1.08354
[520]	train-rmse:1.08036	valid-rmse:1.08366
[320]	train-rmse:1.07913	valid-rmse:1.08243
[60]	train-rmse:1.09476	valid-rmse:1.09806
[120]	train-rmse:1.09499	valid-rmse:1.09828
[20]	train-rmse:1.09777	valid-rmse:1.10098
[160]	train-rmse:1.09087	valid-rmse:1.09427
[540]	train-rmse:1.07971	valid-rmse:1.08301
[340]	train-rmse:1.07802	valid-rmse:1.08132
[560]	train-rmse:1.07906	valid-rmse:1.08237
[40]	train-rmse:1.09655	valid-rmse:1.09980
[80]	train-rmse:1.09339	valid-rmse:1.09672
[140]	train-rmse:1.09433	valid-rmse:1.09764
[180]	train-rmse:1.08989	valid-rmse:1.09333
[360]	train-rmse:1.07692	valid-rmse:1.08023
[580]	train-rmse:1.07843	valid-rmse:1.08173
[380]	train-rmse:1.07584	valid-rmse:1.07916
[60]	train-rmse:1.09535	valid-rmse:1.09862
[100]	train-rmse:1.09203	valid-rmse:1.09541
[160]	train-rmse:1.09367	valid-rmse:1.09700
[200]	train-rmse:1.08893	valid-rmse:1.09239
[600]	train-rmse:1.07779	valid-rmse:1.08110
[400]	train-rmse:1.07478	valid-rmse:1.07810
[620]	train-rmse:1.07716	valid-rmse:1.08048
[80]	train-rmse:1.09416	valid-rmse:1.09746
[420]	train-rmse:1.07372	valid-rmse:1.07705
[120]	train-rmse:1.09069	valid-rmse:1.09411
[180]	train-rmse:1.09302	valid-rmse:1.09637
[220]	train-rmse:1.08797	valid-rmse:1.09146
[640]	train-rmse:1.07654	valid-rmse:1.07986
[440]	train-rmse:1.07268	valid-rmse:1.07601
[100]	train-rmse:1.09298	valid-rmse:1.09632
[660]	train-rmse:1.07592	valid-rmse:1.07924
[140]	train-rmse:1.08937	valid-rmse:1.09282
[200]	train-rmse:1.09238	valid-rmse:1.09574
[240]	train-rmse:1.08702	valid-rmse:1.09054
[460]	train-rmse:1.07166	valid-rmse:1.07499
[120]	train-rmse:1.09181	valid-rmse:1.09518
[680]	train-rmse:1.07530	valid-rmse:1.07863
[480]	train-rmse:1.07064	valid-rmse:1.07398
[160]	train-rmse:1.08807	valid-rmse:1.09156
[220]	train-rmse:1.09173	valid-rmse:1.09512
[260]	train-rmse:1.08608	valid-rmse:1.08963
[700]	train-rmse:1.07469	valid-rmse:1.07802
[500]	train-rmse:1.06964	valid-rmse:1.07299
[140]	train-rmse:1.09066	valid-rmse:1.09406
[720]	train-rmse:1.07408	valid-rmse:1.07741
[180]	train-rmse:1.08678	valid-rmse:1.09031
[520]	train-rmse:1.06865	valid-rmse:1.07201
[240]	train-rmse:1.09110	valid-rmse:1.09449
[280]	train-rmse:1.08515	valid-rmse:1.08873
[160]	train-rmse:1.08952	valid-rmse:1.09295
[740]	train-rmse:1.07348	valid-rmse:1.07681
[540]	train-rmse:1.06768	valid-rmse:1.07103
[200]	train-rmse:1.08551	valid-rmse:1.08907
[760]	train-rmse:1.07288	valid-rmse:1.07622
[260]	train-rmse:1.09046	valid-rmse:1.09388
[300]	train-rmse:1.08423	valid-rmse:1.08783
[180]	train-rmse:1.08839	valid-rmse:1.09186
[560]	train-rmse:1.06672	valid-rmse:1.07008
[780]	train-rmse:1.07229	valid-rmse:1.07563
[580]	train-rmse:1.06577	valid-rmse:1.06913
[280]	train-rmse:1.08983	valid-rmse:1.09327
[220]	train-rmse:1.08425	valid-rmse:1.08786
[320]	train-rmse:1.08332	valid-rmse:1.08695
[200]	train-rmse:1.08727	valid-rmse:1.09077
[800]	train-rmse:1.07170	valid-rmse:1.07505
[600]	train-rmse:1.06484	valid-rmse:1.06820
[820]	train-rmse:1.07112	valid-rmse:1.07447
[220]	train-rmse:1.08617	valid-rmse:1.08970
[300]	train-rmse:1.08920	valid-rmse:1.09266
[240]	train-rmse:1.08302	valid-rmse:1.08666
[340]	train-rmse:1.08242	valid-rmse:1.08607
[620]	train-rmse:1.06391	valid-rmse:1.06728
[840]	train-rmse:1.07054	valid-rmse:1.07389
[640]	train-rmse:1.06300	valid-rmse:1.06638
[240]	train-rmse:1.08508	valid-rmse:1.08864
[320]	train-rmse:1.08858	valid-rmse:1.09205
[260]	train-rmse:1.08180	valid-rmse:1.08547
[360]	train-rmse:1.08153	valid-rmse:1.08521
[860]	train-rmse:1.06996	valid-rmse:1.07332
[660]	train-rmse:1.06210	valid-rmse:1.06548
[880]	train-rmse:1.06939	valid-rmse:1.07275
[260]	train-rmse:1.08401	valid-rmse:1.08759
[680]	train-rmse:1.06121	valid-rmse:1.06459
[340]	train-rmse:1.08796	valid-rmse:1.09145
[280]	train-rmse:1.08059	valid-rmse:1.08430
[380]	train-rmse:1.08064	valid-rmse:1.08435
[900]	train-rmse:1.06882	valid-rmse:1.07219
[700]	train-rmse:1.06034	valid-rmse:1.06372
[280]	train-rmse:1.08294	valid-rmse:1.08655
[920]	train-rmse:1.06826	valid-rmse:1.07163
[360]	train-rmse:1.08734	valid-rmse:1.09085
[300]	train-rmse:1.07940	valid-rmse:1.08315
[400]	train-rmse:1.07976	valid-rmse:1.08350
[720]	train-rmse:1.05947	valid-rmse:1.06286
[300]	train-rmse:1.08189	valid-rmse:1.08553
[940]	train-rmse:1.06770	valid-rmse:1.07107
[740]	train-rmse:1.05862	valid-rmse:1.06201
[380]	train-rmse:1.08673	valid-rmse:1.09026
[320]	train-rmse:1.07822	valid-rmse:1.08201
[420]	train-rmse:1.07889	valid-rmse:1.08265
[960]	train-rmse:1.06715	valid-rmse:1.07052
[760]	train-rmse:1.05778	valid-rmse:1.06117
[320]	train-rmse:1.08084	valid-rmse:1.08452
[980]	train-rmse:1.06660	valid-rmse:1.06998
[400]	train-rmse:1.08612	valid-rmse:1.08967
[340]	train-rmse:1.07706	valid-rmse:1.08088
[440]	train-rmse:1.07803	valid-rmse:1.08182
[780]	train-rmse:1.05695	valid-rmse:1.06034
[999]	train-rmse:1.06608	valid-rmse:1.06946
[340]	train-rmse:1.07981	valid-rmse:1.08352
[32m[I 2022-04-16 21:58:59,901][0m Trial 31 finished with value: 1.069461 and parameters: {'colsample_bytree': 0.9693084667895933, 'eta': 0.00020333018363057702, 'max_depth': 3, 'n_estimators': 571, 'subsample': 0.5307551146210268}. Best is trial 27 with value: 0.998512.[0m
[21:59:04] WARNING: ../src/learner.cc:576: 
Parameters: { "n_estimators" } might not be used.

  This could be a false alarm, with some parameters getting used by language bindings but
  then being mistakenly passed down to XGBoost core, or some parameter actually being used
  but getting flagged wrongly here. Please open an issue if you find any such cases.


[0]	train-rmse:1.09898	valid-rmse:1.10216
[800]	train-rmse:1.05612	valid-rmse:1.05953
[420]	train-rmse:1.08552	valid-rmse:1.08908
[360]	train-rmse:1.07592	valid-rmse:1.07977
[460]	train-rmse:1.07718	valid-rmse:1.08099
[820]	train-rmse:1.05532	valid-rmse:1.05872
[360]	train-rmse:1.07879	valid-rmse:1.08253
[20]	train-rmse:1.09738	valid-rmse:1.10060
[840]	train-rmse:1.05452	valid-rmse:1.05792
[440]	train-rmse:1.08492	valid-rmse:1.08850
[380]	train-rmse:1.07479	valid-rmse:1.07868
[480]	train-rmse:1.07633	valid-rmse:1.08017
[380]	train-rmse:1.07779	valid-rmse:1.08156
[40]	train-rmse:1.09580	valid-rmse:1.09907
[860]	train-rmse:1.05373	valid-rmse:1.05714
[460]	train-rmse:1.08432	valid-rmse:1.08792
[400]	train-rmse:1.07367	valid-rmse:1.07760
[500]	train-rmse:1.07550	valid-rmse:1.07936
[880]	train-rmse:1.05295	valid-rmse:1.05636
[400]	train-rmse:1.07679	valid-rmse:1.08059
[60]	train-rmse:1.09425	valid-rmse:1.09755
[900]	train-rmse:1.05218	valid-rmse:1.05560
[480]	train-rmse:1.08373	valid-rmse:1.08734
[420]	train-rmse:1.07258	valid-rmse:1.07653
[520]	train-rmse:1.07467	valid-rmse:1.07856
[420]	train-rmse:1.07580	valid-rmse:1.07963
[80]	train-rmse:1.09272	valid-rmse:1.09606
[920]	train-rmse:1.05143	valid-rmse:1.05484
[940]	train-rmse:1.05068	valid-rmse:1.05410
[440]	train-rmse:1.07483	valid-rmse:1.07868
[500]	train-rmse:1.08314	valid-rmse:1.08677
[440]	train-rmse:1.07149	valid-rmse:1.07548
[540]	train-rmse:1.07385	valid-rmse:1.07776
[100]	train-rmse:1.09121	valid-rmse:1.09459
[960]	train-rmse:1.04994	valid-rmse:1.05336
[460]	train-rmse:1.07387	valid-rmse:1.07775
[520]	train-rmse:1.08255	valid-rmse:1.08620
[460]	train-rmse:1.07042	valid-rmse:1.07444
[560]	train-rmse:1.07304	valid-rmse:1.07697
[120]	train-rmse:1.08971	valid-rmse:1.09315
[980]	train-rmse:1.04921	valid-rmse:1.05264
[999]	train-rmse:1.04853	valid-rmse:1.05196
[32m[I 2022-04-16 22:07:49,096][0m Trial 33 finished with value: 1.051958 and parameters: {'colsample_bytree': 0.6898516745927956, 'eta': 0.00035396562181145186, 'max_depth': 3, 'n_estimators': 840, 'subsample': 0.9008547346486395}. Best is trial 27 with value: 0.998512.[0m
[480]	train-rmse:1.07292	valid-rmse:1.07683
[22:07:53] WARNING: ../src/learner.cc:576: 
Parameters: { "n_estimators" } might not be used.

  This could be a false alarm, with some parameters getting used by language bindings but
  then being mistakenly passed down to XGBoost core, or some parameter actually being used
  but getting flagged wrongly here. Please open an issue if you find any such cases.


[0]	train-rmse:1.09894	valid-rmse:1.10212
[540]	train-rmse:1.08197	valid-rmse:1.08564
[480]	train-rmse:1.06936	valid-rmse:1.07342
[140]	train-rmse:1.08825	valid-rmse:1.09172
[580]	train-rmse:1.07223	valid-rmse:1.07620
[500]	train-rmse:1.07197	valid-rmse:1.07592
[20]	train-rmse:1.09653	valid-rmse:1.09977
[560]	train-rmse:1.08139	valid-rmse:1.08508
[160]	train-rmse:1.08680	valid-rmse:1.09031
[500]	train-rmse:1.06831	valid-rmse:1.07241
[600]	train-rmse:1.07143	valid-rmse:1.07542
[520]	train-rmse:1.07104	valid-rmse:1.07501
[40]	train-rmse:1.09417	valid-rmse:1.09748
[180]	train-rmse:1.08537	valid-rmse:1.08893
[580]	train-rmse:1.08082	valid-rmse:1.08452
[520]	train-rmse:1.06728	valid-rmse:1.07141
[620]	train-rmse:1.07065	valid-rmse:1.07466
[540]	train-rmse:1.07012	valid-rmse:1.07412
[60]	train-rmse:1.09186	valid-rmse:1.09524
[200]	train-rmse:1.08397	valid-rmse:1.08756
[600]	train-rmse:1.08025	valid-rmse:1.08396
[540]	train-rmse:1.06627	valid-rmse:1.07042
[640]	train-rmse:1.06986	valid-rmse:1.07390
[560]	train-rmse:1.06921	valid-rmse:1.07323
[80]	train-rmse:1.08961	valid-rmse:1.09305
[220]	train-rmse:1.08258	valid-rmse:1.08621
[620]	train-rmse:1.07968	valid-rmse:1.08341
[560]	train-rmse:1.06526	valid-rmse:1.06945
[660]	train-rmse:1.06909	valid-rmse:1.07315
[580]	train-rmse:1.06831	valid-rmse:1.07236
[100]	train-rmse:1.08740	valid-rmse:1.09090
[240]	train-rmse:1.08122	valid-rmse:1.08489
[640]	train-rmse:1.07912	valid-rmse:1.08287
[580]	train-rmse:1.06427	valid-rmse:1.06849
[680]	train-rmse:1.06832	valid-rmse:1.07241
[600]	train-rmse:1.06742	valid-rmse:1.07150
[120]	train-rmse:1.08524	valid-rmse:1.08880
[260]	train-rmse:1.07987	valid-rmse:1.08358
[660]	train-rmse:1.07855	valid-rmse:1.08232
[600]	train-rmse:1.06329	valid-rmse:1.06754
[700]	train-rmse:1.06756	valid-rmse:1.07168
[620]	train-rmse:1.06654	valid-rmse:1.07065
[140]	train-rmse:1.08312	valid-rmse:1.08675
[280]	train-rmse:1.07854	valid-rmse:1.08229
[680]	train-rmse:1.07800	valid-rmse:1.08178
[640]	train-rmse:1.06567	valid-rmse:1.06981
[620]	train-rmse:1.06233	valid-rmse:1.06661
[720]	train-rmse:1.06681	valid-rmse:1.07095
[300]	train-rmse:1.07724	valid-rmse:1.08102
[160]	train-rmse:1.08105	valid-rmse:1.08474
[660]	train-rmse:1.06481	valid-rmse:1.06897
[700]	train-rmse:1.07744	valid-rmse:1.08125
[640]	train-rmse:1.06138	valid-rmse:1.06569
[740]	train-rmse:1.06607	valid-rmse:1.07023
[320]	train-rmse:1.07595	valid-rmse:1.07977
[180]	train-rmse:1.07903	valid-rmse:1.08278
[680]	train-rmse:1.06396	valid-rmse:1.06815
[720]	train-rmse:1.07689	valid-rmse:1.08071
[660]	train-rmse:1.06044	valid-rmse:1.06478
[760]	train-rmse:1.06533	valid-rmse:1.06951
[340]	train-rmse:1.07468	valid-rmse:1.07855
[200]	train-rmse:1.07705	valid-rmse:1.08086
[700]	train-rmse:1.06312	valid-rmse:1.06734
[740]	train-rmse:1.07635	valid-rmse:1.08018
[680]	train-rmse:1.05951	valid-rmse:1.06389
[780]	train-rmse:1.06460	valid-rmse:1.06881
[360]	train-rmse:1.07343	valid-rmse:1.07733
[220]	train-rmse:1.07512	valid-rmse:1.07898
[720]	train-rmse:1.06229	valid-rmse:1.06653
[760]	train-rmse:1.07580	valid-rmse:1.07966
[700]	train-rmse:1.05859	valid-rmse:1.06300
[800]	train-rmse:1.06387	valid-rmse:1.06811
[380]	train-rmse:1.07220	valid-rmse:1.07614
[240]	train-rmse:1.07323	valid-rmse:1.07715
[740]	train-rmse:1.06147	valid-rmse:1.06574
[780]	train-rmse:1.07526	valid-rmse:1.07913
[720]	train-rmse:1.05769	valid-rmse:1.06213
[820]	train-rmse:1.06316	valid-rmse:1.06742
[400]	train-rmse:1.07098	valid-rmse:1.07496
[260]	train-rmse:1.07138	valid-rmse:1.07536
[760]	train-rmse:1.06066	valid-rmse:1.06495
[800]	train-rmse:1.07472	valid-rmse:1.07861
[740]	train-rmse:1.05680	valid-rmse:1.06127
[840]	train-rmse:1.06245	valid-rmse:1.06673
[420]	train-rmse:1.06979	valid-rmse:1.07380
[280]	train-rmse:1.06957	valid-rmse:1.07360
[780]	train-rmse:1.05986	valid-rmse:1.06418
[820]	train-rmse:1.07419	valid-rmse:1.07810
[760]	train-rmse:1.05592	valid-rmse:1.06042
[440]	train-rmse:1.06861	valid-rmse:1.07266
[860]	train-rmse:1.06175	valid-rmse:1.06605
[300]	train-rmse:1.06780	valid-rmse:1.07189
[800]	train-rmse:1.05906	valid-rmse:1.06341
[840]	train-rmse:1.07366	valid-rmse:1.07758
[780]	train-rmse:1.05505	valid-rmse:1.05959
[460]	train-rmse:1.06745	valid-rmse:1.07154
[880]	train-rmse:1.06105	valid-rmse:1.06538
[320]	train-rmse:1.06607	valid-rmse:1.07021
[820]	train-rmse:1.05828	valid-rmse:1.06265
[860]	train-rmse:1.07313	valid-rmse:1.07707
[480]	train-rmse:1.06631	valid-rmse:1.07043
[800]	train-rmse:1.05419	valid-rmse:1.05876
[840]	train-rmse:1.05750	valid-rmse:1.06190
[340]	train-rmse:1.06438	valid-rmse:1.06858
[900]	train-rmse:1.06036	valid-rmse:1.06471
[500]	train-rmse:1.06518	valid-rmse:1.06934
[880]	train-rmse:1.07261	valid-rmse:1.07656
[820]	train-rmse:1.05335	valid-rmse:1.05794
[860]	train-rmse:1.05673	valid-rmse:1.06116
[360]	train-rmse:1.06273	valid-rmse:1.06698
[920]	train-rmse:1.05968	valid-rmse:1.06405
[520]	train-rmse:1.06407	valid-rmse:1.06826
[880]	train-rmse:1.05598	valid-rmse:1.06043
[900]	train-rmse:1.07209	valid-rmse:1.07606
[840]	train-rmse:1.05252	valid-rmse:1.05714
[380]	train-rmse:1.06111	valid-rmse:1.06542
[940]	train-rmse:1.05900	valid-rmse:1.06340
[540]	train-rmse:1.06297	valid-rmse:1.06720
[900]	train-rmse:1.05523	valid-rmse:1.05970
[860]	train-rmse:1.05169	valid-rmse:1.05635
[920]	train-rmse:1.07157	valid-rmse:1.07556
[400]	train-rmse:1.05953	valid-rmse:1.06388
[960]	train-rmse:1.05833	valid-rmse:1.06276
[560]	train-rmse:1.06189	valid-rmse:1.06616
[920]	train-rmse:1.05449	valid-rmse:1.05899
[880]	train-rmse:1.05088	valid-rmse:1.05556
[420]	train-rmse:1.05798	valid-rmse:1.06239
[940]	train-rmse:1.07106	valid-rmse:1.07506
[980]	train-rmse:1.05767	valid-rmse:1.06212
[580]	train-rmse:1.06083	valid-rmse:1.06513
[940]	train-rmse:1.05375	valid-rmse:1.05828
[440]	train-rmse:1.05647	valid-rmse:1.06093
[960]	train-rmse:1.07055	valid-rmse:1.07457
[900]	train-rmse:1.05008	valid-rmse:1.05479
[999]	train-rmse:1.05705	valid-rmse:1.06151
[32m[I 2022-04-16 22:37:40,471][0m Trial 34 finished with value: 1.061514 and parameters: {'colsample_bytree': 0.665449426698277, 'eta': 0.00026724412504011095, 'max_depth': 5, 'n_estimators': 873, 'subsample': 0.9003075874101443}. Best is trial 27 with value: 0.998512.[0m
[22:37:44] WARNING: ../src/learner.cc:576: 
Parameters: { "n_estimators" } might not be used.

  This could be a false alarm, with some parameters getting used by language bindings but
  then being mistakenly passed down to XGBoost core, or some parameter actually being used
  but getting flagged wrongly here. Please open an issue if you find any such cases.


[0]	train-rmse:1.09885	valid-rmse:1.10204
[600]	train-rmse:1.05978	valid-rmse:1.06412
[960]	train-rmse:1.05303	valid-rmse:1.05758
[460]	train-rmse:1.05499	valid-rmse:1.05951
[980]	train-rmse:1.07004	valid-rmse:1.07407
[920]	train-rmse:1.04929	valid-rmse:1.05403
[620]	train-rmse:1.05875	valid-rmse:1.06312
[980]	train-rmse:1.05231	valid-rmse:1.05689
[20]	train-rmse:1.09474	valid-rmse:1.09804
[480]	train-rmse:1.05354	valid-rmse:1.05811
[999]	train-rmse:1.06956	valid-rmse:1.07361
[32m[I 2022-04-16 22:40:00,219][0m Trial 35 finished with value: 1.073612 and parameters: {'colsample_bytree': 0.6650008028392935, 'eta': 0.00017334436246057916, 'max_depth': 5, 'n_estimators': 590, 'subsample': 0.8964978849851393}. Best is trial 27 with value: 0.998512.[0m
[940]	train-rmse:1.04851	valid-rmse:1.05328
[22:40:04] WARNING: ../src/learner.cc:576: 
Parameters: { "n_estimators" } might not be used.

  This could be a false alarm, with some parameters getting used by language bindings but
  then being mistakenly passed down to XGBoost core, or some parameter actually being used
  but getting flagged wrongly here. Please open an issue if you find any such cases.


[0]	train-rmse:1.09890	valid-rmse:1.10208
[999]	train-rmse:1.05164	valid-rmse:1.05624
[32m[I 2022-04-16 22:40:39,856][0m Trial 37 finished with value: 1.056242 and parameters: {'colsample_bytree': 0.6666263673539587, 'eta': 0.0003137423870757157, 'max_depth': 5, 'n_estimators': 674, 'subsample': 0.7469455893455501}. Best is trial 27 with value: 0.998512.[0m
[640]	train-rmse:1.05774	valid-rmse:1.06214
[22:40:44] WARNING: ../src/learner.cc:576: 
Parameters: { "n_estimators" } might not be used.

  This could be a false alarm, with some parameters getting used by language bindings but
  then being mistakenly passed down to XGBoost core, or some parameter actually being used
  but getting flagged wrongly here. Please open an issue if you find any such cases.


[0]	train-rmse:1.08834	valid-rmse:1.09156
[40]	train-rmse:1.09078	valid-rmse:1.09419
[500]	train-rmse:1.05213	valid-rmse:1.05675
[20]	train-rmse:1.00559	valid-rmse:1.00894
[960]	train-rmse:1.04773	valid-rmse:1.05254
[20]	train-rmse:1.09573	valid-rmse:1.09900
[40]	train-rmse:0.99616	valid-rmse:0.99988
[660]	train-rmse:1.05673	valid-rmse:1.06117
[60]	train-rmse:0.99424	valid-rmse:0.99875
[520]	train-rmse:1.05074	valid-rmse:1.05541
[60]	train-rmse:1.08697	valid-rmse:1.09048
[980]	train-rmse:1.04697	valid-rmse:1.05181
[80]	train-rmse:0.99310	valid-rmse:0.99872
[100]	train-rmse:0.99212	valid-rmse:0.99867
[680]	train-rmse:1.05575	valid-rmse:1.06022
[40]	train-rmse:1.09264	valid-rmse:1.09600
[540]	train-rmse:1.04939	valid-rmse:1.05411
[120]	train-rmse:0.99117	valid-rmse:0.99869
[999]	train-rmse:1.04626	valid-rmse:1.05112
[80]	train-rmse:1.08330	valid-rmse:1.08692
[32m[I 2022-04-16 22:44:08,761][0m Trial 36 finished with value: 1.05112 and parameters: {'colsample_bytree': 0.6608979649945679, 'eta': 0.00036335222243820593, 'max_depth': 5, 'n_estimators': 655, 'subsample': 0.9033326607318988}. Best is trial 27 with value: 0.998512.[0m
[22:44:12] WARNING: ../src/learner.cc:576: 
Parameters: { "n_estimators" } might not be used.

  This could be a false alarm, with some parameters getting used by language bindings but
  then being mistakenly passed down to XGBoost core, or some parameter actually being used
  but getting flagged wrongly here. Please open an issue if you find any such cases.


[0]	train-rmse:1.08895	valid-rmse:1.09218
[140]	train-rmse:0.99017	valid-rmse:0.99881
[145]	train-rmse:0.98994	valid-rmse:0.99886
