[32m[I 2022-04-16 20:05:45,886][0m Trial 13 finished with value: 1.102186 and parameters: {'colsample_bytree': 0.6084079051871516, 'eta': 2.7572167760667775e-07, 'max_depth': 5, 'n_estimators': 881, 'subsample': 0.28216056763835584}. Best is trial 19 with value: 0.998533.[0m
[20:05:50] WARNING: ../src/learner.cc:576: 
Parameters: { "n_estimators" } might not be used.

  This could be a false alarm, with some parameters getting used by language bindings but
  then being mistakenly passed down to XGBoost core, or some parameter actually being used
  but getting flagged wrongly here. Please open an issue if you find any such cases.


[0]	train-rmse:1.09860	valid-rmse:1.10178
[500]	train-rmse:1.09880	valid-rmse:1.10198
[300]	train-rmse:1.09649	valid-rmse:1.09982
[100]	train-rmse:1.05518	valid-rmse:1.05859
[360]	train-rmse:1.03531	valid-rmse:1.03877
[640]	train-rmse:1.09370	valid-rmse:1.09712
[20]	train-rmse:1.08973	valid-rmse:1.09296
[120]	train-rmse:1.04897	valid-rmse:1.05240
[520]	train-rmse:1.09879	valid-rmse:1.10197
[380]	train-rmse:1.03324	valid-rmse:1.03670
[320]	train-rmse:1.09632	valid-rmse:1.09966
[40]	train-rmse:1.08160	valid-rmse:1.08488
[660]	train-rmse:1.09353	valid-rmse:1.09697
[140]	train-rmse:1.04341	valid-rmse:1.04685
[400]	train-rmse:1.03128	valid-rmse:1.03475
[540]	train-rmse:1.09878	valid-rmse:1.10196
[60]	train-rmse:1.07416	valid-rmse:1.07748
[340]	train-rmse:1.09615	valid-rmse:1.09950
[680]	train-rmse:1.09337	valid-rmse:1.09681
[160]	train-rmse:1.03842	valid-rmse:1.04187
[420]	train-rmse:1.02942	valid-rmse:1.03289
[80]	train-rmse:1.06735	valid-rmse:1.07070
[560]	train-rmse:1.09876	valid-rmse:1.10195
[180]	train-rmse:1.03394	valid-rmse:1.03740
[700]	train-rmse:1.09321	valid-rmse:1.09666
[360]	train-rmse:1.09598	valid-rmse:1.09935
[440]	train-rmse:1.02766	valid-rmse:1.03112
[100]	train-rmse:1.06112	valid-rmse:1.06449
[200]	train-rmse:1.02994	valid-rmse:1.03340
[720]	train-rmse:1.09305	valid-rmse:1.09650
[580]	train-rmse:1.09875	valid-rmse:1.10194
[460]	train-rmse:1.02599	valid-rmse:1.02946
[120]	train-rmse:1.05543	valid-rmse:1.05882
[380]	train-rmse:1.09581	valid-rmse:1.09919
[220]	train-rmse:1.02634	valid-rmse:1.02981
[480]	train-rmse:1.02441	valid-rmse:1.02787
[740]	train-rmse:1.09288	valid-rmse:1.09635
[140]	train-rmse:1.05022	valid-rmse:1.05362
[600]	train-rmse:1.09874	valid-rmse:1.10193
[240]	train-rmse:1.02313	valid-rmse:1.02659
[400]	train-rmse:1.09564	valid-rmse:1.09903
[500]	train-rmse:1.02290	valid-rmse:1.02637
[160]	train-rmse:1.04546	valid-rmse:1.04887
[760]	train-rmse:1.09272	valid-rmse:1.09619
[260]	train-rmse:1.02025	valid-rmse:1.02370
[620]	train-rmse:1.09873	valid-rmse:1.10192
[520]	train-rmse:1.02148	valid-rmse:1.02495
[180]	train-rmse:1.04112	valid-rmse:1.04453
[420]	train-rmse:1.09548	valid-rmse:1.09887
[280]	train-rmse:1.01767	valid-rmse:1.02113
[780]	train-rmse:1.09256	valid-rmse:1.09604
[640]	train-rmse:1.09872	valid-rmse:1.10191
[540]	train-rmse:1.02013	valid-rmse:1.02360
[200]	train-rmse:1.03714	valid-rmse:1.04057
[300]	train-rmse:1.01535	valid-rmse:1.01881
[800]	train-rmse:1.09240	valid-rmse:1.09588
[440]	train-rmse:1.09531	valid-rmse:1.09872
[560]	train-rmse:1.01885	valid-rmse:1.02232
[220]	train-rmse:1.03352	valid-rmse:1.03694
[320]	train-rmse:1.01327	valid-rmse:1.01673
[660]	train-rmse:1.09871	valid-rmse:1.10190
[820]	train-rmse:1.09223	valid-rmse:1.09573
[580]	train-rmse:1.01764	valid-rmse:1.02110
[240]	train-rmse:1.03021	valid-rmse:1.03363
[340]	train-rmse:1.01143	valid-rmse:1.01488
[460]	train-rmse:1.09514	valid-rmse:1.09856
[680]	train-rmse:1.09870	valid-rmse:1.10189
[840]	train-rmse:1.09207	valid-rmse:1.09558
[360]	train-rmse:1.00976	valid-rmse:1.01322
[260]	train-rmse:1.02718	valid-rmse:1.03061
[600]	train-rmse:1.01648	valid-rmse:1.01995
[480]	train-rmse:1.09498	valid-rmse:1.09840
[380]	train-rmse:1.00828	valid-rmse:1.01172
[860]	train-rmse:1.09191	valid-rmse:1.09542
[280]	train-rmse:1.02442	valid-rmse:1.02785
[620]	train-rmse:1.01540	valid-rmse:1.01886
[700]	train-rmse:1.09869	valid-rmse:1.10187
[400]	train-rmse:1.00694	valid-rmse:1.01038
[300]	train-rmse:1.02189	valid-rmse:1.02533
[500]	train-rmse:1.09481	valid-rmse:1.09824
[640]	train-rmse:1.01436	valid-rmse:1.01783
[880]	train-rmse:1.09175	valid-rmse:1.09527
[720]	train-rmse:1.09868	valid-rmse:1.10187
[420]	train-rmse:1.00574	valid-rmse:1.00918
[320]	train-rmse:1.01959	valid-rmse:1.02303
[660]	train-rmse:1.01338	valid-rmse:1.01685
[900]	train-rmse:1.09159	valid-rmse:1.09512
[520]	train-rmse:1.09464	valid-rmse:1.09809
[440]	train-rmse:1.00466	valid-rmse:1.00810
[340]	train-rmse:1.01749	valid-rmse:1.02093
[740]	train-rmse:1.09867	valid-rmse:1.10186
[680]	train-rmse:1.01245	valid-rmse:1.01591
[920]	train-rmse:1.09143	valid-rmse:1.09497
[460]	train-rmse:1.00370	valid-rmse:1.00714
[360]	train-rmse:1.01557	valid-rmse:1.01900
[540]	train-rmse:1.09448	valid-rmse:1.09793
[700]	train-rmse:1.01157	valid-rmse:1.01503
[760]	train-rmse:1.09866	valid-rmse:1.10184
[940]	train-rmse:1.09127	valid-rmse:1.09482
[480]	train-rmse:1.00282	valid-rmse:1.00628
[380]	train-rmse:1.01382	valid-rmse:1.01725
[720]	train-rmse:1.01074	valid-rmse:1.01419
[560]	train-rmse:1.09431	valid-rmse:1.09778
[500]	train-rmse:1.00204	valid-rmse:1.00550
[780]	train-rmse:1.09865	valid-rmse:1.10183
[960]	train-rmse:1.09111	valid-rmse:1.09466
[400]	train-rmse:1.01222	valid-rmse:1.01565
[740]	train-rmse:1.00994	valid-rmse:1.01340
[520]	train-rmse:1.00134	valid-rmse:1.00481
[420]	train-rmse:1.01076	valid-rmse:1.01419
[580]	train-rmse:1.09414	valid-rmse:1.09762
[980]	train-rmse:1.09095	valid-rmse:1.09451
[800]	train-rmse:1.09864	valid-rmse:1.10182
[760]	train-rmse:1.00919	valid-rmse:1.01265
[540]	train-rmse:1.00071	valid-rmse:1.00419
[440]	train-rmse:1.00943	valid-rmse:1.01285
[999]	train-rmse:1.09080	valid-rmse:1.09437
[780]	train-rmse:1.00848	valid-rmse:1.01193
[32m[I 2022-04-16 20:28:08,620][0m Trial 17 finished with value: 1.094367 and parameters: {'colsample_bytree': 0.5936197358868985, 'eta': 4.256150803363845e-05, 'max_depth': 7, 'n_estimators': 31, 'subsample': 0.3215783124053698}. Best is trial 19 with value: 0.998533.[0m
[20:28:13] WARNING: ../src/learner.cc:576: 
Parameters: { "n_estimators" } might not be used.

  This could be a false alarm, with some parameters getting used by language bindings but
  then being mistakenly passed down to XGBoost core, or some parameter actually being used
  but getting flagged wrongly here. Please open an issue if you find any such cases.


[0]	train-rmse:1.09823	valid-rmse:1.10141
[600]	train-rmse:1.09398	valid-rmse:1.09746
[560]	train-rmse:1.00014	valid-rmse:1.00363
[820]	train-rmse:1.09863	valid-rmse:1.10181
[460]	train-rmse:1.00822	valid-rmse:1.01163
[800]	train-rmse:1.00780	valid-rmse:1.01125
[20]	train-rmse:1.08283	valid-rmse:1.08611
[580]	train-rmse:0.99962	valid-rmse:1.00313
[480]	train-rmse:1.00711	valid-rmse:1.01052
[840]	train-rmse:1.09862	valid-rmse:1.10180
[620]	train-rmse:1.09381	valid-rmse:1.09731
[820]	train-rmse:1.00716	valid-rmse:1.01061
[40]	train-rmse:1.06969	valid-rmse:1.07303
[600]	train-rmse:0.99915	valid-rmse:1.00268
[500]	train-rmse:1.00610	valid-rmse:1.00950
[860]	train-rmse:1.09861	valid-rmse:1.10179
[840]	train-rmse:1.00655	valid-rmse:1.01001
[620]	train-rmse:0.99873	valid-rmse:1.00228
[640]	train-rmse:1.09364	valid-rmse:1.09716
[60]	train-rmse:1.05849	valid-rmse:1.06187
[520]	train-rmse:1.00517	valid-rmse:1.00857
[640]	train-rmse:0.99835	valid-rmse:1.00191
[860]	train-rmse:1.00598	valid-rmse:1.00943
[80]	train-rmse:1.04897	valid-rmse:1.05238
[880]	train-rmse:1.09859	valid-rmse:1.10178
[540]	train-rmse:1.00432	valid-rmse:1.00773
[660]	train-rmse:1.09348	valid-rmse:1.09700
[660]	train-rmse:0.99800	valid-rmse:1.00158
[880]	train-rmse:1.00543	valid-rmse:1.00888
[100]	train-rmse:1.04088	valid-rmse:1.04431
[560]	train-rmse:1.00355	valid-rmse:1.00695
[900]	train-rmse:1.09858	valid-rmse:1.10177
[680]	train-rmse:0.99769	valid-rmse:1.00129
[680]	train-rmse:1.09332	valid-rmse:1.09685
[120]	train-rmse:1.03400	valid-rmse:1.03745
[900]	train-rmse:1.00491	valid-rmse:1.00836
[580]	train-rmse:1.00283	valid-rmse:1.00625
[700]	train-rmse:0.99740	valid-rmse:1.00103
[140]	train-rmse:1.02816	valid-rmse:1.03160
[920]	train-rmse:1.00441	valid-rmse:1.00787
[920]	train-rmse:1.09857	valid-rmse:1.10176
[600]	train-rmse:1.00219	valid-rmse:1.00560
[700]	train-rmse:1.09315	valid-rmse:1.09669
[720]	train-rmse:0.99714	valid-rmse:1.00079
[160]	train-rmse:1.02320	valid-rmse:1.02665
[940]	train-rmse:1.00395	valid-rmse:1.00740
[620]	train-rmse:1.00159	valid-rmse:1.00501
[940]	train-rmse:1.09856	valid-rmse:1.10175
[740]	train-rmse:0.99691	valid-rmse:1.00058
[720]	train-rmse:1.09299	valid-rmse:1.09654
[180]	train-rmse:1.01900	valid-rmse:1.02244
[960]	train-rmse:1.00350	valid-rmse:1.00696
[640]	train-rmse:1.00104	valid-rmse:1.00447
[760]	train-rmse:0.99669	valid-rmse:1.00039
[960]	train-rmse:1.09855	valid-rmse:1.10174
[200]	train-rmse:1.01544	valid-rmse:1.01887
[980]	train-rmse:1.00308	valid-rmse:1.00654
[660]	train-rmse:1.00054	valid-rmse:1.00398
[740]	train-rmse:1.09282	valid-rmse:1.09638
[780]	train-rmse:0.99649	valid-rmse:1.00021
[220]	train-rmse:1.01241	valid-rmse:1.01583
[999]	train-rmse:1.00269	valid-rmse:1.00616
[32m[I 2022-04-16 20:39:24,404][0m Trial 21 finished with value: 1.006157 and parameters: {'colsample_bytree': 0.8143025801469718, 'eta': 0.0013972713364916007, 'max_depth': 3, 'n_estimators': 782, 'subsample': 0.9513790208784552}. Best is trial 19 with value: 0.998533.[0m
[20:39:28] WARNING: ../src/learner.cc:576: 
Parameters: { "n_estimators" } might not be used.

  This could be a false alarm, with some parameters getting used by language bindings but
  then being mistakenly passed down to XGBoost core, or some parameter actually being used
  but getting flagged wrongly here. Please open an issue if you find any such cases.


[680]	train-rmse:1.00008	valid-rmse:1.00353
[0]	train-rmse:1.09820	valid-rmse:1.10138
[980]	train-rmse:1.09854	valid-rmse:1.10173
[800]	train-rmse:0.99630	valid-rmse:1.00005
[760]	train-rmse:1.09266	valid-rmse:1.09623
[240]	train-rmse:1.00985	valid-rmse:1.01325
[20]	train-rmse:1.08227	valid-rmse:1.08555
[700]	train-rmse:0.99966	valid-rmse:1.00312
[820]	train-rmse:0.99613	valid-rmse:0.99991
[999]	train-rmse:1.09853	valid-rmse:1.10172
[32m[I 2022-04-16 20:40:59,198][0m Trial 18 finished with value: 1.101721 and parameters: {'colsample_bytree': 0.7808808222684862, 'eta': 2.693632348124867e-06, 'max_depth': 5, 'n_estimators': 159, 'subsample': 0.6863904497705209}. Best is trial 19 with value: 0.998533.[0m
[20:41:03] WARNING: ../src/learner.cc:576: 
Parameters: { "n_estimators" } might not be used.

  This could be a false alarm, with some parameters getting used by language bindings but
  then being mistakenly passed down to XGBoost core, or some parameter actually being used
  but getting flagged wrongly here. Please open an issue if you find any such cases.


[0]	train-rmse:1.09794	valid-rmse:1.10113
[260]	train-rmse:1.00768	valid-rmse:1.01107
[40]	train-rmse:1.06876	valid-rmse:1.07210
[720]	train-rmse:0.99928	valid-rmse:1.00274
[780]	train-rmse:1.09250	valid-rmse:1.09608
[840]	train-rmse:0.99597	valid-rmse:0.99978
[20]	train-rmse:1.07785	valid-rmse:1.08115
[280]	train-rmse:1.00582	valid-rmse:1.00922
[60]	train-rmse:1.05731	valid-rmse:1.06070
[740]	train-rmse:0.99892	valid-rmse:1.00239
[860]	train-rmse:0.99582	valid-rmse:0.99966
[40]	train-rmse:1.06163	valid-rmse:1.06500
[800]	train-rmse:1.09233	valid-rmse:1.09593
[300]	train-rmse:1.00425	valid-rmse:1.00765
[80]	train-rmse:1.04763	valid-rmse:1.05106
[760]	train-rmse:0.99859	valid-rmse:1.00208
[880]	train-rmse:0.99568	valid-rmse:0.99956
[60]	train-rmse:1.04855	valid-rmse:1.05197
[320]	train-rmse:1.00290	valid-rmse:1.00631
[100]	train-rmse:1.03947	valid-rmse:1.04292
[780]	train-rmse:0.99829	valid-rmse:1.00179
[820]	train-rmse:1.09217	valid-rmse:1.09577
[900]	train-rmse:0.99555	valid-rmse:0.99947
[80]	train-rmse:1.03803	valid-rmse:1.04148
[120]	train-rmse:1.03257	valid-rmse:1.03603
[340]	train-rmse:1.00176	valid-rmse:1.00518
[800]	train-rmse:0.99801	valid-rmse:1.00152
[920]	train-rmse:0.99543	valid-rmse:0.99938
[100]	train-rmse:1.02961	valid-rmse:1.03308
[840]	train-rmse:1.09201	valid-rmse:1.09562
[140]	train-rmse:1.02674	valid-rmse:1.03022
[360]	train-rmse:1.00078	valid-rmse:1.00421
[820]	train-rmse:0.99775	valid-rmse:1.00128
[940]	train-rmse:0.99532	valid-rmse:0.99930
[120]	train-rmse:1.02283	valid-rmse:1.02632
[160]	train-rmse:1.02183	valid-rmse:1.02532
[380]	train-rmse:0.99995	valid-rmse:1.00338
[860]	train-rmse:1.09184	valid-rmse:1.09547
[840]	train-rmse:0.99751	valid-rmse:1.00106
[960]	train-rmse:0.99521	valid-rmse:0.99923
[140]	train-rmse:1.01741	valid-rmse:1.02088
[180]	train-rmse:1.01769	valid-rmse:1.02118
[400]	train-rmse:0.99924	valid-rmse:1.00268
[860]	train-rmse:0.99729	valid-rmse:1.00085
[980]	train-rmse:0.99511	valid-rmse:0.99917
[160]	train-rmse:1.01305	valid-rmse:1.01652
[200]	train-rmse:1.01420	valid-rmse:1.01769
[880]	train-rmse:1.09168	valid-rmse:1.09532
[420]	train-rmse:0.99861	valid-rmse:1.00208
[880]	train-rmse:0.99708	valid-rmse:1.00067
[999]	train-rmse:0.99501	valid-rmse:0.99912
[32m[I 2022-04-16 20:49:23,647][0m Trial 22 finished with value: 0.999118 and parameters: {'colsample_bytree': 0.7466559438472331, 'eta': 0.002885444710052222, 'max_depth': 3, 'n_estimators': 699, 'subsample': 0.9588062880689315}. Best is trial 19 with value: 0.998533.[0m
[180]	train-rmse:1.00955	valid-rmse:1.01303
[20:49:27] WARNING: ../src/learner.cc:576: 
Parameters: { "n_estimators" } might not be used.

  This could be a false alarm, with some parameters getting used by language bindings but
  then being mistakenly passed down to XGBoost core, or some parameter actually being used
  but getting flagged wrongly here. Please open an issue if you find any such cases.


[0]	train-rmse:1.09794	valid-rmse:1.10113
[220]	train-rmse:1.01126	valid-rmse:1.01475
[440]	train-rmse:0.99808	valid-rmse:1.00158
[900]	train-rmse:0.99689	valid-rmse:1.00050
[900]	train-rmse:1.09152	valid-rmse:1.09516
[200]	train-rmse:1.00675	valid-rmse:1.01023
[20]	train-rmse:1.07780	valid-rmse:1.08111
[240]	train-rmse:1.00880	valid-rmse:1.01226
[460]	train-rmse:0.99761	valid-rmse:1.00114
[40]	train-rmse:1.06155	valid-rmse:1.06494
[920]	train-rmse:0.99671	valid-rmse:1.00034
[220]	train-rmse:1.00450	valid-rmse:1.00798
[260]	train-rmse:1.00672	valid-rmse:1.01016
[920]	train-rmse:1.09136	valid-rmse:1.09501
[480]	train-rmse:0.99720	valid-rmse:1.00078
[60]	train-rmse:1.04846	valid-rmse:1.05190
[940]	train-rmse:0.99655	valid-rmse:1.00020
[240]	train-rmse:1.00271	valid-rmse:1.00617
[280]	train-rmse:1.00494	valid-rmse:1.00839
[80]	train-rmse:1.03794	valid-rmse:1.04141
[500]	train-rmse:0.99684	valid-rmse:1.00046
[940]	train-rmse:1.09119	valid-rmse:1.09486
[260]	train-rmse:1.00125	valid-rmse:1.00472
[960]	train-rmse:0.99639	valid-rmse:1.00006
[300]	train-rmse:1.00344	valid-rmse:1.00691
[100]	train-rmse:1.02950	valid-rmse:1.03300
[520]	train-rmse:0.99654	valid-rmse:1.00019
[280]	train-rmse:1.00007	valid-rmse:1.00355
[980]	train-rmse:0.99625	valid-rmse:0.99994
[320]	train-rmse:1.00218	valid-rmse:1.00564
[120]	train-rmse:1.02273	valid-rmse:1.02623
[960]	train-rmse:1.09103	valid-rmse:1.09471
[540]	train-rmse:0.99626	valid-rmse:0.99996
[300]	train-rmse:0.99909	valid-rmse:1.00261
[340]	train-rmse:1.00111	valid-rmse:1.00458
[999]	train-rmse:0.99611	valid-rmse:0.99984
[32m[I 2022-04-16 20:55:03,830][0m Trial 23 finished with value: 0.999838 and parameters: {'colsample_bytree': 0.7595975664731887, 'eta': 0.0023907067914161096, 'max_depth': 3, 'n_estimators': 690, 'subsample': 0.9877600388459709}. Best is trial 19 with value: 0.998533.[0m
[20:55:08] WARNING: ../src/learner.cc:576: 
Parameters: { "n_estimators" } might not be used.

  This could be a false alarm, with some parameters getting used by language bindings but
  then being mistakenly passed down to XGBoost core, or some parameter actually being used
  but getting flagged wrongly here. Please open an issue if you find any such cases.


[0]	train-rmse:1.09484	valid-rmse:1.09804
[140]	train-rmse:1.01732	valid-rmse:1.02082
[560]	train-rmse:0.99602	valid-rmse:0.99976
[360]	train-rmse:1.00020	valid-rmse:1.00368
[320]	train-rmse:0.99830	valid-rmse:1.00185
[160]	train-rmse:1.01297	valid-rmse:1.01645
[980]	train-rmse:1.09087	valid-rmse:1.09456
[20]	train-rmse:1.03818	valid-rmse:1.04168
[380]	train-rmse:0.99941	valid-rmse:1.00292
[580]	train-rmse:0.99580	valid-rmse:0.99959
[340]	train-rmse:0.99765	valid-rmse:1.00125
[180]	train-rmse:1.00947	valid-rmse:1.01296
[40]	train-rmse:1.01373	valid-rmse:1.01723
[999]	train-rmse:1.09072	valid-rmse:1.09441
