[32m[I 2022-04-16 22:44:30,472][0m Trial 42 finished with value: 0.998657 and parameters: {'colsample_bytree': 0.39968414478764347, 'eta': 0.05701272587693836, 'max_depth': 3, 'n_estimators': 997, 'subsample': 0.7675216972194221}. Best is trial 27 with value: 0.998512.[0m
[22:44:34] WARNING: ../src/learner.cc:576: 
Parameters: { "n_estimators" } might not be used.

  This could be a false alarm, with some parameters getting used by language bindings but
  then being mistakenly passed down to XGBoost core, or some parameter actually being used
  but getting flagged wrongly here. Please open an issue if you find any such cases.


[700]	train-rmse:1.05478	valid-rmse:1.05928
[0]	train-rmse:1.09887	valid-rmse:1.10205
[60]	train-rmse:1.08964	valid-rmse:1.09308
[560]	train-rmse:1.04806	valid-rmse:1.05283
[20]	train-rmse:1.00719	valid-rmse:1.01057
[100]	train-rmse:1.07977	valid-rmse:1.08349
[20]	train-rmse:1.09512	valid-rmse:1.09832
[720]	train-rmse:1.05382	valid-rmse:1.05835
[580]	train-rmse:1.04677	valid-rmse:1.05159
[40]	train-rmse:0.99663	valid-rmse:1.00025
[80]	train-rmse:1.08673	valid-rmse:1.09025
[40]	train-rmse:1.09150	valid-rmse:1.09472
[740]	train-rmse:1.05288	valid-rmse:1.05744
[120]	train-rmse:1.07637	valid-rmse:1.08019
[60]	train-rmse:0.99462	valid-rmse:0.99883
[600]	train-rmse:1.04551	valid-rmse:1.05037
[60]	train-rmse:1.08801	valid-rmse:1.09125
[100]	train-rmse:1.08391	valid-rmse:1.08751
[760]	train-rmse:1.05195	valid-rmse:1.05655
[80]	train-rmse:0.99348	valid-rmse:0.99858
[140]	train-rmse:1.07309	valid-rmse:1.07702
[620]	train-rmse:1.04428	valid-rmse:1.04918
[80]	train-rmse:1.08464	valid-rmse:1.08790
[780]	train-rmse:1.05104	valid-rmse:1.05567
[100]	train-rmse:0.99259	valid-rmse:0.99857
[120]	train-rmse:1.08116	valid-rmse:1.08485
[640]	train-rmse:1.04306	valid-rmse:1.04802
[100]	train-rmse:1.08139	valid-rmse:1.08467
[160]	train-rmse:1.06994	valid-rmse:1.07397
[120]	train-rmse:0.99167	valid-rmse:0.99855
[800]	train-rmse:1.05014	valid-rmse:1.05480
[120]	train-rmse:1.07825	valid-rmse:1.08155
[140]	train-rmse:1.07849	valid-rmse:1.08226
[660]	train-rmse:1.04188	valid-rmse:1.04689
[180]	train-rmse:1.06690	valid-rmse:1.07102
[140]	train-rmse:0.99078	valid-rmse:0.99855
[820]	train-rmse:1.04925	valid-rmse:1.05394
[140]	train-rmse:1.07523	valid-rmse:1.07854
[680]	train-rmse:1.04073	valid-rmse:1.04578
[160]	train-rmse:1.07590	valid-rmse:1.07974
[160]	train-rmse:0.98987	valid-rmse:0.99853
[200]	train-rmse:1.06398	valid-rmse:1.06820
[840]	train-rmse:1.04837	valid-rmse:1.05310
[160]	train-rmse:1.07232	valid-rmse:1.07564
[700]	train-rmse:1.03960	valid-rmse:1.04469
[180]	train-rmse:0.98909	valid-rmse:0.99852
[180]	train-rmse:1.07339	valid-rmse:1.07730
[180]	train-rmse:1.06951	valid-rmse:1.07285
[860]	train-rmse:1.04751	valid-rmse:1.05227
[220]	train-rmse:1.06118	valid-rmse:1.06549
[720]	train-rmse:1.03850	valid-rmse:1.04363
[200]	train-rmse:0.98835	valid-rmse:0.99857
[200]	train-rmse:1.06681	valid-rmse:1.07015
[880]	train-rmse:1.04666	valid-rmse:1.05145
[200]	train-rmse:1.07094	valid-rmse:1.07494
[220]	train-rmse:0.98746	valid-rmse:0.99859
[32m[I 2022-04-16 22:56:40,459][0m Trial 43 finished with value: 0.998511 and parameters: {'colsample_bytree': 0.8809408925650273, 'eta': 0.05321100281739171, 'max_depth': 3, 'n_estimators': 979, 'subsample': 0.9970667695259599}. Best is trial 43 with value: 0.998511.[0m
[240]	train-rmse:1.05848	valid-rmse:1.06287
[22:56:44] WARNING: ../src/learner.cc:576: 
Parameters: { "n_estimators" } might not be used.

  This could be a false alarm, with some parameters getting used by language bindings but
  then being mistakenly passed down to XGBoost core, or some parameter actually being used
  but getting flagged wrongly here. Please open an issue if you find any such cases.


[740]	train-rmse:1.03742	valid-rmse:1.04260
[0]	train-rmse:1.09889	valid-rmse:1.10206
[220]	train-rmse:1.06420	valid-rmse:1.06755
[900]	train-rmse:1.04582	valid-rmse:1.05064
[20]	train-rmse:1.09540	valid-rmse:1.09860
[220]	train-rmse:1.06857	valid-rmse:1.07264
[760]	train-rmse:1.03636	valid-rmse:1.04159
[260]	train-rmse:1.05588	valid-rmse:1.06036
[240]	train-rmse:1.06168	valid-rmse:1.06504
[920]	train-rmse:1.04500	valid-rmse:1.04985
[40]	train-rmse:1.09203	valid-rmse:1.09525
[780]	train-rmse:1.03533	valid-rmse:1.04061
[260]	train-rmse:1.05926	valid-rmse:1.06263
[240]	train-rmse:1.06628	valid-rmse:1.07041
[280]	train-rmse:1.05337	valid-rmse:1.05794
[60]	train-rmse:1.08876	valid-rmse:1.09200
[940]	train-rmse:1.04418	valid-rmse:1.04907
[280]	train-rmse:1.05692	valid-rmse:1.06029
[800]	train-rmse:1.03433	valid-rmse:1.03964
[260]	train-rmse:1.06404	valid-rmse:1.06825
[80]	train-rmse:1.08561	valid-rmse:1.08887
[300]	train-rmse:1.05097	valid-rmse:1.05562
[960]	train-rmse:1.04338	valid-rmse:1.04830
[300]	train-rmse:1.05466	valid-rmse:1.05805
[820]	train-rmse:1.03334	valid-rmse:1.03870
[100]	train-rmse:1.08256	valid-rmse:1.08583
[980]	train-rmse:1.04260	valid-rmse:1.04754
[280]	train-rmse:1.06187	valid-rmse:1.06615
[320]	train-rmse:1.05249	valid-rmse:1.05588
[320]	train-rmse:1.04865	valid-rmse:1.05339
[840]	train-rmse:1.03237	valid-rmse:1.03778
[120]	train-rmse:1.07961	valid-rmse:1.08290
[999]	train-rmse:1.04186	valid-rmse:1.04683
[340]	train-rmse:1.05040	valid-rmse:1.05380
[32m[I 2022-04-16 23:04:03,289][0m Trial 38 finished with value: 1.046834 and parameters: {'colsample_bytree': 0.6845192632880855, 'eta': 0.00040855585611244597, 'max_depth': 5, 'n_estimators': 670, 'subsample': 0.7490749132250081}. Best is trial 43 with value: 0.998511.[0m
[23:04:07] WARNING: ../src/learner.cc:576: 
Parameters: { "n_estimators" } might not be used.

  This could be a false alarm, with some parameters getting used by language bindings but
  then being mistakenly passed down to XGBoost core, or some parameter actually being used
  but getting flagged wrongly here. Please open an issue if you find any such cases.


[0]	train-rmse:1.08127	valid-rmse:1.08454
[300]	train-rmse:1.05977	valid-rmse:1.06412
[340]	train-rmse:1.04643	valid-rmse:1.05125
[860]	train-rmse:1.03143	valid-rmse:1.03688
[140]	train-rmse:1.07676	valid-rmse:1.08006
[360]	train-rmse:1.04838	valid-rmse:1.05179
[20]	train-rmse:0.99717	valid-rmse:1.00070
[160]	train-rmse:1.07400	valid-rmse:1.07732
[880]	train-rmse:1.03050	valid-rmse:1.03601
[320]	train-rmse:1.05772	valid-rmse:1.06214
[360]	train-rmse:1.04429	valid-rmse:1.04919
[380]	train-rmse:1.04644	valid-rmse:1.04985
[40]	train-rmse:0.99374	valid-rmse:0.99856
[180]	train-rmse:1.07134	valid-rmse:1.07467
[900]	train-rmse:1.02961	valid-rmse:1.03515
[400]	train-rmse:1.04457	valid-rmse:1.04798
[60]	train-rmse:0.99203	valid-rmse:0.99848
[340]	train-rmse:1.05573	valid-rmse:1.06022
[380]	train-rmse:1.04223	valid-rmse:1.04721
[200]	train-rmse:1.06876	valid-rmse:1.07210
[920]	train-rmse:1.02873	valid-rmse:1.03431
[420]	train-rmse:1.04276	valid-rmse:1.04618
[80]	train-rmse:0.99049	valid-rmse:0.99858
[220]	train-rmse:1.06627	valid-rmse:1.06962
[400]	train-rmse:1.04024	valid-rmse:1.04530
[360]	train-rmse:1.05380	valid-rmse:1.05837
[940]	train-rmse:1.02786	valid-rmse:1.03349
[440]	train-rmse:1.04103	valid-rmse:1.04445
[99]	train-rmse:0.98894	valid-rmse:0.99865
[32m[I 2022-04-16 23:09:52,613][0m Trial 46 finished with value: 0.998462 and parameters: {'colsample_bytree': 0.8794929473455162, 'eta': 0.09531313141434856, 'max_depth': 3, 'n_estimators': 947, 'subsample': 0.9961726159296795}. Best is trial 46 with value: 0.998462.[0m
[23:09:56] WARNING: ../src/learner.cc:576: 
Parameters: { "n_estimators" } might not be used.

  This could be a false alarm, with some parameters getting used by language bindings but
  then being mistakenly passed down to XGBoost core, or some parameter actually being used
  but getting flagged wrongly here. Please open an issue if you find any such cases.


[0]	train-rmse:1.06765	valid-rmse:1.07097
[240]	train-rmse:1.06386	valid-rmse:1.06722
[420]	train-rmse:1.03833	valid-rmse:1.04347
[380]	train-rmse:1.05194	valid-rmse:1.05657
[460]	train-rmse:1.03935	valid-rmse:1.04278
[960]	train-rmse:1.02702	valid-rmse:1.03269
[20]	train-rmse:0.99412	valid-rmse:0.99870
[260]	train-rmse:1.06154	valid-rmse:1.06491
[480]	train-rmse:1.03774	valid-rmse:1.04117
[40]	train-rmse:0.99119	valid-rmse:0.99863
[980]	train-rmse:1.02620	valid-rmse:1.03191
[440]	train-rmse:1.03649	valid-rmse:1.04171
[400]	train-rmse:1.05011	valid-rmse:1.05481
[280]	train-rmse:1.05929	valid-rmse:1.06267
[500]	train-rmse:1.03618	valid-rmse:1.03961
[60]	train-rmse:0.98840	valid-rmse:0.99885
[300]	train-rmse:1.05712	valid-rmse:1.06050
[999]	train-rmse:1.02544	valid-rmse:1.03119
[32m[I 2022-04-16 23:13:36,010][0m Trial 39 finished with value: 1.031187 and parameters: {'colsample_bytree': 0.6794677256590659, 'eta': 0.0006171577890169127, 'max_depth': 5, 'n_estimators': 667, 'subsample': 0.7831939952944096}. Best is trial 46 with value: 0.998462.[0m
[23:13:40] WARNING: ../src/learner.cc:576: 
Parameters: { "n_estimators" } might not be used.

  This could be a false alarm, with some parameters getting used by language bindings but
  then being mistakenly passed down to XGBoost core, or some parameter actually being used
  but getting flagged wrongly here. Please open an issue if you find any such cases.


[0]	train-rmse:1.05567	valid-rmse:1.05900
[460]	train-rmse:1.03473	valid-rmse:1.04002
[420]	train-rmse:1.04835	valid-rmse:1.05312
[520]	train-rmse:1.03469	valid-rmse:1.03812
[77]	train-rmse:0.98611	valid-rmse:0.99910
[32m[I 2022-04-16 23:14:22,865][0m Trial 47 finished with value: 0.998568 and parameters: {'colsample_bytree': 0.8829706666364441, 'eta': 0.17450735030003925, 'max_depth': 3, 'n_estimators': 934, 'subsample': 0.9818938872907593}. Best is trial 46 with value: 0.998462.[0m
[23:14:27] WARNING: ../src/learner.cc:576: 
Parameters: { "n_estimators" } might not be used.

  This could be a false alarm, with some parameters getting used by language bindings but
  then being mistakenly passed down to XGBoost core, or some parameter actually being used
  but getting flagged wrongly here. Please open an issue if you find any such cases.


[0]	train-rmse:1.09021	valid-rmse:1.09344
[320]	train-rmse:1.05502	valid-rmse:1.05841
[20]	train-rmse:0.99274	valid-rmse:0.99840
[540]	train-rmse:1.03324	valid-rmse:1.03668
[480]	train-rmse:1.03303	valid-rmse:1.03840
[440]	train-rmse:1.04664	valid-rmse:1.05147
[20]	train-rmse:1.01103	valid-rmse:1.01440
[340]	train-rmse:1.05299	valid-rmse:1.05639
[40]	train-rmse:0.98862	valid-rmse:0.99890
[560]	train-rmse:1.03185	valid-rmse:1.03529
[40]	train-rmse:0.99782	valid-rmse:1.00136
[360]	train-rmse:1.05103	valid-rmse:1.05443
[500]	train-rmse:1.03140	valid-rmse:1.03684
[460]	train-rmse:1.04498	valid-rmse:1.04987
[60]	train-rmse:0.98504	valid-rmse:0.99930
[580]	train-rmse:1.03051	valid-rmse:1.03395
[70]	train-rmse:0.98312	valid-rmse:0.99932
[32m[I 2022-04-16 23:17:46,157][0m Trial 48 finished with value: 0.998395 and parameters: {'colsample_bytree': 0.8867850872013032, 'eta': 0.2500144601124373, 'max_depth': 3, 'n_estimators': 950, 'subsample': 0.9950878624420878}. Best is trial 48 with value: 0.998395.[0m
[23:17:50] WARNING: ../src/learner.cc:576: 
Parameters: { "n_estimators" } might not be used.

  This could be a false alarm, with some parameters getting used by language bindings but
  then being mistakenly passed down to XGBoost core, or some parameter actually being used
  but getting flagged wrongly here. Please open an issue if you find any such cases.


[380]	train-rmse:1.04913	valid-rmse:1.05254
[60]	train-rmse:0.99514	valid-rmse:0.99908
[0]	train-rmse:1.03674	valid-rmse:1.04002
[520]	train-rmse:1.02982	valid-rmse:1.03534
[480]	train-rmse:1.04337	valid-rmse:1.04832
[600]	train-rmse:1.02922	valid-rmse:1.03266
[400]	train-rmse:1.04730	valid-rmse:1.05072
[80]	train-rmse:0.99399	valid-rmse:0.99860
[20]	train-rmse:0.99067	valid-rmse:0.99886
[620]	train-rmse:1.02798	valid-rmse:1.03142
[420]	train-rmse:1.04553	valid-rmse:1.04895
[540]	train-rmse:1.02831	valid-rmse:1.03389
[100]	train-rmse:0.99315	valid-rmse:0.99855
[40]	train-rmse:0.98467	valid-rmse:0.99944
[500]	train-rmse:1.04181	valid-rmse:1.04681
[640]	train-rmse:1.02678	valid-rmse:1.03023
[440]	train-rmse:1.04382	valid-rmse:1.04725
[120]	train-rmse:0.99231	valid-rmse:0.99846
[60]	train-rmse:0.97894	valid-rmse:1.00034
[560]	train-rmse:1.02685	valid-rmse:1.03251
[65]	train-rmse:0.97761	valid-rmse:1.00046
[32m[I 2022-04-16 23:21:50,131][0m Trial 50 finished with value: 0.998687 and parameters: {'colsample_bytree': 0.9210544104968224, 'eta': 0.3859817196541734, 'max_depth': 3, 'n_estimators': 946, 'subsample': 0.9984160906100953}. Best is trial 48 with value: 0.998395.[0m
[520]	train-rmse:1.04028	valid-rmse:1.04535
[23:21:54] WARNING: ../src/learner.cc:576: 
Parameters: { "n_estimators" } might not be used.

  This could be a false alarm, with some parameters getting used by language bindings but
  then being mistakenly passed down to XGBoost core, or some parameter actually being used
  but getting flagged wrongly here. Please open an issue if you find any such cases.


[0]	train-rmse:1.08504	valid-rmse:1.08909
[660]	train-rmse:1.02563	valid-rmse:1.02907
[460]	train-rmse:1.04217	valid-rmse:1.04560
[140]	train-rmse:0.99151	valid-rmse:0.99843
[580]	train-rmse:1.02545	valid-rmse:1.03118
[680]	train-rmse:1.02452	valid-rmse:1.02796
[480]	train-rmse:1.04058	valid-rmse:1.04401
[540]	train-rmse:1.03880	valid-rmse:1.04394
[160]	train-rmse:0.99075	valid-rmse:0.99843
[20]	train-rmse:0.98695	valid-rmse:1.00500
[500]	train-rmse:1.03904	valid-rmse:1.04247
[700]	train-rmse:1.02345	valid-rmse:1.02689
[180]	train-rmse:0.99009	valid-rmse:0.99842
[600]	train-rmse:1.02410	valid-rmse:1.02991
[560]	train-rmse:1.03737	valid-rmse:1.04256
[520]	train-rmse:1.03755	valid-rmse:1.04099
[720]	train-rmse:1.02242	valid-rmse:1.02586
[200]	train-rmse:0.98933	valid-rmse:0.99848
[620]	train-rmse:1.02280	valid-rmse:1.02868
[40]	train-rmse:0.97047	valid-rmse:0.99999
[540]	train-rmse:1.03611	valid-rmse:1.03955
[580]	train-rmse:1.03598	valid-rmse:1.04123
[740]	train-rmse:1.02143	valid-rmse:1.02487
[220]	train-rmse:0.98859	valid-rmse:0.99850
[224]	train-rmse:0.98844	valid-rmse:0.99852
[32m[I 2022-04-16 23:27:27,515][0m Trial 49 finished with value: 0.998417 and parameters: {'colsample_bytree': 0.8892584954252539, 'eta': 0.04645436126967898, 'max_depth': 3, 'n_estimators': 944, 'subsample': 0.9963794345553297}. Best is trial 48 with value: 0.998395.[0m
[23:27:31] WARNING: ../src/learner.cc:576: 
Parameters: { "n_estimators" } might not be used.

  This could be a false alarm, with some parameters getting used by language bindings but
  then being mistakenly passed down to XGBoost core, or some parameter actually being used
  but getting flagged wrongly here. Please open an issue if you find any such cases.


[0]	train-rmse:1.08882	valid-rmse:1.09209
[560]	train-rmse:1.03472	valid-rmse:1.03817
[760]	train-rmse:1.02047	valid-rmse:1.02391
[640]	train-rmse:1.02155	valid-rmse:1.02750
[600]	train-rmse:1.03463	valid-rmse:1.03995
[20]	train-rmse:1.00674	valid-rmse:1.01027
[60]	train-rmse:0.96029	valid-rmse:1.00000
[580]	train-rmse:1.03338	valid-rmse:1.03683
[780]	train-rmse:1.01955	valid-rmse:1.02299
[40]	train-rmse:0.99636	valid-rmse:1.00027
[660]	train-rmse:1.02035	valid-rmse:1.02637
[620]	train-rmse:1.03332	valid-rmse:1.03870
[600]	train-rmse:1.03208	valid-rmse:1.03553
[800]	train-rmse:1.01867	valid-rmse:1.02210
[60]	train-rmse:0.99433	valid-rmse:0.99888
[620]	train-rmse:1.03083	valid-rmse:1.03428
[80]	train-rmse:0.94897	valid-rmse:1.00048
[680]	train-rmse:1.01920	valid-rmse:1.02529
[820]	train-rmse:1.01781	valid-rmse:1.02125
[640]	train-rmse:1.03205	valid-rmse:1.03749
[80]	train-rmse:0.99317	valid-rmse:0.99870
[640]	train-rmse:1.02962	valid-rmse:1.03307
[840]	train-rmse:1.01699	valid-rmse:1.02042
[100]	train-rmse:0.99213	valid-rmse:0.99865
[700]	train-rmse:1.01809	valid-rmse:1.02424
[660]	train-rmse:1.03081	valid-rmse:1.03631
[660]	train-rmse:1.02845	valid-rmse:1.03191
[100]	train-rmse:0.93926	valid-rmse:1.00105
[32m[I 2022-04-16 23:33:23,600][0m Trial 51 finished with value: 0.999715 and parameters: {'colsample_bytree': 0.8453404129189962, 'eta': 0.07092634300744693, 'max_depth': 7, 'n_estimators': 810, 'subsample': 0.6991899025339869}. Best is trial 48 with value: 0.998395.[0m
[23:33:27] WARNING: ../src/learner.cc:576: 
Parameters: { "n_estimators" } might not be used.

  This could be a false alarm, with some parameters getting used by language bindings but
  then being mistakenly passed down to XGBoost core, or some parameter actually being used
  but getting flagged wrongly here. Please open an issue if you find any such cases.


[120]	train-rmse:0.99114	valid-rmse:0.99867
[860]	train-rmse:1.01620	valid-rmse:1.01963
[0]	train-rmse:1.02399	valid-rmse:1.02722
[680]	train-rmse:1.02732	valid-rmse:1.03078
[720]	train-rmse:1.01703	valid-rmse:1.02324
[140]	train-rmse:0.99012	valid-rmse:0.99866
[680]	train-rmse:1.02962	valid-rmse:1.03517
[20]	train-rmse:0.98948	valid-rmse:1.00004
[880]	train-rmse:1.01544	valid-rmse:1.01886
[700]	train-rmse:1.02623	valid-rmse:1.02969
[160]	train-rmse:0.98925	valid-rmse:0.99875
[40]	train-rmse:0.98252	valid-rmse:1.00179
[900]	train-rmse:1.01470	valid-rmse:1.01813
[740]	train-rmse:1.01599	valid-rmse:1.02228
[700]	train-rmse:1.02846	valid-rmse:1.03407
[178]	train-rmse:0.98850	valid-rmse:0.99878
[32m[I 2022-04-16 23:36:28,534][0m Trial 52 finished with value: 0.998631 and parameters: {'colsample_bytree': 0.8213800844377193, 'eta': 0.054121145946474214, 'max_depth': 3, 'n_estimators': 798, 'subsample': 0.8657874989057002}. Best is trial 48 with value: 0.998395.[0m
[720]	train-rmse:1.02518	valid-rmse:1.02864
[55]	train-rmse:0.97784	valid-rmse:1.00264
[32m[I 2022-04-16 23:36:30,858][0m Trial 53 finished with value: 0.998856 and parameters: {'colsample_bytree': 0.8960564644157953, 'eta': 0.49728583577984997, 'max_depth': 3, 'n_estimators': 1020, 'subsample': 0.8616239122510136}. Best is trial 48 with value: 0.998395.[0m
[23:36:32] WARNING: ../src/learner.cc:576: 
Parameters: { "n_estimators" } might not be used.

  This could be a false alarm, with some parameters getting used by language bindings but
  then being mistakenly passed down to XGBoost core, or some parameter actually being used
  but getting flagged wrongly here. Please open an issue if you find any such cases.


[23:36:34] WARNING: ../src/learner.cc:576: 
Parameters: { "n_estimators" } might not be used.

  This could be a false alarm, with some parameters getting used by language bindings but
  then being mistakenly passed down to XGBoost core, or some parameter actually being used
  but getting flagged wrongly here. Please open an issue if you find any such cases.


[0]	train-rmse:1.03012	valid-rmse:1.03353
[0]	train-rmse:1.06790	valid-rmse:1.07129
[920]	train-rmse:1.01399	valid-rmse:1.01742
[760]	train-rmse:1.01500	valid-rmse:1.02136
[740]	train-rmse:1.02416	valid-rmse:1.02762
[720]	train-rmse:1.02733	valid-rmse:1.03300
[20]	train-rmse:0.99396	valid-rmse:0.99863
[20]	train-rmse:0.98986	valid-rmse:0.99962
[940]	train-rmse:1.01331	valid-rmse:1.01674
[760]	train-rmse:1.02318	valid-rmse:1.02664
[40]	train-rmse:0.99088	valid-rmse:0.99855
[40]	train-rmse:0.98347	valid-rmse:1.00081
[780]	train-rmse:1.01405	valid-rmse:1.02047
[960]	train-rmse:1.01266	valid-rmse:1.01608
[740]	train-rmse:1.02623	valid-rmse:1.03196
[780]	train-rmse:1.02223	valid-rmse:1.02569
[57]	train-rmse:0.97876	valid-rmse:1.00148
[32m[I 2022-04-16 23:39:51,673][0m Trial 54 finished with value: 0.998886 and parameters: {'colsample_bytree': 0.8979154403345504, 'eta': 0.44102667078208013, 'max_depth': 3, 'n_estimators': 939, 'subsample': 0.9393184173454714}. Best is trial 48 with value: 0.998395.[0m
[23:39:55] WARNING: ../src/learner.cc:576: 
Parameters: { "n_estimators" } might not be used.

  This could be a false alarm, with some parameters getting used by language bindings but
  then being mistakenly passed down to XGBoost core, or some parameter actually being used
  but getting flagged wrongly here. Please open an issue if you find any such cases.


[60]	train-rmse:0.98794	valid-rmse:0.99881
[0]	train-rmse:1.06612	valid-rmse:1.07350
[980]	train-rmse:1.01202	valid-rmse:1.01544
[800]	train-rmse:1.01313	valid-rmse:1.01962
[800]	train-rmse:1.02132	valid-rmse:1.02477
[760]	train-rmse:1.02517	valid-rmse:1.03095
[78]	train-rmse:0.98546	valid-rmse:0.99894
[32m[I 2022-04-16 23:40:56,565][0m Trial 55 finished with value: 0.998494 and parameters: {'colsample_bytree': 0.8765172699897716, 'eta': 0.1731435496300982, 'max_depth': 3, 'n_estimators': 946, 'subsample': 0.9381108824116203}. Best is trial 48 with value: 0.998395.[0m
[23:41:00] WARNING: ../src/learner.cc:576: 
Parameters: { "n_estimators" } might not be used.

  This could be a false alarm, with some parameters getting used by language bindings but
  then being mistakenly passed down to XGBoost core, or some parameter actually being used
  but getting flagged wrongly here. Please open an issue if you find any such cases.


[0]	train-rmse:1.06509	valid-rmse:1.07138
[999]	train-rmse:1.01144	valid-rmse:1.01486
