[32m[I 2022-04-15 11:04:54,761][0m Trial 120 finished with value: 0.998733 and parameters: {'colsample_bytree': 0.5637711738344126, 'eta': 0.016171012965277246, 'max_depth': 3, 'n_estimators': 68, 'subsample': 0.7000391887558043}. Best is trial 117 with value: 0.998633.[0m
[11:04:59] WARNING: ../src/learner.cc:576: 
Parameters: { "n_estimators" } might not be used.

  This could be a false alarm, with some parameters getting used by language bindings but
  then being mistakenly passed down to XGBoost core, or some parameter actually being used
  but getting flagged wrongly here. Please open an issue if you find any such cases.


[0]	train-rmse:1.09876	valid-rmse:1.10366
[40]	train-rmse:1.07197	valid-rmse:1.07701
[100]	train-rmse:1.00132	valid-rmse:1.00448
[200]	train-rmse:0.99518	valid-rmse:0.99893
[40]	train-rmse:0.99851	valid-rmse:1.00154
[20]	train-rmse:1.08312	valid-rmse:1.08777
[220]	train-rmse:0.99489	valid-rmse:0.99886
[40]	train-rmse:0.98246	valid-rmse:1.00067
[120]	train-rmse:0.99884	valid-rmse:1.00201
[40]	train-rmse:1.06981	valid-rmse:1.07423
[60]	train-rmse:0.99581	valid-rmse:0.99920
[240]	train-rmse:0.99463	valid-rmse:0.99882
[60]	train-rmse:1.06114	valid-rmse:1.06625
[60]	train-rmse:1.05849	valid-rmse:1.06273
[140]	train-rmse:0.99733	valid-rmse:1.00058
[260]	train-rmse:0.99437	valid-rmse:0.99881
[80]	train-rmse:0.99465	valid-rmse:0.99887
[80]	train-rmse:1.04888	valid-rmse:1.05296
[280]	train-rmse:0.99408	valid-rmse:0.99879
[160]	train-rmse:0.99641	valid-rmse:0.99976
[60]	train-rmse:0.97534	valid-rmse:1.00137
[100]	train-rmse:1.04074	valid-rmse:1.04466
[300]	train-rmse:0.99384	valid-rmse:0.99878
[80]	train-rmse:1.05176	valid-rmse:1.05695
[100]	train-rmse:0.99394	valid-rmse:0.99878
[68]	train-rmse:0.97222	valid-rmse:1.00224
[32m[I 2022-04-15 11:10:08,777][0m Trial 125 finished with value: 0.999958 and parameters: {'colsample_bytree': 0.9473163714578839, 'eta': 0.14667169063954014, 'max_depth': 5, 'n_estimators': 76, 'subsample': 0.8071906894753437}. Best is trial 117 with value: 0.998633.[0m
[11:10:13] WARNING: ../src/learner.cc:576: 
Parameters: { "n_estimators" } might not be used.

  This could be a false alarm, with some parameters getting used by language bindings but
  then being mistakenly passed down to XGBoost core, or some parameter actually being used
  but getting flagged wrongly here. Please open an issue if you find any such cases.


[180]	train-rmse:0.99578	valid-rmse:0.99929
[0]	train-rmse:1.09884	valid-rmse:1.10374
[320]	train-rmse:0.99357	valid-rmse:0.99883
[120]	train-rmse:1.03385	valid-rmse:1.03765
[120]	train-rmse:0.99332	valid-rmse:0.99888
[340]	train-rmse:0.99333	valid-rmse:0.99888
[20]	train-rmse:1.08449	valid-rmse:1.08917
[140]	train-rmse:1.02800	valid-rmse:1.03170
[200]	train-rmse:0.99532	valid-rmse:0.99905
[347]	train-rmse:0.99325	valid-rmse:0.99890
[32m[I 2022-04-15 11:11:27,664][0m Trial 122 finished with value: 0.998759 and parameters: {'colsample_bytree': 0.5110223396737993, 'eta': 0.016663999075705167, 'max_depth': 3, 'n_estimators': 121, 'subsample': 0.8029580766817149}. Best is trial 117 with value: 0.998633.[0m
[11:11:32] WARNING: ../src/learner.cc:576: 
Parameters: { "n_estimators" } might not be used.

  This could be a false alarm, with some parameters getting used by language bindings but
  then being mistakenly passed down to XGBoost core, or some parameter actually being used
  but getting flagged wrongly here. Please open an issue if you find any such cases.


[0]	train-rmse:1.09042	valid-rmse:1.09521
[100]	train-rmse:1.04364	valid-rmse:1.04891
[40]	train-rmse:1.07209	valid-rmse:1.07658
[160]	train-rmse:1.02306	valid-rmse:1.02665
[140]	train-rmse:0.99268	valid-rmse:0.99898
[20]	train-rmse:1.01011	valid-rmse:1.01325
[220]	train-rmse:0.99495	valid-rmse:0.99893
[60]	train-rmse:1.06141	valid-rmse:1.06571
[149]	train-rmse:0.99236	valid-rmse:0.99902
[32m[I 2022-04-15 11:13:01,568][0m Trial 126 finished with value: 0.998775 and parameters: {'colsample_bytree': 0.9354552924071725, 'eta': 0.04577956882193327, 'max_depth': 3, 'n_estimators': 116, 'subsample': 0.799761331788525}. Best is trial 117 with value: 0.998633.[0m
[180]	train-rmse:1.01887	valid-rmse:1.02235
[11:13:06] WARNING: ../src/learner.cc:576: 
Parameters: { "n_estimators" } might not be used.

  This could be a false alarm, with some parameters getting used by language bindings but
  then being mistakenly passed down to XGBoost core, or some parameter actually being used
  but getting flagged wrongly here. Please open an issue if you find any such cases.


[0]	train-rmse:1.09469	valid-rmse:1.09954
[40]	train-rmse:0.99790	valid-rmse:1.00092
[80]	train-rmse:1.05220	valid-rmse:1.05634
[240]	train-rmse:0.99462	valid-rmse:0.99886
[120]	train-rmse:1.03662	valid-rmse:1.04201
[200]	train-rmse:1.01535	valid-rmse:1.01875
[60]	train-rmse:0.99560	valid-rmse:0.99894
[20]	train-rmse:1.03258	valid-rmse:1.03632
[100]	train-rmse:1.04428	valid-rmse:1.04828
[80]	train-rmse:0.99461	valid-rmse:0.99866
[220]	train-rmse:1.01236	valid-rmse:1.01567
[40]	train-rmse:1.00947	valid-rmse:1.01272
[260]	train-rmse:0.99433	valid-rmse:0.99884
[120]	train-rmse:1.03747	valid-rmse:1.04135
[100]	train-rmse:0.99390	valid-rmse:0.99890
[60]	train-rmse:1.00095	valid-rmse:1.00394
[240]	train-rmse:1.00984	valid-rmse:1.01307
[140]	train-rmse:1.03053	valid-rmse:1.03602
[280]	train-rmse:0.99406	valid-rmse:0.99882
[140]	train-rmse:1.03159	valid-rmse:1.03539
[120]	train-rmse:0.99320	valid-rmse:0.99897
[80]	train-rmse:0.99763	valid-rmse:1.00071
[260]	train-rmse:1.00771	valid-rmse:1.01090
[128]	train-rmse:0.99294	valid-rmse:0.99898
[32m[I 2022-04-15 11:16:52,202][0m Trial 129 finished with value: 0.998608 and parameters: {'colsample_bytree': 0.5767472439671071, 'eta': 0.048579631770603864, 'max_depth': 3, 'n_estimators': 150, 'subsample': 0.7297237737210818}. Best is trial 129 with value: 0.998608.[0m
[11:16:56] WARNING: ../src/learner.cc:576: 
Parameters: { "n_estimators" } might not be used.

  This could be a false alarm, with some parameters getting used by language bindings but
  then being mistakenly passed down to XGBoost core, or some parameter actually being used
  but getting flagged wrongly here. Please open an issue if you find any such cases.


[160]	train-rmse:1.02655	valid-rmse:1.03024
[0]	train-rmse:1.09468	valid-rmse:1.09955
[300]	train-rmse:0.99383	valid-rmse:0.99882
[100]	train-rmse:0.99620	valid-rmse:0.99950
[280]	train-rmse:1.00589	valid-rmse:1.00906
[20]	train-rmse:1.03252	valid-rmse:1.03633
[180]	train-rmse:1.02221	valid-rmse:1.02580
[160]	train-rmse:1.02526	valid-rmse:1.03087
[120]	train-rmse:0.99542	valid-rmse:0.99906
[300]	train-rmse:1.00436	valid-rmse:1.00749
[320]	train-rmse:0.99358	valid-rmse:0.99886
[40]	train-rmse:1.00937	valid-rmse:1.01263
[200]	train-rmse:1.01851	valid-rmse:1.02201
[140]	train-rmse:0.99489	valid-rmse:0.99884
[320]	train-rmse:1.00306	valid-rmse:1.00614
[60]	train-rmse:1.00084	valid-rmse:1.00400
[220]	train-rmse:1.01532	valid-rmse:1.01873
[340]	train-rmse:0.99333	valid-rmse:0.99888
[180]	train-rmse:1.02068	valid-rmse:1.02642
[160]	train-rmse:0.99443	valid-rmse:0.99880
[340]	train-rmse:1.00195	valid-rmse:1.00502
[240]	train-rmse:1.01260	valid-rmse:1.01593
[80]	train-rmse:0.99756	valid-rmse:1.00079
[353]	train-rmse:0.99318	valid-rmse:0.99887
[32m[I 2022-04-15 11:20:56,942][0m Trial 123 finished with value: 0.998808 and parameters: {'colsample_bytree': 0.9299193410254273, 'eta': 0.01518469562228257, 'max_depth': 3, 'n_estimators': 89, 'subsample': 0.6748390971322322}. Best is trial 129 with value: 0.998608.[0m
[11:21:02] WARNING: ../src/learner.cc:576: 
Parameters: { "n_estimators" } might not be used.

  This could be a false alarm, with some parameters getting used by language bindings but
  then being mistakenly passed down to XGBoost core, or some parameter actually being used
  but getting flagged wrongly here. Please open an issue if you find any such cases.


[0]	train-rmse:1.09469	valid-rmse:1.09953
[180]	train-rmse:0.99403	valid-rmse:0.99869
[360]	train-rmse:1.00100	valid-rmse:1.00406
[260]	train-rmse:1.01024	valid-rmse:1.01352
[100]	train-rmse:0.99614	valid-rmse:0.99958
[200]	train-rmse:0.99361	valid-rmse:0.99869
[20]	train-rmse:1.03258	valid-rmse:1.03632
[380]	train-rmse:1.00019	valid-rmse:1.00324
[280]	train-rmse:1.00822	valid-rmse:1.01145
[120]	train-rmse:0.99540	valid-rmse:0.99917
[200]	train-rmse:1.01673	valid-rmse:1.02261
[220]	train-rmse:0.99320	valid-rmse:0.99872
[300]	train-rmse:1.00648	valid-rmse:1.00967
[140]	train-rmse:0.99485	valid-rmse:0.99900
[400]	train-rmse:0.99952	valid-rmse:1.00256
[40]	train-rmse:1.00946	valid-rmse:1.01269
[240]	train-rmse:0.99280	valid-rmse:0.99875
[160]	train-rmse:0.99440	valid-rmse:0.99894
[320]	train-rmse:1.00500	valid-rmse:1.00815
[420]	train-rmse:0.99892	valid-rmse:1.00196
[250]	train-rmse:0.99262	valid-rmse:0.99874
[220]	train-rmse:1.01333	valid-rmse:1.01931
[32m[I 2022-04-15 11:24:57,626][0m Trial 130 finished with value: 0.998669 and parameters: {'colsample_bytree': 0.6071797230121726, 'eta': 0.02573751189292882, 'max_depth': 3, 'n_estimators': 188, 'subsample': 0.7325935360704777}. Best is trial 129 with value: 0.998608.[0m
[11:25:03] WARNING: ../src/learner.cc:576: 
Parameters: { "n_estimators" } might not be used.

  This could be a false alarm, with some parameters getting used by language bindings but
  then being mistakenly passed down to XGBoost core, or some parameter actually being used
  but getting flagged wrongly here. Please open an issue if you find any such cases.


[60]	train-rmse:1.00089	valid-rmse:1.00389
[0]	train-rmse:1.09486	valid-rmse:1.09971
[180]	train-rmse:0.99400	valid-rmse:0.99889
[340]	train-rmse:1.00371	valid-rmse:1.00683
[440]	train-rmse:0.99841	valid-rmse:1.00146
[20]	train-rmse:1.03399	valid-rmse:1.03771
[360]	train-rmse:1.00261	valid-rmse:1.00570
[80]	train-rmse:0.99752	valid-rmse:1.00059
[200]	train-rmse:0.99359	valid-rmse:0.99896
[460]	train-rmse:0.99798	valid-rmse:1.00104
2022-04-15 11:30:57.899 | WARNING  | qlib.tests.data:qlib_data:150 - Data already exists: ~/igorlima/igor_tcc/qlib_data/br_data, the data download will be skipped
	If downloading is required: `exists_skip=False` or `change target_dir`
[115868:MainThread](2022-04-15 11:30:57,899) INFO - qlib.Initialization - [config.py:402] - default_conf: client.
[115868:MainThread](2022-04-15 11:30:58,231) INFO - qlib.Initialization - [__init__.py:74] - qlib successfully initialized based on client settings.
[115868:MainThread](2022-04-15 11:30:58,231) INFO - qlib.Initialization - [__init__.py:76] - data_path={'__DEFAULT_FREQ': PosixPath('/home/lisa/igorlima/igor_tcc/qlib_data/br_data')}
[115868:MainThread](2022-04-15 11:30:58,231) INFO - qlib.Hyperparameter - [hyperparameter_360_XGBoost_br.py:83] - Dataset intialization
[115868:MainThread](2022-04-15 11:31:06,878) INFO - qlib.timer - [log.py:113] - Time cost: 8.643s | Loading data Done
[115868:MainThread](2022-04-15 11:31:07,054) INFO - qlib.timer - [log.py:113] - Time cost: 0.063s | DropnaLabel Done
/home/lisa/miniconda3/envs/igor_tcc/lib/python3.8/site-packages/qlib/data/dataset/processor.py:347: SettingWithCopyWarning: 
A value is trying to be set on a copy of a slice from a DataFrame.
Try using .loc[row_indexer,col_indexer] = value instead

See the caveats in the documentation: https://pandas.pydata.org/pandas-docs/stable/user_guide/indexing.html#returning-a-view-versus-a-copy
  df[cols] = t
[115868:MainThread](2022-04-15 11:31:07,218) INFO - qlib.timer - [log.py:113] - Time cost: 0.163s | CSRankNorm Done
[115868:MainThread](2022-04-15 11:31:07,218) INFO - qlib.timer - [log.py:113] - Time cost: 0.340s | fit & process data Done
[115868:MainThread](2022-04-15 11:31:07,219) INFO - qlib.timer - [log.py:113] - Time cost: 8.985s | Init data Done
[115868:MainThread](2022-04-15 11:31:07,219) INFO - qlib.Hyperparameter - [hyperparameter_360_XGBoost_br.py:86] - Start parameter tuning
[11:31:12] WARNING: ../src/learner.cc:576: 
Parameters: { "n_estimators" } might not be used.

  This could be a false alarm, with some parameters getting used by language bindings but
  then being mistakenly passed down to XGBoost core, or some parameter actually being used
  but getting flagged wrongly here. Please open an issue if you find any such cases.


[11:31:13] WARNING: ../src/learner.cc:576: 
Parameters: { "n_estimators" } might not be used.

  This could be a false alarm, with some parameters getting used by language bindings but
  then being mistakenly passed down to XGBoost core, or some parameter actually being used
  but getting flagged wrongly here. Please open an issue if you find any such cases.


[11:31:14] WARNING: ../src/learner.cc:576: 
Parameters: { "n_estimators" } might not be used.

  This could be a false alarm, with some parameters getting used by language bindings but
  then being mistakenly passed down to XGBoost core, or some parameter actually being used
  but getting flagged wrongly here. Please open an issue if you find any such cases.


[11:31:16] WARNING: ../src/learner.cc:576: 
Parameters: { "n_estimators" } might not be used.

  This could be a false alarm, with some parameters getting used by language bindings but
  then being mistakenly passed down to XGBoost core, or some parameter actually being used
  but getting flagged wrongly here. Please open an issue if you find any such cases.


[11:31:12] WARNING: ../src/learner.cc:576: 
Parameters: { "n_estimators" } might not be used.

  This could be a false alarm, with some parameters getting used by language bindings but
  then being mistakenly passed down to XGBoost core, or some parameter actually being used
  but getting flagged wrongly here. Please open an issue if you find any such cases.


[0]	train-rmse:1.09920	valid-rmse:1.10400
[11:31:17] WARNING: ../src/learner.cc:576: 
Parameters: { "n_estimators" } might not be used.

  This could be a false alarm, with some parameters getting used by language bindings but
  then being mistakenly passed down to XGBoost core, or some parameter actually being used
  but getting flagged wrongly here. Please open an issue if you find any such cases.


[0]	train-rmse:1.09920	valid-rmse:1.10400
[0]	train-rmse:1.09601	valid-rmse:1.10084
[0]	train-rmse:1.09909	valid-rmse:1.10390
[0]	train-rmse:1.09653	valid-rmse:1.10142
[0]	train-rmse:1.09920	valid-rmse:1.10400
[20]	train-rmse:1.09920	valid-rmse:1.10400
[40]	train-rmse:1.09920	valid-rmse:1.10400
[20]	train-rmse:1.04828	valid-rmse:1.05360
[20]	train-rmse:1.09918	valid-rmse:1.10399
[60]	train-rmse:1.09920	valid-rmse:1.10400
[20]	train-rmse:1.05428	valid-rmse:1.06123
[80]	train-rmse:1.09920	valid-rmse:1.10400
[20]	train-rmse:1.09916	valid-rmse:1.10397
[100]	train-rmse:1.09919	valid-rmse:1.10400
[40]	train-rmse:1.02222	valid-rmse:1.02810
[20]	train-rmse:1.09680	valid-rmse:1.10181
[40]	train-rmse:1.09917	valid-rmse:1.10397
[40]	train-rmse:1.02750	valid-rmse:1.03679
[120]	train-rmse:1.09919	valid-rmse:1.10400
[140]	train-rmse:1.09919	valid-rmse:1.10400
[60]	train-rmse:1.00804	valid-rmse:1.01445
[160]	train-rmse:1.09919	valid-rmse:1.10400
[60]	train-rmse:1.01042	valid-rmse:1.02186
[60]	train-rmse:1.09915	valid-rmse:1.10396
[180]	train-rmse:1.09919	valid-rmse:1.10400
[40]	train-rmse:1.09913	valid-rmse:1.10393
[200]	train-rmse:1.09919	valid-rmse:1.10400
[80]	train-rmse:1.00013	valid-rmse:1.00719
[220]	train-rmse:1.09919	valid-rmse:1.10400
[40]	train-rmse:1.09456	valid-rmse:1.09976
[80]	train-rmse:0.99933	valid-rmse:1.01288
[80]	train-rmse:1.09914	valid-rmse:1.10394
[240]	train-rmse:1.09919	valid-rmse:1.10400
[100]	train-rmse:0.99558	valid-rmse:1.00336
[260]	train-rmse:1.09919	valid-rmse:1.10399
[60]	train-rmse:1.09909	valid-rmse:1.10390
[280]	train-rmse:1.09919	valid-rmse:1.10399
[100]	train-rmse:0.99222	valid-rmse:1.00742
[100]	train-rmse:1.09912	valid-rmse:1.10393
[300]	train-rmse:1.09919	valid-rmse:1.10399
[120]	train-rmse:0.99281	valid-rmse:1.00120
[320]	train-rmse:1.09919	valid-rmse:1.10399
[60]	train-rmse:1.09234	valid-rmse:1.09775
[120]	train-rmse:0.98741	valid-rmse:1.00412
[340]	train-rmse:1.09919	valid-rmse:1.10399
[120]	train-rmse:1.09910	valid-rmse:1.10391
[140]	train-rmse:0.99096	valid-rmse:1.00009
[360]	train-rmse:1.09919	valid-rmse:1.10399
[80]	train-rmse:1.09905	valid-rmse:1.10386
[380]	train-rmse:1.09919	valid-rmse:1.10399
[140]	train-rmse:0.98382	valid-rmse:1.00218
[140]	train-rmse:1.09909	valid-rmse:1.10390
[400]	train-rmse:1.09919	valid-rmse:1.10399
[160]	train-rmse:0.98954	valid-rmse:0.99952
[420]	train-rmse:1.09918	valid-rmse:1.10399
[440]	train-rmse:1.09918	valid-rmse:1.10399
[160]	train-rmse:0.98115	valid-rmse:1.00099
[80]	train-rmse:1.09016	valid-rmse:1.09578
[100]	train-rmse:1.09902	valid-rmse:1.10383
[160]	train-rmse:1.09908	valid-rmse:1.10388
[180]	train-rmse:0.98834	valid-rmse:0.99923
[460]	train-rmse:1.09918	valid-rmse:1.10399
[480]	train-rmse:1.09918	valid-rmse:1.10399
[180]	train-rmse:0.97885	valid-rmse:1.00024
[500]	train-rmse:1.09918	valid-rmse:1.10398
[200]	train-rmse:0.98719	valid-rmse:0.99909
[180]	train-rmse:1.09906	valid-rmse:1.10387
[520]	train-rmse:1.09918	valid-rmse:1.10398
[120]	train-rmse:1.09898	valid-rmse:1.10379
[540]	train-rmse:1.09918	valid-rmse:1.10398
[200]	train-rmse:0.97691	valid-rmse:0.99984
[100]	train-rmse:1.08802	valid-rmse:1.09385
[220]	train-rmse:0.98630	valid-rmse:0.99898
[560]	train-rmse:1.09918	valid-rmse:1.10398
[200]	train-rmse:1.09904	valid-rmse:1.10385
[580]	train-rmse:1.09918	valid-rmse:1.10398
[220]	train-rmse:0.97510	valid-rmse:0.99957
[600]	train-rmse:1.09918	valid-rmse:1.10398
[240]	train-rmse:0.98535	valid-rmse:0.99894
[220]	train-rmse:1.09903	valid-rmse:1.10384
[140]	train-rmse:1.09895	valid-rmse:1.10376
[620]	train-rmse:1.09918	valid-rmse:1.10398
[640]	train-rmse:1.09918	valid-rmse:1.10398
[240]	train-rmse:0.97356	valid-rmse:0.99942
[120]	train-rmse:1.08590	valid-rmse:1.09196
[260]	train-rmse:0.98446	valid-rmse:0.99886
[660]	train-rmse:1.09918	valid-rmse:1.10398
[240]	train-rmse:1.09901	valid-rmse:1.10382
[680]	train-rmse:1.09918	valid-rmse:1.10398
[700]	train-rmse:1.09917	valid-rmse:1.10398
[260]	train-rmse:0.97224	valid-rmse:0.99934
[160]	train-rmse:1.09891	valid-rmse:1.10372
[280]	train-rmse:0.98361	valid-rmse:0.99888
[720]	train-rmse:1.09917	valid-rmse:1.10398
[260]	train-rmse:1.09899	valid-rmse:1.10381
[740]	train-rmse:1.09917	valid-rmse:1.10397
[300]	train-rmse:0.98269	valid-rmse:0.99892
[280]	train-rmse:0.97064	valid-rmse:0.99933
[760]	train-rmse:1.09917	valid-rmse:1.10397
[140]	train-rmse:1.08384	valid-rmse:1.09010
[780]	train-rmse:1.09917	valid-rmse:1.10397
[280]	train-rmse:1.09898	valid-rmse:1.10379
[312]	train-rmse:0.98208	valid-rmse:0.99890
/home/lisa/miniconda3/envs/igor_tcc/lib/python3.8/site-packages/optuna/study/study.py:393: FutureWarning: `n_jobs` argument has been deprecated in v2.7.0. This feature will be removed in v4.0.0. See https://github.com/optuna/optuna/releases/tag/v2.7.0.
  warnings.warn(
/home/lisa/miniconda3/envs/igor_tcc/lib/python3.8/site-packages/xgboost/compat.py:36: FutureWarning: pandas.Int64Index is deprecated and will be removed from pandas in a future version. Use pandas.Index with the appropriate dtype instead.
  from pandas import MultiIndex, Int64Index
[32m[I 2022-04-15 11:51:48,998][0m Trial 2 finished with value: 0.998858 and parameters: {'colsample_bytree': 0.5179882902095794, 'eta': 0.016418908893338465, 'max_depth': 5, 'n_estimators': 939, 'subsample': 0.7725605196130021}. Best is trial 2 with value: 0.998858.[0m
[180]	train-rmse:1.09887	valid-rmse:1.10369
[11:51:54] WARNING: ../src/learner.cc:576: 
Parameters: { "n_estimators" } might not be used.

  This could be a false alarm, with some parameters getting used by language bindings but
  then being mistakenly passed down to XGBoost core, or some parameter actually being used
  but getting flagged wrongly here. Please open an issue if you find any such cases.


[800]	train-rmse:1.09917	valid-rmse:1.10397
[0]	train-rmse:1.07707	valid-rmse:1.08193
[300]	train-rmse:0.96902	valid-rmse:0.99935
[820]	train-rmse:1.09917	valid-rmse:1.10397
[840]	train-rmse:1.09917	valid-rmse:1.10397
[300]	train-rmse:1.09896	valid-rmse:1.10377
[860]	train-rmse:1.09917	valid-rmse:1.10397
[320]	train-rmse:0.96741	valid-rmse:0.99935
[160]	train-rmse:1.08181	valid-rmse:1.08828
[880]	train-rmse:1.09917	valid-rmse:1.10397
[324]	train-rmse:0.96714	valid-rmse:0.99935
[200]	train-rmse:1.09884	valid-rmse:1.10365
[32m[I 2022-04-15 11:54:05,696][0m Trial 5 finished with value: 0.999315 and parameters: {'colsample_bytree': 0.2739470667224804, 'eta': 0.013187324364481324, 'max_depth': 7, 'n_estimators': 569, 'subsample': 0.9849582588433994}. Best is trial 2 with value: 0.998858.[0m
[11:54:11] WARNING: ../src/learner.cc:576: 
Parameters: { "n_estimators" } might not be used.

  This could be a false alarm, with some parameters getting used by language bindings but
  then being mistakenly passed down to XGBoost core, or some parameter actually being used
  but getting flagged wrongly here. Please open an issue if you find any such cases.


[0]	train-rmse:1.09920	valid-rmse:1.10400
[20]	train-rmse:0.98992	valid-rmse:1.00023
[320]	train-rmse:1.09895	valid-rmse:1.10376
[900]	train-rmse:1.09917	valid-rmse:1.10397
[920]	train-rmse:1.09917	valid-rmse:1.10397
[940]	train-rmse:1.09917	valid-rmse:1.10397
[340]	train-rmse:1.09893	valid-rmse:1.10374
[960]	train-rmse:1.09916	valid-rmse:1.10397
[220]	train-rmse:1.09880	valid-rmse:1.10362
[980]	train-rmse:1.09916	valid-rmse:1.10397
[40]	train-rmse:0.98294	valid-rmse:0.99994
[180]	train-rmse:1.07981	valid-rmse:1.08649
[20]	train-rmse:1.09920	valid-rmse:1.10400
[999]	train-rmse:1.09916	valid-rmse:1.10397
