[32m[I 2022-04-17 06:38:41,246][0m Trial 134 finished with value: 0.998501 and parameters: {'colsample_bytree': 0.9287356591568188, 'eta': 0.0062795980510117295, 'max_depth': 3, 'n_estimators': 2, 'subsample': 0.9649974601802734}. Best is trial 143 with value: 0.998394.[0m
[06:38:45] WARNING: ../src/learner.cc:576: 
Parameters: { "n_estimators" } might not be used.

  This could be a false alarm, with some parameters getting used by language bindings but
  then being mistakenly passed down to XGBoost core, or some parameter actually being used
  but getting flagged wrongly here. Please open an issue if you find any such cases.


[0]	train-rmse:1.09714	valid-rmse:1.10033
[120]	train-rmse:0.99430	valid-rmse:0.99882
[60]	train-rmse:1.01054	valid-rmse:1.01395
[440]	train-rmse:0.99048	valid-rmse:0.99844
[140]	train-rmse:1.04518	valid-rmse:1.04862
[80]	train-rmse:1.00373	valid-rmse:1.00708
[20]	train-rmse:1.06524	valid-rmse:1.06859
[80]	train-rmse:1.00345	valid-rmse:1.00687
[140]	train-rmse:0.99369	valid-rmse:0.99864
[160]	train-rmse:1.04024	valid-rmse:1.04369
[100]	train-rmse:0.99983	valid-rmse:1.00322
[460]	train-rmse:0.99021	valid-rmse:0.99844
[40]	train-rmse:1.04323	valid-rmse:1.04665
[100]	train-rmse:0.99962	valid-rmse:1.00309
[160]	train-rmse:0.99313	valid-rmse:0.99858
[469]	train-rmse:0.99006	valid-rmse:0.99844
[32m[I 2022-04-17 06:41:08,089][0m Trial 146 finished with value: 0.998428 and parameters: {'colsample_bytree': 0.8894892222426852, 'eta': 0.017955058542173972, 'max_depth': 3, 'n_estimators': 381, 'subsample': 0.9994031327170381}. Best is trial 143 with value: 0.998394.[0m
[06:41:12] WARNING: ../src/learner.cc:576: 
Parameters: { "n_estimators" } might not be used.

  This could be a false alarm, with some parameters getting used by language bindings but
  then being mistakenly passed down to XGBoost core, or some parameter actually being used
  but getting flagged wrongly here. Please open an issue if you find any such cases.


[0]	train-rmse:1.09411	valid-rmse:1.09732
[180]	train-rmse:1.03578	valid-rmse:1.03924
[120]	train-rmse:0.99768	valid-rmse:1.00114
[60]	train-rmse:1.02813	valid-rmse:1.03158
[120]	train-rmse:0.99750	valid-rmse:1.00105
[180]	train-rmse:0.99265	valid-rmse:0.99855
[20]	train-rmse:1.03218	valid-rmse:1.03565
[200]	train-rmse:1.03177	valid-rmse:1.03524
[140]	train-rmse:0.99638	valid-rmse:1.00000
[80]	train-rmse:1.01780	valid-rmse:1.02125
[140]	train-rmse:0.99622	valid-rmse:0.99993
[200]	train-rmse:0.99218	valid-rmse:0.99855
[220]	train-rmse:1.02815	valid-rmse:1.03162
[40]	train-rmse:1.00906	valid-rmse:1.01248
[160]	train-rmse:0.99559	valid-rmse:0.99936
[100]	train-rmse:1.01074	valid-rmse:1.01416
[160]	train-rmse:0.99542	valid-rmse:0.99931
[220]	train-rmse:0.99171	valid-rmse:0.99855
[240]	train-rmse:1.02490	valid-rmse:1.02837
[180]	train-rmse:0.99504	valid-rmse:0.99900
[60]	train-rmse:1.00048	valid-rmse:1.00386
[120]	train-rmse:1.00591	valid-rmse:1.00932
[180]	train-rmse:0.99485	valid-rmse:0.99896
[260]	train-rmse:1.02198	valid-rmse:1.02544
[240]	train-rmse:0.99125	valid-rmse:0.99858
[200]	train-rmse:0.99461	valid-rmse:0.99879
[80]	train-rmse:0.99702	valid-rmse:1.00064
[200]	train-rmse:0.99441	valid-rmse:0.99876
[140]	train-rmse:1.00258	valid-rmse:1.00599
[255]	train-rmse:0.99094	valid-rmse:0.99859
[32m[I 2022-04-17 06:46:22,238][0m Trial 152 finished with value: 0.998537 and parameters: {'colsample_bytree': 0.8821506366951988, 'eta': 0.027688771340589533, 'max_depth': 3, 'n_estimators': 174, 'subsample': 0.9511843712658324}. Best is trial 143 with value: 0.998394.[0m
[06:46:26] WARNING: ../src/learner.cc:576: 
Parameters: { "n_estimators" } might not be used.

  This could be a false alarm, with some parameters getting used by language bindings but
  then being mistakenly passed down to XGBoost core, or some parameter actually being used
  but getting flagged wrongly here. Please open an issue if you find any such cases.


[280]	train-rmse:1.01934	valid-rmse:1.02280
[0]	train-rmse:1.09849	valid-rmse:1.10167
[220]	train-rmse:0.99424	valid-rmse:0.99866
[100]	train-rmse:0.99550	valid-rmse:0.99938
[220]	train-rmse:0.99405	valid-rmse:0.99864
[160]	train-rmse:1.00029	valid-rmse:1.00373
[300]	train-rmse:1.01696	valid-rmse:1.02043
[20]	train-rmse:1.08774	valid-rmse:1.09098
[240]	train-rmse:0.99391	valid-rmse:0.99858
[240]	train-rmse:0.99374	valid-rmse:0.99855
[120]	train-rmse:0.99472	valid-rmse:0.99886
[180]	train-rmse:0.99867	valid-rmse:1.00217
[320]	train-rmse:1.01481	valid-rmse:1.01828
[40]	train-rmse:1.07808	valid-rmse:1.08137
[260]	train-rmse:0.99361	valid-rmse:0.99853
[260]	train-rmse:0.99345	valid-rmse:0.99850
[200]	train-rmse:0.99753	valid-rmse:1.00109
[140]	train-rmse:0.99411	valid-rmse:0.99864
[340]	train-rmse:1.01289	valid-rmse:1.01635
[60]	train-rmse:1.06941	valid-rmse:1.07274
[280]	train-rmse:0.99334	valid-rmse:0.99852
[280]	train-rmse:0.99312	valid-rmse:0.99848
[220]	train-rmse:0.99669	valid-rmse:1.00034
[160]	train-rmse:0.99358	valid-rmse:0.99855
[360]	train-rmse:1.01116	valid-rmse:1.01462
[80]	train-rmse:1.06164	valid-rmse:1.06500
[300]	train-rmse:0.99307	valid-rmse:0.99850
[300]	train-rmse:0.99284	valid-rmse:0.99846
[240]	train-rmse:0.99608	valid-rmse:0.99982
[180]	train-rmse:0.99312	valid-rmse:0.99852
[380]	train-rmse:1.00960	valid-rmse:1.01304
[100]	train-rmse:1.05467	valid-rmse:1.05806
[320]	train-rmse:0.99279	valid-rmse:0.99848
[320]	train-rmse:0.99255	valid-rmse:0.99845
[260]	train-rmse:0.99560	valid-rmse:0.99944
[400]	train-rmse:1.00818	valid-rmse:1.01163
[200]	train-rmse:0.99265	valid-rmse:0.99852
[120]	train-rmse:1.04843	valid-rmse:1.05184
[340]	train-rmse:0.99250	valid-rmse:0.99847
[340]	train-rmse:0.99227	valid-rmse:0.99845
[280]	train-rmse:0.99520	valid-rmse:0.99918
[420]	train-rmse:1.00692	valid-rmse:1.01036
[140]	train-rmse:1.04284	valid-rmse:1.04626
[220]	train-rmse:0.99220	valid-rmse:0.99850
[360]	train-rmse:0.99223	valid-rmse:0.99846
[360]	train-rmse:0.99202	valid-rmse:0.99845
[300]	train-rmse:0.99487	valid-rmse:0.99900
[440]	train-rmse:1.00577	valid-rmse:1.00921
[160]	train-rmse:1.03784	valid-rmse:1.04127
[240]	train-rmse:0.99178	valid-rmse:0.99849
[380]	train-rmse:0.99193	valid-rmse:0.99845
[380]	train-rmse:0.99175	valid-rmse:0.99845
[320]	train-rmse:0.99460	valid-rmse:0.99886
[460]	train-rmse:1.00474	valid-rmse:1.00818
[180]	train-rmse:1.03337	valid-rmse:1.03680
[260]	train-rmse:0.99138	valid-rmse:0.99849
[400]	train-rmse:0.99167	valid-rmse:0.99844
[400]	train-rmse:0.99147	valid-rmse:0.99845
[340]	train-rmse:0.99436	valid-rmse:0.99876
[480]	train-rmse:1.00381	valid-rmse:1.00725
[409]	train-rmse:0.99133	valid-rmse:0.99846
[32m[I 2022-04-17 06:56:33,706][0m Trial 155 finished with value: 0.99844 and parameters: {'colsample_bytree': 0.7962424796313526, 'eta': 0.016513976569473815, 'max_depth': 3, 'n_estimators': 114, 'subsample': 0.9855420533242533}. Best is trial 143 with value: 0.998394.[0m
[06:56:38] WARNING: ../src/learner.cc:576: 
Parameters: { "n_estimators" } might not be used.

  This could be a false alarm, with some parameters getting used by language bindings but
  then being mistakenly passed down to XGBoost core, or some parameter actually being used
  but getting flagged wrongly here. Please open an issue if you find any such cases.


[200]	train-rmse:1.02936	valid-rmse:1.03280
[0]	train-rmse:1.09699	valid-rmse:1.10018
[420]	train-rmse:0.99140	valid-rmse:0.99845
[360]	train-rmse:0.99414	valid-rmse:0.99869
[280]	train-rmse:0.99095	valid-rmse:0.99850
[500]	train-rmse:1.00296	valid-rmse:1.00642
[220]	train-rmse:1.02578	valid-rmse:1.02921
[20]	train-rmse:1.06304	valid-rmse:1.06640
[440]	train-rmse:0.99114	valid-rmse:0.99847
[380]	train-rmse:0.99394	valid-rmse:0.99863
[442]	train-rmse:0.99111	valid-rmse:0.99847
[300]	train-rmse:0.99053	valid-rmse:0.99848
[32m[I 2022-04-17 06:58:17,518][0m Trial 154 finished with value: 0.99844 and parameters: {'colsample_bytree': 0.8022291145451695, 'eta': 0.016316441605318453, 'max_depth': 3, 'n_estimators': 194, 'subsample': 0.999986097664461}. Best is trial 143 with value: 0.998394.[0m
[06:58:21] WARNING: ../src/learner.cc:576: 
Parameters: { "n_estimators" } might not be used.

  This could be a false alarm, with some parameters getting used by language bindings but
  then being mistakenly passed down to XGBoost core, or some parameter actually being used
  but getting flagged wrongly here. Please open an issue if you find any such cases.


[520]	train-rmse:1.00221	valid-rmse:1.00566
[0]	train-rmse:1.09685	valid-rmse:1.10005
[240]	train-rmse:1.02258	valid-rmse:1.02601
[40]	train-rmse:1.04031	valid-rmse:1.04374
[400]	train-rmse:0.99375	valid-rmse:0.99860
[540]	train-rmse:1.00151	valid-rmse:1.00498
[320]	train-rmse:0.99010	valid-rmse:0.99852
[20]	train-rmse:1.06123	valid-rmse:1.06460
[260]	train-rmse:1.01971	valid-rmse:1.02314
[60]	train-rmse:1.02521	valid-rmse:1.02863
[420]	train-rmse:0.99356	valid-rmse:0.99857
[560]	train-rmse:1.00090	valid-rmse:1.00437
[40]	train-rmse:1.03800	valid-rmse:1.04143
[338]	train-rmse:0.98971	valid-rmse:0.99852
[32m[I 2022-04-17 07:00:31,929][0m Trial 157 finished with value: 0.998466 and parameters: {'colsample_bytree': 0.8952465052562365, 'eta': 0.02574629293178263, 'max_depth': 3, 'n_estimators': 339, 'subsample': 0.9809160214800707}. Best is trial 143 with value: 0.998394.[0m
[07:00:36] WARNING: ../src/learner.cc:576: 
Parameters: { "n_estimators" } might not be used.

  This could be a false alarm, with some parameters getting used by language bindings but
  then being mistakenly passed down to XGBoost core, or some parameter actually being used
  but getting flagged wrongly here. Please open an issue if you find any such cases.


[280]	train-rmse:1.01715	valid-rmse:1.02058
[0]	train-rmse:1.09727	valid-rmse:1.10046
[80]	train-rmse:1.01519	valid-rmse:1.01861
[440]	train-rmse:0.99340	valid-rmse:0.99854
[580]	train-rmse:1.00033	valid-rmse:1.00382
[60]	train-rmse:1.02295	valid-rmse:1.02639
[300]	train-rmse:1.01486	valid-rmse:1.01829
[20]	train-rmse:1.06715	valid-rmse:1.07052
[100]	train-rmse:1.00855	valid-rmse:1.01197
[460]	train-rmse:0.99320	valid-rmse:0.99852
[600]	train-rmse:0.99982	valid-rmse:1.00332
[80]	train-rmse:1.01322	valid-rmse:1.01664
[320]	train-rmse:1.01281	valid-rmse:1.01623
[40]	train-rmse:1.04583	valid-rmse:1.04928
[120]	train-rmse:1.00414	valid-rmse:1.00755
[480]	train-rmse:0.99302	valid-rmse:0.99852
[620]	train-rmse:0.99935	valid-rmse:1.00288
[100]	train-rmse:1.00693	valid-rmse:1.01034
[340]	train-rmse:1.01098	valid-rmse:1.01439
[140]	train-rmse:1.00117	valid-rmse:1.00460
[60]	train-rmse:1.03080	valid-rmse:1.03428
[500]	train-rmse:0.99283	valid-rmse:0.99851
[640]	train-rmse:0.99893	valid-rmse:1.00247
[120]	train-rmse:1.00285	valid-rmse:1.00626
[160]	train-rmse:0.99916	valid-rmse:1.00264
[360]	train-rmse:1.00934	valid-rmse:1.01275
[80]	train-rmse:1.02025	valid-rmse:1.02374
[520]	train-rmse:0.99268	valid-rmse:0.99850
[660]	train-rmse:0.99855	valid-rmse:1.00210
[140]	train-rmse:1.00016	valid-rmse:1.00361
[180]	train-rmse:0.99779	valid-rmse:1.00134
[380]	train-rmse:1.00787	valid-rmse:1.01128
[100]	train-rmse:1.01285	valid-rmse:1.01635
[680]	train-rmse:0.99820	valid-rmse:1.00177
[540]	train-rmse:0.99250	valid-rmse:0.99850
[160]	train-rmse:0.99839	valid-rmse:1.00189
[200]	train-rmse:0.99681	valid-rmse:1.00047
[400]	train-rmse:1.00656	valid-rmse:1.00998
[120]	train-rmse:1.00764	valid-rmse:1.01116
[700]	train-rmse:0.99789	valid-rmse:1.00147
[560]	train-rmse:0.99233	valid-rmse:0.99849
[180]	train-rmse:0.99718	valid-rmse:1.00078
[220]	train-rmse:0.99610	valid-rmse:0.99989
[420]	train-rmse:1.00538	valid-rmse:1.00880
[140]	train-rmse:1.00398	valid-rmse:1.00751
[720]	train-rmse:0.99760	valid-rmse:1.00120
[580]	train-rmse:0.99215	valid-rmse:0.99850
[200]	train-rmse:0.99633	valid-rmse:1.00004
[240]	train-rmse:0.99559	valid-rmse:0.99948
[440]	train-rmse:1.00433	valid-rmse:1.00774
[160]	train-rmse:1.00138	valid-rmse:1.00493
[740]	train-rmse:0.99733	valid-rmse:1.00096
[600]	train-rmse:0.99201	valid-rmse:0.99850
[220]	train-rmse:0.99572	valid-rmse:0.99955
[260]	train-rmse:0.99521	valid-rmse:0.99920
[460]	train-rmse:1.00338	valid-rmse:1.00680
[607]	train-rmse:0.99194	valid-rmse:0.99850
[32m[I 2022-04-17 07:09:53,865][0m Trial 156 finished with value: 0.998487 and parameters: {'colsample_bytree': 0.8007948693431802, 'eta': 0.009936034945878466, 'max_depth': 3, 'n_estimators': 206, 'subsample': 0.9866920883175845}. Best is trial 143 with value: 0.998394.[0m
[180]	train-rmse:0.99951	valid-rmse:1.00311
[07:09:58] WARNING: ../src/learner.cc:576: 
Parameters: { "n_estimators" } might not be used.

  This could be a false alarm, with some parameters getting used by language bindings but
  then being mistakenly passed down to XGBoost core, or some parameter actually being used
  but getting flagged wrongly here. Please open an issue if you find any such cases.


[0]	train-rmse:1.09713	valid-rmse:1.10031
[760]	train-rmse:0.99708	valid-rmse:1.00073
[240]	train-rmse:0.99526	valid-rmse:0.99922
[280]	train-rmse:0.99484	valid-rmse:0.99899
[480]	train-rmse:1.00253	valid-rmse:1.00596
[200]	train-rmse:0.99818	valid-rmse:1.00183
[20]	train-rmse:1.06503	valid-rmse:1.06837
[780]	train-rmse:0.99686	valid-rmse:1.00053
[260]	train-rmse:0.99490	valid-rmse:0.99898
[300]	train-rmse:0.99452	valid-rmse:0.99885
[500]	train-rmse:1.00177	valid-rmse:1.00520
[220]	train-rmse:0.99720	valid-rmse:1.00093
[40]	train-rmse:1.04295	valid-rmse:1.04636
[800]	train-rmse:0.99665	valid-rmse:1.00035
[280]	train-rmse:0.99456	valid-rmse:0.99882
[320]	train-rmse:0.99427	valid-rmse:0.99876
[520]	train-rmse:1.00109	valid-rmse:1.00452
[240]	train-rmse:0.99647	valid-rmse:1.00029
[820]	train-rmse:0.99646	valid-rmse:1.00019
[60]	train-rmse:1.02784	valid-rmse:1.03129
[300]	train-rmse:0.99428	valid-rmse:0.99871
[340]	train-rmse:0.99404	valid-rmse:0.99869
[540]	train-rmse:1.00047	valid-rmse:1.00392
[260]	train-rmse:0.99594	valid-rmse:0.99983
[840]	train-rmse:0.99628	valid-rmse:1.00004
[80]	train-rmse:1.01753	valid-rmse:1.02093
[320]	train-rmse:0.99405	valid-rmse:0.99863
[360]	train-rmse:0.99382	valid-rmse:0.99864
[560]	train-rmse:0.99992	valid-rmse:1.00337
[280]	train-rmse:0.99547	valid-rmse:0.99950
[860]	train-rmse:0.99612	valid-rmse:0.99991
[100]	train-rmse:1.01053	valid-rmse:1.01390
[340]	train-rmse:0.99382	valid-rmse:0.99858
[380]	train-rmse:0.99360	valid-rmse:0.99861
[580]	train-rmse:0.99942	valid-rmse:1.00289
[300]	train-rmse:0.99511	valid-rmse:0.99926
[880]	train-rmse:0.99596	valid-rmse:0.99979
[120]	train-rmse:1.00574	valid-rmse:1.00910
[360]	train-rmse:0.99360	valid-rmse:0.99853
[400]	train-rmse:0.99338	valid-rmse:0.99858
[600]	train-rmse:0.99897	valid-rmse:1.00245
[320]	train-rmse:0.99479	valid-rmse:0.99909
[900]	train-rmse:0.99582	valid-rmse:0.99968
[380]	train-rmse:0.99339	valid-rmse:0.99851
[140]	train-rmse:1.00243	valid-rmse:1.00583
[420]	train-rmse:0.99318	valid-rmse:0.99857
[620]	train-rmse:0.99856	valid-rmse:1.00206
[340]	train-rmse:0.99452	valid-rmse:0.99897
[920]	train-rmse:0.99569	valid-rmse:0.99958
[400]	train-rmse:0.99318	valid-rmse:0.99849
[160]	train-rmse:1.00018	valid-rmse:1.00360
[440]	train-rmse:0.99299	valid-rmse:0.99855
[640]	train-rmse:0.99819	valid-rmse:1.00171
[360]	train-rmse:0.99428	valid-rmse:0.99887
[940]	train-rmse:0.99556	valid-rmse:0.99948
[420]	train-rmse:0.99296	valid-rmse:0.99848
[460]	train-rmse:0.99281	valid-rmse:0.99855
[180]	train-rmse:0.99860	valid-rmse:1.00205
[660]	train-rmse:0.99786	valid-rmse:1.00140
[380]	train-rmse:0.99405	valid-rmse:0.99880
[960]	train-rmse:0.99544	valid-rmse:0.99940
[440]	train-rmse:0.99277	valid-rmse:0.99847
[480]	train-rmse:0.99261	valid-rmse:0.99855
[200]	train-rmse:0.99746	valid-rmse:1.00099
[680]	train-rmse:0.99755	valid-rmse:1.00112
[980]	train-rmse:0.99534	valid-rmse:0.99932
[400]	train-rmse:0.99382	valid-rmse:0.99874
[460]	train-rmse:0.99256	valid-rmse:0.99847
[500]	train-rmse:0.99242	valid-rmse:0.99854
[700]	train-rmse:0.99728	valid-rmse:1.00086
[220]	train-rmse:0.99665	valid-rmse:1.00026
[999]	train-rmse:0.99523	valid-rmse:0.99926
[32m[I 2022-04-17 07:22:12,575][0m Trial 153 finished with value: 0.999255 and parameters: {'colsample_bytree': 0.8024033358254883, 'eta': 0.0027502038961016236, 'max_depth': 3, 'n_estimators': 49, 'subsample': 0.9498750327734377}. Best is trial 143 with value: 0.998394.[0m
[07:22:16] WARNING: ../src/learner.cc:576: 
Parameters: { "n_estimators" } might not be used.

  This could be a false alarm, with some parameters getting used by language bindings but
  then being mistakenly passed down to XGBoost core, or some parameter actually being used
  but getting flagged wrongly here. Please open an issue if you find any such cases.


[420]	train-rmse:0.99362	valid-rmse:0.99870
[0]	train-rmse:1.09715	valid-rmse:1.10034
[480]	train-rmse:0.99236	valid-rmse:0.99847
[520]	train-rmse:0.99225	valid-rmse:0.99853
[720]	train-rmse:0.99703	valid-rmse:1.00063
[240]	train-rmse:0.99604	valid-rmse:0.99975
[440]	train-rmse:0.99343	valid-rmse:0.99867
[20]	train-rmse:1.06540	valid-rmse:1.06875
[500]	train-rmse:0.99215	valid-rmse:0.99846
[540]	train-rmse:0.99205	valid-rmse:0.99854
[740]	train-rmse:0.99681	valid-rmse:1.00043
[260]	train-rmse:0.99557	valid-rmse:0.99940
[40]	train-rmse:1.04345	valid-rmse:1.04686
[460]	train-rmse:0.99323	valid-rmse:0.99865
[520]	train-rmse:0.99199	valid-rmse:0.99846
[560]	train-rmse:0.99187	valid-rmse:0.99853
[760]	train-rmse:0.99660	valid-rmse:1.00024
[60]	train-rmse:1.02836	valid-rmse:1.03179
[280]	train-rmse:0.99520	valid-rmse:0.99914
[480]	train-rmse:0.99306	valid-rmse:0.99863
[572]	train-rmse:0.99177	valid-rmse:0.99853
[32m[I 2022-04-17 07:25:47,113][0m Trial 159 finished with value: 0.998528 and parameters: {'colsample_bytree': 0.8052961239847664, 'eta': 0.01073589168455699, 'max_depth': 3, 'n_estimators': 329, 'subsample': 0.9804324863728532}. Best is trial 143 with value: 0.998394.[0m
[540]	train-rmse:0.99180	valid-rmse:0.99846
[07:25:51] WARNING: ../src/learner.cc:576: 
Parameters: { "n_estimators" } might not be used.

  This could be a false alarm, with some parameters getting used by language bindings but
  then being mistakenly passed down to XGBoost core, or some parameter actually being used
  but getting flagged wrongly here. Please open an issue if you find any such cases.


[0]	train-rmse:1.09545	valid-rmse:1.09865
[780]	train-rmse:0.99640	valid-rmse:1.00008
[80]	train-rmse:1.01800	valid-rmse:1.02141
[300]	train-rmse:0.99487	valid-rmse:0.99897
[500]	train-rmse:0.99287	valid-rmse:0.99861
[560]	train-rmse:0.99163	valid-rmse:0.99845
[20]	train-rmse:1.04438	valid-rmse:1.04779
[800]	train-rmse:0.99622	valid-rmse:0.99992
[100]	train-rmse:1.01093	valid-rmse:1.01432
[320]	train-rmse:0.99462	valid-rmse:0.99883
[520]	train-rmse:0.99270	valid-rmse:0.99861
[580]	train-rmse:0.99144	valid-rmse:0.99845
[40]	train-rmse:1.01928	valid-rmse:1.02272
[820]	train-rmse:0.99605	valid-rmse:0.99979
[120]	train-rmse:1.00606	valid-rmse:1.00945
[540]	train-rmse:0.99254	valid-rmse:0.99860
[340]	train-rmse:0.99440	valid-rmse:0.99874
[600]	train-rmse:0.99126	valid-rmse:0.99845
[840]	train-rmse:0.99590	valid-rmse:0.99967
[60]	train-rmse:1.00708	valid-rmse:1.01047
[140]	train-rmse:1.00272	valid-rmse:1.00613
[560]	train-rmse:0.99236	valid-rmse:0.99860
[360]	train-rmse:0.99418	valid-rmse:0.99867
[620]	train-rmse:0.99106	valid-rmse:0.99846
[860]	train-rmse:0.99575	valid-rmse:0.99956
[160]	train-rmse:1.00041	valid-rmse:1.00382
[80]	train-rmse:1.00108	valid-rmse:1.00449
[629]	train-rmse:0.99097	valid-rmse:0.99846
[32m[I 2022-04-17 07:30:21,476][0m Trial 160 finished with value: 0.998447 and parameters: {'colsample_bytree': 0.7995471478593792, 'eta': 0.011408944365626563, 'max_depth': 3, 'n_estimators': 602, 'subsample': 0.9832944390208495}. Best is trial 143 with value: 0.998394.[0m
[07:30:25] WARNING: ../src/learner.cc:576: 
Parameters: { "n_estimators" } might not be used.

  This could be a false alarm, with some parameters getting used by language bindings but
  then being mistakenly passed down to XGBoost core, or some parameter actually being used
  but getting flagged wrongly here. Please open an issue if you find any such cases.


[0]	train-rmse:1.09509	valid-rmse:1.09829
[580]	train-rmse:0.99220	valid-rmse:0.99860
[380]	train-rmse:0.99397	valid-rmse:0.99861
[880]	train-rmse:0.99562	valid-rmse:0.99947
[180]	train-rmse:0.99878	valid-rmse:1.00224
[100]	train-rmse:0.99805	valid-rmse:1.00158
[20]	train-rmse:1.04073	valid-rmse:1.04414
[600]	train-rmse:0.99203	valid-rmse:0.99859
[400]	train-rmse:0.99378	valid-rmse:0.99857
[200]	train-rmse:0.99763	valid-rmse:1.00114
[900]	train-rmse:0.99550	valid-rmse:0.99938
[120]	train-rmse:0.99644	valid-rmse:1.00012
[40]	train-rmse:1.01594	valid-rmse:1.01934
[620]	train-rmse:0.99185	valid-rmse:0.99860
[420]	train-rmse:0.99357	valid-rmse:0.99855
[220]	train-rmse:0.99680	valid-rmse:1.00038
[920]	train-rmse:0.99539	valid-rmse:0.99930
[60]	train-rmse:1.00474	valid-rmse:1.00812
[140]	train-rmse:0.99547	valid-rmse:0.99937
[640]	train-rmse:0.99169	valid-rmse:0.99859
[440]	train-rmse:0.99339	valid-rmse:0.99853
[240]	train-rmse:0.99619	valid-rmse:0.99984
[940]	train-rmse:0.99528	valid-rmse:0.99922
[80]	train-rmse:0.99959	valid-rmse:1.00302
[160]	train-rmse:0.99483	valid-rmse:0.99896
[660]	train-rmse:0.99153	valid-rmse:0.99859
[260]	train-rmse:0.99572	valid-rmse:0.99947
[460]	train-rmse:0.99321	valid-rmse:0.99851
[960]	train-rmse:0.99518	valid-rmse:0.99915
[100]	train-rmse:0.99713	valid-rmse:1.00069
[180]	train-rmse:0.99435	valid-rmse:0.99875
[680]	train-rmse:0.99138	valid-rmse:0.99859
[280]	train-rmse:0.99530	valid-rmse:0.99919
[980]	train-rmse:0.99508	valid-rmse:0.99909
[480]	train-rmse:0.99302	valid-rmse:0.99849
[120]	train-rmse:0.99584	valid-rmse:0.99958
[200]	train-rmse:0.99396	valid-rmse:0.99863
[700]	train-rmse:0.99122	valid-rmse:0.99859
[300]	train-rmse:0.99499	valid-rmse:0.99901
[999]	train-rmse:0.99498	valid-rmse:0.99904
