[32m[I 2022-04-16 20:57:35,497][0m Trial 20 finished with value: 1.094415 and parameters: {'colsample_bytree': 0.4212212632262697, 'eta': 4.224431679602087e-05, 'max_depth': 7, 'n_estimators': 391, 'subsample': 0.8299781767468799}. Best is trial 19 with value: 0.998533.[0m
[200]	train-rmse:1.00668	valid-rmse:1.01016
[20:57:39] WARNING: ../src/learner.cc:576: 
Parameters: { "n_estimators" } might not be used.

  This could be a false alarm, with some parameters getting used by language bindings but
  then being mistakenly passed down to XGBoost core, or some parameter actually being used
  but getting flagged wrongly here. Please open an issue if you find any such cases.


[400]	train-rmse:0.99874	valid-rmse:1.00227
[0]	train-rmse:1.09670	valid-rmse:1.09989
[360]	train-rmse:0.99711	valid-rmse:1.00076
[600]	train-rmse:0.99560	valid-rmse:0.99944
[220]	train-rmse:1.00442	valid-rmse:1.00792
[60]	train-rmse:1.00323	valid-rmse:1.00676
[20]	train-rmse:1.05868	valid-rmse:1.06208
[420]	train-rmse:0.99816	valid-rmse:1.00172
[380]	train-rmse:0.99665	valid-rmse:1.00035
[620]	train-rmse:0.99541	valid-rmse:0.99932
[240]	train-rmse:1.00262	valid-rmse:1.00611
[40]	train-rmse:1.03493	valid-rmse:1.03840
[440]	train-rmse:0.99768	valid-rmse:1.00125
[80]	train-rmse:0.99856	valid-rmse:1.00225
[400]	train-rmse:0.99626	valid-rmse:1.00003
[640]	train-rmse:0.99526	valid-rmse:0.99921
[260]	train-rmse:1.00116	valid-rmse:1.00467
[60]	train-rmse:1.02005	valid-rmse:1.02351
[460]	train-rmse:0.99725	valid-rmse:1.00086
[420]	train-rmse:0.99592	valid-rmse:0.99976
[100]	train-rmse:0.99640	valid-rmse:1.00023
[660]	train-rmse:0.99510	valid-rmse:0.99911
[280]	train-rmse:0.99998	valid-rmse:1.00350
[80]	train-rmse:1.01074	valid-rmse:1.01426
[480]	train-rmse:0.99688	valid-rmse:1.00052
[440]	train-rmse:0.99564	valid-rmse:0.99955
[300]	train-rmse:0.99901	valid-rmse:1.00257
[680]	train-rmse:0.99497	valid-rmse:0.99903
[120]	train-rmse:0.99526	valid-rmse:0.99936
[100]	train-rmse:1.00495	valid-rmse:1.00852
[500]	train-rmse:0.99655	valid-rmse:1.00024
[460]	train-rmse:0.99539	valid-rmse:0.99937
[320]	train-rmse:0.99823	valid-rmse:1.00181
[120]	train-rmse:1.00127	valid-rmse:1.00490
[700]	train-rmse:0.99483	valid-rmse:0.99896
[140]	train-rmse:0.99448	valid-rmse:0.99895
[520]	train-rmse:0.99627	valid-rmse:0.99999
[480]	train-rmse:0.99517	valid-rmse:0.99923
[340]	train-rmse:0.99759	valid-rmse:1.00120
[140]	train-rmse:0.99891	valid-rmse:1.00263
[720]	train-rmse:0.99472	valid-rmse:0.99889
[540]	train-rmse:0.99601	valid-rmse:0.99980
[160]	train-rmse:0.99392	valid-rmse:0.99876
[360]	train-rmse:0.99704	valid-rmse:1.00072
[500]	train-rmse:0.99497	valid-rmse:0.99911
[160]	train-rmse:0.99736	valid-rmse:1.00119
[740]	train-rmse:0.99461	valid-rmse:0.99884
[560]	train-rmse:0.99579	valid-rmse:0.99962
[380]	train-rmse:0.99659	valid-rmse:1.00031
[180]	train-rmse:0.99633	valid-rmse:1.00029
[520]	train-rmse:0.99480	valid-rmse:0.99901
[180]	train-rmse:0.99339	valid-rmse:0.99867
[760]	train-rmse:0.99451	valid-rmse:0.99879
[400]	train-rmse:0.99621	valid-rmse:0.99999
[580]	train-rmse:0.99557	valid-rmse:0.99947
[200]	train-rmse:0.99563	valid-rmse:0.99972
[540]	train-rmse:0.99464	valid-rmse:0.99894
[200]	train-rmse:0.99294	valid-rmse:0.99862
[420]	train-rmse:0.99588	valid-rmse:0.99973
[780]	train-rmse:0.99441	valid-rmse:0.99875
[220]	train-rmse:0.99506	valid-rmse:0.99936
[600]	train-rmse:0.99539	valid-rmse:0.99935
[560]	train-rmse:0.99448	valid-rmse:0.99887
[220]	train-rmse:0.99249	valid-rmse:0.99862
[440]	train-rmse:0.99559	valid-rmse:0.99951
[240]	train-rmse:0.99464	valid-rmse:0.99911
[800]	train-rmse:0.99431	valid-rmse:0.99871
[620]	train-rmse:0.99521	valid-rmse:0.99924
[580]	train-rmse:0.99434	valid-rmse:0.99881
[460]	train-rmse:0.99533	valid-rmse:0.99934
[260]	train-rmse:0.99428	valid-rmse:0.99897
[240]	train-rmse:0.99208	valid-rmse:0.99863
[640]	train-rmse:0.99506	valid-rmse:0.99914
[820]	train-rmse:0.99421	valid-rmse:0.99867
[600]	train-rmse:0.99421	valid-rmse:0.99876
[480]	train-rmse:0.99511	valid-rmse:0.99920
[280]	train-rmse:0.99398	valid-rmse:0.99886
[660]	train-rmse:0.99491	valid-rmse:0.99906
[260]	train-rmse:0.99166	valid-rmse:0.99864
[840]	train-rmse:0.99412	valid-rmse:0.99865
[620]	train-rmse:0.99406	valid-rmse:0.99872
[500]	train-rmse:0.99491	valid-rmse:0.99908
[300]	train-rmse:0.99367	valid-rmse:0.99881
[680]	train-rmse:0.99477	valid-rmse:0.99899
[860]	train-rmse:0.99403	valid-rmse:0.99863
[520]	train-rmse:0.99473	valid-rmse:0.99898
[640]	train-rmse:0.99394	valid-rmse:0.99868
[280]	train-rmse:0.99127	valid-rmse:0.99861
[320]	train-rmse:0.99338	valid-rmse:0.99878
[700]	train-rmse:0.99465	valid-rmse:0.99892
[540]	train-rmse:0.99457	valid-rmse:0.99891
[340]	train-rmse:0.99314	valid-rmse:0.99876
[880]	train-rmse:0.99393	valid-rmse:0.99861
[660]	train-rmse:0.99382	valid-rmse:0.99866
[300]	train-rmse:0.99084	valid-rmse:0.99863
[720]	train-rmse:0.99454	valid-rmse:0.99887
[560]	train-rmse:0.99440	valid-rmse:0.99884
[360]	train-rmse:0.99286	valid-rmse:0.99874
[680]	train-rmse:0.99369	valid-rmse:0.99864
[900]	train-rmse:0.99386	valid-rmse:0.99859
[320]	train-rmse:0.99043	valid-rmse:0.99865
[740]	train-rmse:0.99443	valid-rmse:0.99883
[580]	train-rmse:0.99425	valid-rmse:0.99879
[380]	train-rmse:0.99261	valid-rmse:0.99873
[700]	train-rmse:0.99357	valid-rmse:0.99862
[920]	train-rmse:0.99377	valid-rmse:0.99857
[332]	train-rmse:0.99018	valid-rmse:0.99866
[32m[I 2022-04-16 21:13:40,548][0m Trial 28 finished with value: 0.9986 and parameters: {'colsample_bytree': 0.9995680480808171, 'eta': 0.02205369193185243, 'max_depth': 3, 'n_estimators': 571, 'subsample': 0.810998083890908}. Best is trial 19 with value: 0.998533.[0m
[21:13:44] WARNING: ../src/learner.cc:576: 
Parameters: { "n_estimators" } might not be used.

  This could be a false alarm, with some parameters getting used by language bindings but
  then being mistakenly passed down to XGBoost core, or some parameter actually being used
  but getting flagged wrongly here. Please open an issue if you find any such cases.


[0]	train-rmse:1.09652	valid-rmse:1.09972
[600]	train-rmse:0.99412	valid-rmse:0.99874
[760]	train-rmse:0.99433	valid-rmse:0.99878
[400]	train-rmse:0.99238	valid-rmse:0.99872
[720]	train-rmse:0.99345	valid-rmse:0.99860
[940]	train-rmse:0.99369	valid-rmse:0.99856
[20]	train-rmse:1.05661	valid-rmse:1.06005
[620]	train-rmse:0.99398	valid-rmse:0.99869
[420]	train-rmse:0.99214	valid-rmse:0.99873
[780]	train-rmse:0.99423	valid-rmse:0.99875
[740]	train-rmse:0.99333	valid-rmse:0.99858
[640]	train-rmse:0.99386	valid-rmse:0.99866
[40]	train-rmse:1.03237	valid-rmse:1.03586
[960]	train-rmse:0.99361	valid-rmse:0.99854
[440]	train-rmse:0.99189	valid-rmse:0.99872
[800]	train-rmse:0.99413	valid-rmse:0.99872
[443]	train-rmse:0.99186	valid-rmse:0.99872
[32m[I 2022-04-16 21:15:56,041][0m Trial 29 finished with value: 0.998718 and parameters: {'colsample_bytree': 0.9889924833947994, 'eta': 0.012387603055719534, 'max_depth': 3, 'n_estimators': 552, 'subsample': 0.4699665487787907}. Best is trial 19 with value: 0.998533.[0m
[21:16:00] WARNING: ../src/learner.cc:576: 
Parameters: { "n_estimators" } might not be used.

  This could be a false alarm, with some parameters getting used by language bindings but
  then being mistakenly passed down to XGBoost core, or some parameter actually being used
  but getting flagged wrongly here. Please open an issue if you find any such cases.


[0]	train-rmse:1.09902	valid-rmse:1.10220
[760]	train-rmse:0.99323	valid-rmse:0.99857
[660]	train-rmse:0.99373	valid-rmse:0.99865
[60]	train-rmse:1.01770	valid-rmse:1.02117
[980]	train-rmse:0.99352	valid-rmse:0.99854
[820]	train-rmse:0.99403	valid-rmse:0.99869
[20]	train-rmse:1.09824	valid-rmse:1.10142
[680]	train-rmse:0.99361	valid-rmse:0.99862
[80]	train-rmse:1.00886	valid-rmse:1.01234
[780]	train-rmse:0.99310	valid-rmse:0.99856
[999]	train-rmse:0.99344	valid-rmse:0.99853
[32m[I 2022-04-16 21:17:31,193][0m Trial 24 finished with value: 0.998526 and parameters: {'colsample_bytree': 0.7696199307872923, 'eta': 0.004307288977127075, 'max_depth': 3, 'n_estimators': 728, 'subsample': 0.979512047869921}. Best is trial 24 with value: 0.998526.[0m
[21:17:35] WARNING: ../src/learner.cc:576: 
Parameters: { "n_estimators" } might not be used.

  This could be a false alarm, with some parameters getting used by language bindings but
  then being mistakenly passed down to XGBoost core, or some parameter actually being used
  but getting flagged wrongly here. Please open an issue if you find any such cases.


[840]	train-rmse:0.99393	valid-rmse:0.99867
[0]	train-rmse:1.09567	valid-rmse:1.09888
[40]	train-rmse:1.09746	valid-rmse:1.10065
[700]	train-rmse:0.99349	valid-rmse:0.99860
[100]	train-rmse:1.00351	valid-rmse:1.00701
[800]	train-rmse:0.99299	valid-rmse:0.99855
[860]	train-rmse:0.99384	valid-rmse:0.99865
[60]	train-rmse:1.09668	valid-rmse:1.09987
[20]	train-rmse:1.04672	valid-rmse:1.05019
[720]	train-rmse:0.99337	valid-rmse:0.99859
[120]	train-rmse:1.00016	valid-rmse:1.00376
[820]	train-rmse:0.99289	valid-rmse:0.99854
[880]	train-rmse:0.99375	valid-rmse:0.99864
[80]	train-rmse:1.09592	valid-rmse:1.09911
[740]	train-rmse:0.99326	valid-rmse:0.99858
[140]	train-rmse:0.99811	valid-rmse:1.00179
[40]	train-rmse:1.02155	valid-rmse:1.02510
[840]	train-rmse:0.99278	valid-rmse:0.99854
[100]	train-rmse:1.09516	valid-rmse:1.09836
[900]	train-rmse:0.99367	valid-rmse:0.99862
[760]	train-rmse:0.99315	valid-rmse:0.99857
[160]	train-rmse:0.99680	valid-rmse:1.00058
[860]	train-rmse:0.99268	valid-rmse:0.99853
[60]	train-rmse:1.00873	valid-rmse:1.01224
[120]	train-rmse:1.09440	valid-rmse:1.09760
[780]	train-rmse:0.99303	valid-rmse:0.99856
[920]	train-rmse:0.99358	valid-rmse:0.99861
[180]	train-rmse:0.99591	valid-rmse:0.99982
[880]	train-rmse:0.99257	valid-rmse:0.99853
[140]	train-rmse:1.09364	valid-rmse:1.09686
[800]	train-rmse:0.99291	valid-rmse:0.99855
[80]	train-rmse:1.00216	valid-rmse:1.00566
[940]	train-rmse:0.99349	valid-rmse:0.99859
[200]	train-rmse:0.99528	valid-rmse:0.99937
[900]	train-rmse:0.99246	valid-rmse:0.99853
[160]	train-rmse:1.09290	valid-rmse:1.09611
[820]	train-rmse:0.99281	valid-rmse:0.99855
[960]	train-rmse:0.99341	valid-rmse:0.99857
[220]	train-rmse:0.99478	valid-rmse:0.99907
[100]	train-rmse:0.99873	valid-rmse:1.00231
[840]	train-rmse:0.99270	valid-rmse:0.99854
[180]	train-rmse:1.09215	valid-rmse:1.09538
[920]	train-rmse:0.99235	valid-rmse:0.99852
[980]	train-rmse:0.99332	valid-rmse:0.99857
[240]	train-rmse:0.99438	valid-rmse:0.99886
[120]	train-rmse:0.99685	valid-rmse:1.00058
[860]	train-rmse:0.99259	valid-rmse:0.99854
[200]	train-rmse:1.09142	valid-rmse:1.09465
[940]	train-rmse:0.99224	valid-rmse:0.99852
[999]	train-rmse:0.99323	valid-rmse:0.99856
[260]	train-rmse:0.99403	valid-rmse:0.99875
[32m[I 2022-04-16 21:24:57,827][0m Trial 25 finished with value: 0.99856 and parameters: {'colsample_bytree': 0.7245531632852765, 'eta': 0.004471220726514177, 'max_depth': 3, 'n_estimators': 738, 'subsample': 0.9522568467522557}. Best is trial 24 with value: 0.998526.[0m
[21:25:02] WARNING: ../src/learner.cc:576: 
Parameters: { "n_estimators" } might not be used.

  This could be a false alarm, with some parameters getting used by language bindings but
  then being mistakenly passed down to XGBoost core, or some parameter actually being used
  but getting flagged wrongly here. Please open an issue if you find any such cases.


[0]	train-rmse:1.09899	valid-rmse:1.10217
[880]	train-rmse:0.99248	valid-rmse:0.99854
[140]	train-rmse:0.99573	valid-rmse:0.99965
[220]	train-rmse:1.09069	valid-rmse:1.09392
[960]	train-rmse:0.99215	valid-rmse:0.99852
[280]	train-rmse:0.99374	valid-rmse:0.99866
[20]	train-rmse:1.09763	valid-rmse:1.10081
[900]	train-rmse:0.99237	valid-rmse:0.99854
[240]	train-rmse:1.08997	valid-rmse:1.09320
[160]	train-rmse:0.99500	valid-rmse:0.99916
[300]	train-rmse:0.99344	valid-rmse:0.99862
[980]	train-rmse:0.99206	valid-rmse:0.99852
[40]	train-rmse:1.09628	valid-rmse:1.09947
[920]	train-rmse:0.99227	valid-rmse:0.99853
[260]	train-rmse:1.08925	valid-rmse:1.09249
[320]	train-rmse:0.99314	valid-rmse:0.99860
[999]	train-rmse:0.99196	valid-rmse:0.99852
[32m[I 2022-04-16 21:27:35,887][0m Trial 26 finished with value: 0.998517 and parameters: {'colsample_bytree': 0.743203134611689, 'eta': 0.005784923430936532, 'max_depth': 3, 'n_estimators': 618, 'subsample': 0.9304737507055861}. Best is trial 26 with value: 0.998517.[0m
[60]	train-rmse:1.09495	valid-rmse:1.09815
[21:27:40] WARNING: ../src/learner.cc:576: 
Parameters: { "n_estimators" } might not be used.

  This could be a false alarm, with some parameters getting used by language bindings but
  then being mistakenly passed down to XGBoost core, or some parameter actually being used
  but getting flagged wrongly here. Please open an issue if you find any such cases.


[180]	train-rmse:0.99445	valid-rmse:0.99889
[0]	train-rmse:1.09901	valid-rmse:1.10219
[940]	train-rmse:0.99217	valid-rmse:0.99852
[280]	train-rmse:1.08853	valid-rmse:1.09177
[340]	train-rmse:0.99286	valid-rmse:0.99860
[80]	train-rmse:1.09364	valid-rmse:1.09685
[960]	train-rmse:0.99205	valid-rmse:0.99852
[200]	train-rmse:0.99403	valid-rmse:0.99876
[300]	train-rmse:1.08782	valid-rmse:1.09107
[20]	train-rmse:1.09796	valid-rmse:1.10116
[360]	train-rmse:0.99259	valid-rmse:0.99859
[100]	train-rmse:1.09234	valid-rmse:1.09556
[980]	train-rmse:0.99195	valid-rmse:0.99852
[320]	train-rmse:1.08712	valid-rmse:1.09037
[220]	train-rmse:0.99362	valid-rmse:0.99868
[380]	train-rmse:0.99234	valid-rmse:0.99858
[120]	train-rmse:1.09106	valid-rmse:1.09429
[999]	train-rmse:0.99186	valid-rmse:0.99852
[32m[I 2022-04-16 21:30:24,097][0m Trial 27 finished with value: 0.998512 and parameters: {'colsample_bytree': 0.6804769768982715, 'eta': 0.005802874383382983, 'max_depth': 3, 'n_estimators': 659, 'subsample': 0.8473039095658501}. Best is trial 27 with value: 0.998512.[0m
[21:30:28] WARNING: ../src/learner.cc:576: 
Parameters: { "n_estimators" } might not be used.

  This could be a false alarm, with some parameters getting used by language bindings but
  then being mistakenly passed down to XGBoost core, or some parameter actually being used
  but getting flagged wrongly here. Please open an issue if you find any such cases.


[40]	train-rmse:1.09692	valid-rmse:1.10015
[0]	train-rmse:1.09903	valid-rmse:1.10221
[340]	train-rmse:1.08642	valid-rmse:1.08968
[400]	train-rmse:0.99209	valid-rmse:0.99857
[240]	train-rmse:0.99328	valid-rmse:0.99863
[140]	train-rmse:1.08980	valid-rmse:1.09303
[360]	train-rmse:1.08573	valid-rmse:1.08899
[420]	train-rmse:0.99184	valid-rmse:0.99857
[60]	train-rmse:1.09588	valid-rmse:1.09915
[160]	train-rmse:1.08855	valid-rmse:1.09179
[20]	train-rmse:1.09835	valid-rmse:1.10154
[260]	train-rmse:0.99295	valid-rmse:0.99860
[380]	train-rmse:1.08504	valid-rmse:1.08831
[440]	train-rmse:0.99160	valid-rmse:0.99857
[180]	train-rmse:1.08732	valid-rmse:1.09057
[400]	train-rmse:1.08435	valid-rmse:1.08763
[280]	train-rmse:0.99262	valid-rmse:0.99858
[80]	train-rmse:1.09486	valid-rmse:1.09815
[40]	train-rmse:1.09767	valid-rmse:1.10088
[460]	train-rmse:0.99135	valid-rmse:0.99857
[200]	train-rmse:1.08610	valid-rmse:1.08936
[420]	train-rmse:1.08367	valid-rmse:1.08695
[300]	train-rmse:0.99230	valid-rmse:0.99857
[220]	train-rmse:1.08490	valid-rmse:1.08816
[480]	train-rmse:0.99107	valid-rmse:0.99857
[32m[I 2022-04-16 21:34:35,819][0m Trial 30 finished with value: 0.998558 and parameters: {'colsample_bytree': 0.988867119798681, 'eta': 0.013231868624369397, 'max_depth': 3, 'n_estimators': 575, 'subsample': 0.5172017320814568}. Best is trial 27 with value: 0.998512.[0m
[21:34:40] WARNING: ../src/learner.cc:576: 
Parameters: { "n_estimators" } might not be used.

  This could be a false alarm, with some parameters getting used by language bindings but
  then being mistakenly passed down to XGBoost core, or some parameter actually being used
  but getting flagged wrongly here. Please open an issue if you find any such cases.


[60]	train-rmse:1.09699	valid-rmse:1.10022
[100]	train-rmse:1.09385	valid-rmse:1.09717
[0]	train-rmse:1.09899	valid-rmse:1.10217
[440]	train-rmse:1.08300	valid-rmse:1.08628
[240]	train-rmse:1.08372	valid-rmse:1.08699
[320]	train-rmse:0.99196	valid-rmse:0.99858
[460]	train-rmse:1.08233	valid-rmse:1.08562
[80]	train-rmse:1.09632	valid-rmse:1.09957
[120]	train-rmse:1.09285	valid-rmse:1.09620
[20]	train-rmse:1.09756	valid-rmse:1.10078
[260]	train-rmse:1.08255	valid-rmse:1.08583
[340]	train-rmse:0.99162	valid-rmse:0.99858
[480]	train-rmse:1.08167	valid-rmse:1.08496
[280]	train-rmse:1.08139	valid-rmse:1.08468
[355]	train-rmse:0.99140	valid-rmse:0.99859
