[32m[I 2022-04-15 09:42:09,344][0m Trial 79 finished with value: 0.99966 and parameters: {'colsample_bytree': 0.3484790066892749, 'eta': 0.002506252101955175, 'max_depth': 3, 'n_estimators': 1022, 'subsample': 0.5120636014288571}. Best is trial 65 with value: 0.998642.[0m
[680]	train-rmse:0.99942	valid-rmse:1.00242
[09:42:14] WARNING: ../src/learner.cc:576: 
Parameters: { "n_estimators" } might not be used.

  This could be a false alarm, with some parameters getting used by language bindings but
  then being mistakenly passed down to XGBoost core, or some parameter actually being used
  but getting flagged wrongly here. Please open an issue if you find any such cases.


[260]	train-rmse:1.09959	valid-rmse:1.10450
[900]	train-rmse:0.99720	valid-rmse:1.00027
[0]	train-rmse:1.09960	valid-rmse:1.10451
[640]	train-rmse:0.99963	valid-rmse:1.00265
[780]	train-rmse:0.99862	valid-rmse:1.00161
[700]	train-rmse:0.99907	valid-rmse:1.00207
[20]	train-rmse:1.09960	valid-rmse:1.10451
[280]	train-rmse:1.09959	valid-rmse:1.10450
[920]	train-rmse:0.99705	valid-rmse:1.00013
[660]	train-rmse:0.99924	valid-rmse:1.00225
[800]	train-rmse:0.99836	valid-rmse:1.00135
[720]	train-rmse:0.99875	valid-rmse:1.00175
[40]	train-rmse:1.09960	valid-rmse:1.10451
[300]	train-rmse:1.09959	valid-rmse:1.10450
[940]	train-rmse:0.99690	valid-rmse:1.00000
[680]	train-rmse:0.99890	valid-rmse:1.00192
[60]	train-rmse:1.09960	valid-rmse:1.10451
[740]	train-rmse:0.99846	valid-rmse:1.00146
[820]	train-rmse:0.99812	valid-rmse:1.00111
[320]	train-rmse:1.09959	valid-rmse:1.10450
[960]	train-rmse:0.99676	valid-rmse:0.99988
[80]	train-rmse:1.09960	valid-rmse:1.10451
[700]	train-rmse:0.99858	valid-rmse:1.00160
[760]	train-rmse:0.99819	valid-rmse:1.00119
[840]	train-rmse:0.99790	valid-rmse:1.00090
[340]	train-rmse:1.09958	valid-rmse:1.10450
[980]	train-rmse:0.99663	valid-rmse:0.99978
[100]	train-rmse:1.09960	valid-rmse:1.10451
[720]	train-rmse:0.99829	valid-rmse:1.00133
[780]	train-rmse:0.99795	valid-rmse:1.00095
[860]	train-rmse:0.99770	valid-rmse:1.00070
[360]	train-rmse:1.09958	valid-rmse:1.10450
[999]	train-rmse:0.99652	valid-rmse:0.99969
[32m[I 2022-04-15 09:45:21,922][0m Trial 78 finished with value: 0.999693 and parameters: {'colsample_bytree': 0.3589666751179413, 'eta': 0.002475042827482163, 'max_depth': 3, 'n_estimators': 999, 'subsample': 0.6549162226970296}. Best is trial 65 with value: 0.998642.[0m
[120]	train-rmse:1.09960	valid-rmse:1.10451
[09:45:26] WARNING: ../src/learner.cc:576: 
Parameters: { "n_estimators" } might not be used.

  This could be a false alarm, with some parameters getting used by language bindings but
  then being mistakenly passed down to XGBoost core, or some parameter actually being used
  but getting flagged wrongly here. Please open an issue if you find any such cases.


[0]	train-rmse:1.09793	valid-rmse:1.10282
[740]	train-rmse:0.99803	valid-rmse:1.00107
[800]	train-rmse:0.99773	valid-rmse:1.00074
[880]	train-rmse:0.99750	valid-rmse:1.00052
[380]	train-rmse:1.09958	valid-rmse:1.10449
[140]	train-rmse:1.09960	valid-rmse:1.10451
[20]	train-rmse:1.06915	valid-rmse:1.07366
[760]	train-rmse:0.99778	valid-rmse:1.00084
[900]	train-rmse:0.99733	valid-rmse:1.00037
[820]	train-rmse:0.99753	valid-rmse:1.00055
[400]	train-rmse:1.09958	valid-rmse:1.10449
[160]	train-rmse:1.09959	valid-rmse:1.10451
[40]	train-rmse:1.04834	valid-rmse:1.05243
[780]	train-rmse:0.99757	valid-rmse:1.00063
[920]	train-rmse:0.99717	valid-rmse:1.00022
[840]	train-rmse:0.99734	valid-rmse:1.00037
[420]	train-rmse:1.09958	valid-rmse:1.10449
[180]	train-rmse:1.09960	valid-rmse:1.10451
[60]	train-rmse:1.03345	valid-rmse:1.03720
[800]	train-rmse:0.99737	valid-rmse:1.00045
[860]	train-rmse:0.99716	valid-rmse:1.00021
[940]	train-rmse:0.99701	valid-rmse:1.00007
[200]	train-rmse:1.09960	valid-rmse:1.10451
[80]	train-rmse:1.02280	valid-rmse:1.02635
[440]	train-rmse:1.09958	valid-rmse:1.10449
[820]	train-rmse:0.99719	valid-rmse:1.00028
[100]	train-rmse:1.01517	valid-rmse:1.01852
[220]	train-rmse:1.09959	valid-rmse:1.10450
[880]	train-rmse:0.99700	valid-rmse:1.00006
[960]	train-rmse:0.99687	valid-rmse:0.99995
[460]	train-rmse:1.09958	valid-rmse:1.10449
[840]	train-rmse:0.99702	valid-rmse:1.00012
[120]	train-rmse:1.00973	valid-rmse:1.01295
[240]	train-rmse:1.09959	valid-rmse:1.10450
[900]	train-rmse:0.99685	valid-rmse:0.99993
[980]	train-rmse:0.99674	valid-rmse:0.99984
[480]	train-rmse:1.09958	valid-rmse:1.10449
[140]	train-rmse:1.00581	valid-rmse:1.00891
[260]	train-rmse:1.09959	valid-rmse:1.10450
[860]	train-rmse:0.99686	valid-rmse:0.99999
[920]	train-rmse:0.99672	valid-rmse:0.99981
[999]	train-rmse:0.99662	valid-rmse:0.99975
[32m[I 2022-04-15 09:49:21,486][0m Trial 81 finished with value: 0.999747 and parameters: {'colsample_bytree': 0.3575609291382624, 'eta': 0.002435917517543672, 'max_depth': 3, 'n_estimators': 981, 'subsample': 0.6584646026136501}. Best is trial 65 with value: 0.998642.[0m
[500]	train-rmse:1.09958	valid-rmse:1.10449
[09:49:26] WARNING: ../src/learner.cc:576: 
Parameters: { "n_estimators" } might not be used.

  This could be a false alarm, with some parameters getting used by language bindings but
  then being mistakenly passed down to XGBoost core, or some parameter actually being used
  but getting flagged wrongly here. Please open an issue if you find any such cases.


[0]	train-rmse:1.09815	valid-rmse:1.10305
[160]	train-rmse:1.00301	valid-rmse:1.00603
[280]	train-rmse:1.09959	valid-rmse:1.10450
[880]	train-rmse:0.99671	valid-rmse:0.99986
[940]	train-rmse:0.99659	valid-rmse:0.99970
[520]	train-rmse:1.09958	valid-rmse:1.10449
[20]	train-rmse:1.07273	valid-rmse:1.07726
[180]	train-rmse:1.00098	valid-rmse:1.00396
[300]	train-rmse:1.09959	valid-rmse:1.10450
[900]	train-rmse:0.99658	valid-rmse:0.99975
[960]	train-rmse:0.99647	valid-rmse:0.99961
[40]	train-rmse:1.05350	valid-rmse:1.05767
[540]	train-rmse:1.09958	valid-rmse:1.10448
[200]	train-rmse:0.99953	valid-rmse:1.00250
[320]	train-rmse:1.09959	valid-rmse:1.10450
[920]	train-rmse:0.99646	valid-rmse:0.99965
[980]	train-rmse:0.99635	valid-rmse:0.99952
[60]	train-rmse:1.03908	valid-rmse:1.04292
[220]	train-rmse:0.99846	valid-rmse:1.00142
[560]	train-rmse:1.09958	valid-rmse:1.10448
[340]	train-rmse:1.09959	valid-rmse:1.10450
[80]	train-rmse:1.02827	valid-rmse:1.03188
[940]	train-rmse:0.99634	valid-rmse:0.99956
[999]	train-rmse:0.99625	valid-rmse:0.99944
[32m[I 2022-04-15 09:51:22,206][0m Trial 82 finished with value: 0.999441 and parameters: {'colsample_bytree': 0.3557911946620233, 'eta': 0.002605666749608959, 'max_depth': 3, 'n_estimators': 987, 'subsample': 0.6339251043271231}. Best is trial 65 with value: 0.998642.[0m
[09:51:26] WARNING: ../src/learner.cc:576: 
Parameters: { "n_estimators" } might not be used.

  This could be a false alarm, with some parameters getting used by language bindings but
  then being mistakenly passed down to XGBoost core, or some parameter actually being used
  but getting flagged wrongly here. Please open an issue if you find any such cases.


[240]	train-rmse:0.99767	valid-rmse:1.00067
[0]	train-rmse:1.09749	valid-rmse:1.10238
[580]	train-rmse:1.09957	valid-rmse:1.10448
[360]	train-rmse:1.09959	valid-rmse:1.10450
[100]	train-rmse:1.02017	valid-rmse:1.02357
[960]	train-rmse:0.99623	valid-rmse:0.99948
[260]	train-rmse:0.99705	valid-rmse:1.00010
[20]	train-rmse:1.06268	valid-rmse:1.06700
[380]	train-rmse:1.09959	valid-rmse:1.10450
[600]	train-rmse:1.09957	valid-rmse:1.10448
[120]	train-rmse:1.01411	valid-rmse:1.01737
[980]	train-rmse:0.99612	valid-rmse:0.99940
[280]	train-rmse:0.99658	valid-rmse:0.99972
[40]	train-rmse:1.03966	valid-rmse:1.04360
[400]	train-rmse:1.09959	valid-rmse:1.10450
[620]	train-rmse:1.09957	valid-rmse:1.10448
[140]	train-rmse:1.00955	valid-rmse:1.01271
[300]	train-rmse:0.99620	valid-rmse:0.99943
[999]	train-rmse:0.99603	valid-rmse:0.99935
[60]	train-rmse:1.02460	valid-rmse:1.02815
[32m[I 2022-04-15 09:52:56,275][0m Trial 83 finished with value: 0.999345 and parameters: {'colsample_bytree': 0.3589387796976735, 'eta': 0.0027198862975997737, 'max_depth': 3, 'n_estimators': 975, 'subsample': 0.6528636748062766}. Best is trial 65 with value: 0.998642.[0m
[420]	train-rmse:1.09959	valid-rmse:1.10450
[09:53:00] WARNING: ../src/learner.cc:576: 
Parameters: { "n_estimators" } might not be used.

  This could be a false alarm, with some parameters getting used by language bindings but
  then being mistakenly passed down to XGBoost core, or some parameter actually being used
  but getting flagged wrongly here. Please open an issue if you find any such cases.


[0]	train-rmse:1.09822	valid-rmse:1.10312
[160]	train-rmse:1.00615	valid-rmse:1.00921
[640]	train-rmse:1.09957	valid-rmse:1.10448
[320]	train-rmse:0.99590	valid-rmse:0.99922
[80]	train-rmse:1.01473	valid-rmse:1.01807
[440]	train-rmse:1.09959	valid-rmse:1.10450
[180]	train-rmse:1.00359	valid-rmse:1.00659
[20]	train-rmse:1.07384	valid-rmse:1.07838
[660]	train-rmse:1.09957	valid-rmse:1.10448
[340]	train-rmse:0.99566	valid-rmse:0.99907
[100]	train-rmse:1.00829	valid-rmse:1.01145
[460]	train-rmse:1.09959	valid-rmse:1.10450
[200]	train-rmse:1.00168	valid-rmse:1.00464
[40]	train-rmse:1.05516	valid-rmse:1.05935
[680]	train-rmse:1.09957	valid-rmse:1.10448
[120]	train-rmse:1.00407	valid-rmse:1.00714
[360]	train-rmse:0.99545	valid-rmse:0.99896
[480]	train-rmse:1.09958	valid-rmse:1.10450
[220]	train-rmse:1.00023	valid-rmse:1.00317
[60]	train-rmse:1.04094	valid-rmse:1.04483
[140]	train-rmse:1.00126	valid-rmse:1.00426
[700]	train-rmse:1.09957	valid-rmse:1.10448
[380]	train-rmse:0.99526	valid-rmse:0.99885
[500]	train-rmse:1.09958	valid-rmse:1.10449
[240]	train-rmse:0.99913	valid-rmse:1.00204
[80]	train-rmse:1.03011	valid-rmse:1.03377
[160]	train-rmse:0.99940	valid-rmse:1.00238
[400]	train-rmse:0.99510	valid-rmse:0.99877
[720]	train-rmse:1.09957	valid-rmse:1.10448
[520]	train-rmse:1.09958	valid-rmse:1.10449
[260]	train-rmse:0.99826	valid-rmse:1.00123
[100]	train-rmse:1.02190	valid-rmse:1.02537
[180]	train-rmse:0.99812	valid-rmse:1.00113
[420]	train-rmse:0.99493	valid-rmse:0.99871
[540]	train-rmse:1.09958	valid-rmse:1.10449
[280]	train-rmse:0.99761	valid-rmse:1.00061
[740]	train-rmse:1.09957	valid-rmse:1.10448
[120]	train-rmse:1.01568	valid-rmse:1.01901
[200]	train-rmse:0.99727	valid-rmse:1.00030
[440]	train-rmse:0.99477	valid-rmse:0.99870
[560]	train-rmse:1.09958	valid-rmse:1.10449
[300]	train-rmse:0.99709	valid-rmse:1.00012
[760]	train-rmse:1.09956	valid-rmse:1.10447
[140]	train-rmse:1.01093	valid-rmse:1.01415
[220]	train-rmse:0.99664	valid-rmse:0.99977
[460]	train-rmse:0.99462	valid-rmse:0.99868
[320]	train-rmse:0.99668	valid-rmse:0.99977
[580]	train-rmse:1.09958	valid-rmse:1.10449
[780]	train-rmse:1.09956	valid-rmse:1.10447
[160]	train-rmse:1.00733	valid-rmse:1.01046
[240]	train-rmse:0.99620	valid-rmse:0.99940
[480]	train-rmse:0.99448	valid-rmse:0.99868
[340]	train-rmse:0.99635	valid-rmse:0.99950
[600]	train-rmse:1.09958	valid-rmse:1.10449
[800]	train-rmse:1.09956	valid-rmse:1.10447
[180]	train-rmse:1.00459	valid-rmse:1.00764
[260]	train-rmse:0.99584	valid-rmse:0.99916
[360]	train-rmse:0.99608	valid-rmse:0.99929
[500]	train-rmse:0.99434	valid-rmse:0.99871
[620]	train-rmse:1.09958	valid-rmse:1.10449
[820]	train-rmse:1.09956	valid-rmse:1.10447
[200]	train-rmse:1.00254	valid-rmse:1.00551
[280]	train-rmse:0.99555	valid-rmse:0.99900
[518]	train-rmse:0.99422	valid-rmse:0.99873
[32m[I 2022-04-15 09:58:04,340][0m Trial 86 finished with value: 0.998668 and parameters: {'colsample_bytree': 0.3006708191168077, 'eta': 0.008744467123822087, 'max_depth': 3, 'n_estimators': 971, 'subsample': 0.6312214738821191}. Best is trial 65 with value: 0.998642.[0m
[380]	train-rmse:0.99583	valid-rmse:0.99911
[09:58:08] WARNING: ../src/learner.cc:576: 
Parameters: { "n_estimators" } might not be used.

  This could be a false alarm, with some parameters getting used by language bindings but
  then being mistakenly passed down to XGBoost core, or some parameter actually being used
  but getting flagged wrongly here. Please open an issue if you find any such cases.


[640]	train-rmse:1.09958	valid-rmse:1.10449
[0]	train-rmse:1.09764	valid-rmse:1.10254
[400]	train-rmse:0.99565	valid-rmse:0.99897
[220]	train-rmse:1.00095	valid-rmse:1.00386
[300]	train-rmse:0.99531	valid-rmse:0.99890
[840]	train-rmse:1.09956	valid-rmse:1.10447
[660]	train-rmse:1.09958	valid-rmse:1.10449
[20]	train-rmse:1.06495	valid-rmse:1.06936
[420]	train-rmse:0.99546	valid-rmse:0.99887
[320]	train-rmse:0.99511	valid-rmse:0.99882
[240]	train-rmse:0.99974	valid-rmse:1.00261
[860]	train-rmse:1.09956	valid-rmse:1.10447
[680]	train-rmse:1.09958	valid-rmse:1.10449
[40]	train-rmse:1.04262	valid-rmse:1.04662
[440]	train-rmse:0.99529	valid-rmse:0.99880
[340]	train-rmse:0.99491	valid-rmse:0.99877
[260]	train-rmse:0.99878	valid-rmse:1.00168
[700]	train-rmse:1.09958	valid-rmse:1.10449
[880]	train-rmse:1.09956	valid-rmse:1.10447
[60]	train-rmse:1.02752	valid-rmse:1.03116
[460]	train-rmse:0.99514	valid-rmse:0.99874
[360]	train-rmse:0.99475	valid-rmse:0.99875
[280]	train-rmse:0.99804	valid-rmse:1.00097
[720]	train-rmse:1.09958	valid-rmse:1.10448
[900]	train-rmse:1.09956	valid-rmse:1.10447
[80]	train-rmse:1.01730	valid-rmse:1.02069
[480]	train-rmse:0.99501	valid-rmse:0.99871
[380]	train-rmse:0.99456	valid-rmse:0.99871
[300]	train-rmse:0.99746	valid-rmse:1.00042
[740]	train-rmse:1.09958	valid-rmse:1.10448
[920]	train-rmse:1.09956	valid-rmse:1.10447
[100]	train-rmse:1.01041	valid-rmse:1.01362
[500]	train-rmse:0.99488	valid-rmse:0.99870
[400]	train-rmse:0.99440	valid-rmse:0.99868
[320]	train-rmse:0.99701	valid-rmse:1.00002
[760]	train-rmse:1.09957	valid-rmse:1.10448
[120]	train-rmse:1.00576	valid-rmse:1.00887
[940]	train-rmse:1.09956	valid-rmse:1.10447
[520]	train-rmse:0.99476	valid-rmse:0.99871
[420]	train-rmse:0.99423	valid-rmse:0.99868
[340]	train-rmse:0.99663	valid-rmse:0.99971
[780]	train-rmse:1.09957	valid-rmse:1.10448
[140]	train-rmse:1.00258	valid-rmse:1.00560
[540]	train-rmse:0.99463	valid-rmse:0.99869
[960]	train-rmse:1.09955	valid-rmse:1.10446
[440]	train-rmse:0.99404	valid-rmse:0.99868
[360]	train-rmse:0.99632	valid-rmse:0.99948
[800]	train-rmse:1.09957	valid-rmse:1.10448
[560]	train-rmse:0.99452	valid-rmse:0.99869
[160]	train-rmse:1.00042	valid-rmse:1.00341
[980]	train-rmse:1.09955	valid-rmse:1.10446
[460]	train-rmse:0.99389	valid-rmse:0.99872
[380]	train-rmse:0.99605	valid-rmse:0.99927
[820]	train-rmse:1.09957	valid-rmse:1.10448
[580]	train-rmse:0.99440	valid-rmse:0.99868
[180]	train-rmse:0.99891	valid-rmse:1.00191
[999]	train-rmse:1.09955	valid-rmse:1.10446
[32m[I 2022-04-15 10:02:48,386][0m Trial 84 finished with value: 1.104461 and parameters: {'colsample_bytree': 0.3572383520456499, 'eta': 2.551224022019553e-07, 'max_depth': 3, 'n_estimators': 960, 'subsample': 0.6474980179537565}. Best is trial 65 with value: 0.998642.[0m
[480]	train-rmse:0.99374	valid-rmse:0.99872
[10:02:53] WARNING: ../src/learner.cc:576: 
Parameters: { "n_estimators" } might not be used.

  This could be a false alarm, with some parameters getting used by language bindings but
  then being mistakenly passed down to XGBoost core, or some parameter actually being used
  but getting flagged wrongly here. Please open an issue if you find any such cases.


[400]	train-rmse:0.99584	valid-rmse:0.99911
[840]	train-rmse:1.09957	valid-rmse:1.10448
[0]	train-rmse:1.09785	valid-rmse:1.10275
[491]	train-rmse:0.99365	valid-rmse:0.99875
[600]	train-rmse:0.99428	valid-rmse:0.99868
[32m[I 2022-04-15 10:03:06,300][0m Trial 88 finished with value: 0.998672 and parameters: {'colsample_bytree': 0.27692229093004883, 'eta': 0.01103435647187005, 'max_depth': 3, 'n_estimators': 957, 'subsample': 0.7273358050654878}. Best is trial 65 with value: 0.998642.[0m
[10:03:10] WARNING: ../src/learner.cc:576: 
Parameters: { "n_estimators" } might not be used.

  This could be a false alarm, with some parameters getting used by language bindings but
  then being mistakenly passed down to XGBoost core, or some parameter actually being used
  but getting flagged wrongly here. Please open an issue if you find any such cases.


[200]	train-rmse:0.99788	valid-rmse:1.00089
[0]	train-rmse:1.08963	valid-rmse:1.09451
[420]	train-rmse:0.99564	valid-rmse:0.99900
[860]	train-rmse:1.09957	valid-rmse:1.10448
[20]	train-rmse:1.06806	valid-rmse:1.07248
[620]	train-rmse:0.99417	valid-rmse:0.99868
[220]	train-rmse:0.99713	valid-rmse:1.00019
[20]	train-rmse:1.00781	valid-rmse:1.01086
[880]	train-rmse:1.09957	valid-rmse:1.10448
[440]	train-rmse:0.99546	valid-rmse:0.99893
[40]	train-rmse:1.04685	valid-rmse:1.05085
[640]	train-rmse:0.99406	valid-rmse:0.99868
[40]	train-rmse:0.99733	valid-rmse:1.00052
[240]	train-rmse:0.99659	valid-rmse:0.99970
[900]	train-rmse:1.09957	valid-rmse:1.10448
[460]	train-rmse:0.99531	valid-rmse:0.99886
[660]	train-rmse:0.99396	valid-rmse:0.99869
[60]	train-rmse:1.03187	valid-rmse:1.03556
[60]	train-rmse:0.99544	valid-rmse:0.99909
[260]	train-rmse:0.99617	valid-rmse:0.99940
[920]	train-rmse:1.09957	valid-rmse:1.10448
[480]	train-rmse:0.99517	valid-rmse:0.99881
[680]	train-rmse:0.99384	valid-rmse:0.99872
[32m[I 2022-04-15 10:04:56,705][0m Trial 87 finished with value: 0.998669 and parameters: {'colsample_bytree': 0.28126739219775104, 'eta': 0.007552432554787973, 'max_depth': 3, 'n_estimators': 956, 'subsample': 0.6279655161517947}. Best is trial 65 with value: 0.998642.[0m
[80]	train-rmse:1.02128	valid-rmse:1.02474
[10:05:01] WARNING: ../src/learner.cc:576: 
Parameters: { "n_estimators" } might not be used.

  This could be a false alarm, with some parameters getting used by language bindings but
  then being mistakenly passed down to XGBoost core, or some parameter actually being used
  but getting flagged wrongly here. Please open an issue if you find any such cases.


[80]	train-rmse:0.99445	valid-rmse:0.99884
[0]	train-rmse:1.08943	valid-rmse:1.09423
[280]	train-rmse:0.99584	valid-rmse:0.99916
[940]	train-rmse:1.09957	valid-rmse:1.10448
[500]	train-rmse:0.99503	valid-rmse:0.99878
[100]	train-rmse:1.01384	valid-rmse:1.01711
[100]	train-rmse:0.99368	valid-rmse:0.99883
[20]	train-rmse:1.00727	valid-rmse:1.01045
[300]	train-rmse:0.99557	valid-rmse:0.99901
[960]	train-rmse:1.09957	valid-rmse:1.10448
[520]	train-rmse:0.99491	valid-rmse:0.99877
[120]	train-rmse:1.00860	valid-rmse:1.01178
[120]	train-rmse:0.99306	valid-rmse:0.99897
[40]	train-rmse:0.99714	valid-rmse:1.00032
[320]	train-rmse:0.99535	valid-rmse:0.99892
[980]	train-rmse:1.09957	valid-rmse:1.10448
[540]	train-rmse:0.99478	valid-rmse:0.99877
[140]	train-rmse:1.00488	valid-rmse:1.00797
[140]	train-rmse:0.99232	valid-rmse:0.99896
[143]	train-rmse:0.99220	valid-rmse:0.99893
[32m[I 2022-04-15 10:06:32,013][0m Trial 92 finished with value: 0.998757 and parameters: {'colsample_bytree': 0.27289112149658484, 'eta': 0.05297047665018507, 'max_depth': 3, 'n_estimators': 930, 'subsample': 0.677930636932821}. Best is trial 65 with value: 0.998642.[0m
[60]	train-rmse:0.99529	valid-rmse:0.99913
[10:06:36] WARNING: ../src/learner.cc:576: 
Parameters: { "n_estimators" } might not be used.

  This could be a false alarm, with some parameters getting used by language bindings but
  then being mistakenly passed down to XGBoost core, or some parameter actually being used
  but getting flagged wrongly here. Please open an issue if you find any such cases.


[999]	train-rmse:1.09957	valid-rmse:1.10448
[340]	train-rmse:0.99513	valid-rmse:0.99882
[0]	train-rmse:1.09753	valid-rmse:1.10242
[32m[I 2022-04-15 10:06:40,834][0m Trial 85 finished with value: 1.104475 and parameters: {'colsample_bytree': 0.29981805013678925, 'eta': 1.8149492892114333e-07, 'max_depth': 3, 'n_estimators': 972, 'subsample': 0.6532283751359842}. Best is trial 65 with value: 0.998642.[0m
[10:06:45] WARNING: ../src/learner.cc:576: 
Parameters: { "n_estimators" } might not be used.

  This could be a false alarm, with some parameters getting used by language bindings but
  then being mistakenly passed down to XGBoost core, or some parameter actually being used
  but getting flagged wrongly here. Please open an issue if you find any such cases.


[0]	train-rmse:1.09772	valid-rmse:1.10261
[160]	train-rmse:1.00225	valid-rmse:1.00528
[560]	train-rmse:0.99467	valid-rmse:0.99874
[80]	train-rmse:0.99437	valid-rmse:0.99912
[360]	train-rmse:0.99495	valid-rmse:0.99878
[20]	train-rmse:1.06326	valid-rmse:1.06767
[180]	train-rmse:1.00036	valid-rmse:1.00336
[580]	train-rmse:0.99455	valid-rmse:0.99874
[20]	train-rmse:1.06609	valid-rmse:1.07047
[100]	train-rmse:0.99363	valid-rmse:0.99928
[40]	train-rmse:1.04040	valid-rmse:1.04439
[380]	train-rmse:0.99477	valid-rmse:0.99873
[200]	train-rmse:0.99903	valid-rmse:1.00201
[600]	train-rmse:0.99443	valid-rmse:0.99872
[40]	train-rmse:1.04414	valid-rmse:1.04810
[120]	train-rmse:0.99296	valid-rmse:0.99946
[60]	train-rmse:1.02531	valid-rmse:1.02896
[400]	train-rmse:0.99461	valid-rmse:0.99869
[123]	train-rmse:0.99286	valid-rmse:0.99941
