[32m[I 2022-04-16 23:41:20,454][0m Trial 44 finished with value: 1.014863 and parameters: {'colsample_bytree': 0.9106815978166233, 'eta': 0.0009842880844962516, 'max_depth': 3, 'n_estimators': 807, 'subsample': 0.9894904556092804}. Best is trial 48 with value: 0.998395.[0m
[23:41:24] WARNING: ../src/learner.cc:576: 
Parameters: { "n_estimators" } might not be used.

  This could be a false alarm, with some parameters getting used by language bindings but
  then being mistakenly passed down to XGBoost core, or some parameter actually being used
  but getting flagged wrongly here. Please open an issue if you find any such cases.


[0]	train-rmse:1.07867	valid-rmse:1.08234
[820]	train-rmse:1.02044	valid-rmse:1.02389
[20]	train-rmse:0.99040	valid-rmse:0.99999
[820]	train-rmse:1.01225	valid-rmse:1.01880
[780]	train-rmse:1.02414	valid-rmse:1.02998
[20]	train-rmse:0.93733	valid-rmse:1.00202
[40]	train-rmse:0.98397	valid-rmse:0.99895
[840]	train-rmse:1.01958	valid-rmse:1.02304
[60]	train-rmse:0.97869	valid-rmse:0.99898
[840]	train-rmse:1.01139	valid-rmse:1.01802
[40]	train-rmse:0.89565	valid-rmse:1.00373
[800]	train-rmse:1.02314	valid-rmse:1.02903
[860]	train-rmse:1.01876	valid-rmse:1.02221
[20]	train-rmse:0.93406	valid-rmse:1.00101
[80]	train-rmse:0.97343	valid-rmse:0.99932
[95]	train-rmse:0.96944	valid-rmse:0.99955
[32m[I 2022-04-16 23:44:46,477][0m Trial 58 finished with value: 0.998836 and parameters: {'colsample_bytree': 0.23750433327098835, 'eta': 0.1081309748352032, 'max_depth': 5, 'n_estimators': 917, 'subsample': 0.9328017668459737}. Best is trial 48 with value: 0.998395.[0m
[23:44:50] WARNING: ../src/learner.cc:576: 
Parameters: { "n_estimators" } might not be used.

  This could be a false alarm, with some parameters getting used by language bindings but
  then being mistakenly passed down to XGBoost core, or some parameter actually being used
  but getting flagged wrongly here. Please open an issue if you find any such cases.


[0]	train-rmse:1.05689	valid-rmse:1.06586
[60]	train-rmse:0.84917	valid-rmse:1.00714
[880]	train-rmse:1.01796	valid-rmse:1.02141
[860]	train-rmse:1.01058	valid-rmse:1.01726
[63]	train-rmse:0.84296	valid-rmse:1.00753
[32m[I 2022-04-16 23:45:31,689][0m Trial 57 finished with value: 1.001632 and parameters: {'colsample_bytree': 0.20148193459301933, 'eta': 0.17388914063470945, 'max_depth': 9, 'n_estimators': 912, 'subsample': 0.990357347782971}. Best is trial 48 with value: 0.998395.[0m
[820]	train-rmse:1.02216	valid-rmse:1.02811
[23:45:35] WARNING: ../src/learner.cc:576: 
Parameters: { "n_estimators" } might not be used.

  This could be a false alarm, with some parameters getting used by language bindings but
  then being mistakenly passed down to XGBoost core, or some parameter actually being used
  but getting flagged wrongly here. Please open an issue if you find any such cases.


[0]	train-rmse:0.99880	valid-rmse:1.00309
[900]	train-rmse:1.01719	valid-rmse:1.02064
[880]	train-rmse:1.00978	valid-rmse:1.01654
[840]	train-rmse:1.02122	valid-rmse:1.02722
[20]	train-rmse:0.96403	valid-rmse:1.01281
[920]	train-rmse:1.01645	valid-rmse:1.01990
[40]	train-rmse:0.89491	valid-rmse:1.00345
[900]	train-rmse:1.00903	valid-rmse:1.01585
[940]	train-rmse:1.01573	valid-rmse:1.01918
[20]	train-rmse:0.92167	valid-rmse:1.00365
[860]	train-rmse:1.02030	valid-rmse:1.02636
[40]	train-rmse:0.93684	valid-rmse:1.02734
[960]	train-rmse:1.01503	valid-rmse:1.01849
[51]	train-rmse:0.92253	valid-rmse:1.03283
[32m[I 2022-04-16 23:50:02,061][0m Trial 60 finished with value: 1.000128 and parameters: {'colsample_bytree': 0.8570305244732782, 'eta': 0.8340207875035642, 'max_depth': 5, 'n_estimators': 983, 'subsample': 0.8025100024394023}. Best is trial 48 with value: 0.998395.[0m
[920]	train-rmse:1.00830	valid-rmse:1.01517
[23:50:06] WARNING: ../src/learner.cc:576: 
Parameters: { "n_estimators" } might not be used.

  This could be a false alarm, with some parameters getting used by language bindings but
  then being mistakenly passed down to XGBoost core, or some parameter actually being used
  but getting flagged wrongly here. Please open an issue if you find any such cases.


[0]	train-rmse:1.09387	valid-rmse:1.09710
[880]	train-rmse:1.01941	valid-rmse:1.02552
[980]	train-rmse:1.01437	valid-rmse:1.01781
[20]	train-rmse:1.03025	valid-rmse:1.03370
[940]	train-rmse:1.00759	valid-rmse:1.01453
[999]	train-rmse:1.01375	valid-rmse:1.01720
[32m[I 2022-04-16 23:51:50,801][0m Trial 45 finished with value: 1.017198 and parameters: {'colsample_bytree': 0.8856001334849892, 'eta': 0.0009132257372849462, 'max_depth': 3, 'n_estimators': 798, 'subsample': 0.9806160312533553}. Best is trial 48 with value: 0.998395.[0m
[23:51:55] WARNING: ../src/learner.cc:576: 
Parameters: { "n_estimators" } might not be used.

  This could be a false alarm, with some parameters getting used by language bindings but
  then being mistakenly passed down to XGBoost core, or some parameter actually being used
  but getting flagged wrongly here. Please open an issue if you find any such cases.


[900]	train-rmse:1.01855	valid-rmse:1.02472
[0]	train-rmse:1.09156	valid-rmse:1.09480
[40]	train-rmse:1.00771	valid-rmse:1.01117
[60]	train-rmse:0.83867	valid-rmse:1.00672
[40]	train-rmse:0.85314	valid-rmse:1.00984
[960]	train-rmse:1.00691	valid-rmse:1.01391
[60]	train-rmse:0.99972	valid-rmse:1.00317
[20]	train-rmse:1.01648	valid-rmse:1.02000
[920]	train-rmse:1.01771	valid-rmse:1.02393
[80]	train-rmse:0.99664	valid-rmse:1.00034
[40]	train-rmse:0.99994	valid-rmse:1.00349
[68]	train-rmse:0.81766	valid-rmse:1.00815
[32m[I 2022-04-16 23:54:25,507][0m Trial 56 finished with value: 1.000989 and parameters: {'colsample_bytree': 0.9407983810995589, 'eta': 0.16029855614444227, 'max_depth': 9, 'n_estimators': 970, 'subsample': 0.9917951203235962}. Best is trial 48 with value: 0.998395.[0m
[23:54:29] WARNING: ../src/learner.cc:576: 
Parameters: { "n_estimators" } might not be used.

  This could be a false alarm, with some parameters getting used by language bindings but
  then being mistakenly passed down to XGBoost core, or some parameter actually being used
  but getting flagged wrongly here. Please open an issue if you find any such cases.


[0]	train-rmse:1.09180	valid-rmse:1.09505
[980]	train-rmse:1.00626	valid-rmse:1.01333
[100]	train-rmse:0.99523	valid-rmse:0.99930
[940]	train-rmse:1.01689	valid-rmse:1.02317
[60]	train-rmse:0.99592	valid-rmse:0.99978
[20]	train-rmse:1.01765	valid-rmse:1.02106
[120]	train-rmse:0.99443	valid-rmse:0.99889
[999]	train-rmse:1.00565	valid-rmse:1.01279
[32m[I 2022-04-16 23:56:12,887][0m Trial 40 finished with value: 1.012785 and parameters: {'colsample_bytree': 0.8653862130040202, 'eta': 0.0010612800132725323, 'max_depth': 5, 'n_estimators': 679, 'subsample': 0.7604859897474605}. Best is trial 48 with value: 0.998395.[0m
[23:56:16] WARNING: ../src/learner.cc:576: 
Parameters: { "n_estimators" } might not be used.

  This could be a false alarm, with some parameters getting used by language bindings but
  then being mistakenly passed down to XGBoost core, or some parameter actually being used
  but getting flagged wrongly here. Please open an issue if you find any such cases.


[0]	train-rmse:1.09237	valid-rmse:1.09561
[60]	train-rmse:0.78699	valid-rmse:1.01507
[40]	train-rmse:1.00050	valid-rmse:1.00394
[80]	train-rmse:0.99446	valid-rmse:0.99890
[960]	train-rmse:1.01610	valid-rmse:1.02243
[62]	train-rmse:0.78220	valid-rmse:1.01542
[32m[I 2022-04-16 23:57:00,310][0m Trial 59 finished with value: 1.002138 and parameters: {'colsample_bytree': 0.8554345912210837, 'eta': 0.20923799846105093, 'max_depth': 9, 'n_estimators': 974, 'subsample': 0.9693938985334517}. Best is trial 48 with value: 0.998395.[0m
[23:57:04] WARNING: ../src/learner.cc:576: 
Parameters: { "n_estimators" } might not be used.

  This could be a false alarm, with some parameters getting used by language bindings but
  then being mistakenly passed down to XGBoost core, or some parameter actually being used
  but getting flagged wrongly here. Please open an issue if you find any such cases.


[140]	train-rmse:0.99380	valid-rmse:0.99869
[0]	train-rmse:1.09224	valid-rmse:1.09548
[20]	train-rmse:1.02057	valid-rmse:1.02399
[60]	train-rmse:0.99626	valid-rmse:0.99991
[100]	train-rmse:0.99353	valid-rmse:0.99867
[20]	train-rmse:1.01986	valid-rmse:1.02331
[160]	train-rmse:0.99323	valid-rmse:0.99861
[40]	train-rmse:1.00192	valid-rmse:1.00534
[980]	train-rmse:1.01533	valid-rmse:1.02171
[80]	train-rmse:0.99472	valid-rmse:0.99897
[120]	train-rmse:0.99273	valid-rmse:0.99861
[40]	train-rmse:1.00155	valid-rmse:1.00503
[180]	train-rmse:0.99278	valid-rmse:0.99861
[60]	train-rmse:0.99682	valid-rmse:1.00044
[100]	train-rmse:0.99379	valid-rmse:0.99868
[999]	train-rmse:1.01462	valid-rmse:1.02105
[32m[I 2022-04-16 23:59:56,142][0m Trial 41 finished with value: 1.021051 and parameters: {'colsample_bytree': 0.8878344344349395, 'eta': 0.0008157028030581259, 'max_depth': 5, 'n_estimators': 638, 'subsample': 0.7537800872104197}. Best is trial 48 with value: 0.998395.[0m
[00:00:00] WARNING: ../src/learner.cc:576: 
Parameters: { "n_estimators" } might not be used.

  This could be a false alarm, with some parameters getting used by language bindings but
  then being mistakenly passed down to XGBoost core, or some parameter actually being used
  but getting flagged wrongly here. Please open an issue if you find any such cases.


[140]	train-rmse:0.99204	valid-rmse:0.99857
[0]	train-rmse:1.09325	valid-rmse:1.09648
[60]	train-rmse:0.99664	valid-rmse:1.00038
[200]	train-rmse:0.99229	valid-rmse:0.99858
[80]	train-rmse:0.99501	valid-rmse:0.99914
[120]	train-rmse:0.99301	valid-rmse:0.99862
[20]	train-rmse:1.02584	valid-rmse:1.02934
[80]	train-rmse:0.99496	valid-rmse:0.99918
[220]	train-rmse:0.99186	valid-rmse:0.99857
[160]	train-rmse:0.99130	valid-rmse:0.99857
[100]	train-rmse:0.99405	valid-rmse:0.99871
[140]	train-rmse:0.99231	valid-rmse:0.99859
[40]	train-rmse:1.00488	valid-rmse:1.00833
[100]	train-rmse:0.99402	valid-rmse:0.99881
[240]	train-rmse:0.99140	valid-rmse:0.99859
[120]	train-rmse:0.99332	valid-rmse:0.99861
[180]	train-rmse:0.99056	valid-rmse:0.99855
[160]	train-rmse:0.99163	valid-rmse:0.99860
[60]	train-rmse:0.99821	valid-rmse:1.00175
[120]	train-rmse:0.99328	valid-rmse:0.99869
[260]	train-rmse:0.99096	valid-rmse:0.99859
[140]	train-rmse:0.99269	valid-rmse:0.99858
[199]	train-rmse:0.98995	valid-rmse:0.99856
[32m[I 2022-04-17 00:03:39,087][0m Trial 62 finished with value: 0.998549 and parameters: {'colsample_bytree': 0.9518672752666459, 'eta': 0.039267669160930566, 'max_depth': 3, 'n_estimators': 975, 'subsample': 0.9487118172128916}. Best is trial 48 with value: 0.998395.[0m
[00:03:43] WARNING: ../src/learner.cc:576: 
Parameters: { "n_estimators" } might not be used.

  This could be a false alarm, with some parameters getting used by language bindings but
  then being mistakenly passed down to XGBoost core, or some parameter actually being used
  but getting flagged wrongly here. Please open an issue if you find any such cases.


[0]	train-rmse:1.09336	valid-rmse:1.09657
[180]	train-rmse:0.99094	valid-rmse:0.99859
[80]	train-rmse:0.99585	valid-rmse:0.99964
[140]	train-rmse:0.99262	valid-rmse:0.99867
[280]	train-rmse:0.99055	valid-rmse:0.99858
[160]	train-rmse:0.99207	valid-rmse:0.99855
[20]	train-rmse:1.02626	valid-rmse:1.02961
[200]	train-rmse:0.99031	valid-rmse:0.99860
[40]	train-rmse:1.00518	valid-rmse:1.00857
[100]	train-rmse:0.99469	valid-rmse:0.99895
[160]	train-rmse:0.99194	valid-rmse:0.99867
[300]	train-rmse:0.99000	valid-rmse:0.99857
[180]	train-rmse:0.99143	valid-rmse:0.99853
[60]	train-rmse:0.99833	valid-rmse:1.00196
[215]	train-rmse:0.98992	valid-rmse:0.99860
[32m[I 2022-04-17 00:05:42,963][0m Trial 63 finished with value: 0.998574 and parameters: {'colsample_bytree': 0.8271773885353202, 'eta': 0.0379716112908236, 'max_depth': 3, 'n_estimators': 226, 'subsample': 0.9451287347359835}. Best is trial 48 with value: 0.998395.[0m
[00:05:47] WARNING: ../src/learner.cc:576: 
Parameters: { "n_estimators" } might not be used.

  This could be a false alarm, with some parameters getting used by language bindings but
  then being mistakenly passed down to XGBoost core, or some parameter actually being used
  but getting flagged wrongly here. Please open an issue if you find any such cases.


[0]	train-rmse:1.09301	valid-rmse:1.09623
[120]	train-rmse:0.99394	valid-rmse:0.99870
[180]	train-rmse:0.99131	valid-rmse:0.99864
[80]	train-rmse:0.99585	valid-rmse:0.99985
[320]	train-rmse:0.98956	valid-rmse:0.99858
[200]	train-rmse:0.99081	valid-rmse:0.99853
[20]	train-rmse:1.02397	valid-rmse:1.02743
[100]	train-rmse:0.99467	valid-rmse:0.99917
[140]	train-rmse:0.99337	valid-rmse:0.99861
[40]	train-rmse:1.00382	valid-rmse:1.00726
[200]	train-rmse:0.99073	valid-rmse:0.99864
[340]	train-rmse:0.98910	valid-rmse:0.99858
[120]	train-rmse:0.99394	valid-rmse:0.99892
[220]	train-rmse:0.99027	valid-rmse:0.99856
[32m[I 2022-04-17 00:07:25,036][0m Trial 61 finished with value: 0.998551 and parameters: {'colsample_bytree': 0.8022589527239297, 'eta': 0.027083031449867994, 'max_depth': 3, 'n_estimators': 963, 'subsample': 0.9545639070037685}. Best is trial 48 with value: 0.998395.[0m
[00:07:29] WARNING: ../src/learner.cc:576: 
Parameters: { "n_estimators" } might not be used.

  This could be a false alarm, with some parameters getting used by language bindings but
  then being mistakenly passed down to XGBoost core, or some parameter actually being used
  but getting flagged wrongly here. Please open an issue if you find any such cases.


[0]	train-rmse:1.09741	valid-rmse:1.10059
[60]	train-rmse:0.99776	valid-rmse:1.00132
[140]	train-rmse:0.99331	valid-rmse:0.99879
[160]	train-rmse:0.99278	valid-rmse:0.99857
[220]	train-rmse:0.99020	valid-rmse:0.99869
[20]	train-rmse:1.06898	valid-rmse:1.07230
[237]	train-rmse:0.98980	valid-rmse:0.99860
[32m[I 2022-04-17 00:08:14,689][0m Trial 64 finished with value: 0.998514 and parameters: {'colsample_bytree': 0.8017262703747159, 'eta': 0.0349865789840024, 'max_depth': 3, 'n_estimators': 294, 'subsample': 0.9439898472049784}. Best is trial 48 with value: 0.998395.[0m
[00:08:18] WARNING: ../src/learner.cc:576: 
Parameters: { "n_estimators" } might not be used.

  This could be a false alarm, with some parameters getting used by language bindings but
  then being mistakenly passed down to XGBoost core, or some parameter actually being used
  but getting flagged wrongly here. Please open an issue if you find any such cases.


[80]	train-rmse:0.99557	valid-rmse:0.99956
[223]	train-rmse:0.99013	valid-rmse:0.99869
[32m[I 2022-04-17 00:08:23,090][0m Trial 65 finished with value: 0.998634 and parameters: {'colsample_bytree': 0.8004827460558204, 'eta': 0.03567260246835848, 'max_depth': 3, 'n_estimators': 286, 'subsample': 0.9416699879053905}. Best is trial 48 with value: 0.998395.[0m
[0]	train-rmse:1.09723	valid-rmse:1.10042
[00:08:27] WARNING: ../src/learner.cc:576: 
Parameters: { "n_estimators" } might not be used.

  This could be a false alarm, with some parameters getting used by language bindings but
  then being mistakenly passed down to XGBoost core, or some parameter actually being used
  but getting flagged wrongly here. Please open an issue if you find any such cases.


[0]	train-rmse:1.09728	valid-rmse:1.10048
[160]	train-rmse:0.99273	valid-rmse:0.99874
[40]	train-rmse:1.04838	valid-rmse:1.05181
[100]	train-rmse:0.99447	valid-rmse:0.99894
[180]	train-rmse:0.99224	valid-rmse:0.99856
[20]	train-rmse:1.06714	valid-rmse:1.07052
[180]	train-rmse:0.99220	valid-rmse:0.99879
[20]	train-rmse:1.06653	valid-rmse:1.06990
[60]	train-rmse:1.03354	valid-rmse:1.03698
[120]	train-rmse:0.99375	valid-rmse:0.99877
[40]	train-rmse:1.04584	valid-rmse:1.04929
[200]	train-rmse:0.99163	valid-rmse:0.99879
[200]	train-rmse:0.99169	valid-rmse:0.99854
[207]	train-rmse:0.99145	valid-rmse:0.99880
[80]	train-rmse:1.02284	valid-rmse:1.02628
[32m[I 2022-04-17 00:10:04,284][0m Trial 67 finished with value: 0.998731 and parameters: {'colsample_bytree': 0.8089280189785826, 'eta': 0.030114874704037797, 'max_depth': 3, 'n_estimators': 243, 'subsample': 0.3672328241961734}. Best is trial 48 with value: 0.998395.[0m
[40]	train-rmse:1.04498	valid-rmse:1.04843
[00:10:08] WARNING: ../src/learner.cc:576: 
Parameters: { "n_estimators" } might not be used.

  This could be a false alarm, with some parameters getting used by language bindings but
  then being mistakenly passed down to XGBoost core, or some parameter actually being used
  but getting flagged wrongly here. Please open an issue if you find any such cases.


[60]	train-rmse:1.03083	valid-rmse:1.03432
[140]	train-rmse:0.99311	valid-rmse:0.99867
[0]	train-rmse:1.09763	valid-rmse:1.10082
[100]	train-rmse:1.01515	valid-rmse:1.01859
[80]	train-rmse:1.02030	valid-rmse:1.02377
[160]	train-rmse:0.99252	valid-rmse:0.99864
[60]	train-rmse:1.02992	valid-rmse:1.03339
[220]	train-rmse:0.99120	valid-rmse:0.99859
[20]	train-rmse:1.07262	valid-rmse:1.07595
[100]	train-rmse:1.01293	valid-rmse:1.01637
[120]	train-rmse:1.00960	valid-rmse:1.01306
[180]	train-rmse:0.99192	valid-rmse:0.99861
[120]	train-rmse:1.00772	valid-rmse:1.01118
[80]	train-rmse:1.01944	valid-rmse:1.02291
[140]	train-rmse:1.00560	valid-rmse:1.00907
[238]	train-rmse:0.99072	valid-rmse:0.99858
[32m[I 2022-04-17 00:12:00,150][0m Trial 66 finished with value: 0.998542 and parameters: {'colsample_bytree': 0.809502153799607, 'eta': 0.030356957139133604, 'max_depth': 3, 'n_estimators': 888, 'subsample': 0.929263778862042}. Best is trial 48 with value: 0.998395.[0m
[40]	train-rmse:1.05363	valid-rmse:1.05705
[00:12:04] WARNING: ../src/learner.cc:576: 
Parameters: { "n_estimators" } might not be used.

  This could be a false alarm, with some parameters getting used by language bindings but
  then being mistakenly passed down to XGBoost core, or some parameter actually being used
  but getting flagged wrongly here. Please open an issue if you find any such cases.


[200]	train-rmse:0.99130	valid-rmse:0.99856
[0]	train-rmse:1.09738	valid-rmse:1.10057
[140]	train-rmse:1.00406	valid-rmse:1.00752
[160]	train-rmse:1.00271	valid-rmse:1.00619
[100]	train-rmse:1.01217	valid-rmse:1.01562
[220]	train-rmse:0.99067	valid-rmse:0.99860
[60]	train-rmse:1.03926	valid-rmse:1.04272
[160]	train-rmse:1.00145	valid-rmse:1.00494
[20]	train-rmse:1.06880	valid-rmse:1.07215
[180]	train-rmse:1.00062	valid-rmse:1.00414
[240]	train-rmse:0.99011	valid-rmse:0.99864
[180]	train-rmse:0.99959	valid-rmse:1.00313
[120]	train-rmse:1.00709	valid-rmse:1.01054
[80]	train-rmse:1.02843	valid-rmse:1.03191
[200]	train-rmse:0.99908	valid-rmse:1.00266
[200]	train-rmse:0.99826	valid-rmse:1.00187
[260]	train-rmse:0.98953	valid-rmse:0.99867
