[32m[I 2022-04-17 00:52:51,812][0m Trial 74 finished with value: 0.998501 and parameters: {'colsample_bytree': 0.9309290225090897, 'eta': 0.008406925491495463, 'max_depth': 3, 'n_estimators': 446, 'subsample': 0.8685369729673496}. Best is trial 48 with value: 0.998395.[0m
[00:52:55] WARNING: ../src/learner.cc:576: 
Parameters: { "n_estimators" } might not be used.

  This could be a false alarm, with some parameters getting used by language bindings but
  then being mistakenly passed down to XGBoost core, or some parameter actually being used
  but getting flagged wrongly here. Please open an issue if you find any such cases.


[0]	train-rmse:1.09865	valid-rmse:1.10183
[580]	train-rmse:1.09379	valid-rmse:1.09699
[400]	train-rmse:1.09850	valid-rmse:1.10168
[560]	train-rmse:1.00599	valid-rmse:1.00944
[20]	train-rmse:1.09883	valid-rmse:1.10201
[600]	train-rmse:1.09361	valid-rmse:1.09682
[420]	train-rmse:1.09848	valid-rmse:1.10166
[580]	train-rmse:1.00517	valid-rmse:1.00862
[20]	train-rmse:1.09075	valid-rmse:1.09397
[620]	train-rmse:1.09343	valid-rmse:1.09664
[600]	train-rmse:1.00440	valid-rmse:1.00785
[440]	train-rmse:1.09845	valid-rmse:1.10163
[20]	train-rmse:1.09903	valid-rmse:1.10221
[40]	train-rmse:1.09862	valid-rmse:1.10180
[640]	train-rmse:1.09326	valid-rmse:1.09647
[40]	train-rmse:1.08343	valid-rmse:1.08670
[620]	train-rmse:1.00370	valid-rmse:1.00715
[460]	train-rmse:1.09842	valid-rmse:1.10160
[660]	train-rmse:1.09308	valid-rmse:1.09629
[60]	train-rmse:1.09840	valid-rmse:1.10158
[640]	train-rmse:1.00304	valid-rmse:1.00650
[480]	train-rmse:1.09839	valid-rmse:1.10157
[60]	train-rmse:1.07666	valid-rmse:1.07996
[680]	train-rmse:1.09291	valid-rmse:1.09612
[660]	train-rmse:1.00245	valid-rmse:1.00591
[40]	train-rmse:1.09900	valid-rmse:1.10218
[700]	train-rmse:1.09273	valid-rmse:1.09594
[500]	train-rmse:1.09837	valid-rmse:1.10154
[80]	train-rmse:1.09818	valid-rmse:1.10136
[680]	train-rmse:1.00189	valid-rmse:1.00535
[80]	train-rmse:1.07039	valid-rmse:1.07374
[720]	train-rmse:1.09255	valid-rmse:1.09577
[520]	train-rmse:1.09834	valid-rmse:1.10152
[700]	train-rmse:1.00137	valid-rmse:1.00484
[100]	train-rmse:1.09797	valid-rmse:1.10115
[740]	train-rmse:1.09238	valid-rmse:1.09560
[720]	train-rmse:1.00090	valid-rmse:1.00437
[540]	train-rmse:1.09831	valid-rmse:1.10149
[100]	train-rmse:1.06461	valid-rmse:1.06798
[60]	train-rmse:1.09897	valid-rmse:1.10215
[760]	train-rmse:1.09221	valid-rmse:1.09542
[740]	train-rmse:1.00045	valid-rmse:1.00394
[120]	train-rmse:1.09775	valid-rmse:1.10094
[560]	train-rmse:1.09828	valid-rmse:1.10146
[780]	train-rmse:1.09203	valid-rmse:1.09525
[120]	train-rmse:1.05927	valid-rmse:1.06266
[760]	train-rmse:1.00005	valid-rmse:1.00354
[580]	train-rmse:1.09825	valid-rmse:1.10143
[800]	train-rmse:1.09186	valid-rmse:1.09508
[780]	train-rmse:0.99967	valid-rmse:1.00317
[140]	train-rmse:1.09754	valid-rmse:1.10072
[820]	train-rmse:1.09168	valid-rmse:1.09491
[600]	train-rmse:1.09823	valid-rmse:1.10141
[140]	train-rmse:1.05433	valid-rmse:1.05774
[80]	train-rmse:1.09893	valid-rmse:1.10212
[800]	train-rmse:0.99931	valid-rmse:1.00283
[840]	train-rmse:1.09151	valid-rmse:1.09473
[160]	train-rmse:1.09733	valid-rmse:1.10051
[620]	train-rmse:1.09820	valid-rmse:1.10138
[820]	train-rmse:0.99899	valid-rmse:1.00252
[160]	train-rmse:1.04977	valid-rmse:1.05319
[860]	train-rmse:1.09134	valid-rmse:1.09456
[640]	train-rmse:1.09817	valid-rmse:1.10135
[840]	train-rmse:0.99869	valid-rmse:1.00223
[880]	train-rmse:1.09117	valid-rmse:1.09439
[180]	train-rmse:1.09711	valid-rmse:1.10030
[100]	train-rmse:1.09890	valid-rmse:1.10209
[860]	train-rmse:0.99840	valid-rmse:1.00197
[660]	train-rmse:1.09814	valid-rmse:1.10132
[180]	train-rmse:1.04556	valid-rmse:1.04900
[900]	train-rmse:1.09099	valid-rmse:1.09422
[880]	train-rmse:0.99814	valid-rmse:1.00172
[200]	train-rmse:1.09690	valid-rmse:1.10008
[680]	train-rmse:1.09812	valid-rmse:1.10130
[920]	train-rmse:1.09082	valid-rmse:1.09405
[200]	train-rmse:1.04167	valid-rmse:1.04512
[900]	train-rmse:0.99790	valid-rmse:1.00149
[940]	train-rmse:1.09065	valid-rmse:1.09388
[700]	train-rmse:1.09809	valid-rmse:1.10127
[120]	train-rmse:1.09887	valid-rmse:1.10206
[920]	train-rmse:0.99767	valid-rmse:1.00127
[220]	train-rmse:1.09668	valid-rmse:1.09987
[960]	train-rmse:1.09048	valid-rmse:1.09371
[720]	train-rmse:1.09806	valid-rmse:1.10124
[220]	train-rmse:1.03809	valid-rmse:1.04154
[940]	train-rmse:0.99745	valid-rmse:1.00108
[980]	train-rmse:1.09031	valid-rmse:1.09354
[240]	train-rmse:1.09647	valid-rmse:1.09966
[740]	train-rmse:1.09803	valid-rmse:1.10121
[960]	train-rmse:0.99726	valid-rmse:1.00090
[999]	train-rmse:1.09014	valid-rmse:1.09337
[32m[I 2022-04-17 01:07:18,170][0m Trial 80 finished with value: 1.093374 and parameters: {'colsample_bytree': 0.5200876018743992, 'eta': 4.796025323436431e-05, 'max_depth': 3, 'n_estimators': 452, 'subsample': 0.8761170814930864}. Best is trial 48 with value: 0.998395.[0m
[240]	train-rmse:1.03478	valid-rmse:1.03824
[01:07:22] WARNING: ../src/learner.cc:576: 
Parameters: { "n_estimators" } might not be used.

  This could be a false alarm, with some parameters getting used by language bindings but
  then being mistakenly passed down to XGBoost core, or some parameter actually being used
  but getting flagged wrongly here. Please open an issue if you find any such cases.


[0]	train-rmse:1.09906	valid-rmse:1.10224
[980]	train-rmse:0.99707	valid-rmse:1.00073
[760]	train-rmse:1.09800	valid-rmse:1.10119
[140]	train-rmse:1.09884	valid-rmse:1.10203
[260]	train-rmse:1.09626	valid-rmse:1.09945
[999]	train-rmse:0.99690	valid-rmse:1.00059
[32m[I 2022-04-17 01:08:23,891][0m Trial 81 finished with value: 1.000585 and parameters: {'colsample_bytree': 0.5237377364651331, 'eta': 0.0021448082458366473, 'max_depth': 3, 'n_estimators': 60, 'subsample': 0.9174035370863552}. Best is trial 48 with value: 0.998395.[0m
[01:08:28] WARNING: ../src/learner.cc:576: 
Parameters: { "n_estimators" } might not be used.

  This could be a false alarm, with some parameters getting used by language bindings but
  then being mistakenly passed down to XGBoost core, or some parameter actually being used
  but getting flagged wrongly here. Please open an issue if you find any such cases.


[20]	train-rmse:1.09901	valid-rmse:1.10218
[260]	train-rmse:1.03173	valid-rmse:1.03519
[780]	train-rmse:1.09798	valid-rmse:1.10116
[0]	train-rmse:1.09906	valid-rmse:1.10224
[280]	train-rmse:1.09605	valid-rmse:1.09924
[800]	train-rmse:1.09795	valid-rmse:1.10113
[40]	train-rmse:1.09896	valid-rmse:1.10213
[280]	train-rmse:1.02891	valid-rmse:1.03238
[160]	train-rmse:1.09881	valid-rmse:1.10200
[820]	train-rmse:1.09792	valid-rmse:1.10110
[300]	train-rmse:1.09583	valid-rmse:1.09903
[60]	train-rmse:1.09891	valid-rmse:1.10208
[300]	train-rmse:1.02631	valid-rmse:1.02979
[840]	train-rmse:1.09789	valid-rmse:1.10108
[20]	train-rmse:1.09906	valid-rmse:1.10224
[320]	train-rmse:1.09562	valid-rmse:1.09882
[80]	train-rmse:1.09885	valid-rmse:1.10203
[860]	train-rmse:1.09787	valid-rmse:1.10105
[320]	train-rmse:1.02391	valid-rmse:1.02739
[180]	train-rmse:1.09877	valid-rmse:1.10197
[880]	train-rmse:1.09784	valid-rmse:1.10102
[100]	train-rmse:1.09880	valid-rmse:1.10198
[340]	train-rmse:1.09542	valid-rmse:1.09861
[340]	train-rmse:1.02171	valid-rmse:1.02518
[900]	train-rmse:1.09781	valid-rmse:1.10099
[120]	train-rmse:1.09875	valid-rmse:1.10193
[40]	train-rmse:1.09906	valid-rmse:1.10224
[360]	train-rmse:1.09520	valid-rmse:1.09840
[920]	train-rmse:1.09778	valid-rmse:1.10097
[200]	train-rmse:1.09874	valid-rmse:1.10194
[360]	train-rmse:1.01967	valid-rmse:1.02313
[140]	train-rmse:1.09870	valid-rmse:1.10188
[940]	train-rmse:1.09776	valid-rmse:1.10094
[380]	train-rmse:1.09499	valid-rmse:1.09820
[380]	train-rmse:1.01778	valid-rmse:1.02125
[960]	train-rmse:1.09773	valid-rmse:1.10091
[160]	train-rmse:1.09865	valid-rmse:1.10183
[220]	train-rmse:1.09871	valid-rmse:1.10191
[400]	train-rmse:1.09478	valid-rmse:1.09799
[980]	train-rmse:1.09770	valid-rmse:1.10088
[60]	train-rmse:1.09906	valid-rmse:1.10223
[400]	train-rmse:1.01605	valid-rmse:1.01952
[180]	train-rmse:1.09860	valid-rmse:1.10177
[999]	train-rmse:1.09767	valid-rmse:1.10086
[32m[I 2022-04-17 01:17:21,450][0m Trial 83 finished with value: 1.100858 and parameters: {'colsample_bytree': 0.6288666127892972, 'eta': 7.201142736501534e-06, 'max_depth': 3, 'n_estimators': 341, 'subsample': 0.9141246160590379}. Best is trial 48 with value: 0.998395.[0m
[01:17:25] WARNING: ../src/learner.cc:576: 
Parameters: { "n_estimators" } might not be used.

  This could be a false alarm, with some parameters getting used by language bindings but
  then being mistakenly passed down to XGBoost core, or some parameter actually being used
  but getting flagged wrongly here. Please open an issue if you find any such cases.


[420]	train-rmse:1.09458	valid-rmse:1.09778
[0]	train-rmse:1.09817	valid-rmse:1.10140
[200]	train-rmse:1.09855	valid-rmse:1.10172
[420]	train-rmse:1.01445	valid-rmse:1.01792
[240]	train-rmse:1.09868	valid-rmse:1.10188
[440]	train-rmse:1.09437	valid-rmse:1.09757
[220]	train-rmse:1.09849	valid-rmse:1.10167
[440]	train-rmse:1.01297	valid-rmse:1.01644
[80]	train-rmse:1.09906	valid-rmse:1.10223
[460]	train-rmse:1.09416	valid-rmse:1.09736
[240]	train-rmse:1.09844	valid-rmse:1.10162
[20]	train-rmse:1.08143	valid-rmse:1.08588
[460]	train-rmse:1.01161	valid-rmse:1.01508
[260]	train-rmse:1.09865	valid-rmse:1.10185
[480]	train-rmse:1.09395	valid-rmse:1.09716
[260]	train-rmse:1.09839	valid-rmse:1.10157
[480]	train-rmse:1.01035	valid-rmse:1.01382
[100]	train-rmse:1.09906	valid-rmse:1.10223
[280]	train-rmse:1.09834	valid-rmse:1.10152
[500]	train-rmse:1.09374	valid-rmse:1.09695
[280]	train-rmse:1.09861	valid-rmse:1.10182
[500]	train-rmse:1.00920	valid-rmse:1.01266
[40]	train-rmse:1.06711	valid-rmse:1.07266
[300]	train-rmse:1.09829	valid-rmse:1.10147
[520]	train-rmse:1.09354	valid-rmse:1.09675
[520]	train-rmse:1.00813	valid-rmse:1.01158
[320]	train-rmse:1.09824	valid-rmse:1.10142
[540]	train-rmse:1.09333	valid-rmse:1.09654
[120]	train-rmse:1.09905	valid-rmse:1.10223
[300]	train-rmse:1.09858	valid-rmse:1.10179
[540]	train-rmse:1.00714	valid-rmse:1.01060
[340]	train-rmse:1.09818	valid-rmse:1.10136
[60]	train-rmse:1.05479	valid-rmse:1.06140
[560]	train-rmse:1.09312	valid-rmse:1.09634
[560]	train-rmse:1.00623	valid-rmse:1.00969
[360]	train-rmse:1.09813	valid-rmse:1.10131
[320]	train-rmse:1.09855	valid-rmse:1.10176
[580]	train-rmse:1.09292	valid-rmse:1.09613
[140]	train-rmse:1.09905	valid-rmse:1.10223
[380]	train-rmse:1.09808	valid-rmse:1.10126
[580]	train-rmse:1.00539	valid-rmse:1.00885
[600]	train-rmse:1.09272	valid-rmse:1.09593
[80]	train-rmse:1.04418	valid-rmse:1.05183
[400]	train-rmse:1.09803	valid-rmse:1.10121
[600]	train-rmse:1.00461	valid-rmse:1.00808
[340]	train-rmse:1.09852	valid-rmse:1.10173
[620]	train-rmse:1.09251	valid-rmse:1.09573
[420]	train-rmse:1.09798	valid-rmse:1.10116
[620]	train-rmse:1.00389	valid-rmse:1.00736
[160]	train-rmse:1.09905	valid-rmse:1.10223
[640]	train-rmse:1.09231	valid-rmse:1.09552
[440]	train-rmse:1.09793	valid-rmse:1.10111
[100]	train-rmse:1.03508	valid-rmse:1.04374
[360]	train-rmse:1.09849	valid-rmse:1.10170
[640]	train-rmse:1.00323	valid-rmse:1.00670
[660]	train-rmse:1.09210	valid-rmse:1.09532
[460]	train-rmse:1.09788	valid-rmse:1.10106
[660]	train-rmse:1.00261	valid-rmse:1.00609
[180]	train-rmse:1.09905	valid-rmse:1.10222
[480]	train-rmse:1.09783	valid-rmse:1.10101
[680]	train-rmse:1.09190	valid-rmse:1.09512
[380]	train-rmse:1.09845	valid-rmse:1.10167
[680]	train-rmse:1.00204	valid-rmse:1.00553
[120]	train-rmse:1.02720	valid-rmse:1.03687
[500]	train-rmse:1.09777	valid-rmse:1.10096
[700]	train-rmse:1.09170	valid-rmse:1.09492
[700]	train-rmse:1.00151	valid-rmse:1.00501
[520]	train-rmse:1.09772	valid-rmse:1.10091
[720]	train-rmse:1.09149	valid-rmse:1.09472
[400]	train-rmse:1.09842	valid-rmse:1.10164
[200]	train-rmse:1.09905	valid-rmse:1.10222
[720]	train-rmse:1.00103	valid-rmse:1.00453
[540]	train-rmse:1.09767	valid-rmse:1.10086
[740]	train-rmse:1.09129	valid-rmse:1.09451
[140]	train-rmse:1.02043	valid-rmse:1.03106
[560]	train-rmse:1.09762	valid-rmse:1.10081
[740]	train-rmse:1.00059	valid-rmse:1.00408
[420]	train-rmse:1.09839	valid-rmse:1.10161
[760]	train-rmse:1.09109	valid-rmse:1.09431
[220]	train-rmse:1.09905	valid-rmse:1.10222
[580]	train-rmse:1.09757	valid-rmse:1.10075
[760]	train-rmse:1.00018	valid-rmse:1.00367
[780]	train-rmse:1.09089	valid-rmse:1.09411
[160]	train-rmse:1.01460	valid-rmse:1.02614
[600]	train-rmse:1.09752	valid-rmse:1.10070
[780]	train-rmse:0.99979	valid-rmse:1.00330
[440]	train-rmse:1.09836	valid-rmse:1.10158
[800]	train-rmse:1.09069	valid-rmse:1.09391
[620]	train-rmse:1.09747	valid-rmse:1.10065
[800]	train-rmse:0.99943	valid-rmse:1.00295
[240]	train-rmse:1.09905	valid-rmse:1.10222
[820]	train-rmse:1.09049	valid-rmse:1.09371
[640]	train-rmse:1.09742	valid-rmse:1.10060
[460]	train-rmse:1.09833	valid-rmse:1.10155
[180]	train-rmse:1.00958	valid-rmse:1.02194
[820]	train-rmse:0.99909	valid-rmse:1.00263
[840]	train-rmse:1.09029	valid-rmse:1.09352
[660]	train-rmse:1.09736	valid-rmse:1.10055
[840]	train-rmse:0.99878	valid-rmse:1.00233
[260]	train-rmse:1.09904	valid-rmse:1.10222
[680]	train-rmse:1.09731	valid-rmse:1.10050
[860]	train-rmse:1.09009	valid-rmse:1.09332
[480]	train-rmse:1.09830	valid-rmse:1.10152
[860]	train-rmse:0.99850	valid-rmse:1.00205
[200]	train-rmse:1.00518	valid-rmse:1.01840
[700]	train-rmse:1.09726	valid-rmse:1.10045
[880]	train-rmse:1.08989	valid-rmse:1.09312
[880]	train-rmse:0.99823	valid-rmse:1.00180
[720]	train-rmse:1.09721	valid-rmse:1.10040
[900]	train-rmse:1.08969	valid-rmse:1.09292
[500]	train-rmse:1.09827	valid-rmse:1.10149
[280]	train-rmse:1.09904	valid-rmse:1.10222
[900]	train-rmse:0.99797	valid-rmse:1.00157
[740]	train-rmse:1.09716	valid-rmse:1.10035
[920]	train-rmse:1.08949	valid-rmse:1.09272
[220]	train-rmse:1.00130	valid-rmse:1.01545
[760]	train-rmse:1.09711	valid-rmse:1.10030
[920]	train-rmse:0.99774	valid-rmse:1.00135
[520]	train-rmse:1.09823	valid-rmse:1.10146
[940]	train-rmse:1.08929	valid-rmse:1.09253
[780]	train-rmse:1.09706	valid-rmse:1.10025
[300]	train-rmse:1.09904	valid-rmse:1.10222
[940]	train-rmse:0.99753	valid-rmse:1.00115
[960]	train-rmse:1.08909	valid-rmse:1.09233
[240]	train-rmse:0.99798	valid-rmse:1.01294
[800]	train-rmse:1.09701	valid-rmse:1.10020
[540]	train-rmse:1.09820	valid-rmse:1.10143
[960]	train-rmse:0.99732	valid-rmse:1.00096
[980]	train-rmse:1.08890	valid-rmse:1.09214
[820]	train-rmse:1.09696	valid-rmse:1.10015
[980]	train-rmse:0.99713	valid-rmse:1.00080
[320]	train-rmse:1.09904	valid-rmse:1.10221
[999]	train-rmse:1.08871	valid-rmse:1.09195
[32m[I 2022-04-17 01:51:36,846][0m Trial 84 finished with value: 1.091949 and parameters: {'colsample_bytree': 0.9639811172339959, 'eta': 5.60439936051377e-05, 'max_depth': 3, 'n_estimators': 353, 'subsample': 0.9670422872539465}. Best is trial 48 with value: 0.998395.[0m
[01:51:41] WARNING: ../src/learner.cc:576: 
Parameters: { "n_estimators" } might not be used.

  This could be a false alarm, with some parameters getting used by language bindings but
  then being mistakenly passed down to XGBoost core, or some parameter actually being used
  but getting flagged wrongly here. Please open an issue if you find any such cases.


[840]	train-rmse:1.09691	valid-rmse:1.10010
[0]	train-rmse:1.09906	valid-rmse:1.10224
[560]	train-rmse:1.09817	valid-rmse:1.10140
[260]	train-rmse:0.99518	valid-rmse:1.01080
[999]	train-rmse:0.99695	valid-rmse:1.00064
[32m[I 2022-04-17 01:52:22,491][0m Trial 86 finished with value: 1.000643 and parameters: {'colsample_bytree': 0.9721271021584348, 'eta': 0.0021206371041989952, 'max_depth': 3, 'n_estimators': 845, 'subsample': 0.9664597556547273}. Best is trial 48 with value: 0.998395.[0m
[01:52:26] WARNING: ../src/learner.cc:576: 
Parameters: { "n_estimators" } might not be used.

  This could be a false alarm, with some parameters getting used by language bindings but
  then being mistakenly passed down to XGBoost core, or some parameter actually being used
  but getting flagged wrongly here. Please open an issue if you find any such cases.


[0]	train-rmse:1.04834	valid-rmse:1.05449
[860]	train-rmse:1.09686	valid-rmse:1.10005
[880]	train-rmse:1.09681	valid-rmse:1.10000
[340]	train-rmse:1.09904	valid-rmse:1.10221
[20]	train-rmse:0.95523	valid-rmse:1.00364
[580]	train-rmse:1.09814	valid-rmse:1.10137
[20]	train-rmse:1.09906	valid-rmse:1.10224
[280]	train-rmse:0.99262	valid-rmse:1.00897
[900]	train-rmse:1.09676	valid-rmse:1.09995
[40]	train-rmse:0.92149	valid-rmse:1.00738
[920]	train-rmse:1.09670	valid-rmse:1.09990
[600]	train-rmse:1.09811	valid-rmse:1.10134
[360]	train-rmse:1.09903	valid-rmse:1.10221
[40]	train-rmse:1.09906	valid-rmse:1.10224
[940]	train-rmse:1.09665	valid-rmse:1.09984
[58]	train-rmse:0.88548	valid-rmse:1.01224
[32m[I 2022-04-17 01:57:11,961][0m Trial 91 finished with value: 1.001145 and parameters: {'colsample_bytree': 0.46658748097089064, 'eta': 0.2851123946624207, 'max_depth': 7, 'n_estimators': 718, 'subsample': 0.8244659019383962}. Best is trial 48 with value: 0.998395.[0m
[01:57:16] WARNING: ../src/learner.cc:576: 
Parameters: { "n_estimators" } might not be used.

  This could be a false alarm, with some parameters getting used by language bindings but
  then being mistakenly passed down to XGBoost core, or some parameter actually being used
  but getting flagged wrongly here. Please open an issue if you find any such cases.


[0]	train-rmse:1.08736	valid-rmse:1.09065
[300]	train-rmse:0.99042	valid-rmse:1.00744
[50]	train-rmse:1.09906	valid-rmse:1.10224
[32m[I 2022-04-17 01:57:59,867][0m Trial 90 finished with value: 1.102238 and parameters: {'colsample_bytree': 0.87692492733881, 'eta': 2.148150656701655e-08, 'max_depth': 7, 'n_estimators': 842, 'subsample': 0.8220454800919837}. Best is trial 48 with value: 0.998395.[0m
[01:58:04] WARNING: ../src/learner.cc:576: 
Parameters: { "n_estimators" } might not be used.

  This could be a false alarm, with some parameters getting used by language bindings but
  then being mistakenly passed down to XGBoost core, or some parameter actually being used
  but getting flagged wrongly here. Please open an issue if you find any such cases.


[960]	train-rmse:1.09660	valid-rmse:1.09980
[0]	train-rmse:1.09579	valid-rmse:1.09899
[20]	train-rmse:1.00357	valid-rmse:1.00706
[620]	train-rmse:1.09807	valid-rmse:1.10131
[980]	train-rmse:1.09655	valid-rmse:1.09974
[20]	train-rmse:1.04800	valid-rmse:1.05140
[380]	train-rmse:1.09903	valid-rmse:1.10221
[40]	train-rmse:0.99561	valid-rmse:0.99946
[999]	train-rmse:1.09650	valid-rmse:1.09970
[320]	train-rmse:0.98844	valid-rmse:1.00614
[32m[I 2022-04-17 02:00:10,038][0m Trial 87 finished with value: 1.099697 and parameters: {'colsample_bytree': 0.9478207403270501, 'eta': 1.3332997768512401e-05, 'max_depth': 3, 'n_estimators': 836, 'subsample': 0.8256828921377339}. Best is trial 48 with value: 0.998395.[0m
[02:00:13] WARNING: ../src/learner.cc:576: 
Parameters: { "n_estimators" } might not be used.

  This could be a false alarm, with some parameters getting used by language bindings but
  then being mistakenly passed down to XGBoost core, or some parameter actually being used
  but getting flagged wrongly here. Please open an issue if you find any such cases.


[40]	train-rmse:1.02286	valid-rmse:1.02626
[0]	train-rmse:1.09533	valid-rmse:1.09854
[60]	train-rmse:0.99401	valid-rmse:0.99864
[640]	train-rmse:1.09804	valid-rmse:1.10129
[60]	train-rmse:1.00978	valid-rmse:1.01313
[20]	train-rmse:1.04316	valid-rmse:1.04656
[80]	train-rmse:0.99288	valid-rmse:0.99854
[400]	train-rmse:1.09903	valid-rmse:1.10221
[80]	train-rmse:1.00293	valid-rmse:1.00631
[40]	train-rmse:1.01815	valid-rmse:1.02154
[100]	train-rmse:0.99179	valid-rmse:0.99852
[660]	train-rmse:1.09801	valid-rmse:1.10126
[340]	train-rmse:0.98664	valid-rmse:1.00503
[100]	train-rmse:0.99927	valid-rmse:1.00271
[60]	train-rmse:1.00626	valid-rmse:1.00962
[120]	train-rmse:0.99076	valid-rmse:0.99854
[120]	train-rmse:0.99729	valid-rmse:1.00082
[80]	train-rmse:1.00055	valid-rmse:1.00396
[420]	train-rmse:1.09903	valid-rmse:1.10221
[140]	train-rmse:0.98975	valid-rmse:0.99857
[680]	train-rmse:1.09798	valid-rmse:1.10123
[360]	train-rmse:0.98503	valid-rmse:1.00411
[152]	train-rmse:0.98909	valid-rmse:0.99859
