[32m[I 2022-04-17 02:05:28,876][0m Trial 92 finished with value: 0.998488 and parameters: {'colsample_bytree': 0.8386901183962032, 'eta': 0.06192225703104037, 'max_depth': 3, 'n_estimators': 412, 'subsample': 0.964033771953307}. Best is trial 48 with value: 0.998395.[0m
[140]	train-rmse:0.99613	valid-rmse:0.99980
[02:05:32] WARNING: ../src/learner.cc:576: 
Parameters: { "n_estimators" } might not be used.

  This could be a false alarm, with some parameters getting used by language bindings but
  then being mistakenly passed down to XGBoost core, or some parameter actually being used
  but getting flagged wrongly here. Please open an issue if you find any such cases.


[100]	train-rmse:0.99772	valid-rmse:1.00124
[0]	train-rmse:1.09570	valid-rmse:1.09890
[160]	train-rmse:0.99538	valid-rmse:0.99923
[120]	train-rmse:0.99623	valid-rmse:0.99992
[20]	train-rmse:1.04701	valid-rmse:1.05041
[700]	train-rmse:1.09795	valid-rmse:1.10120
[440]	train-rmse:1.09903	valid-rmse:1.10221
[180]	train-rmse:0.99484	valid-rmse:0.99892
[140]	train-rmse:0.99534	valid-rmse:0.99926
[40]	train-rmse:1.02187	valid-rmse:1.02528
[380]	train-rmse:0.98352	valid-rmse:1.00330
[200]	train-rmse:0.99440	valid-rmse:0.99874
[160]	train-rmse:0.99475	valid-rmse:0.99890
[60]	train-rmse:1.00901	valid-rmse:1.01236
[720]	train-rmse:1.09791	valid-rmse:1.10117
[220]	train-rmse:0.99404	valid-rmse:0.99863
[180]	train-rmse:0.99428	valid-rmse:0.99870
[80]	train-rmse:1.00239	valid-rmse:1.00574
[460]	train-rmse:1.09903	valid-rmse:1.10220
[400]	train-rmse:0.98223	valid-rmse:1.00265
[240]	train-rmse:0.99374	valid-rmse:0.99857
[200]	train-rmse:0.99388	valid-rmse:0.99862
[100]	train-rmse:0.99890	valid-rmse:1.00234
[740]	train-rmse:1.09788	valid-rmse:1.10114
[260]	train-rmse:0.99342	valid-rmse:0.99852
[120]	train-rmse:0.99703	valid-rmse:1.00055
[220]	train-rmse:0.99350	valid-rmse:0.99855
[480]	train-rmse:1.09903	valid-rmse:1.10220
[280]	train-rmse:0.99312	valid-rmse:0.99847
[140]	train-rmse:0.99594	valid-rmse:0.99962
[240]	train-rmse:0.99316	valid-rmse:0.99851
[760]	train-rmse:1.09785	valid-rmse:1.10111
[420]	train-rmse:0.98096	valid-rmse:1.00207
[300]	train-rmse:0.99283	valid-rmse:0.99846
[160]	train-rmse:0.99525	valid-rmse:0.99913
[260]	train-rmse:0.99284	valid-rmse:0.99850
[320]	train-rmse:0.99253	valid-rmse:0.99845
[180]	train-rmse:0.99474	valid-rmse:0.99884
[280]	train-rmse:0.99247	valid-rmse:0.99847
[780]	train-rmse:1.09782	valid-rmse:1.10108
[500]	train-rmse:1.09902	valid-rmse:1.10220
[440]	train-rmse:0.97980	valid-rmse:1.00159
[340]	train-rmse:0.99227	valid-rmse:0.99844
[200]	train-rmse:0.99429	valid-rmse:0.99866
[300]	train-rmse:0.99218	valid-rmse:0.99846
[360]	train-rmse:0.99198	valid-rmse:0.99844
[220]	train-rmse:0.99393	valid-rmse:0.99858
[320]	train-rmse:0.99184	valid-rmse:0.99847
[800]	train-rmse:1.09779	valid-rmse:1.10105
[380]	train-rmse:0.99170	valid-rmse:0.99843
[520]	train-rmse:1.09902	valid-rmse:1.10220
[240]	train-rmse:0.99359	valid-rmse:0.99853
[340]	train-rmse:0.99152	valid-rmse:0.99847
[460]	train-rmse:0.97870	valid-rmse:1.00118
[400]	train-rmse:0.99145	valid-rmse:0.99844
[355]	train-rmse:0.99128	valid-rmse:0.99847
[32m[I 2022-04-17 02:19:21,485][0m Trial 94 finished with value: 0.998452 and parameters: {'colsample_bytree': 0.8353037893754558, 'eta': 0.019350323580271136, 'max_depth': 3, 'n_estimators': 186, 'subsample': 0.9965648220828099}. Best is trial 48 with value: 0.998395.[0m
[02:19:25] WARNING: ../src/learner.cc:576: 
Parameters: { "n_estimators" } might not be used.

  This could be a false alarm, with some parameters getting used by language bindings but
  then being mistakenly passed down to XGBoost core, or some parameter actually being used
  but getting flagged wrongly here. Please open an issue if you find any such cases.


[260]	train-rmse:0.99329	valid-rmse:0.99849
[0]	train-rmse:1.09581	valid-rmse:1.09901
[820]	train-rmse:1.09776	valid-rmse:1.10102
[420]	train-rmse:0.99114	valid-rmse:0.99845
[280]	train-rmse:0.99297	valid-rmse:0.99847
[20]	train-rmse:1.04826	valid-rmse:1.05165
[540]	train-rmse:1.09902	valid-rmse:1.10220
[433]	train-rmse:0.99100	valid-rmse:0.99846
[32m[I 2022-04-17 02:21:07,468][0m Trial 93 finished with value: 0.998431 and parameters: {'colsample_bytree': 0.8380718536064131, 'eta': 0.016965483076501243, 'max_depth': 3, 'n_estimators': 288, 'subsample': 0.9961993482349043}. Best is trial 48 with value: 0.998395.[0m
[02:21:11] WARNING: ../src/learner.cc:576: 
Parameters: { "n_estimators" } might not be used.

  This could be a false alarm, with some parameters getting used by language bindings but
  then being mistakenly passed down to XGBoost core, or some parameter actually being used
  but getting flagged wrongly here. Please open an issue if you find any such cases.


[480]	train-rmse:0.97769	valid-rmse:1.00083
[0]	train-rmse:1.09583	valid-rmse:1.09903
[840]	train-rmse:1.09773	valid-rmse:1.10099
[300]	train-rmse:0.99268	valid-rmse:0.99847
[40]	train-rmse:1.02313	valid-rmse:1.02653
[20]	train-rmse:1.04845	valid-rmse:1.05187
[320]	train-rmse:0.99238	valid-rmse:0.99847
[60]	train-rmse:1.00997	valid-rmse:1.01335
[40]	train-rmse:1.02331	valid-rmse:1.02679
[560]	train-rmse:1.09902	valid-rmse:1.10220
[860]	train-rmse:1.09769	valid-rmse:1.10096
[80]	train-rmse:1.00307	valid-rmse:1.00644
[340]	train-rmse:0.99209	valid-rmse:0.99848
[500]	train-rmse:0.97671	valid-rmse:1.00053
[60]	train-rmse:1.01011	valid-rmse:1.01352
[100]	train-rmse:0.99934	valid-rmse:1.00280
[360]	train-rmse:0.99180	valid-rmse:0.99846
[80]	train-rmse:1.00312	valid-rmse:1.00655
[880]	train-rmse:1.09766	valid-rmse:1.10093
[120]	train-rmse:0.99730	valid-rmse:1.00087
[380]	train-rmse:0.99152	valid-rmse:0.99845
[580]	train-rmse:1.09902	valid-rmse:1.10220
[100]	train-rmse:0.99938	valid-rmse:1.00289
[520]	train-rmse:0.97587	valid-rmse:1.00026
[140]	train-rmse:0.99612	valid-rmse:0.99982
[400]	train-rmse:0.99124	valid-rmse:0.99844
[120]	train-rmse:0.99730	valid-rmse:1.00092
[900]	train-rmse:1.09763	valid-rmse:1.10090
[160]	train-rmse:0.99535	valid-rmse:0.99926
[420]	train-rmse:0.99094	valid-rmse:0.99844
[140]	train-rmse:0.99610	valid-rmse:0.99986
[600]	train-rmse:1.09902	valid-rmse:1.10219
[180]	train-rmse:0.99481	valid-rmse:0.99892
[540]	train-rmse:0.97499	valid-rmse:1.00005
[440]	train-rmse:0.99065	valid-rmse:0.99844
[160]	train-rmse:0.99534	valid-rmse:0.99928
[920]	train-rmse:1.09760	valid-rmse:1.10087
[200]	train-rmse:0.99438	valid-rmse:0.99875
[460]	train-rmse:0.99038	valid-rmse:0.99844
[180]	train-rmse:0.99479	valid-rmse:0.99897
[220]	train-rmse:0.99400	valid-rmse:0.99864
[480]	train-rmse:0.99007	valid-rmse:0.99843
[620]	train-rmse:1.09901	valid-rmse:1.10219
[200]	train-rmse:0.99433	valid-rmse:0.99876
[560]	train-rmse:0.97420	valid-rmse:0.99985
[940]	train-rmse:1.09757	valid-rmse:1.10084
[240]	train-rmse:0.99369	valid-rmse:0.99856
[500]	train-rmse:0.98980	valid-rmse:0.99842
[220]	train-rmse:0.99396	valid-rmse:0.99865
[260]	train-rmse:0.99338	valid-rmse:0.99852
[520]	train-rmse:0.98953	valid-rmse:0.99843
[240]	train-rmse:0.99363	valid-rmse:0.99859
[960]	train-rmse:1.09754	valid-rmse:1.10081
[640]	train-rmse:1.09901	valid-rmse:1.10219
[580]	train-rmse:0.97336	valid-rmse:0.99969
[280]	train-rmse:0.99306	valid-rmse:0.99849
[538]	train-rmse:0.98928	valid-rmse:0.99843
[32m[I 2022-04-17 02:34:38,592][0m Trial 95 finished with value: 0.998414 and parameters: {'colsample_bytree': 0.8401936859345445, 'eta': 0.017433624692366173, 'max_depth': 3, 'n_estimators': 760, 'subsample': 0.9993877804442846}. Best is trial 48 with value: 0.998395.[0m
[02:34:42] WARNING: ../src/learner.cc:576: 
Parameters: { "n_estimators" } might not be used.

  This could be a false alarm, with some parameters getting used by language bindings but
  then being mistakenly passed down to XGBoost core, or some parameter actually being used
  but getting flagged wrongly here. Please open an issue if you find any such cases.


[0]	train-rmse:1.09591	valid-rmse:1.09912
[260]	train-rmse:0.99334	valid-rmse:0.99855
[300]	train-rmse:0.99276	valid-rmse:0.99848
[20]	train-rmse:1.04937	valid-rmse:1.05279
[280]	train-rmse:0.99303	valid-rmse:0.99851
[980]	train-rmse:1.09750	valid-rmse:1.10078
[320]	train-rmse:0.99247	valid-rmse:0.99847
[40]	train-rmse:1.02427	valid-rmse:1.02772
[300]	train-rmse:0.99272	valid-rmse:0.99848
[660]	train-rmse:1.09901	valid-rmse:1.10219
[600]	train-rmse:0.97262	valid-rmse:0.99956
[60]	train-rmse:1.01087	valid-rmse:1.01426
[340]	train-rmse:0.99223	valid-rmse:0.99846
[320]	train-rmse:0.99242	valid-rmse:0.99848
[999]	train-rmse:1.09747	valid-rmse:1.10075
[32m[I 2022-04-17 02:38:31,945][0m Trial 85 finished with value: 1.100755 and parameters: {'colsample_bytree': 0.633700033305616, 'eta': 7.767929842187007e-06, 'max_depth': 7, 'n_estimators': 338, 'subsample': 0.9616916475090961}. Best is trial 48 with value: 0.998395.[0m
[02:38:36] WARNING: ../src/learner.cc:576: 
Parameters: { "n_estimators" } might not be used.

  This could be a false alarm, with some parameters getting used by language bindings but
  then being mistakenly passed down to XGBoost core, or some parameter actually being used
  but getting flagged wrongly here. Please open an issue if you find any such cases.


[80]	train-rmse:1.00368	valid-rmse:1.00707
[0]	train-rmse:1.09595	valid-rmse:1.09916
[360]	train-rmse:0.99194	valid-rmse:0.99846
[340]	train-rmse:0.99213	valid-rmse:0.99847
[100]	train-rmse:0.99977	valid-rmse:1.00324
[680]	train-rmse:1.09901	valid-rmse:1.10219
[620]	train-rmse:0.97184	valid-rmse:0.99946
[20]	train-rmse:1.04977	valid-rmse:1.05319
[380]	train-rmse:0.99168	valid-rmse:0.99846
[360]	train-rmse:0.99188	valid-rmse:0.99847
[120]	train-rmse:0.99759	valid-rmse:1.00116
[40]	train-rmse:1.02468	valid-rmse:1.02818
[400]	train-rmse:0.99143	valid-rmse:0.99845
[380]	train-rmse:0.99160	valid-rmse:0.99846
[140]	train-rmse:0.99630	valid-rmse:1.00001
[60]	train-rmse:1.01119	valid-rmse:1.01463
[420]	train-rmse:0.99113	valid-rmse:0.99847
[400]	train-rmse:0.99130	valid-rmse:0.99848
[700]	train-rmse:1.09901	valid-rmse:1.10218
[640]	train-rmse:0.97108	valid-rmse:0.99937
[160]	train-rmse:0.99548	valid-rmse:0.99936
[80]	train-rmse:1.00388	valid-rmse:1.00730
[440]	train-rmse:0.99089	valid-rmse:0.99848
[420]	train-rmse:0.99100	valid-rmse:0.99848
[180]	train-rmse:0.99492	valid-rmse:0.99900
[445]	train-rmse:0.99083	valid-rmse:0.99847
[32m[I 2022-04-17 02:43:37,018][0m Trial 96 finished with value: 0.998445 and parameters: {'colsample_bytree': 0.8421217754865888, 'eta': 0.016845918695954587, 'max_depth': 3, 'n_estimators': 130, 'subsample': 0.997907671098774}. Best is trial 48 with value: 0.998395.[0m
[02:43:41] WARNING: ../src/learner.cc:576: 
Parameters: { "n_estimators" } might not be used.

  This could be a false alarm, with some parameters getting used by language bindings but
  then being mistakenly passed down to XGBoost core, or some parameter actually being used
  but getting flagged wrongly here. Please open an issue if you find any such cases.


[0]	train-rmse:1.09611	valid-rmse:1.09932
[430]	train-rmse:0.99084	valid-rmse:0.99848
[32m[I 2022-04-17 02:43:50,349][0m Trial 97 finished with value: 0.99846 and parameters: {'colsample_bytree': 0.8385652235659121, 'eta': 0.016757047126864672, 'max_depth': 3, 'n_estimators': 404, 'subsample': 0.9679972102526602}. Best is trial 48 with value: 0.998395.[0m
[02:43:54] WARNING: ../src/learner.cc:576: 
Parameters: { "n_estimators" } might not be used.

  This could be a false alarm, with some parameters getting used by language bindings but
  then being mistakenly passed down to XGBoost core, or some parameter actually being used
  but getting flagged wrongly here. Please open an issue if you find any such cases.


[100]	train-rmse:0.99990	valid-rmse:1.00339
[0]	train-rmse:1.09595	valid-rmse:1.09916
[200]	train-rmse:0.99449	valid-rmse:0.99879
[20]	train-rmse:1.04963	valid-rmse:1.05297
[40]	train-rmse:1.02451	valid-rmse:1.02794
[20]	train-rmse:1.05177	valid-rmse:1.05515
[720]	train-rmse:1.09900	valid-rmse:1.10218
[120]	train-rmse:0.99769	valid-rmse:1.00125
[660]	train-rmse:0.97033	valid-rmse:0.99928
[60]	train-rmse:1.01108	valid-rmse:1.01449
[220]	train-rmse:0.99413	valid-rmse:0.99867
[80]	train-rmse:1.00392	valid-rmse:1.00737
[40]	train-rmse:1.02684	valid-rmse:1.03024
[140]	train-rmse:0.99636	valid-rmse:1.00006
[100]	train-rmse:0.99999	valid-rmse:1.00341
[240]	train-rmse:0.99382	valid-rmse:0.99860
[120]	train-rmse:0.99781	valid-rmse:1.00134
[60]	train-rmse:1.01294	valid-rmse:1.01633
[140]	train-rmse:0.99651	valid-rmse:1.00019
[160]	train-rmse:0.99547	valid-rmse:0.99939
[260]	train-rmse:0.99355	valid-rmse:0.99855
[160]	train-rmse:0.99566	valid-rmse:0.99951
[740]	train-rmse:1.09900	valid-rmse:1.10218
[680]	train-rmse:0.96959	valid-rmse:0.99922
[180]	train-rmse:0.99508	valid-rmse:0.99918
[80]	train-rmse:1.00521	valid-rmse:1.00859
[180]	train-rmse:0.99491	valid-rmse:0.99903
[280]	train-rmse:0.99325	valid-rmse:0.99851
[200]	train-rmse:0.99465	valid-rmse:0.99900
[220]	train-rmse:0.99424	valid-rmse:0.99888
[100]	train-rmse:1.00083	valid-rmse:1.00427
[240]	train-rmse:0.99391	valid-rmse:0.99877
[200]	train-rmse:0.99443	valid-rmse:0.99881
[300]	train-rmse:0.99291	valid-rmse:0.99848
[260]	train-rmse:0.99360	valid-rmse:0.99873
[280]	train-rmse:0.99328	valid-rmse:0.99867
[120]	train-rmse:0.99833	valid-rmse:1.00183
[320]	train-rmse:0.99262	valid-rmse:0.99849
[220]	train-rmse:0.99408	valid-rmse:0.99868
[760]	train-rmse:1.09900	valid-rmse:1.10218
[700]	train-rmse:0.96896	valid-rmse:0.99916
[300]	train-rmse:0.99301	valid-rmse:0.99870
[320]	train-rmse:0.99267	valid-rmse:0.99869
[140]	train-rmse:0.99685	valid-rmse:1.00046
[340]	train-rmse:0.99233	valid-rmse:0.99847
[340]	train-rmse:0.99237	valid-rmse:0.99871
[240]	train-rmse:0.99377	valid-rmse:0.99860
[32m[I 2022-04-17 02:51:22,851][0m Trial 101 finished with value: 0.998657 and parameters: {'colsample_bytree': 0.7725777671305666, 'eta': 0.01634323756420195, 'max_depth': 3, 'n_estimators': 181, 'subsample': 0.20902327841500234}. Best is trial 48 with value: 0.998395.[0m
[02:51:27] WARNING: ../src/learner.cc:576: 
Parameters: { "n_estimators" } might not be used.

  This could be a false alarm, with some parameters getting used by language bindings but
  then being mistakenly passed down to XGBoost core, or some parameter actually being used
  but getting flagged wrongly here. Please open an issue if you find any such cases.


[0]	train-rmse:1.09832	valid-rmse:1.10150
[360]	train-rmse:0.99209	valid-rmse:0.99848
[160]	train-rmse:0.99591	valid-rmse:0.99966
[260]	train-rmse:0.99351	valid-rmse:0.99854
[20]	train-rmse:1.08442	valid-rmse:1.08768
[780]	train-rmse:1.09900	valid-rmse:1.10218
[720]	train-rmse:0.96823	valid-rmse:0.99910
[380]	train-rmse:0.99180	valid-rmse:0.99848
[180]	train-rmse:0.99527	valid-rmse:0.99921
[280]	train-rmse:0.99318	valid-rmse:0.99850
[40]	train-rmse:1.07236	valid-rmse:1.07568
[390]	train-rmse:0.99168	valid-rmse:0.99848
[32m[I 2022-04-17 02:53:42,761][0m Trial 98 finished with value: 0.998474 and parameters: {'colsample_bytree': 0.7581163550071378, 'eta': 0.01633789371121137, 'max_depth': 3, 'n_estimators': 764, 'subsample': 0.970250962045411}. Best is trial 48 with value: 0.998395.[0m
[02:53:46] WARNING: ../src/learner.cc:576: 
Parameters: { "n_estimators" } might not be used.

  This could be a false alarm, with some parameters getting used by language bindings but
  then being mistakenly passed down to XGBoost core, or some parameter actually being used
  but getting flagged wrongly here. Please open an issue if you find any such cases.


[0]	train-rmse:1.09819	valid-rmse:1.10137
[200]	train-rmse:0.99479	valid-rmse:0.99892
[300]	train-rmse:0.99287	valid-rmse:0.99847
[60]	train-rmse:1.06191	valid-rmse:1.06527
[20]	train-rmse:1.08215	valid-rmse:1.08543
[220]	train-rmse:0.99440	valid-rmse:0.99876
[320]	train-rmse:0.99260	valid-rmse:0.99848
[800]	train-rmse:1.09900	valid-rmse:1.10218
[80]	train-rmse:1.05286	valid-rmse:1.05625
[740]	train-rmse:0.96748	valid-rmse:0.99907
[40]	train-rmse:1.06856	valid-rmse:1.07190
[240]	train-rmse:0.99410	valid-rmse:0.99865
[340]	train-rmse:0.99232	valid-rmse:0.99847
[100]	train-rmse:1.04503	valid-rmse:1.04844
[60]	train-rmse:1.05707	valid-rmse:1.06045
[260]	train-rmse:0.99377	valid-rmse:0.99859
[360]	train-rmse:0.99208	valid-rmse:0.99847
[120]	train-rmse:1.03826	valid-rmse:1.04168
[80]	train-rmse:1.04736	valid-rmse:1.05078
[820]	train-rmse:1.09900	valid-rmse:1.10218
[760]	train-rmse:0.96680	valid-rmse:0.99905
[280]	train-rmse:0.99346	valid-rmse:0.99854
[380]	train-rmse:0.99180	valid-rmse:0.99846
[140]	train-rmse:1.03242	valid-rmse:1.03584
[100]	train-rmse:1.03918	valid-rmse:1.04263
[300]	train-rmse:0.99319	valid-rmse:0.99852
[400]	train-rmse:0.99152	valid-rmse:0.99846
[160]	train-rmse:1.02736	valid-rmse:1.03078
[120]	train-rmse:1.03228	valid-rmse:1.03574
[415]	train-rmse:0.99130	valid-rmse:0.99846
[32m[I 2022-04-17 03:00:46,020][0m Trial 99 finished with value: 0.998456 and parameters: {'colsample_bytree': 0.8477305225166848, 'eta': 0.016148660851757944, 'max_depth': 3, 'n_estimators': 182, 'subsample': 0.97729362124961}. Best is trial 48 with value: 0.998395.[0m
[320]	train-rmse:0.99294	valid-rmse:0.99850
[03:00:50] WARNING: ../src/learner.cc:576: 
Parameters: { "n_estimators" } might not be used.

  This could be a false alarm, with some parameters getting used by language bindings but
  then being mistakenly passed down to XGBoost core, or some parameter actually being used
  but getting flagged wrongly here. Please open an issue if you find any such cases.


[0]	train-rmse:1.09560	valid-rmse:1.09880
[840]	train-rmse:1.09899	valid-rmse:1.10217
[180]	train-rmse:1.02300	valid-rmse:1.02641
[780]	train-rmse:0.96600	valid-rmse:0.99901
[140]	train-rmse:1.02647	valid-rmse:1.02994
[340]	train-rmse:0.99267	valid-rmse:0.99849
[20]	train-rmse:1.04595	valid-rmse:1.04935
[200]	train-rmse:1.01923	valid-rmse:1.02264
[160]	train-rmse:1.02157	valid-rmse:1.02504
[360]	train-rmse:0.99242	valid-rmse:0.99848
[40]	train-rmse:1.02080	valid-rmse:1.02421
[220]	train-rmse:1.01598	valid-rmse:1.01938
[180]	train-rmse:1.01744	valid-rmse:1.02091
[860]	train-rmse:1.09899	valid-rmse:1.10217
[800]	train-rmse:0.96522	valid-rmse:0.99898
[380]	train-rmse:0.99217	valid-rmse:0.99848
[60]	train-rmse:1.00821	valid-rmse:1.01157
[240]	train-rmse:1.01318	valid-rmse:1.01657
[200]	train-rmse:1.01398	valid-rmse:1.01743
[400]	train-rmse:0.99193	valid-rmse:0.99847
[80]	train-rmse:1.00183	valid-rmse:1.00522
[260]	train-rmse:1.01076	valid-rmse:1.01415
[220]	train-rmse:1.01106	valid-rmse:1.01449
[420]	train-rmse:0.99165	valid-rmse:0.99846
[100]	train-rmse:0.99853	valid-rmse:1.00202
[880]	train-rmse:1.09899	valid-rmse:1.10217
[280]	train-rmse:1.00868	valid-rmse:1.01205
[240]	train-rmse:1.00860	valid-rmse:1.01202
[820]	train-rmse:0.96462	valid-rmse:0.99895
[440]	train-rmse:0.99141	valid-rmse:0.99846
[120]	train-rmse:0.99678	valid-rmse:1.00041
[300]	train-rmse:1.00687	valid-rmse:1.01024
[260]	train-rmse:1.00655	valid-rmse:1.00994
[140]	train-rmse:0.99574	valid-rmse:0.99955
[460]	train-rmse:0.99115	valid-rmse:0.99846
[320]	train-rmse:1.00531	valid-rmse:1.00869
[280]	train-rmse:1.00478	valid-rmse:1.00819
[900]	train-rmse:1.09899	valid-rmse:1.10217
[840]	train-rmse:0.96391	valid-rmse:0.99893
[160]	train-rmse:0.99507	valid-rmse:0.99910
[480]	train-rmse:0.99089	valid-rmse:0.99847
[340]	train-rmse:1.00396	valid-rmse:1.00734
[300]	train-rmse:1.00331	valid-rmse:1.00671
[180]	train-rmse:0.99457	valid-rmse:0.99885
[500]	train-rmse:0.99064	valid-rmse:0.99848
[360]	train-rmse:1.00279	valid-rmse:1.00617
[320]	train-rmse:1.00205	valid-rmse:1.00546
[509]	train-rmse:0.99055	valid-rmse:0.99848
