[32m[I 2022-04-15 08:51:16,564][0m Trial 64 finished with value: 0.998697 and parameters: {'colsample_bytree': 0.3187364442845215, 'eta': 0.005246391398429546, 'max_depth': 3, 'n_estimators': 866, 'subsample': 0.6018334036035815}. Best is trial 59 with value: 0.998688.[0m
[500]	train-rmse:0.99898	valid-rmse:1.00195
[08:51:21] WARNING: ../src/learner.cc:576: 
Parameters: { "n_estimators" } might not be used.

  This could be a false alarm, with some parameters getting used by language bindings but
  then being mistakenly passed down to XGBoost core, or some parameter actually being used
  but getting flagged wrongly here. Please open an issue if you find any such cases.


[0]	train-rmse:1.09883	valid-rmse:1.10373
[700]	train-rmse:1.00825	valid-rmse:1.01140
[720]	train-rmse:0.99633	valid-rmse:0.99950
[600]	train-rmse:0.99625	valid-rmse:0.99948
[860]	train-rmse:0.99481	valid-rmse:0.99867
[520]	train-rmse:0.99857	valid-rmse:1.00155
[20]	train-rmse:1.08438	valid-rmse:1.08908
[720]	train-rmse:1.00753	valid-rmse:1.01065
[740]	train-rmse:0.99620	valid-rmse:0.99941
[880]	train-rmse:0.99473	valid-rmse:0.99866
[620]	train-rmse:0.99609	valid-rmse:0.99935
[540]	train-rmse:0.99820	valid-rmse:1.00119
[40]	train-rmse:1.07190	valid-rmse:1.07642
[740]	train-rmse:1.00685	valid-rmse:1.00995
[900]	train-rmse:0.99466	valid-rmse:0.99865
[560]	train-rmse:0.99787	valid-rmse:1.00088
[760]	train-rmse:0.99607	valid-rmse:0.99931
[640]	train-rmse:0.99595	valid-rmse:0.99925
[580]	train-rmse:0.99758	valid-rmse:1.00060
[920]	train-rmse:0.99459	valid-rmse:0.99865
[60]	train-rmse:1.06117	valid-rmse:1.06551
[760]	train-rmse:1.00620	valid-rmse:1.00928
[780]	train-rmse:0.99595	valid-rmse:0.99923
[660]	train-rmse:0.99581	valid-rmse:0.99915
[600]	train-rmse:0.99733	valid-rmse:1.00034
[940]	train-rmse:0.99453	valid-rmse:0.99864
[80]	train-rmse:1.05195	valid-rmse:1.05614
[780]	train-rmse:1.00560	valid-rmse:1.00867
[800]	train-rmse:0.99585	valid-rmse:0.99916
[680]	train-rmse:0.99569	valid-rmse:0.99907
[620]	train-rmse:0.99709	valid-rmse:1.00013
[960]	train-rmse:0.99446	valid-rmse:0.99865
[100]	train-rmse:1.04400	valid-rmse:1.04802
[800]	train-rmse:1.00503	valid-rmse:1.00808
[820]	train-rmse:0.99574	valid-rmse:0.99909
[640]	train-rmse:0.99689	valid-rmse:0.99995
[700]	train-rmse:0.99558	valid-rmse:0.99899
[980]	train-rmse:0.99440	valid-rmse:0.99865
[120]	train-rmse:1.03719	valid-rmse:1.04107
[660]	train-rmse:0.99671	valid-rmse:0.99979
[820]	train-rmse:1.00450	valid-rmse:1.00753
[840]	train-rmse:0.99565	valid-rmse:0.99903
[999]	train-rmse:0.99433	valid-rmse:0.99865
[720]	train-rmse:0.99547	valid-rmse:0.99892
[32m[I 2022-04-15 08:54:23,754][0m Trial 65 finished with value: 0.998642 and parameters: {'colsample_bytree': 0.20679702129528355, 'eta': 0.004681900147299411, 'max_depth': 3, 'n_estimators': 931, 'subsample': 0.782589859331065}. Best is trial 65 with value: 0.998642.[0m
[08:54:28] WARNING: ../src/learner.cc:576: 
Parameters: { "n_estimators" } might not be used.

  This could be a false alarm, with some parameters getting used by language bindings but
  then being mistakenly passed down to XGBoost core, or some parameter actually being used
  but getting flagged wrongly here. Please open an issue if you find any such cases.


[0]	train-rmse:1.09935	valid-rmse:1.10426
[680]	train-rmse:0.99654	valid-rmse:0.99965
[140]	train-rmse:1.03131	valid-rmse:1.03508
[860]	train-rmse:0.99556	valid-rmse:0.99899
[840]	train-rmse:1.00399	valid-rmse:1.00701
[740]	train-rmse:0.99537	valid-rmse:0.99889
[20]	train-rmse:1.09443	valid-rmse:1.09927
[700]	train-rmse:0.99639	valid-rmse:0.99953
[160]	train-rmse:1.02628	valid-rmse:1.02994
[880]	train-rmse:0.99547	valid-rmse:0.99894
[860]	train-rmse:1.00352	valid-rmse:1.00652
[40]	train-rmse:1.08973	valid-rmse:1.09450
[760]	train-rmse:0.99528	valid-rmse:0.99884
[720]	train-rmse:0.99624	valid-rmse:0.99942
[180]	train-rmse:1.02196	valid-rmse:1.02550
[60]	train-rmse:1.08526	valid-rmse:1.08996
[900]	train-rmse:0.99539	valid-rmse:0.99891
[880]	train-rmse:1.00307	valid-rmse:1.00607
[780]	train-rmse:0.99519	valid-rmse:0.99881
[740]	train-rmse:0.99612	valid-rmse:0.99933
[80]	train-rmse:1.08100	valid-rmse:1.08564
[200]	train-rmse:1.01828	valid-rmse:1.02172
[760]	train-rmse:0.99600	valid-rmse:0.99924
[920]	train-rmse:0.99532	valid-rmse:0.99887
[900]	train-rmse:1.00265	valid-rmse:1.00564
[800]	train-rmse:0.99511	valid-rmse:0.99878
[100]	train-rmse:1.07693	valid-rmse:1.08150
[220]	train-rmse:1.01511	valid-rmse:1.01847
[780]	train-rmse:0.99590	valid-rmse:0.99917
[940]	train-rmse:0.99524	valid-rmse:0.99885
[920]	train-rmse:1.00225	valid-rmse:1.00523
[820]	train-rmse:0.99503	valid-rmse:0.99875
[120]	train-rmse:1.07306	valid-rmse:1.07756
[800]	train-rmse:0.99580	valid-rmse:0.99911
[240]	train-rmse:1.01240	valid-rmse:1.01569
[140]	train-rmse:1.06936	valid-rmse:1.07380
[960]	train-rmse:0.99517	valid-rmse:0.99883
[940]	train-rmse:1.00188	valid-rmse:1.00485
[840]	train-rmse:0.99495	valid-rmse:0.99872
[820]	train-rmse:0.99571	valid-rmse:0.99906
[260]	train-rmse:1.01006	valid-rmse:1.01329
[160]	train-rmse:1.06583	valid-rmse:1.07021
[980]	train-rmse:0.99510	valid-rmse:0.99881
[960]	train-rmse:1.00152	valid-rmse:1.00449
[860]	train-rmse:0.99487	valid-rmse:0.99871
[840]	train-rmse:0.99562	valid-rmse:0.99901
[180]	train-rmse:1.06247	valid-rmse:1.06679
[280]	train-rmse:1.00806	valid-rmse:1.01123
[999]	train-rmse:0.99503	valid-rmse:0.99879
[32m[I 2022-04-15 08:58:05,224][0m Trial 67 finished with value: 0.998791 and parameters: {'colsample_bytree': 0.31605788601220797, 'eta': 0.0035666416508123317, 'max_depth': 3, 'n_estimators': 949, 'subsample': 0.5853745289696385}. Best is trial 65 with value: 0.998642.[0m
[980]	train-rmse:1.00119	valid-rmse:1.00415
[860]	train-rmse:0.99554	valid-rmse:0.99897
[880]	train-rmse:0.99480	valid-rmse:0.99870
[08:58:10] WARNING: ../src/learner.cc:576: 
Parameters: { "n_estimators" } might not be used.

  This could be a false alarm, with some parameters getting used by language bindings but
  then being mistakenly passed down to XGBoost core, or some parameter actually being used
  but getting flagged wrongly here. Please open an issue if you find any such cases.


[0]	train-rmse:1.09936	valid-rmse:1.10426
[200]	train-rmse:1.05928	valid-rmse:1.06355
[300]	train-rmse:1.00633	valid-rmse:1.00946
[880]	train-rmse:0.99546	valid-rmse:0.99894
[999]	train-rmse:1.00089	valid-rmse:1.00385
[32m[I 2022-04-15 08:58:34,015][0m Trial 66 finished with value: 1.003848 and parameters: {'colsample_bytree': 0.32592562745518877, 'eta': 0.0015978716060074062, 'max_depth': 3, 'n_estimators': 951, 'subsample': 0.596716465410792}. Best is trial 65 with value: 0.998642.[0m
[20]	train-rmse:1.09452	valid-rmse:1.09936
[900]	train-rmse:0.99472	valid-rmse:0.99870
[08:58:39] WARNING: ../src/learner.cc:576: 
Parameters: { "n_estimators" } might not be used.

  This could be a false alarm, with some parameters getting used by language bindings but
  then being mistakenly passed down to XGBoost core, or some parameter actually being used
  but getting flagged wrongly here. Please open an issue if you find any such cases.


[220]	train-rmse:1.05623	valid-rmse:1.06045
[0]	train-rmse:1.09939	valid-rmse:1.10430
[900]	train-rmse:0.99538	valid-rmse:0.99889
[320]	train-rmse:1.00487	valid-rmse:1.00797
[40]	train-rmse:1.08990	valid-rmse:1.09467
[240]	train-rmse:1.05333	valid-rmse:1.05750
[920]	train-rmse:0.99466	valid-rmse:0.99869
[20]	train-rmse:1.09527	valid-rmse:1.10013
[920]	train-rmse:0.99531	valid-rmse:0.99886
[60]	train-rmse:1.08549	valid-rmse:1.09018
[340]	train-rmse:1.00361	valid-rmse:1.00667
[260]	train-rmse:1.05057	valid-rmse:1.05468
[40]	train-rmse:1.09131	valid-rmse:1.09611
[940]	train-rmse:0.99459	valid-rmse:0.99868
[940]	train-rmse:0.99524	valid-rmse:0.99884
[80]	train-rmse:1.08130	valid-rmse:1.08593
[280]	train-rmse:1.04793	valid-rmse:1.05200
[60]	train-rmse:1.08750	valid-rmse:1.09223
[360]	train-rmse:1.00252	valid-rmse:1.00557
[960]	train-rmse:0.99517	valid-rmse:0.99882
[960]	train-rmse:0.99452	valid-rmse:0.99868
[100]	train-rmse:1.07728	valid-rmse:1.08185
[300]	train-rmse:1.04542	valid-rmse:1.04944
[80]	train-rmse:1.08385	valid-rmse:1.08852
[380]	train-rmse:1.00157	valid-rmse:1.00460
[980]	train-rmse:0.99510	valid-rmse:0.99881
[120]	train-rmse:1.07346	valid-rmse:1.07797
[980]	train-rmse:0.99445	valid-rmse:0.99867
[100]	train-rmse:1.08033	valid-rmse:1.08495
[320]	train-rmse:1.04304	valid-rmse:1.04702
[999]	train-rmse:0.99504	valid-rmse:0.99881
[32m[I 2022-04-15 09:00:44,182][0m Trial 69 finished with value: 0.9988 and parameters: {'colsample_bytree': 0.21714574972489878, 'eta': 0.003704052659432432, 'max_depth': 3, 'n_estimators': 889, 'subsample': 0.5958120332543841}. Best is trial 65 with value: 0.998642.[0m
[400]	train-rmse:1.00078	valid-rmse:1.00377
[140]	train-rmse:1.06980	valid-rmse:1.07425
[09:00:48] WARNING: ../src/learner.cc:576: 
Parameters: { "n_estimators" } might not be used.

  This could be a false alarm, with some parameters getting used by language bindings but
  then being mistakenly passed down to XGBoost core, or some parameter actually being used
  but getting flagged wrongly here. Please open an issue if you find any such cases.


[120]	train-rmse:1.07695	valid-rmse:1.08152
[340]	train-rmse:1.04077	valid-rmse:1.04471
[0]	train-rmse:1.09939	valid-rmse:1.10430
[999]	train-rmse:0.99438	valid-rmse:0.99866
[32m[I 2022-04-15 09:00:56,894][0m Trial 68 finished with value: 0.998656 and parameters: {'colsample_bytree': 0.32120871842765425, 'eta': 0.004342026204849998, 'max_depth': 3, 'n_estimators': 952, 'subsample': 0.5849107521365405}. Best is trial 65 with value: 0.998642.[0m
[09:01:01] WARNING: ../src/learner.cc:576: 
Parameters: { "n_estimators" } might not be used.

  This could be a false alarm, with some parameters getting used by language bindings but
  then being mistakenly passed down to XGBoost core, or some parameter actually being used
  but getting flagged wrongly here. Please open an issue if you find any such cases.


[0]	train-rmse:1.09935	valid-rmse:1.10426
[160]	train-rmse:1.06632	valid-rmse:1.07071
[140]	train-rmse:1.07370	valid-rmse:1.07821
[420]	train-rmse:1.00007	valid-rmse:1.00305
[360]	train-rmse:1.03861	valid-rmse:1.04250
[20]	train-rmse:1.09527	valid-rmse:1.10013
[20]	train-rmse:1.09437	valid-rmse:1.09921
[180]	train-rmse:1.06299	valid-rmse:1.06733
[160]	train-rmse:1.07058	valid-rmse:1.07504
[380]	train-rmse:1.03655	valid-rmse:1.04039
[40]	train-rmse:1.09131	valid-rmse:1.09611
[440]	train-rmse:0.99947	valid-rmse:1.00243
[40]	train-rmse:1.08962	valid-rmse:1.09439
[200]	train-rmse:1.05983	valid-rmse:1.06411
[180]	train-rmse:1.06758	valid-rmse:1.07199
[400]	train-rmse:1.03459	valid-rmse:1.03839
[60]	train-rmse:1.08750	valid-rmse:1.09222
[460]	train-rmse:0.99894	valid-rmse:1.00191
[220]	train-rmse:1.05681	valid-rmse:1.06104
[60]	train-rmse:1.08510	valid-rmse:1.08979
[200]	train-rmse:1.06470	valid-rmse:1.06907
[420]	train-rmse:1.03273	valid-rmse:1.03649
[80]	train-rmse:1.08385	valid-rmse:1.08852
[480]	train-rmse:0.99849	valid-rmse:1.00146
[240]	train-rmse:1.05393	valid-rmse:1.05811
[80]	train-rmse:1.08080	valid-rmse:1.08543
[220]	train-rmse:1.06193	valid-rmse:1.06625
[440]	train-rmse:1.03096	valid-rmse:1.03468
[100]	train-rmse:1.08033	valid-rmse:1.08494
[260]	train-rmse:1.05119	valid-rmse:1.05532
[100]	train-rmse:1.07669	valid-rmse:1.08125
[240]	train-rmse:1.05928	valid-rmse:1.06356
[500]	train-rmse:0.99809	valid-rmse:1.00107
[460]	train-rmse:1.02928	valid-rmse:1.03295
[120]	train-rmse:1.07695	valid-rmse:1.08152
[280]	train-rmse:1.04857	valid-rmse:1.05266
[120]	train-rmse:1.07278	valid-rmse:1.07729
[260]	train-rmse:1.05673	valid-rmse:1.06097
[520]	train-rmse:0.99775	valid-rmse:1.00076
[480]	train-rmse:1.02767	valid-rmse:1.03130
[140]	train-rmse:1.07370	valid-rmse:1.07821
[300]	train-rmse:1.04607	valid-rmse:1.05011
[140]	train-rmse:1.06905	valid-rmse:1.07349
[280]	train-rmse:1.05428	valid-rmse:1.05848
[500]	train-rmse:1.02614	valid-rmse:1.02974
[160]	train-rmse:1.07058	valid-rmse:1.07503
[540]	train-rmse:0.99743	valid-rmse:1.00046
[320]	train-rmse:1.04370	valid-rmse:1.04770
[160]	train-rmse:1.06550	valid-rmse:1.06988
[300]	train-rmse:1.05191	valid-rmse:1.05607
[520]	train-rmse:1.02469	valid-rmse:1.02826
[180]	train-rmse:1.06758	valid-rmse:1.07198
[560]	train-rmse:0.99717	valid-rmse:1.00022
[340]	train-rmse:1.04144	valid-rmse:1.04539
[320]	train-rmse:1.04967	valid-rmse:1.05378
[180]	train-rmse:1.06212	valid-rmse:1.06644
[540]	train-rmse:1.02330	valid-rmse:1.02684
[200]	train-rmse:1.06470	valid-rmse:1.06906
[360]	train-rmse:1.03928	valid-rmse:1.04319
[340]	train-rmse:1.04750	valid-rmse:1.05157
[580]	train-rmse:0.99693	valid-rmse:1.00000
[200]	train-rmse:1.05890	valid-rmse:1.06318
[560]	train-rmse:1.02199	valid-rmse:1.02550
[220]	train-rmse:1.06193	valid-rmse:1.06624
[380]	train-rmse:1.03723	valid-rmse:1.04109
[360]	train-rmse:1.04542	valid-rmse:1.04945
[220]	train-rmse:1.05584	valid-rmse:1.06006
[600]	train-rmse:0.99671	valid-rmse:0.99980
[580]	train-rmse:1.02073	valid-rmse:1.02421
[240]	train-rmse:1.05927	valid-rmse:1.06355
[400]	train-rmse:1.03528	valid-rmse:1.03910
[380]	train-rmse:1.04342	valid-rmse:1.04740
[240]	train-rmse:1.05292	valid-rmse:1.05710
[600]	train-rmse:1.01954	valid-rmse:1.02297
[260]	train-rmse:1.05672	valid-rmse:1.06095
[620]	train-rmse:0.99652	valid-rmse:0.99964
[420]	train-rmse:1.03341	valid-rmse:1.03719
[400]	train-rmse:1.04151	valid-rmse:1.04546
[260]	train-rmse:1.05014	valid-rmse:1.05427
[620]	train-rmse:1.01840	valid-rmse:1.02180
[280]	train-rmse:1.05427	valid-rmse:1.05846
[440]	train-rmse:1.03164	valid-rmse:1.03538
[640]	train-rmse:0.99635	valid-rmse:0.99950
[420]	train-rmse:1.03967	valid-rmse:1.04357
[280]	train-rmse:1.04750	valid-rmse:1.05159
[300]	train-rmse:1.05191	valid-rmse:1.05606
[640]	train-rmse:1.01733	valid-rmse:1.02070
[460]	train-rmse:1.02995	valid-rmse:1.03365
[440]	train-rmse:1.03791	valid-rmse:1.04178
[660]	train-rmse:0.99619	valid-rmse:0.99939
[300]	train-rmse:1.04497	valid-rmse:1.04901
[320]	train-rmse:1.04966	valid-rmse:1.05377
[660]	train-rmse:1.01629	valid-rmse:1.01964
[480]	train-rmse:1.02834	valid-rmse:1.03200
[460]	train-rmse:1.03622	valid-rmse:1.04005
[320]	train-rmse:1.04259	valid-rmse:1.04658
[680]	train-rmse:0.99605	valid-rmse:0.99930
[340]	train-rmse:1.04750	valid-rmse:1.05156
[680]	train-rmse:1.01532	valid-rmse:1.01863
[500]	train-rmse:1.02680	valid-rmse:1.03043
[480]	train-rmse:1.03459	valid-rmse:1.03838
[340]	train-rmse:1.04032	valid-rmse:1.04426
[700]	train-rmse:1.01439	valid-rmse:1.01767
[360]	train-rmse:1.04541	valid-rmse:1.04944
[700]	train-rmse:0.99592	valid-rmse:0.99920
[520]	train-rmse:1.02535	valid-rmse:1.02894
[500]	train-rmse:1.03303	valid-rmse:1.03679
[360]	train-rmse:1.03815	valid-rmse:1.04205
[380]	train-rmse:1.04341	valid-rmse:1.04740
[720]	train-rmse:1.01351	valid-rmse:1.01676
[540]	train-rmse:1.02395	valid-rmse:1.02752
[720]	train-rmse:0.99579	valid-rmse:0.99913
[520]	train-rmse:1.03154	valid-rmse:1.03527
[380]	train-rmse:1.03609	valid-rmse:1.03995
[400]	train-rmse:1.04151	valid-rmse:1.04546
[740]	train-rmse:1.01267	valid-rmse:1.01590
[560]	train-rmse:1.02263	valid-rmse:1.02617
[540]	train-rmse:1.03010	valid-rmse:1.03380
[740]	train-rmse:0.99569	valid-rmse:0.99906
[400]	train-rmse:1.03414	valid-rmse:1.03795
[420]	train-rmse:1.03966	valid-rmse:1.04357
[760]	train-rmse:1.01187	valid-rmse:1.01508
[580]	train-rmse:1.02137	valid-rmse:1.02486
[560]	train-rmse:1.02873	valid-rmse:1.03240
[420]	train-rmse:1.03227	valid-rmse:1.03604
[760]	train-rmse:0.99558	valid-rmse:0.99901
[780]	train-rmse:1.01111	valid-rmse:1.01430
[440]	train-rmse:1.03790	valid-rmse:1.04178
[600]	train-rmse:1.02016	valid-rmse:1.02362
[580]	train-rmse:1.02740	valid-rmse:1.03103
[440]	train-rmse:1.03051	valid-rmse:1.03423
[800]	train-rmse:1.01038	valid-rmse:1.01355
[460]	train-rmse:1.03621	valid-rmse:1.04005
[620]	train-rmse:1.01902	valid-rmse:1.02244
[780]	train-rmse:0.99550	valid-rmse:0.99896
[600]	train-rmse:1.02613	valid-rmse:1.02972
[460]	train-rmse:1.02882	valid-rmse:1.03251
[820]	train-rmse:1.00969	valid-rmse:1.01284
[640]	train-rmse:1.01793	valid-rmse:1.02133
[480]	train-rmse:1.03458	valid-rmse:1.03838
[800]	train-rmse:0.99541	valid-rmse:0.99892
[620]	train-rmse:1.02491	valid-rmse:1.02846
[480]	train-rmse:1.02722	valid-rmse:1.03086
[660]	train-rmse:1.01689	valid-rmse:1.02025
[840]	train-rmse:1.00903	valid-rmse:1.01216
[500]	train-rmse:1.03302	valid-rmse:1.03680
[640]	train-rmse:1.02374	valid-rmse:1.02727
[820]	train-rmse:0.99532	valid-rmse:0.99888
[500]	train-rmse:1.02569	valid-rmse:1.02931
[860]	train-rmse:1.00841	valid-rmse:1.01151
[680]	train-rmse:1.01591	valid-rmse:1.01923
[520]	train-rmse:1.03153	valid-rmse:1.03527
[660]	train-rmse:1.02262	valid-rmse:1.02612
[520]	train-rmse:1.02425	valid-rmse:1.02783
[840]	train-rmse:0.99524	valid-rmse:0.99884
[700]	train-rmse:1.01496	valid-rmse:1.01826
[880]	train-rmse:1.00782	valid-rmse:1.01091
[540]	train-rmse:1.03009	valid-rmse:1.03381
[680]	train-rmse:1.02155	valid-rmse:1.02501
[540]	train-rmse:1.02287	valid-rmse:1.02642
[720]	train-rmse:1.01407	valid-rmse:1.01734
[900]	train-rmse:1.00725	valid-rmse:1.01032
[560]	train-rmse:1.02872	valid-rmse:1.03240
[860]	train-rmse:0.99516	valid-rmse:0.99882
[700]	train-rmse:1.02052	valid-rmse:1.02395
[560]	train-rmse:1.02156	valid-rmse:1.02508
[740]	train-rmse:1.01321	valid-rmse:1.01647
[920]	train-rmse:1.00671	valid-rmse:1.00976
[580]	train-rmse:1.02740	valid-rmse:1.03104
[720]	train-rmse:1.01953	valid-rmse:1.02294
[880]	train-rmse:0.99508	valid-rmse:0.99879
[580]	train-rmse:1.02031	valid-rmse:1.02379
[760]	train-rmse:1.01240	valid-rmse:1.01562
[940]	train-rmse:1.00619	valid-rmse:1.00924
[600]	train-rmse:1.02612	valid-rmse:1.02973
[740]	train-rmse:1.01858	valid-rmse:1.02197
[900]	train-rmse:0.99500	valid-rmse:0.99878
[600]	train-rmse:1.01912	valid-rmse:1.02257
[780]	train-rmse:1.01163	valid-rmse:1.01483
[960]	train-rmse:1.00571	valid-rmse:1.00874
[760]	train-rmse:1.01767	valid-rmse:1.02103
[620]	train-rmse:1.02490	valid-rmse:1.02848
[620]	train-rmse:1.01799	valid-rmse:1.02140
[800]	train-rmse:1.01089	valid-rmse:1.01407
[920]	train-rmse:0.99493	valid-rmse:0.99877
[980]	train-rmse:1.00524	valid-rmse:1.00826
[780]	train-rmse:1.01680	valid-rmse:1.02013
[640]	train-rmse:1.02374	valid-rmse:1.02729
[640]	train-rmse:1.01693	valid-rmse:1.02031
[820]	train-rmse:1.01019	valid-rmse:1.01335
[999]	train-rmse:1.00482	valid-rmse:1.00782
[800]	train-rmse:1.01596	valid-rmse:1.01927
[32m[I 2022-04-15 09:13:27,968][0m Trial 71 finished with value: 1.007825 and parameters: {'colsample_bytree': 0.21716538086435988, 'eta': 0.0012966787432572163, 'max_depth': 3, 'n_estimators': 1002, 'subsample': 0.5840672391662249}. Best is trial 65 with value: 0.998642.[0m
[660]	train-rmse:1.02262	valid-rmse:1.02613
[940]	train-rmse:0.99486	valid-rmse:0.99876
[09:13:33] WARNING: ../src/learner.cc:576: 
Parameters: { "n_estimators" } might not be used.

  This could be a false alarm, with some parameters getting used by language bindings but
  then being mistakenly passed down to XGBoost core, or some parameter actually being used
  but getting flagged wrongly here. Please open an issue if you find any such cases.


[0]	train-rmse:1.09788	valid-rmse:1.10277
[660]	train-rmse:1.01590	valid-rmse:1.01925
[840]	train-rmse:1.00952	valid-rmse:1.01266
[820]	train-rmse:1.01516	valid-rmse:1.01845
[680]	train-rmse:1.02154	valid-rmse:1.02503
[20]	train-rmse:1.06852	valid-rmse:1.07298
[960]	train-rmse:0.99479	valid-rmse:0.99875
[680]	train-rmse:1.01494	valid-rmse:1.01825
[860]	train-rmse:1.00888	valid-rmse:1.01200
[840]	train-rmse:1.01438	valid-rmse:1.01765
[700]	train-rmse:1.02051	valid-rmse:1.02396
[40]	train-rmse:1.04747	valid-rmse:1.05160
[980]	train-rmse:0.99473	valid-rmse:0.99874
[700]	train-rmse:1.01401	valid-rmse:1.01730
[880]	train-rmse:1.00828	valid-rmse:1.01138
[860]	train-rmse:1.01364	valid-rmse:1.01690
[720]	train-rmse:1.01952	valid-rmse:1.02295
[60]	train-rmse:1.03251	valid-rmse:1.03630
[900]	train-rmse:1.00770	valid-rmse:1.01079
[720]	train-rmse:1.01313	valid-rmse:1.01640
[880]	train-rmse:1.01294	valid-rmse:1.01617
[999]	train-rmse:0.99466	valid-rmse:0.99873
