[32m[I 2022-04-15 10:08:13,006][0m Trial 93 finished with value: 0.999041 and parameters: {'colsample_bytree': 0.29420399203433417, 'eta': 0.05406187313745826, 'max_depth': 3, 'n_estimators': 819, 'subsample': 0.7386261689047949}. Best is trial 65 with value: 0.998642.[0m
[10:08:17] WARNING: ../src/learner.cc:576: 
Parameters: { "n_estimators" } might not be used.

  This could be a false alarm, with some parameters getting used by language bindings but
  then being mistakenly passed down to XGBoost core, or some parameter actually being used
  but getting flagged wrongly here. Please open an issue if you find any such cases.


[0]	train-rmse:1.09778	valid-rmse:1.10267
[220]	train-rmse:0.99805	valid-rmse:1.00104
[620]	train-rmse:0.99432	valid-rmse:0.99873
[80]	train-rmse:1.01535	valid-rmse:1.01875
[420]	train-rmse:0.99446	valid-rmse:0.99868
[60]	train-rmse:1.02905	valid-rmse:1.03269
[20]	train-rmse:1.06703	valid-rmse:1.07146
[240]	train-rmse:0.99734	valid-rmse:1.00037
[640]	train-rmse:0.99421	valid-rmse:0.99874
[100]	train-rmse:1.00879	valid-rmse:1.01200
[440]	train-rmse:0.99429	valid-rmse:0.99869
[650]	train-rmse:0.99415	valid-rmse:0.99875
[40]	train-rmse:1.04539	valid-rmse:1.04938
[32m[I 2022-04-15 10:09:11,697][0m Trial 89 finished with value: 0.99872 and parameters: {'colsample_bytree': 0.2989084685468926, 'eta': 0.007188460069951086, 'max_depth': 3, 'n_estimators': 43, 'subsample': 0.7182815213677857}. Best is trial 65 with value: 0.998642.[0m
[10:09:16] WARNING: ../src/learner.cc:576: 
Parameters: { "n_estimators" } might not be used.

  This could be a false alarm, with some parameters getting used by language bindings but
  then being mistakenly passed down to XGBoost core, or some parameter actually being used
  but getting flagged wrongly here. Please open an issue if you find any such cases.


[80]	train-rmse:1.01867	valid-rmse:1.02209
[0]	train-rmse:1.09756	valid-rmse:1.10244
[260]	train-rmse:0.99679	valid-rmse:0.99990
[120]	train-rmse:1.00445	valid-rmse:1.00755
[60]	train-rmse:1.03035	valid-rmse:1.03398
[460]	train-rmse:0.99414	valid-rmse:0.99872
[280]	train-rmse:0.99637	valid-rmse:0.99953
[469]	train-rmse:0.99407	valid-rmse:0.99871
[32m[I 2022-04-15 10:09:55,400][0m Trial 90 finished with value: 0.998677 and parameters: {'colsample_bytree': 0.2991732093784343, 'eta': 0.010203533632647513, 'max_depth': 3, 'n_estimators': 938, 'subsample': 0.72605447949055}. Best is trial 65 with value: 0.998642.[0m
[100]	train-rmse:1.01158	valid-rmse:1.01480
[10:09:59] WARNING: ../src/learner.cc:576: 
Parameters: { "n_estimators" } might not be used.

  This could be a false alarm, with some parameters getting used by language bindings but
  then being mistakenly passed down to XGBoost core, or some parameter actually being used
  but getting flagged wrongly here. Please open an issue if you find any such cases.


[80]	train-rmse:1.01991	valid-rmse:1.02330
[20]	train-rmse:1.06367	valid-rmse:1.06807
[0]	train-rmse:1.09740	valid-rmse:1.10229
[140]	train-rmse:1.00156	valid-rmse:1.00457
[300]	train-rmse:0.99604	valid-rmse:0.99929
[100]	train-rmse:1.01265	valid-rmse:1.01586
[160]	train-rmse:0.99962	valid-rmse:1.00262
[120]	train-rmse:1.00670	valid-rmse:1.00983
[40]	train-rmse:1.04093	valid-rmse:1.04495
[20]	train-rmse:1.06154	valid-rmse:1.06585
[120]	train-rmse:1.00761	valid-rmse:1.01070
[320]	train-rmse:0.99577	valid-rmse:0.99911
[180]	train-rmse:0.99830	valid-rmse:1.00131
[140]	train-rmse:1.00406	valid-rmse:1.00711
[140]	train-rmse:1.00331	valid-rmse:1.00636
[60]	train-rmse:1.02582	valid-rmse:1.02950
[340]	train-rmse:0.99553	valid-rmse:0.99897
[40]	train-rmse:1.03820	valid-rmse:1.04214
[200]	train-rmse:0.99741	valid-rmse:1.00046
[160]	train-rmse:1.00160	valid-rmse:1.00459
[360]	train-rmse:0.99533	valid-rmse:0.99887
[160]	train-rmse:1.00098	valid-rmse:1.00400
[80]	train-rmse:1.01578	valid-rmse:1.01925
[60]	train-rmse:1.02315	valid-rmse:1.02677
[180]	train-rmse:0.99985	valid-rmse:1.00284
[220]	train-rmse:0.99676	valid-rmse:0.99987
[380]	train-rmse:0.99514	valid-rmse:0.99879
[200]	train-rmse:0.99865	valid-rmse:1.00163
[180]	train-rmse:0.99935	valid-rmse:1.00237
[240]	train-rmse:0.99629	valid-rmse:0.99948
[100]	train-rmse:1.00913	valid-rmse:1.01241
[80]	train-rmse:1.01345	valid-rmse:1.01686
[400]	train-rmse:0.99498	valid-rmse:0.99875
[220]	train-rmse:0.99775	valid-rmse:1.00077
[260]	train-rmse:0.99591	valid-rmse:0.99925
[200]	train-rmse:0.99823	valid-rmse:1.00125
[120]	train-rmse:1.00472	valid-rmse:1.00790
[240]	train-rmse:0.99710	valid-rmse:1.00016
[100]	train-rmse:1.00723	valid-rmse:1.01047
[420]	train-rmse:0.99482	valid-rmse:0.99872
[280]	train-rmse:0.99561	valid-rmse:0.99907
[260]	train-rmse:0.99658	valid-rmse:0.99974
[220]	train-rmse:0.99741	valid-rmse:1.00045
[440]	train-rmse:0.99466	valid-rmse:0.99871
[140]	train-rmse:1.00176	valid-rmse:1.00486
[120]	train-rmse:1.00323	valid-rmse:1.00637
[300]	train-rmse:0.99537	valid-rmse:0.99898
[280]	train-rmse:0.99621	valid-rmse:0.99944
[460]	train-rmse:0.99452	valid-rmse:0.99869
[240]	train-rmse:0.99681	valid-rmse:0.99992
[320]	train-rmse:0.99515	valid-rmse:0.99891
[300]	train-rmse:0.99590	valid-rmse:0.99920
[160]	train-rmse:0.99977	valid-rmse:1.00282
[140]	train-rmse:1.00061	valid-rmse:1.00368
[480]	train-rmse:0.99439	valid-rmse:0.99867
[320]	train-rmse:0.99565	valid-rmse:0.99905
[340]	train-rmse:0.99496	valid-rmse:0.99888
[260]	train-rmse:0.99634	valid-rmse:0.99953
[180]	train-rmse:0.99840	valid-rmse:1.00142
[160]	train-rmse:0.99889	valid-rmse:1.00194
[340]	train-rmse:0.99544	valid-rmse:0.99893
[500]	train-rmse:0.99423	valid-rmse:0.99866
[360]	train-rmse:0.99477	valid-rmse:0.99887
[280]	train-rmse:0.99599	valid-rmse:0.99926
[360]	train-rmse:0.99525	valid-rmse:0.99887
[200]	train-rmse:0.99747	valid-rmse:1.00054
[520]	train-rmse:0.99409	valid-rmse:0.99867
[180]	train-rmse:0.99772	valid-rmse:1.00075
[380]	train-rmse:0.99459	valid-rmse:0.99883
[380]	train-rmse:0.99506	valid-rmse:0.99879
[300]	train-rmse:0.99569	valid-rmse:0.99907
[540]	train-rmse:0.99396	valid-rmse:0.99871
[400]	train-rmse:0.99442	valid-rmse:0.99882
[220]	train-rmse:0.99679	valid-rmse:0.99994
[548]	train-rmse:0.99390	valid-rmse:0.99871
[400]	train-rmse:0.99490	valid-rmse:0.99874
[32m[I 2022-04-15 10:16:37,577][0m Trial 91 finished with value: 0.998661 and parameters: {'colsample_bytree': 0.30218315465068624, 'eta': 0.0091079809238235, 'max_depth': 3, 'n_estimators': 931, 'subsample': 0.7323333377871556}. Best is trial 65 with value: 0.998642.[0m
[200]	train-rmse:0.99694	valid-rmse:1.00005
[10:16:42] WARNING: ../src/learner.cc:576: 
Parameters: { "n_estimators" } might not be used.

  This could be a false alarm, with some parameters getting used by language bindings but
  then being mistakenly passed down to XGBoost core, or some parameter actually being used
  but getting flagged wrongly here. Please open an issue if you find any such cases.


[0]	train-rmse:1.09743	valid-rmse:1.10232
[320]	train-rmse:0.99544	valid-rmse:0.99895
[420]	train-rmse:0.99427	valid-rmse:0.99882
[420]	train-rmse:0.99474	valid-rmse:0.99871
[240]	train-rmse:0.99630	valid-rmse:0.99951
[20]	train-rmse:1.06194	valid-rmse:1.06631
[220]	train-rmse:0.99637	valid-rmse:0.99956
[440]	train-rmse:0.99460	valid-rmse:0.99871
[440]	train-rmse:0.99410	valid-rmse:0.99882
[340]	train-rmse:0.99523	valid-rmse:0.99887
[40]	train-rmse:1.03872	valid-rmse:1.04268
[260]	train-rmse:0.99592	valid-rmse:0.99920
[460]	train-rmse:0.99444	valid-rmse:0.99872
[240]	train-rmse:0.99596	valid-rmse:0.99921
[460]	train-rmse:0.99395	valid-rmse:0.99886
[60]	train-rmse:1.02366	valid-rmse:1.02726
[360]	train-rmse:0.99504	valid-rmse:0.99884
[478]	train-rmse:0.99433	valid-rmse:0.99871
[32m[I 2022-04-15 10:18:17,385][0m Trial 96 finished with value: 0.998697 and parameters: {'colsample_bytree': 0.2607316522045632, 'eta': 0.009480350125903324, 'max_depth': 3, 'n_estimators': 883, 'subsample': 0.6215567414195604}. Best is trial 65 with value: 0.998642.[0m
[10:18:21] WARNING: ../src/learner.cc:576: 
Parameters: { "n_estimators" } might not be used.

  This could be a false alarm, with some parameters getting used by language bindings but
  then being mistakenly passed down to XGBoost core, or some parameter actually being used
  but getting flagged wrongly here. Please open an issue if you find any such cases.


[0]	train-rmse:1.09948	valid-rmse:1.10439
[480]	train-rmse:0.99379	valid-rmse:0.99885
[280]	train-rmse:0.99560	valid-rmse:0.99899
[260]	train-rmse:0.99562	valid-rmse:0.99900
[80]	train-rmse:1.01390	valid-rmse:1.01727
[490]	train-rmse:0.99372	valid-rmse:0.99887
[32m[I 2022-04-15 10:18:47,108][0m Trial 94 finished with value: 0.998816 and parameters: {'colsample_bytree': 0.29318249922010503, 'eta': 0.010821495569329065, 'max_depth': 3, 'n_estimators': 822, 'subsample': 0.7214610237255592}. Best is trial 65 with value: 0.998642.[0m
[380]	train-rmse:0.99486	valid-rmse:0.99880
[10:18:51] WARNING: ../src/learner.cc:576: 
Parameters: { "n_estimators" } might not be used.

  This could be a false alarm, with some parameters getting used by language bindings but
  then being mistakenly passed down to XGBoost core, or some parameter actually being used
  but getting flagged wrongly here. Please open an issue if you find any such cases.


[0]	train-rmse:1.09361	valid-rmse:1.09846
[20]	train-rmse:1.09699	valid-rmse:1.10186
[100]	train-rmse:1.00761	valid-rmse:1.01080
[300]	train-rmse:0.99535	valid-rmse:0.99890
[280]	train-rmse:0.99533	valid-rmse:0.99886
[20]	train-rmse:1.02484	valid-rmse:1.02853
[400]	train-rmse:0.99470	valid-rmse:0.99876
[40]	train-rmse:1.09455	valid-rmse:1.09939
[120]	train-rmse:1.00354	valid-rmse:1.00663
[320]	train-rmse:0.99512	valid-rmse:0.99882
[40]	train-rmse:1.00449	valid-rmse:1.00757
[300]	train-rmse:0.99510	valid-rmse:0.99879
[60]	train-rmse:1.09217	valid-rmse:1.09697
[140]	train-rmse:1.00086	valid-rmse:1.00387
[420]	train-rmse:0.99453	valid-rmse:0.99873
[60]	train-rmse:0.99847	valid-rmse:1.00143
[80]	train-rmse:1.08985	valid-rmse:1.09460
[160]	train-rmse:0.99910	valid-rmse:1.00211
[340]	train-rmse:0.99491	valid-rmse:0.99879
[320]	train-rmse:0.99487	valid-rmse:0.99873
[440]	train-rmse:0.99437	valid-rmse:0.99873
[80]	train-rmse:0.99643	valid-rmse:0.99959
[100]	train-rmse:1.08759	valid-rmse:1.09230
[180]	train-rmse:0.99791	valid-rmse:1.00093
[360]	train-rmse:0.99473	valid-rmse:0.99878
[340]	train-rmse:0.99466	valid-rmse:0.99874
[100]	train-rmse:0.99551	valid-rmse:0.99902
[460]	train-rmse:0.99423	valid-rmse:0.99871
[200]	train-rmse:0.99710	valid-rmse:1.00021
[120]	train-rmse:1.08537	valid-rmse:1.09004
[120]	train-rmse:0.99496	valid-rmse:0.99882
[380]	train-rmse:0.99454	valid-rmse:0.99876
[220]	train-rmse:0.99652	valid-rmse:0.99970
[140]	train-rmse:1.08321	valid-rmse:1.08784
[360]	train-rmse:0.99449	valid-rmse:0.99873
[480]	train-rmse:0.99408	valid-rmse:0.99870
[140]	train-rmse:0.99445	valid-rmse:0.99880
[240]	train-rmse:0.99610	valid-rmse:0.99939
[160]	train-rmse:1.08110	valid-rmse:1.08570
[400]	train-rmse:0.99439	valid-rmse:0.99872
[380]	train-rmse:0.99430	valid-rmse:0.99869
[500]	train-rmse:0.99393	valid-rmse:0.99869
[160]	train-rmse:0.99400	valid-rmse:0.99891
[260]	train-rmse:0.99576	valid-rmse:0.99915
[180]	train-rmse:1.07904	valid-rmse:1.08360
[420]	train-rmse:0.99423	valid-rmse:0.99871
[180]	train-rmse:0.99353	valid-rmse:0.99902
[280]	train-rmse:0.99546	valid-rmse:0.99901
[400]	train-rmse:0.99415	valid-rmse:0.99867
[520]	train-rmse:0.99378	valid-rmse:0.99870
[200]	train-rmse:1.07703	valid-rmse:1.08156
[186]	train-rmse:0.99341	valid-rmse:0.99905
[32m[I 2022-04-15 10:23:21,338][0m Trial 101 finished with value: 0.998759 and parameters: {'colsample_bytree': 0.2711858260331703, 'eta': 0.03153794930604317, 'max_depth': 3, 'n_estimators': 903, 'subsample': 0.7855854711130912}. Best is trial 65 with value: 0.998642.[0m
[10:23:25] WARNING: ../src/learner.cc:576: 
Parameters: { "n_estimators" } might not be used.

  This could be a false alarm, with some parameters getting used by language bindings but
  then being mistakenly passed down to XGBoost core, or some parameter actually being used
  but getting flagged wrongly here. Please open an issue if you find any such cases.


[0]	train-rmse:1.09720	valid-rmse:1.10209
[528]	train-rmse:0.99373	valid-rmse:0.99871
[32m[I 2022-04-15 10:23:34,548][0m Trial 95 finished with value: 0.998688 and parameters: {'colsample_bytree': 0.41719270573766076, 'eta': 0.009796581058207118, 'max_depth': 3, 'n_estimators': 14, 'subsample': 0.7176081301577221}. Best is trial 65 with value: 0.998642.[0m
[10:23:39] WARNING: ../src/learner.cc:576: 
Parameters: { "n_estimators" } might not be used.

  This could be a false alarm, with some parameters getting used by language bindings but
  then being mistakenly passed down to XGBoost core, or some parameter actually being used
  but getting flagged wrongly here. Please open an issue if you find any such cases.


[300]	train-rmse:0.99524	valid-rmse:0.99894
[0]	train-rmse:1.09702	valid-rmse:1.10189
[220]	train-rmse:1.07506	valid-rmse:1.07956
[440]	train-rmse:0.99406	valid-rmse:0.99871
[420]	train-rmse:0.99398	valid-rmse:0.99867
[20]	train-rmse:1.05881	valid-rmse:1.06317
[320]	train-rmse:0.99504	valid-rmse:0.99889
[240]	train-rmse:1.07315	valid-rmse:1.07761
[20]	train-rmse:1.05632	valid-rmse:1.06061
[40]	train-rmse:1.03482	valid-rmse:1.03870
[460]	train-rmse:0.99390	valid-rmse:0.99872
[440]	train-rmse:0.99381	valid-rmse:0.99865
[340]	train-rmse:0.99484	valid-rmse:0.99885
[260]	train-rmse:1.07127	valid-rmse:1.07570
[60]	train-rmse:1.01999	valid-rmse:1.02355
[40]	train-rmse:1.03187	valid-rmse:1.03569
[360]	train-rmse:0.99466	valid-rmse:0.99886
[480]	train-rmse:0.99375	valid-rmse:0.99873
[280]	train-rmse:1.06945	valid-rmse:1.07384
[460]	train-rmse:0.99365	valid-rmse:0.99867
[80]	train-rmse:1.01083	valid-rmse:1.01412
[490]	train-rmse:0.99368	valid-rmse:0.99875
[380]	train-rmse:0.99449	valid-rmse:0.99883
[32m[I 2022-04-15 10:25:32,264][0m Trial 97 finished with value: 0.998699 and parameters: {'colsample_bytree': 0.41881108429342034, 'eta': 0.010673475828193255, 'max_depth': 3, 'n_estimators': 888, 'subsample': 0.7748123299604368}. Best is trial 65 with value: 0.998642.[0m
[10:25:36] WARNING: ../src/learner.cc:576: 
Parameters: { "n_estimators" } might not be used.

  This could be a false alarm, with some parameters getting used by language bindings but
  then being mistakenly passed down to XGBoost core, or some parameter actually being used
  but getting flagged wrongly here. Please open an issue if you find any such cases.


[60]	train-rmse:1.01733	valid-rmse:1.02085
[0]	train-rmse:1.09709	valid-rmse:1.10197
[300]	train-rmse:1.06766	valid-rmse:1.07203
[100]	train-rmse:1.00518	valid-rmse:1.00828
[480]	train-rmse:0.99349	valid-rmse:0.99869
[400]	train-rmse:0.99434	valid-rmse:0.99881
[20]	train-rmse:1.05727	valid-rmse:1.06152
[320]	train-rmse:1.06592	valid-rmse:1.07026
[120]	train-rmse:1.00169	valid-rmse:1.00470
[80]	train-rmse:1.00867	valid-rmse:1.01195
[491]	train-rmse:0.99340	valid-rmse:0.99870
[32m[I 2022-04-15 10:26:18,816][0m Trial 98 finished with value: 0.998643 and parameters: {'colsample_bytree': 0.4188498175113946, 'eta': 0.011465427211816306, 'max_depth': 3, 'n_estimators': 894, 'subsample': 0.78230986462611}. Best is trial 65 with value: 0.998642.[0m
[10:26:23] WARNING: ../src/learner.cc:576: 
Parameters: { "n_estimators" } might not be used.

  This could be a false alarm, with some parameters getting used by language bindings but
  then being mistakenly passed down to XGBoost core, or some parameter actually being used
  but getting flagged wrongly here. Please open an issue if you find any such cases.


[420]	train-rmse:0.99419	valid-rmse:0.99880
[0]	train-rmse:1.09614	valid-rmse:1.10100
[40]	train-rmse:1.03298	valid-rmse:1.03679
[340]	train-rmse:1.06422	valid-rmse:1.06853
[140]	train-rmse:0.99946	valid-rmse:1.00244
[100]	train-rmse:1.00353	valid-rmse:1.00664
[440]	train-rmse:0.99402	valid-rmse:0.99878
[60]	train-rmse:1.01833	valid-rmse:1.02181
[360]	train-rmse:1.06256	valid-rmse:1.06684
[160]	train-rmse:0.99805	valid-rmse:1.00103
[20]	train-rmse:1.04615	valid-rmse:1.05018
[460]	train-rmse:0.99387	valid-rmse:0.99878
[120]	train-rmse:1.00045	valid-rmse:1.00349
[80]	train-rmse:1.00949	valid-rmse:1.01273
[180]	train-rmse:0.99709	valid-rmse:1.00014
[380]	train-rmse:1.06094	valid-rmse:1.06519
[480]	train-rmse:0.99371	valid-rmse:0.99881
[482]	train-rmse:0.99369	valid-rmse:0.99881
[32m[I 2022-04-15 10:28:12,970][0m Trial 99 finished with value: 0.998773 and parameters: {'colsample_bytree': 0.2622264741431673, 'eta': 0.011317427677192163, 'max_depth': 3, 'n_estimators': 908, 'subsample': 0.7844026593121353}. Best is trial 65 with value: 0.998642.[0m
[40]	train-rmse:1.02098	valid-rmse:1.02458
[10:28:17] WARNING: ../src/learner.cc:576: 
Parameters: { "n_estimators" } might not be used.

  This could be a false alarm, with some parameters getting used by language bindings but
  then being mistakenly passed down to XGBoost core, or some parameter actually being used
  but getting flagged wrongly here. Please open an issue if you find any such cases.


[100]	train-rmse:1.00417	valid-rmse:1.00722
[200]	train-rmse:0.99646	valid-rmse:0.99963
[0]	train-rmse:1.09336	valid-rmse:1.09823
[140]	train-rmse:0.99854	valid-rmse:1.00157
[400]	train-rmse:1.05936	valid-rmse:1.06357
[120]	train-rmse:1.00094	valid-rmse:1.00392
[220]	train-rmse:0.99599	valid-rmse:0.99927
[420]	train-rmse:1.05781	valid-rmse:1.06200
[160]	train-rmse:0.99735	valid-rmse:1.00044
[60]	train-rmse:1.00845	valid-rmse:1.01171
[20]	train-rmse:1.02334	valid-rmse:1.02699
[140]	train-rmse:0.99892	valid-rmse:1.00186
[240]	train-rmse:0.99565	valid-rmse:0.99903
[440]	train-rmse:1.05631	valid-rmse:1.06047
[180]	train-rmse:0.99655	valid-rmse:0.99974
[160]	train-rmse:0.99765	valid-rmse:1.00063
[260]	train-rmse:0.99536	valid-rmse:0.99887
[80]	train-rmse:1.00218	valid-rmse:1.00534
[460]	train-rmse:1.05484	valid-rmse:1.05897
[40]	train-rmse:1.00364	valid-rmse:1.00670
[180]	train-rmse:0.99679	valid-rmse:0.99985
[280]	train-rmse:0.99509	valid-rmse:0.99879
[200]	train-rmse:0.99603	valid-rmse:0.99931
[480]	train-rmse:1.05340	valid-rmse:1.05752
[100]	train-rmse:0.99900	valid-rmse:1.00212
[60]	train-rmse:0.99799	valid-rmse:1.00094
[200]	train-rmse:0.99623	valid-rmse:0.99939
[300]	train-rmse:0.99488	valid-rmse:0.99877
[500]	train-rmse:1.05201	valid-rmse:1.05609
[220]	train-rmse:0.99562	valid-rmse:0.99905
[220]	train-rmse:0.99581	valid-rmse:0.99912
[320]	train-rmse:0.99468	valid-rmse:0.99876
[120]	train-rmse:0.99734	valid-rmse:1.00054
[520]	train-rmse:1.05064	valid-rmse:1.05470
[80]	train-rmse:0.99608	valid-rmse:0.99936
[240]	train-rmse:0.99531	valid-rmse:0.99889
[340]	train-rmse:0.99448	valid-rmse:0.99874
[240]	train-rmse:0.99550	valid-rmse:0.99894
[540]	train-rmse:1.04931	valid-rmse:1.05334
[140]	train-rmse:0.99638	valid-rmse:0.99969
[360]	train-rmse:0.99430	valid-rmse:0.99876
[260]	train-rmse:0.99522	valid-rmse:0.99882
[260]	train-rmse:0.99504	valid-rmse:0.99882
[100]	train-rmse:0.99526	valid-rmse:0.99885
[560]	train-rmse:1.04801	valid-rmse:1.05202
[380]	train-rmse:0.99411	valid-rmse:0.99871
[280]	train-rmse:0.99498	valid-rmse:0.99874
[280]	train-rmse:0.99480	valid-rmse:0.99874
[160]	train-rmse:0.99576	valid-rmse:0.99927
[580]	train-rmse:1.04673	valid-rmse:1.05072
[120]	train-rmse:0.99472	valid-rmse:0.99870
[400]	train-rmse:0.99395	valid-rmse:0.99870
[300]	train-rmse:0.99478	valid-rmse:0.99874
[600]	train-rmse:1.04549	valid-rmse:1.04946
[300]	train-rmse:0.99459	valid-rmse:0.99872
[420]	train-rmse:0.99379	valid-rmse:0.99871
[320]	train-rmse:0.99456	valid-rmse:0.99870
[180]	train-rmse:0.99531	valid-rmse:0.99903
[140]	train-rmse:0.99421	valid-rmse:0.99868
[620]	train-rmse:1.04428	valid-rmse:1.04822
[440]	train-rmse:0.99362	valid-rmse:0.99871
[340]	train-rmse:0.99437	valid-rmse:0.99869
[320]	train-rmse:0.99436	valid-rmse:0.99868
[200]	train-rmse:0.99497	valid-rmse:0.99898
[640]	train-rmse:1.04310	valid-rmse:1.04702
[460]	train-rmse:0.99346	valid-rmse:0.99873
[360]	train-rmse:0.99417	valid-rmse:0.99874
[160]	train-rmse:0.99373	valid-rmse:0.99876
[340]	train-rmse:0.99414	valid-rmse:0.99870
[660]	train-rmse:1.04195	valid-rmse:1.04585
[480]	train-rmse:0.99328	valid-rmse:0.99876
[380]	train-rmse:0.99397	valid-rmse:0.99871
[482]	train-rmse:0.99326	valid-rmse:0.99877
[32m[I 2022-04-15 10:35:42,625][0m Trial 102 finished with value: 0.998694 and parameters: {'colsample_bytree': 0.25843032736213256, 'eta': 0.012522900475166411, 'max_depth': 3, 'n_estimators': 887, 'subsample': 0.7882785234981913}. Best is trial 65 with value: 0.998642.[0m
[10:35:48] WARNING: ../src/learner.cc:576: 
Parameters: { "n_estimators" } might not be used.

  This could be a false alarm, with some parameters getting used by language bindings but
  then being mistakenly passed down to XGBoost core, or some parameter actually being used
  but getting flagged wrongly here. Please open an issue if you find any such cases.


[220]	train-rmse:0.99466	valid-rmse:0.99892
[0]	train-rmse:1.09658	valid-rmse:1.10144
[178]	train-rmse:0.99330	valid-rmse:0.99879
[392]	train-rmse:0.99387	valid-rmse:0.99873
[32m[I 2022-04-15 10:36:01,963][0m Trial 106 finished with value: 0.99866 and parameters: {'colsample_bytree': 0.4899240078322725, 'eta': 0.03278588859774441, 'max_depth': 3, 'n_estimators': 848, 'subsample': 0.8160307516110793}. Best is trial 65 with value: 0.998642.[0m
