[32m[I 2022-04-17 05:07:35,032][0m Trial 118 finished with value: 0.998498 and parameters: {'colsample_bytree': 0.8687868950856045, 'eta': 0.01152319039091817, 'max_depth': 3, 'n_estimators': 206, 'subsample': 0.9486703209676254}. Best is trial 48 with value: 0.998395.[0m
[05:07:39] WARNING: ../src/learner.cc:576: 
Parameters: { "n_estimators" } might not be used.

  This could be a false alarm, with some parameters getting used by language bindings but
  then being mistakenly passed down to XGBoost core, or some parameter actually being used
  but getting flagged wrongly here. Please open an issue if you find any such cases.


[336]	train-rmse:0.99094	valid-rmse:0.99861
[0]	train-rmse:1.09784	valid-rmse:1.10103
[32m[I 2022-04-17 05:07:44,836][0m Trial 125 finished with value: 0.99858 and parameters: {'colsample_bytree': 0.889589421945668, 'eta': 0.01964253028471077, 'max_depth': 3, 'n_estimators': 157, 'subsample': 0.5702795433474948}. Best is trial 48 with value: 0.998395.[0m
[05:07:48] WARNING: ../src/learner.cc:576: 
Parameters: { "n_estimators" } might not be used.

  This could be a false alarm, with some parameters getting used by language bindings but
  then being mistakenly passed down to XGBoost core, or some parameter actually being used
  but getting flagged wrongly here. Please open an issue if you find any such cases.


[0]	train-rmse:1.07341	valid-rmse:1.07682
[337]	train-rmse:0.99062	valid-rmse:0.99853
[32m[I 2022-04-17 05:08:11,634][0m Trial 123 finished with value: 0.998519 and parameters: {'colsample_bytree': 0.8179610686211691, 'eta': 0.0216699485807749, 'max_depth': 3, 'n_estimators': 97, 'subsample': 0.9386854824637496}. Best is trial 48 with value: 0.998395.[0m
[280]	train-rmse:0.99724	valid-rmse:1.00089
[05:08:15] WARNING: ../src/learner.cc:576: 
Parameters: { "n_estimators" } might not be used.

  This could be a false alarm, with some parameters getting used by language bindings but
  then being mistakenly passed down to XGBoost core, or some parameter actually being used
  but getting flagged wrongly here. Please open an issue if you find any such cases.


[60]	train-rmse:1.03998	valid-rmse:1.04341
[0]	train-rmse:1.09878	valid-rmse:1.10195
[300]	train-rmse:0.99057	valid-rmse:0.99855
[20]	train-rmse:1.07604	valid-rmse:1.07936
[20]	train-rmse:0.99479	valid-rmse:0.99901
[300]	train-rmse:0.99664	valid-rmse:1.00037
[20]	train-rmse:1.09317	valid-rmse:1.09638
[80]	train-rmse:1.02915	valid-rmse:1.03259
[40]	train-rmse:1.05881	valid-rmse:1.06220
[320]	train-rmse:0.99016	valid-rmse:0.99856
[40]	train-rmse:0.99196	valid-rmse:0.99869
[40]	train-rmse:1.08785	valid-rmse:1.09110
[60]	train-rmse:1.04521	valid-rmse:1.04866
[320]	train-rmse:0.99616	valid-rmse:0.99996
[100]	train-rmse:1.02095	valid-rmse:1.02442
[333]	train-rmse:0.98989	valid-rmse:0.99857
[32m[I 2022-04-17 05:10:17,714][0m Trial 124 finished with value: 0.998527 and parameters: {'colsample_bytree': 0.8158509199956585, 'eta': 0.024772298783849657, 'max_depth': 3, 'n_estimators': 210, 'subsample': 0.9326887225832015}. Best is trial 48 with value: 0.998395.[0m
[05:10:21] WARNING: ../src/learner.cc:576: 
Parameters: { "n_estimators" } might not be used.

  This could be a false alarm, with some parameters getting used by language bindings but
  then being mistakenly passed down to XGBoost core, or some parameter actually being used
  but getting flagged wrongly here. Please open an issue if you find any such cases.


[0]	train-rmse:1.09776	valid-rmse:1.10095
[60]	train-rmse:0.98945	valid-rmse:0.99886
[60]	train-rmse:1.08282	valid-rmse:1.08609
[80]	train-rmse:1.03452	valid-rmse:1.03796
[120]	train-rmse:1.01475	valid-rmse:1.01821
[340]	train-rmse:0.99577	valid-rmse:0.99965
[20]	train-rmse:1.07478	valid-rmse:1.07810
[100]	train-rmse:1.02612	valid-rmse:1.02957
[80]	train-rmse:1.07805	valid-rmse:1.08136
[80]	train-rmse:0.98737	valid-rmse:0.99893
[140]	train-rmse:1.01006	valid-rmse:1.01351
[360]	train-rmse:0.99544	valid-rmse:0.99941
[91]	train-rmse:0.98616	valid-rmse:0.99899
[32m[I 2022-04-17 05:12:33,024][0m Trial 129 finished with value: 0.998663 and parameters: {'colsample_bytree': 0.8198224245078143, 'eta': 0.14058374617829206, 'max_depth': 3, 'n_estimators': 97, 'subsample': 0.9168443518842815}. Best is trial 48 with value: 0.998395.[0m
[05:12:37] WARNING: ../src/learner.cc:576: 
Parameters: { "n_estimators" } might not be used.

  This could be a false alarm, with some parameters getting used by language bindings but
  then being mistakenly passed down to XGBoost core, or some parameter actually being used
  but getting flagged wrongly here. Please open an issue if you find any such cases.


[40]	train-rmse:1.05688	valid-rmse:1.06029
[0]	train-rmse:1.09778	valid-rmse:1.10096
[120]	train-rmse:1.01950	valid-rmse:1.02297
[100]	train-rmse:1.07354	valid-rmse:1.07687
[160]	train-rmse:1.00651	valid-rmse:1.00994
[380]	train-rmse:0.99515	valid-rmse:0.99923
[140]	train-rmse:1.01431	valid-rmse:1.01776
[120]	train-rmse:1.06927	valid-rmse:1.07263
[60]	train-rmse:1.04296	valid-rmse:1.04641
[20]	train-rmse:1.07512	valid-rmse:1.07843
[180]	train-rmse:1.00381	valid-rmse:1.00726
[400]	train-rmse:0.99490	valid-rmse:0.99908
[160]	train-rmse:1.01025	valid-rmse:1.01370
[140]	train-rmse:1.06523	valid-rmse:1.06861
[40]	train-rmse:1.05740	valid-rmse:1.06078
[80]	train-rmse:1.03218	valid-rmse:1.03566
[200]	train-rmse:1.00175	valid-rmse:1.00521
[180]	train-rmse:1.00705	valid-rmse:1.01049
[420]	train-rmse:0.99467	valid-rmse:0.99897
[160]	train-rmse:1.06141	valid-rmse:1.06480
[60]	train-rmse:1.04357	valid-rmse:1.04700
[100]	train-rmse:1.02386	valid-rmse:1.02733
[200]	train-rmse:1.00451	valid-rmse:1.00799
[220]	train-rmse:1.00016	valid-rmse:1.00367
[440]	train-rmse:0.99447	valid-rmse:0.99887
[180]	train-rmse:1.05779	valid-rmse:1.06120
[220]	train-rmse:1.00252	valid-rmse:1.00603
[80]	train-rmse:1.03283	valid-rmse:1.03628
[120]	train-rmse:1.01741	valid-rmse:1.02090
[240]	train-rmse:0.99894	valid-rmse:1.00249
[200]	train-rmse:1.05437	valid-rmse:1.05779
[460]	train-rmse:0.99429	valid-rmse:0.99880
[240]	train-rmse:1.00096	valid-rmse:1.00447
[100]	train-rmse:1.02447	valid-rmse:1.02792
[260]	train-rmse:0.99803	valid-rmse:1.00158
[140]	train-rmse:1.01242	valid-rmse:1.01591
[220]	train-rmse:1.05114	valid-rmse:1.05457
[480]	train-rmse:0.99412	valid-rmse:0.99875
[260]	train-rmse:0.99970	valid-rmse:1.00326
[280]	train-rmse:0.99729	valid-rmse:1.00089
[120]	train-rmse:1.01798	valid-rmse:1.02142
[240]	train-rmse:1.04808	valid-rmse:1.05152
[160]	train-rmse:1.00856	valid-rmse:1.01205
[280]	train-rmse:0.99869	valid-rmse:1.00229
[500]	train-rmse:0.99394	valid-rmse:0.99871
[260]	train-rmse:1.04519	valid-rmse:1.04864
[300]	train-rmse:0.99668	valid-rmse:1.00036
[140]	train-rmse:1.01294	valid-rmse:1.01637
[300]	train-rmse:0.99788	valid-rmse:1.00154
[180]	train-rmse:1.00556	valid-rmse:1.00906
[520]	train-rmse:0.99379	valid-rmse:0.99868
[280]	train-rmse:1.04246	valid-rmse:1.04591
[320]	train-rmse:0.99721	valid-rmse:1.00093
[320]	train-rmse:0.99620	valid-rmse:0.99995
[160]	train-rmse:1.00903	valid-rmse:1.01245
[200]	train-rmse:1.00325	valid-rmse:1.00676
[540]	train-rmse:0.99363	valid-rmse:0.99866
[300]	train-rmse:1.03987	valid-rmse:1.04334
[340]	train-rmse:0.99668	valid-rmse:1.00046
[340]	train-rmse:0.99582	valid-rmse:0.99965
[180]	train-rmse:1.00599	valid-rmse:1.00942
[560]	train-rmse:0.99348	valid-rmse:0.99863
[220]	train-rmse:1.00143	valid-rmse:1.00497
[360]	train-rmse:0.99622	valid-rmse:1.00008
[320]	train-rmse:1.03743	valid-rmse:1.04089
[360]	train-rmse:0.99551	valid-rmse:0.99941
[200]	train-rmse:1.00362	valid-rmse:1.00705
[380]	train-rmse:0.99586	valid-rmse:0.99979
[580]	train-rmse:0.99333	valid-rmse:0.99861
[340]	train-rmse:1.03512	valid-rmse:1.03859
[240]	train-rmse:1.00003	valid-rmse:1.00358
[380]	train-rmse:0.99524	valid-rmse:0.99922
[400]	train-rmse:0.99553	valid-rmse:0.99954
[220]	train-rmse:1.00177	valid-rmse:1.00521
[360]	train-rmse:1.03294	valid-rmse:1.03642
[600]	train-rmse:0.99321	valid-rmse:0.99860
[260]	train-rmse:0.99894	valid-rmse:1.00251
[400]	train-rmse:0.99500	valid-rmse:0.99908
[420]	train-rmse:0.99524	valid-rmse:0.99934
[380]	train-rmse:1.03088	valid-rmse:1.03436
[240]	train-rmse:1.00033	valid-rmse:1.00377
[620]	train-rmse:0.99306	valid-rmse:0.99859
[280]	train-rmse:0.99805	valid-rmse:1.00166
[420]	train-rmse:0.99478	valid-rmse:0.99896
[440]	train-rmse:0.99500	valid-rmse:0.99918
[400]	train-rmse:1.02892	valid-rmse:1.03241
[260]	train-rmse:0.99920	valid-rmse:1.00266
[640]	train-rmse:0.99292	valid-rmse:0.99857
[460]	train-rmse:0.99476	valid-rmse:0.99906
[440]	train-rmse:0.99458	valid-rmse:0.99887
[300]	train-rmse:0.99733	valid-rmse:1.00101
[420]	train-rmse:1.02708	valid-rmse:1.03057
[280]	train-rmse:0.99827	valid-rmse:1.00179
[480]	train-rmse:0.99457	valid-rmse:0.99896
[660]	train-rmse:0.99278	valid-rmse:0.99856
[460]	train-rmse:0.99441	valid-rmse:0.99880
[320]	train-rmse:0.99675	valid-rmse:1.00050
[440]	train-rmse:1.02534	valid-rmse:1.02882
[500]	train-rmse:0.99438	valid-rmse:0.99889
[300]	train-rmse:0.99754	valid-rmse:1.00111
[680]	train-rmse:0.99264	valid-rmse:0.99856
[480]	train-rmse:0.99423	valid-rmse:0.99874
[460]	train-rmse:1.02369	valid-rmse:1.02717
[340]	train-rmse:0.99628	valid-rmse:1.00011
[520]	train-rmse:0.99421	valid-rmse:0.99882
[700]	train-rmse:0.99251	valid-rmse:0.99855
[320]	train-rmse:0.99695	valid-rmse:1.00057
[500]	train-rmse:0.99406	valid-rmse:0.99869
[480]	train-rmse:1.02213	valid-rmse:1.02562
[540]	train-rmse:0.99404	valid-rmse:0.99876
[360]	train-rmse:0.99589	valid-rmse:0.99980
[720]	train-rmse:0.99238	valid-rmse:0.99855
[340]	train-rmse:0.99648	valid-rmse:1.00014
[500]	train-rmse:1.02066	valid-rmse:1.02415
[520]	train-rmse:0.99391	valid-rmse:0.99865
[560]	train-rmse:0.99390	valid-rmse:0.99870
[380]	train-rmse:0.99555	valid-rmse:0.99955
[520]	train-rmse:1.01927	valid-rmse:1.02276
[740]	train-rmse:0.99225	valid-rmse:0.99854
[580]	train-rmse:0.99374	valid-rmse:0.99867
[540]	train-rmse:0.99375	valid-rmse:0.99863
[360]	train-rmse:0.99607	valid-rmse:0.99981
[400]	train-rmse:0.99526	valid-rmse:0.99934
[540]	train-rmse:1.01796	valid-rmse:1.02145
[600]	train-rmse:0.99360	valid-rmse:0.99863
[760]	train-rmse:0.99212	valid-rmse:0.99854
[560]	train-rmse:0.99361	valid-rmse:0.99860
[380]	train-rmse:0.99574	valid-rmse:0.99954
[620]	train-rmse:0.99345	valid-rmse:0.99861
[420]	train-rmse:0.99501	valid-rmse:0.99918
[560]	train-rmse:1.01672	valid-rmse:1.02021
[580]	train-rmse:0.99345	valid-rmse:0.99859
[780]	train-rmse:0.99198	valid-rmse:0.99855
[400]	train-rmse:0.99544	valid-rmse:0.99934
[640]	train-rmse:0.99331	valid-rmse:0.99858
[580]	train-rmse:1.01555	valid-rmse:1.01903
[440]	train-rmse:0.99481	valid-rmse:0.99905
[600]	train-rmse:0.99332	valid-rmse:0.99857
[800]	train-rmse:0.99185	valid-rmse:0.99854
[420]	train-rmse:0.99519	valid-rmse:0.99917
[660]	train-rmse:0.99318	valid-rmse:0.99856
[805]	train-rmse:0.99182	valid-rmse:0.99854
[32m[I 2022-04-17 05:35:18,231][0m Trial 126 finished with value: 0.998532 and parameters: {'colsample_bytree': 0.8218031343295101, 'eta': 0.00729674319381049, 'max_depth': 3, 'n_estimators': 102, 'subsample': 0.9374623359359221}. Best is trial 48 with value: 0.998395.[0m
[05:35:22] WARNING: ../src/learner.cc:576: 
Parameters: { "n_estimators" } might not be used.

  This could be a false alarm, with some parameters getting used by language bindings but
  then being mistakenly passed down to XGBoost core, or some parameter actually being used
  but getting flagged wrongly here. Please open an issue if you find any such cases.


[600]	train-rmse:1.01444	valid-rmse:1.01793
[0]	train-rmse:1.08403	valid-rmse:1.08730
[460]	train-rmse:0.99461	valid-rmse:0.99895
[620]	train-rmse:0.99317	valid-rmse:0.99856
[680]	train-rmse:0.99306	valid-rmse:0.99855
[440]	train-rmse:0.99496	valid-rmse:0.99904
[620]	train-rmse:1.01340	valid-rmse:1.01689
[20]	train-rmse:0.99913	valid-rmse:1.00261
[480]	train-rmse:0.99443	valid-rmse:0.99887
[640]	train-rmse:0.99305	valid-rmse:0.99855
[700]	train-rmse:0.99293	valid-rmse:0.99854
[640]	train-rmse:1.01241	valid-rmse:1.01589
[460]	train-rmse:0.99476	valid-rmse:0.99893
[40]	train-rmse:0.99453	valid-rmse:0.99878
[720]	train-rmse:0.99281	valid-rmse:0.99853
[660]	train-rmse:0.99292	valid-rmse:0.99854
[500]	train-rmse:0.99425	valid-rmse:0.99881
[660]	train-rmse:1.01148	valid-rmse:1.01496
[480]	train-rmse:0.99457	valid-rmse:0.99884
[60]	train-rmse:0.99306	valid-rmse:0.99853
[740]	train-rmse:0.99268	valid-rmse:0.99853
[680]	train-rmse:0.99279	valid-rmse:0.99853
[680]	train-rmse:1.01059	valid-rmse:1.01408
[520]	train-rmse:0.99410	valid-rmse:0.99876
[500]	train-rmse:0.99439	valid-rmse:0.99878
[760]	train-rmse:0.99256	valid-rmse:0.99853
[80]	train-rmse:0.99173	valid-rmse:0.99853
[700]	train-rmse:1.00976	valid-rmse:1.01324
[700]	train-rmse:0.99265	valid-rmse:0.99852
[540]	train-rmse:0.99395	valid-rmse:0.99872
[780]	train-rmse:0.99244	valid-rmse:0.99852
[520]	train-rmse:0.99426	valid-rmse:0.99872
[100]	train-rmse:0.99033	valid-rmse:0.99862
[720]	train-rmse:1.00897	valid-rmse:1.01245
[720]	train-rmse:0.99254	valid-rmse:0.99852
[800]	train-rmse:0.99232	valid-rmse:0.99852
[560]	train-rmse:0.99380	valid-rmse:0.99869
[117]	train-rmse:0.98932	valid-rmse:0.99867
[32m[I 2022-04-17 05:41:23,303][0m Trial 133 finished with value: 0.998524 and parameters: {'colsample_bytree': 0.7827945736682584, 'eta': 0.08005077472153455, 'max_depth': 3, 'n_estimators': 275, 'subsample': 0.9997805331918561}. Best is trial 48 with value: 0.998395.[0m
[05:41:27] WARNING: ../src/learner.cc:576: 
Parameters: { "n_estimators" } might not be used.

  This could be a false alarm, with some parameters getting used by language bindings but
  then being mistakenly passed down to XGBoost core, or some parameter actually being used
  but getting flagged wrongly here. Please open an issue if you find any such cases.


[540]	train-rmse:0.99410	valid-rmse:0.99867
[0]	train-rmse:1.09785	valid-rmse:1.10103
[740]	train-rmse:1.00822	valid-rmse:1.01170
[740]	train-rmse:0.99241	valid-rmse:0.99851
[820]	train-rmse:0.99220	valid-rmse:0.99851
[580]	train-rmse:0.99364	valid-rmse:0.99866
[560]	train-rmse:0.99396	valid-rmse:0.99863
[760]	train-rmse:1.00752	valid-rmse:1.01099
[20]	train-rmse:1.07623	valid-rmse:1.07954
[840]	train-rmse:0.99208	valid-rmse:0.99851
[760]	train-rmse:0.99230	valid-rmse:0.99851
[600]	train-rmse:0.99352	valid-rmse:0.99862
[780]	train-rmse:1.00685	valid-rmse:1.01033
[860]	train-rmse:0.99196	valid-rmse:0.99851
[580]	train-rmse:0.99383	valid-rmse:0.99860
[40]	train-rmse:1.05911	valid-rmse:1.06248
[780]	train-rmse:0.99216	valid-rmse:0.99851
[870]	train-rmse:0.99191	valid-rmse:0.99851
[32m[I 2022-04-17 05:44:06,525][0m Trial 128 finished with value: 0.998509 and parameters: {'colsample_bytree': 0.7826751004424989, 'eta': 0.006349921926503711, 'max_depth': 3, 'n_estimators': 95, 'subsample': 0.7108779811185248}. Best is trial 48 with value: 0.998395.[0m
[05:44:10] WARNING: ../src/learner.cc:576: 
Parameters: { "n_estimators" } might not be used.

  This could be a false alarm, with some parameters getting used by language bindings but
  then being mistakenly passed down to XGBoost core, or some parameter actually being used
  but getting flagged wrongly here. Please open an issue if you find any such cases.


[0]	train-rmse:1.09146	valid-rmse:1.09469
[800]	train-rmse:1.00622	valid-rmse:1.00970
[620]	train-rmse:0.99337	valid-rmse:0.99860
[600]	train-rmse:0.99370	valid-rmse:0.99858
[800]	train-rmse:0.99203	valid-rmse:0.99850
[60]	train-rmse:1.04557	valid-rmse:1.04899
[820]	train-rmse:1.00563	valid-rmse:1.00910
[20]	train-rmse:1.01613	valid-rmse:1.01951
[640]	train-rmse:0.99321	valid-rmse:0.99859
[620]	train-rmse:0.99357	valid-rmse:0.99855
[820]	train-rmse:0.99191	valid-rmse:0.99850
[80]	train-rmse:1.03488	valid-rmse:1.03834
[840]	train-rmse:1.00506	valid-rmse:1.00854
[40]	train-rmse:0.99982	valid-rmse:1.00322
[660]	train-rmse:0.99308	valid-rmse:0.99858
[640]	train-rmse:0.99345	valid-rmse:0.99853
[840]	train-rmse:0.99178	valid-rmse:0.99851
[860]	train-rmse:1.00453	valid-rmse:1.00801
[100]	train-rmse:1.02647	valid-rmse:1.02995
[60]	train-rmse:0.99590	valid-rmse:0.99965
[680]	train-rmse:0.99296	valid-rmse:0.99857
[860]	train-rmse:0.99167	valid-rmse:0.99851
[660]	train-rmse:0.99332	valid-rmse:0.99852
[880]	train-rmse:1.00402	valid-rmse:1.00751
[120]	train-rmse:1.01986	valid-rmse:1.02334
[870]	train-rmse:0.99161	valid-rmse:0.99851
[32m[I 2022-04-17 05:48:31,150][0m Trial 127 finished with value: 0.998499 and parameters: {'colsample_bytree': 0.7748046097506521, 'eta': 0.007293577002062341, 'max_depth': 3, 'n_estimators': 275, 'subsample': 0.968493470942219}. Best is trial 48 with value: 0.998395.[0m
[05:48:35] WARNING: ../src/learner.cc:576: 
Parameters: { "n_estimators" } might not be used.

  This could be a false alarm, with some parameters getting used by language bindings but
  then being mistakenly passed down to XGBoost core, or some parameter actually being used
  but getting flagged wrongly here. Please open an issue if you find any such cases.


[0]	train-rmse:1.09218	valid-rmse:1.09539
[80]	train-rmse:0.99445	valid-rmse:0.99883
[900]	train-rmse:1.00354	valid-rmse:1.00703
[700]	train-rmse:0.99282	valid-rmse:0.99856
[680]	train-rmse:0.99320	valid-rmse:0.99850
[140]	train-rmse:1.01466	valid-rmse:1.01811
[920]	train-rmse:1.00309	valid-rmse:1.00658
[20]	train-rmse:1.01955	valid-rmse:1.02299
[100]	train-rmse:0.99356	valid-rmse:0.99861
[700]	train-rmse:0.99308	valid-rmse:0.99849
[720]	train-rmse:0.99269	valid-rmse:0.99855
[160]	train-rmse:1.01056	valid-rmse:1.01402
[940]	train-rmse:1.00266	valid-rmse:1.00615
[40]	train-rmse:1.00138	valid-rmse:1.00481
[120]	train-rmse:0.99284	valid-rmse:0.99853
[720]	train-rmse:0.99296	valid-rmse:0.99847
[740]	train-rmse:0.99255	valid-rmse:0.99855
[960]	train-rmse:1.00226	valid-rmse:1.00575
[180]	train-rmse:1.00732	valid-rmse:1.01080
[60]	train-rmse:0.99662	valid-rmse:1.00021
[740]	train-rmse:0.99285	valid-rmse:0.99846
[140]	train-rmse:0.99216	valid-rmse:0.99851
[760]	train-rmse:0.99243	valid-rmse:0.99854
[980]	train-rmse:1.00188	valid-rmse:1.00537
[200]	train-rmse:1.00478	valid-rmse:1.00825
[80]	train-rmse:0.99494	valid-rmse:0.99904
[999]	train-rmse:1.00153	valid-rmse:1.00503
[32m[I 2022-04-17 05:53:20,990][0m Trial 130 finished with value: 1.005033 and parameters: {'colsample_bytree': 0.7360073723767419, 'eta': 0.0014864200988619052, 'max_depth': 3, 'n_estimators': 270, 'subsample': 0.9188330678745021}. Best is trial 48 with value: 0.998395.[0m
[760]	train-rmse:0.99274	valid-rmse:0.99845
[05:53:25] WARNING: ../src/learner.cc:576: 
Parameters: { "n_estimators" } might not be used.

  This could be a false alarm, with some parameters getting used by language bindings but
  then being mistakenly passed down to XGBoost core, or some parameter actually being used
  but getting flagged wrongly here. Please open an issue if you find any such cases.


[0]	train-rmse:1.09070	valid-rmse:1.09393
[160]	train-rmse:0.99147	valid-rmse:0.99852
[780]	train-rmse:0.99230	valid-rmse:0.99853
[220]	train-rmse:1.00278	valid-rmse:1.00624
[780]	train-rmse:0.99262	valid-rmse:0.99845
[100]	train-rmse:0.99403	valid-rmse:0.99869
[20]	train-rmse:1.01287	valid-rmse:1.01629
[180]	train-rmse:0.99088	valid-rmse:0.99846
[800]	train-rmse:0.99217	valid-rmse:0.99853
[240]	train-rmse:1.00118	valid-rmse:1.00466
[800]	train-rmse:0.99252	valid-rmse:0.99844
[120]	train-rmse:0.99339	valid-rmse:0.99855
[40]	train-rmse:0.99851	valid-rmse:1.00204
[820]	train-rmse:0.99205	valid-rmse:0.99853
[200]	train-rmse:0.99018	valid-rmse:0.99849
[260]	train-rmse:0.99993	valid-rmse:1.00341
[820]	train-rmse:0.99240	valid-rmse:0.99845
[140]	train-rmse:0.99272	valid-rmse:0.99852
[60]	train-rmse:0.99534	valid-rmse:0.99932
[840]	train-rmse:0.99192	valid-rmse:0.99852
[220]	train-rmse:0.98958	valid-rmse:0.99848
[223]	train-rmse:0.98946	valid-rmse:0.99848
[32m[I 2022-04-17 05:57:18,038][0m Trial 135 finished with value: 0.99846 and parameters: {'colsample_bytree': 0.9366682352980273, 'eta': 0.03971284115180005, 'max_depth': 3, 'n_estimators': 156, 'subsample': 0.9706837218094357}. Best is trial 48 with value: 0.998395.[0m
[05:57:22] WARNING: ../src/learner.cc:576: 
Parameters: { "n_estimators" } might not be used.

  This could be a false alarm, with some parameters getting used by language bindings but
  then being mistakenly passed down to XGBoost core, or some parameter actually being used
  but getting flagged wrongly here. Please open an issue if you find any such cases.


[280]	train-rmse:0.99892	valid-rmse:1.00242
[0]	train-rmse:1.09203	valid-rmse:1.09525
[840]	train-rmse:0.99229	valid-rmse:0.99844
[160]	train-rmse:0.99210	valid-rmse:0.99854
[860]	train-rmse:0.99179	valid-rmse:0.99851
[80]	train-rmse:0.99408	valid-rmse:0.99872
[300]	train-rmse:0.99808	valid-rmse:1.00164
[20]	train-rmse:1.01881	valid-rmse:1.02227
[860]	train-rmse:0.99217	valid-rmse:0.99843
[180]	train-rmse:0.99153	valid-rmse:0.99855
[880]	train-rmse:0.99168	valid-rmse:0.99851
[100]	train-rmse:0.99323	valid-rmse:0.99855
[320]	train-rmse:0.99742	valid-rmse:1.00103
[40]	train-rmse:1.00105	valid-rmse:1.00446
[190]	train-rmse:0.99127	valid-rmse:0.99854
