2022-04-14 23:50:11.020 | WARNING  | qlib.tests.data:qlib_data:150 - Data already exists: ~/igorlima/igor_tcc/qlib_data/br_data, the data download will be skipped
	If downloading is required: `exists_skip=False` or `change target_dir`
[105230:MainThread](2022-04-14 23:50:11,021) INFO - qlib.Initialization - [config.py:402] - default_conf: client.
[105230:MainThread](2022-04-14 23:50:11,344) INFO - qlib.Initialization - [__init__.py:74] - qlib successfully initialized based on client settings.
[105230:MainThread](2022-04-14 23:50:11,345) INFO - qlib.Initialization - [__init__.py:76] - data_path={'__DEFAULT_FREQ': PosixPath('/home/lisa/igorlima/igor_tcc/qlib_data/br_data')}
[105230:MainThread](2022-04-14 23:50:11,345) INFO - qlib.Hyperparameter - [hyperparameter_360_XGBoost_br.py:83] - Dataset intialization
[105230:MainThread](2022-04-14 23:50:21,059) INFO - qlib.timer - [log.py:113] - Time cost: 9.711s | Loading data Done
[105230:MainThread](2022-04-14 23:50:21,232) INFO - qlib.timer - [log.py:113] - Time cost: 0.061s | DropnaLabel Done
/home/lisa/miniconda3/envs/igor_tcc/lib/python3.8/site-packages/qlib/data/dataset/processor.py:347: SettingWithCopyWarning: 
A value is trying to be set on a copy of a slice from a DataFrame.
Try using .loc[row_indexer,col_indexer] = value instead

See the caveats in the documentation: https://pandas.pydata.org/pandas-docs/stable/user_guide/indexing.html#returning-a-view-versus-a-copy
  df[cols] = t
[105230:MainThread](2022-04-14 23:50:21,397) INFO - qlib.timer - [log.py:113] - Time cost: 0.165s | CSRankNorm Done
[105230:MainThread](2022-04-14 23:50:21,397) INFO - qlib.timer - [log.py:113] - Time cost: 0.338s | fit & process data Done
[105230:MainThread](2022-04-14 23:50:21,397) INFO - qlib.timer - [log.py:113] - Time cost: 10.050s | Init data Done
[105230:MainThread](2022-04-14 23:50:21,398) INFO - qlib.Hyperparameter - [hyperparameter_360_XGBoost_br.py:86] - Start parameter tuning
[105230:MainThread](2022-04-14 23:50:23,437) ERROR - qlib.workflow - [utils.py:41] - An exception has been raised[KeyError: 'Record does not exist.'].
  File "hyperparameter_360_XGBoost_br.py", line 87, in <module>
    study = optuna.Study(study_name="XGBoost_360_br", storage="sqlite:///db_2_0.sqlite3")
  File "/home/lisa/miniconda3/envs/igor_tcc/lib/python3.8/site-packages/optuna/study/study.py", line 231, in __init__
    study_id = storage.get_study_id_from_name(study_name)
  File "/home/lisa/miniconda3/envs/igor_tcc/lib/python3.8/site-packages/optuna/storages/_cached_storage.py", line 124, in get_study_id_from_name
    return self._backend.get_study_id_from_name(study_name)
  File "/home/lisa/miniconda3/envs/igor_tcc/lib/python3.8/site-packages/optuna/storages/_rdb/storage.py", line 317, in get_study_id_from_name
    study = models.StudyModel.find_or_raise_by_name(study_name, session)
  File "/home/lisa/miniconda3/envs/igor_tcc/lib/python3.8/site-packages/optuna/storages/_rdb/models.py", line 71, in find_or_raise_by_name
    raise KeyError(NOT_FOUND_MSG)
KeyError: 'Record does not exist.'
2022-04-14 23:54:53.721 | WARNING  | qlib.tests.data:qlib_data:150 - Data already exists: ~/igorlima/igor_tcc/qlib_data/br_data, the data download will be skipped
	If downloading is required: `exists_skip=False` or `change target_dir`
[108015:MainThread](2022-04-14 23:54:53,722) INFO - qlib.Initialization - [config.py:402] - default_conf: client.
[108015:MainThread](2022-04-14 23:54:54,031) INFO - qlib.Initialization - [__init__.py:74] - qlib successfully initialized based on client settings.
[108015:MainThread](2022-04-14 23:54:54,031) INFO - qlib.Initialization - [__init__.py:76] - data_path={'__DEFAULT_FREQ': PosixPath('/home/lisa/igorlima/igor_tcc/qlib_data/br_data')}
[108015:MainThread](2022-04-14 23:54:54,032) INFO - qlib.Hyperparameter - [hyperparameter_360_XGBoost_br.py:83] - Dataset intialization
[108015:MainThread](2022-04-14 23:55:02,013) INFO - qlib.timer - [log.py:113] - Time cost: 7.978s | Loading data Done
[108015:MainThread](2022-04-14 23:55:02,177) INFO - qlib.timer - [log.py:113] - Time cost: 0.058s | DropnaLabel Done
/home/lisa/miniconda3/envs/igor_tcc/lib/python3.8/site-packages/qlib/data/dataset/processor.py:347: SettingWithCopyWarning: 
A value is trying to be set on a copy of a slice from a DataFrame.
Try using .loc[row_indexer,col_indexer] = value instead

See the caveats in the documentation: https://pandas.pydata.org/pandas-docs/stable/user_guide/indexing.html#returning-a-view-versus-a-copy
  df[cols] = t
[108015:MainThread](2022-04-14 23:55:02,332) INFO - qlib.timer - [log.py:113] - Time cost: 0.155s | CSRankNorm Done
[108015:MainThread](2022-04-14 23:55:02,332) INFO - qlib.timer - [log.py:113] - Time cost: 0.319s | fit & process data Done
[108015:MainThread](2022-04-14 23:55:02,333) INFO - qlib.timer - [log.py:113] - Time cost: 8.298s | Init data Done
[108015:MainThread](2022-04-14 23:55:02,333) INFO - qlib.Hyperparameter - [hyperparameter_360_XGBoost_br.py:86] - Start parameter tuning
[23:55:06] WARNING: ../src/learner.cc:576: 
Parameters: { "n_estimators" } might not be used.

  This could be a false alarm, with some parameters getting used by language bindings but
  then being mistakenly passed down to XGBoost core, or some parameter actually being used
  but getting flagged wrongly here. Please open an issue if you find any such cases.


[23:55:07] WARNING: ../src/learner.cc:576: 
Parameters: { "n_estimators" } might not be used.

  This could be a false alarm, with some parameters getting used by language bindings but
  then being mistakenly passed down to XGBoost core, or some parameter actually being used
  but getting flagged wrongly here. Please open an issue if you find any such cases.


[23:55:05] WARNING: ../src/learner.cc:576: 
Parameters: { "n_estimators" } might not be used.

  This could be a false alarm, with some parameters getting used by language bindings but
  then being mistakenly passed down to XGBoost core, or some parameter actually being used
  but getting flagged wrongly here. Please open an issue if you find any such cases.


[0]	train-rmse:1.09959	valid-rmse:1.10450
[23:55:08] WARNING: ../src/learner.cc:576: 
Parameters: { "n_estimators" } might not be used.

  This could be a false alarm, with some parameters getting used by language bindings but
  then being mistakenly passed down to XGBoost core, or some parameter actually being used
  but getting flagged wrongly here. Please open an issue if you find any such cases.


[0]	train-rmse:1.09960	valid-rmse:1.10451
[23:55:09] WARNING: ../src/learner.cc:576: 
Parameters: { "n_estimators" } might not be used.

  This could be a false alarm, with some parameters getting used by language bindings but
  then being mistakenly passed down to XGBoost core, or some parameter actually being used
  but getting flagged wrongly here. Please open an issue if you find any such cases.


[23:55:11] WARNING: ../src/learner.cc:576: 
Parameters: { "n_estimators" } might not be used.

  This could be a false alarm, with some parameters getting used by language bindings but
  then being mistakenly passed down to XGBoost core, or some parameter actually being used
  but getting flagged wrongly here. Please open an issue if you find any such cases.


[0]	train-rmse:1.09958	valid-rmse:1.10449
[0]	train-rmse:1.09951	valid-rmse:1.10442
[0]	train-rmse:1.01947	valid-rmse:1.02992
[0]	train-rmse:1.09960	valid-rmse:1.10451
[20]	train-rmse:1.09960	valid-rmse:1.10451
[20]	train-rmse:1.09773	valid-rmse:1.10261
[20]	train-rmse:1.09935	valid-rmse:1.10427
[40]	train-rmse:1.09959	valid-rmse:1.10450
[20]	train-rmse:1.09913	valid-rmse:1.10403
[40]	train-rmse:1.09597	valid-rmse:1.10083
[60]	train-rmse:1.09959	valid-rmse:1.10450
[20]	train-rmse:0.99588	valid-rmse:1.07785
[40]	train-rmse:1.09912	valid-rmse:1.10403
[60]	train-rmse:1.09424	valid-rmse:1.09908
[80]	train-rmse:1.09959	valid-rmse:1.10450
[40]	train-rmse:1.09868	valid-rmse:1.10358
[100]	train-rmse:1.09958	valid-rmse:1.10449
[80]	train-rmse:1.09255	valid-rmse:1.09736
[60]	train-rmse:1.09888	valid-rmse:1.10379
[120]	train-rmse:1.09958	valid-rmse:1.10449
[100]	train-rmse:1.09088	valid-rmse:1.09567
[40]	train-rmse:0.99696	valid-rmse:1.15388
[60]	train-rmse:1.09824	valid-rmse:1.10312
[140]	train-rmse:1.09957	valid-rmse:1.10448
[80]	train-rmse:1.09865	valid-rmse:1.10356
[120]	train-rmse:1.08924	valid-rmse:1.09400
[160]	train-rmse:1.09957	valid-rmse:1.10448
[50]	train-rmse:0.99664	valid-rmse:1.18442
/home/lisa/miniconda3/envs/igor_tcc/lib/python3.8/site-packages/optuna/study/study.py:393: FutureWarning: `n_jobs` argument has been deprecated in v2.7.0. This feature will be removed in v4.0.0. See https://github.com/optuna/optuna/releases/tag/v2.7.0.
  warnings.warn(
/home/lisa/miniconda3/envs/igor_tcc/lib/python3.8/site-packages/xgboost/compat.py:36: FutureWarning: pandas.Int64Index is deprecated and will be removed from pandas in a future version. Use pandas.Index with the appropriate dtype instead.
  from pandas import MultiIndex, Int64Index
[32m[I 2022-04-14 23:58:02,249][0m Trial 1 finished with value: 1.015398 and parameters: {'colsample_bytree': 0.49156288079621363, 'eta': 0.5578662506604894, 'max_depth': 7, 'n_estimators': 138, 'subsample': 0.24527228740603998}. Best is trial 1 with value: 1.015398.[0m
[23:58:06] WARNING: ../src/learner.cc:576: 
Parameters: { "n_estimators" } might not be used.

  This could be a false alarm, with some parameters getting used by language bindings but
  then being mistakenly passed down to XGBoost core, or some parameter actually being used
  but getting flagged wrongly here. Please open an issue if you find any such cases.


[140]	train-rmse:1.08763	valid-rmse:1.09237
[100]	train-rmse:1.09841	valid-rmse:1.10332
[180]	train-rmse:1.09956	valid-rmse:1.10447
[80]	train-rmse:1.09779	valid-rmse:1.10267
[0]	train-rmse:1.09960	valid-rmse:1.10451
[160]	train-rmse:1.08604	valid-rmse:1.09076
[200]	train-rmse:1.09956	valid-rmse:1.10447
[120]	train-rmse:1.09818	valid-rmse:1.10309
[220]	train-rmse:1.09956	valid-rmse:1.10447
[180]	train-rmse:1.08448	valid-rmse:1.08917
[100]	train-rmse:1.09735	valid-rmse:1.10222
[20]	train-rmse:1.09956	valid-rmse:1.10448
[240]	train-rmse:1.09955	valid-rmse:1.10446
[200]	train-rmse:1.08295	valid-rmse:1.08762
[140]	train-rmse:1.09794	valid-rmse:1.10286
[260]	train-rmse:1.09955	valid-rmse:1.10446
[120]	train-rmse:1.09691	valid-rmse:1.10177
[220]	train-rmse:1.08144	valid-rmse:1.08609
[280]	train-rmse:1.09954	valid-rmse:1.10445
[160]	train-rmse:1.09771	valid-rmse:1.10262
[240]	train-rmse:1.07996	valid-rmse:1.08459
[300]	train-rmse:1.09954	valid-rmse:1.10445
[140]	train-rmse:1.09647	valid-rmse:1.10133
[320]	train-rmse:1.09953	valid-rmse:1.10444
[260]	train-rmse:1.07851	valid-rmse:1.08311
[180]	train-rmse:1.09748	valid-rmse:1.10239
[340]	train-rmse:1.09953	valid-rmse:1.10444
[280]	train-rmse:1.07707	valid-rmse:1.08165
[20]	train-rmse:1.09958	valid-rmse:1.10449
[200]	train-rmse:1.09725	valid-rmse:1.10216
[160]	train-rmse:1.09604	valid-rmse:1.10088
[360]	train-rmse:1.09953	valid-rmse:1.10444
[300]	train-rmse:1.07566	valid-rmse:1.08021
[380]	train-rmse:1.09952	valid-rmse:1.10443
[320]	train-rmse:1.07428	valid-rmse:1.07882
[220]	train-rmse:1.09701	valid-rmse:1.10193
[400]	train-rmse:1.09952	valid-rmse:1.10443
[180]	train-rmse:1.09560	valid-rmse:1.10044
[340]	train-rmse:1.07292	valid-rmse:1.07743
[420]	train-rmse:1.09951	valid-rmse:1.10442
[240]	train-rmse:1.09678	valid-rmse:1.10169
[440]	train-rmse:1.09951	valid-rmse:1.10442
[360]	train-rmse:1.07158	valid-rmse:1.07607
[200]	train-rmse:1.09517	valid-rmse:1.10000
[460]	train-rmse:1.09950	valid-rmse:1.10441
[40]	train-rmse:1.09953	valid-rmse:1.10444
[380]	train-rmse:1.07027	valid-rmse:1.07473
[260]	train-rmse:1.09655	valid-rmse:1.10146
[480]	train-rmse:1.09950	valid-rmse:1.10441
[400]	train-rmse:1.06898	valid-rmse:1.07341
[220]	train-rmse:1.09474	valid-rmse:1.09956
[500]	train-rmse:1.09950	valid-rmse:1.10441
[280]	train-rmse:1.09632	valid-rmse:1.10123
[420]	train-rmse:1.06771	valid-rmse:1.07212
[40]	train-rmse:1.09955	valid-rmse:1.10447
[520]	train-rmse:1.09949	valid-rmse:1.10440
[240]	train-rmse:1.09431	valid-rmse:1.09912
[440]	train-rmse:1.06646	valid-rmse:1.07086
[300]	train-rmse:1.09609	valid-rmse:1.10100
[540]	train-rmse:1.09949	valid-rmse:1.10440
[560]	train-rmse:1.09949	valid-rmse:1.10439
[460]	train-rmse:1.06524	valid-rmse:1.06961
[320]	train-rmse:1.09586	valid-rmse:1.10077
[580]	train-rmse:1.09948	valid-rmse:1.10439
[260]	train-rmse:1.09388	valid-rmse:1.09868
[480]	train-rmse:1.06403	valid-rmse:1.06838
[600]	train-rmse:1.09947	valid-rmse:1.10438
[340]	train-rmse:1.09563	valid-rmse:1.10055
[500]	train-rmse:1.06285	valid-rmse:1.06718
[620]	train-rmse:1.09947	valid-rmse:1.10438
[280]	train-rmse:1.09346	valid-rmse:1.09825
[520]	train-rmse:1.06168	valid-rmse:1.06600
[640]	train-rmse:1.09946	valid-rmse:1.10438
[360]	train-rmse:1.09540	valid-rmse:1.10032
[540]	train-rmse:1.06054	valid-rmse:1.06483
[660]	train-rmse:1.09946	valid-rmse:1.10437
[300]	train-rmse:1.09303	valid-rmse:1.09782
[60]	train-rmse:1.09953	valid-rmse:1.10444
[380]	train-rmse:1.09518	valid-rmse:1.10009
[680]	train-rmse:1.09946	valid-rmse:1.10437
[60]	train-rmse:1.09949	valid-rmse:1.10441
[560]	train-rmse:1.05942	valid-rmse:1.06369
[700]	train-rmse:1.09945	valid-rmse:1.10436
[580]	train-rmse:1.05831	valid-rmse:1.06256
[400]	train-rmse:1.09495	valid-rmse:1.09986
[320]	train-rmse:1.09261	valid-rmse:1.09739
[720]	train-rmse:1.09945	valid-rmse:1.10436
[600]	train-rmse:1.05722	valid-rmse:1.06146
[740]	train-rmse:1.09944	valid-rmse:1.10435
[420]	train-rmse:1.09472	valid-rmse:1.09964
[620]	train-rmse:1.05615	valid-rmse:1.06037
[340]	train-rmse:1.09219	valid-rmse:1.09696
[760]	train-rmse:1.09944	valid-rmse:1.10435
[640]	train-rmse:1.05510	valid-rmse:1.05930
[440]	train-rmse:1.09450	valid-rmse:1.09941
[780]	train-rmse:1.09943	valid-rmse:1.10434
[660]	train-rmse:1.05407	valid-rmse:1.05825
[360]	train-rmse:1.09177	valid-rmse:1.09654
[800]	train-rmse:1.09943	valid-rmse:1.10434
[460]	train-rmse:1.09427	valid-rmse:1.09919
[680]	train-rmse:1.05305	valid-rmse:1.05722
[820]	train-rmse:1.09943	valid-rmse:1.10434
[80]	train-rmse:1.09951	valid-rmse:1.10442
[840]	train-rmse:1.09942	valid-rmse:1.10433
[380]	train-rmse:1.09136	valid-rmse:1.09611
[700]	train-rmse:1.05206	valid-rmse:1.05620
[480]	train-rmse:1.09404	valid-rmse:1.09896
[860]	train-rmse:1.09942	valid-rmse:1.10433
[720]	train-rmse:1.05108	valid-rmse:1.05520
[880]	train-rmse:1.09941	valid-rmse:1.10432
[500]	train-rmse:1.09382	valid-rmse:1.09874
[400]	train-rmse:1.09094	valid-rmse:1.09569
[740]	train-rmse:1.05012	valid-rmse:1.05422
[80]	train-rmse:1.09945	valid-rmse:1.10437
[900]	train-rmse:1.09941	valid-rmse:1.10432
[760]	train-rmse:1.04917	valid-rmse:1.05326
[920]	train-rmse:1.09940	valid-rmse:1.10431
[520]	train-rmse:1.09360	valid-rmse:1.09851
[420]	train-rmse:1.09053	valid-rmse:1.09527
[940]	train-rmse:1.09940	valid-rmse:1.10431
[780]	train-rmse:1.04824	valid-rmse:1.05231
[540]	train-rmse:1.09337	valid-rmse:1.09829
[960]	train-rmse:1.09940	valid-rmse:1.10431
[800]	train-rmse:1.04733	valid-rmse:1.05138
[440]	train-rmse:1.09012	valid-rmse:1.09485
[980]	train-rmse:1.09939	valid-rmse:1.10430
[560]	train-rmse:1.09315	valid-rmse:1.09807
[820]	train-rmse:1.04643	valid-rmse:1.05046
[999]	train-rmse:1.09939	valid-rmse:1.10430
[32m[I 2022-04-15 00:12:19,070][0m Trial 2 finished with value: 1.104298 and parameters: {'colsample_bytree': 0.3359943081149182, 'eta': 1.0944152230340072e-06, 'max_depth': 3, 'n_estimators': 26, 'subsample': 0.27751944081352803}. Best is trial 1 with value: 1.015398.[0m
[100]	train-rmse:1.09948	valid-rmse:1.10440
[00:12:23] WARNING: ../src/learner.cc:576: 
Parameters: { "n_estimators" } might not be used.

  This could be a false alarm, with some parameters getting used by language bindings but
  then being mistakenly passed down to XGBoost core, or some parameter actually being used
  but getting flagged wrongly here. Please open an issue if you find any such cases.


[0]	train-rmse:1.09960	valid-rmse:1.10451
[840]	train-rmse:1.04555	valid-rmse:1.04956
[460]	train-rmse:1.08971	valid-rmse:1.09443
[580]	train-rmse:1.09293	valid-rmse:1.09785
[860]	train-rmse:1.04468	valid-rmse:1.04868
[600]	train-rmse:1.09270	valid-rmse:1.09762
[880]	train-rmse:1.04383	valid-rmse:1.04781
[480]	train-rmse:1.08930	valid-rmse:1.09401
[900]	train-rmse:1.04299	valid-rmse:1.04696
[620]	train-rmse:1.09248	valid-rmse:1.09740
[500]	train-rmse:1.08889	valid-rmse:1.09360
[920]	train-rmse:1.04217	valid-rmse:1.04612
[100]	train-rmse:1.09941	valid-rmse:1.10434
[640]	train-rmse:1.09226	valid-rmse:1.09718
[940]	train-rmse:1.04136	valid-rmse:1.04529
[520]	train-rmse:1.08849	valid-rmse:1.09319
[960]	train-rmse:1.04057	valid-rmse:1.04448
[120]	train-rmse:1.09946	valid-rmse:1.10438
[660]	train-rmse:1.09204	valid-rmse:1.09696
[980]	train-rmse:1.03979	valid-rmse:1.04369
[540]	train-rmse:1.08809	valid-rmse:1.09278
[680]	train-rmse:1.09182	valid-rmse:1.09674
[999]	train-rmse:1.03906	valid-rmse:1.04295
[32m[I 2022-04-15 00:15:52,981][0m Trial 3 finished with value: 1.042946 and parameters: {'colsample_bytree': 0.2721490608977349, 'eta': 0.00046272354440310014, 'max_depth': 3, 'n_estimators': 554, 'subsample': 0.5725879843869872}. Best is trial 1 with value: 1.015398.[0m
[00:15:57] WARNING: ../src/learner.cc:576: 
Parameters: { "n_estimators" } might not be used.

  This could be a false alarm, with some parameters getting used by language bindings but
  then being mistakenly passed down to XGBoost core, or some parameter actually being used
  but getting flagged wrongly here. Please open an issue if you find any such cases.


[0]	train-rmse:1.09960	valid-rmse:1.10451
[20]	train-rmse:1.09960	valid-rmse:1.10451
[700]	train-rmse:1.09160	valid-rmse:1.09652
[560]	train-rmse:1.08769	valid-rmse:1.09237
[720]	train-rmse:1.09138	valid-rmse:1.09630
[20]	train-rmse:1.09959	valid-rmse:1.10450
[580]	train-rmse:1.08729	valid-rmse:1.09196
[740]	train-rmse:1.09116	valid-rmse:1.09608
[140]	train-rmse:1.09943	valid-rmse:1.10436
[600]	train-rmse:1.08689	valid-rmse:1.09156
[120]	train-rmse:1.09938	valid-rmse:1.10431
[40]	train-rmse:1.09958	valid-rmse:1.10449
[760]	train-rmse:1.09094	valid-rmse:1.09586
[620]	train-rmse:1.08649	valid-rmse:1.09115
[780]	train-rmse:1.09072	valid-rmse:1.09564
[60]	train-rmse:1.09957	valid-rmse:1.10448
[800]	train-rmse:1.09051	valid-rmse:1.09543
[640]	train-rmse:1.08610	valid-rmse:1.09075
[40]	train-rmse:1.09959	valid-rmse:1.10451
[820]	train-rmse:1.09029	valid-rmse:1.09521
[660]	train-rmse:1.08570	valid-rmse:1.09035
[80]	train-rmse:1.09956	valid-rmse:1.10447
[160]	train-rmse:1.09941	valid-rmse:1.10434
[840]	train-rmse:1.09007	valid-rmse:1.09499
[680]	train-rmse:1.08531	valid-rmse:1.08995
[860]	train-rmse:1.08986	valid-rmse:1.09478
[100]	train-rmse:1.09955	valid-rmse:1.10446
[700]	train-rmse:1.08492	valid-rmse:1.08956
[880]	train-rmse:1.08964	valid-rmse:1.09456
[140]	train-rmse:1.09934	valid-rmse:1.10427
[720]	train-rmse:1.08454	valid-rmse:1.08916
[900]	train-rmse:1.08943	valid-rmse:1.09435
[120]	train-rmse:1.09954	valid-rmse:1.10445
[920]	train-rmse:1.08921	valid-rmse:1.09413
[740]	train-rmse:1.08415	valid-rmse:1.08877
[180]	train-rmse:1.09939	valid-rmse:1.10431
[60]	train-rmse:1.09959	valid-rmse:1.10450
[140]	train-rmse:1.09953	valid-rmse:1.10444
[940]	train-rmse:1.08900	valid-rmse:1.09392
[760]	train-rmse:1.08377	valid-rmse:1.08838
[960]	train-rmse:1.08878	valid-rmse:1.09371
[160]	train-rmse:1.09952	valid-rmse:1.10443
[780]	train-rmse:1.08338	valid-rmse:1.08799
[980]	train-rmse:1.08857	valid-rmse:1.09349
[999]	train-rmse:1.08837	valid-rmse:1.09329
