[32m[I 2022-04-17 04:19:07,195][0m Trial 106 finished with value: 0.998528 and parameters: {'colsample_bytree': 0.9018221356946151, 'eta': 0.0041356456727527965, 'max_depth': 3, 'n_estimators': 132, 'subsample': 0.9974578817277703}. Best is trial 48 with value: 0.998395.[0m
[04:19:11] WARNING: ../src/learner.cc:576: 
Parameters: { "n_estimators" } might not be used.

  This could be a false alarm, with some parameters getting used by language bindings but
  then being mistakenly passed down to XGBoost core, or some parameter actually being used
  but getting flagged wrongly here. Please open an issue if you find any such cases.


[0]	train-rmse:1.09500	valid-rmse:1.09821
[180]	train-rmse:0.99681	valid-rmse:1.00050
[860]	train-rmse:0.99460	valid-rmse:0.99885
[999]	train-rmse:0.99341	valid-rmse:0.99853
[32m[I 2022-04-17 04:20:02,694][0m Trial 107 finished with value: 0.998533 and parameters: {'colsample_bytree': 0.9088448918555672, 'eta': 0.0042730882616288345, 'max_depth': 3, 'n_estimators': 157, 'subsample': 0.9810673816144599}. Best is trial 48 with value: 0.998395.[0m
[04:20:06] WARNING: ../src/learner.cc:576: 
Parameters: { "n_estimators" } might not be used.

  This could be a false alarm, with some parameters getting used by language bindings but
  then being mistakenly passed down to XGBoost core, or some parameter actually being used
  but getting flagged wrongly here. Please open an issue if you find any such cases.


[240]	train-rmse:0.99500	valid-rmse:0.99912
[0]	train-rmse:1.09651	valid-rmse:1.09971
[280]	train-rmse:0.99170	valid-rmse:0.99849
[20]	train-rmse:1.03993	valid-rmse:1.04337
[200]	train-rmse:0.99603	valid-rmse:0.99985
[880]	train-rmse:0.99450	valid-rmse:0.99881
[20]	train-rmse:1.05652	valid-rmse:1.05991
[260]	train-rmse:0.99467	valid-rmse:0.99893
[300]	train-rmse:0.99132	valid-rmse:0.99847
[40]	train-rmse:1.01522	valid-rmse:1.01868
[220]	train-rmse:0.99545	valid-rmse:0.99942
[900]	train-rmse:0.99442	valid-rmse:0.99878
[40]	train-rmse:1.03222	valid-rmse:1.03570
[280]	train-rmse:0.99434	valid-rmse:0.99880
[60]	train-rmse:1.00425	valid-rmse:1.00766
[320]	train-rmse:0.99091	valid-rmse:0.99848
[240]	train-rmse:0.99503	valid-rmse:0.99913
[920]	train-rmse:0.99433	valid-rmse:0.99874
[60]	train-rmse:1.01758	valid-rmse:1.02103
[80]	train-rmse:0.99923	valid-rmse:1.00274
[300]	train-rmse:0.99406	valid-rmse:0.99870
[340]	train-rmse:0.99052	valid-rmse:0.99849
[351]	train-rmse:0.99031	valid-rmse:0.99850
[32m[I 2022-04-17 04:24:19,876][0m Trial 111 finished with value: 0.99847 and parameters: {'colsample_bytree': 0.9088327701561879, 'eta': 0.022416792674356745, 'max_depth': 3, 'n_estimators': 186, 'subsample': 0.9788446809789274}. Best is trial 48 with value: 0.998395.[0m
[260]	train-rmse:0.99472	valid-rmse:0.99894
[940]	train-rmse:0.99425	valid-rmse:0.99872
[04:24:24] WARNING: ../src/learner.cc:576: 
Parameters: { "n_estimators" } might not be used.

  This could be a false alarm, with some parameters getting used by language bindings but
  then being mistakenly passed down to XGBoost core, or some parameter actually being used
  but getting flagged wrongly here. Please open an issue if you find any such cases.


[80]	train-rmse:1.00876	valid-rmse:1.01221
[0]	train-rmse:1.09660	valid-rmse:1.09980
[100]	train-rmse:0.99685	valid-rmse:1.00052
[320]	train-rmse:0.99381	valid-rmse:0.99864
[280]	train-rmse:0.99439	valid-rmse:0.99880
[100]	train-rmse:1.00343	valid-rmse:1.00691
[960]	train-rmse:0.99417	valid-rmse:0.99868
[20]	train-rmse:1.05772	valid-rmse:1.06111
[120]	train-rmse:0.99561	valid-rmse:0.99948
[340]	train-rmse:0.99355	valid-rmse:0.99859
[120]	train-rmse:1.00017	valid-rmse:1.00368
[300]	train-rmse:0.99409	valid-rmse:0.99870
[40]	train-rmse:1.03366	valid-rmse:1.03713
[980]	train-rmse:0.99409	valid-rmse:0.99866
[140]	train-rmse:0.99486	valid-rmse:0.99898
[360]	train-rmse:0.99333	valid-rmse:0.99856
[140]	train-rmse:0.99814	valid-rmse:1.00174
[60]	train-rmse:1.01887	valid-rmse:1.02235
[999]	train-rmse:0.99401	valid-rmse:0.99865
[32m[I 2022-04-17 04:27:44,169][0m Trial 108 finished with value: 0.998645 and parameters: {'colsample_bytree': 0.9094555849812863, 'eta': 0.0036852027615267577, 'max_depth': 3, 'n_estimators': 169, 'subsample': 0.9796925482986081}. Best is trial 48 with value: 0.998395.[0m
[320]	train-rmse:0.99384	valid-rmse:0.99864
[04:27:48] WARNING: ../src/learner.cc:576: 
Parameters: { "n_estimators" } might not be used.

  This could be a false alarm, with some parameters getting used by language bindings but
  then being mistakenly passed down to XGBoost core, or some parameter actually being used
  but getting flagged wrongly here. Please open an issue if you find any such cases.


[160]	train-rmse:0.99427	valid-rmse:0.99872
[0]	train-rmse:1.09661	valid-rmse:1.09981
[380]	train-rmse:0.99313	valid-rmse:0.99854
[160]	train-rmse:0.99683	valid-rmse:1.00054
[80]	train-rmse:1.00981	valid-rmse:1.01326
[340]	train-rmse:0.99359	valid-rmse:0.99859
[20]	train-rmse:1.05791	valid-rmse:1.06130
[180]	train-rmse:0.99381	valid-rmse:0.99861
[400]	train-rmse:0.99291	valid-rmse:0.99852
[180]	train-rmse:0.99596	valid-rmse:0.99980
[100]	train-rmse:1.00422	valid-rmse:1.00771
[40]	train-rmse:1.03388	valid-rmse:1.03733
[360]	train-rmse:0.99338	valid-rmse:0.99857
[200]	train-rmse:0.99340	valid-rmse:0.99853
[420]	train-rmse:0.99269	valid-rmse:0.99851
[200]	train-rmse:0.99535	valid-rmse:0.99934
[120]	train-rmse:1.00078	valid-rmse:1.00427
[60]	train-rmse:1.01907	valid-rmse:1.02255
[380]	train-rmse:0.99315	valid-rmse:0.99854
[220]	train-rmse:0.99305	valid-rmse:0.99849
[440]	train-rmse:0.99248	valid-rmse:0.99850
[220]	train-rmse:0.99491	valid-rmse:0.99906
[140]	train-rmse:0.99859	valid-rmse:1.00216
[80]	train-rmse:1.00998	valid-rmse:1.01344
[240]	train-rmse:0.99268	valid-rmse:0.99847
[400]	train-rmse:0.99293	valid-rmse:0.99853
[460]	train-rmse:0.99228	valid-rmse:0.99849
[240]	train-rmse:0.99455	valid-rmse:0.99888
[160]	train-rmse:0.99718	valid-rmse:1.00084
[100]	train-rmse:1.00437	valid-rmse:1.00786
[260]	train-rmse:0.99235	valid-rmse:0.99845
[420]	train-rmse:0.99272	valid-rmse:0.99852
[260]	train-rmse:0.99427	valid-rmse:0.99876
[480]	train-rmse:0.99207	valid-rmse:0.99849
[180]	train-rmse:0.99623	valid-rmse:1.00001
[120]	train-rmse:1.00087	valid-rmse:1.00438
[280]	train-rmse:0.99197	valid-rmse:0.99846
[440]	train-rmse:0.99252	valid-rmse:0.99851
[280]	train-rmse:0.99401	valid-rmse:0.99867
[200]	train-rmse:0.99556	valid-rmse:0.99951
[500]	train-rmse:0.99186	valid-rmse:0.99848
[140]	train-rmse:0.99866	valid-rmse:1.00224
[300]	train-rmse:0.99160	valid-rmse:0.99845
[460]	train-rmse:0.99230	valid-rmse:0.99850
[300]	train-rmse:0.99369	valid-rmse:0.99861
[220]	train-rmse:0.99508	valid-rmse:0.99918
[520]	train-rmse:0.99169	valid-rmse:0.99848
[160]	train-rmse:0.99724	valid-rmse:1.00090
[320]	train-rmse:0.99124	valid-rmse:0.99847
[480]	train-rmse:0.99209	valid-rmse:0.99849
[320]	train-rmse:0.99343	valid-rmse:0.99857
[240]	train-rmse:0.99471	valid-rmse:0.99896
[180]	train-rmse:0.99629	valid-rmse:1.00007
[540]	train-rmse:0.99148	valid-rmse:0.99850
[339]	train-rmse:0.99089	valid-rmse:0.99847
[32m[I 2022-04-17 04:37:43,736][0m Trial 114 finished with value: 0.998438 and parameters: {'colsample_bytree': 0.864237059455353, 'eta': 0.021065588450337423, 'max_depth': 3, 'n_estimators': 257, 'subsample': 0.9761320184915492}. Best is trial 48 with value: 0.998395.[0m
[04:37:47] WARNING: ../src/learner.cc:576: 
Parameters: { "n_estimators" } might not be used.

  This could be a false alarm, with some parameters getting used by language bindings but
  then being mistakenly passed down to XGBoost core, or some parameter actually being used
  but getting flagged wrongly here. Please open an issue if you find any such cases.


[0]	train-rmse:1.09684	valid-rmse:1.10003
[500]	train-rmse:0.99188	valid-rmse:0.99850
[340]	train-rmse:0.99316	valid-rmse:0.99855
[260]	train-rmse:0.99441	valid-rmse:0.99882
[200]	train-rmse:0.99561	valid-rmse:0.99954
[558]	train-rmse:0.99129	valid-rmse:0.99849
[32m[I 2022-04-17 04:38:27,654][0m Trial 112 finished with value: 0.998478 and parameters: {'colsample_bytree': 0.9105642790788424, 'eta': 0.012002371932312064, 'max_depth': 3, 'n_estimators': 189, 'subsample': 0.9806340948427654}. Best is trial 48 with value: 0.998395.[0m
[04:38:31] WARNING: ../src/learner.cc:576: 
Parameters: { "n_estimators" } might not be used.

  This could be a false alarm, with some parameters getting used by language bindings but
  then being mistakenly passed down to XGBoost core, or some parameter actually being used
  but getting flagged wrongly here. Please open an issue if you find any such cases.


[0]	train-rmse:1.08850	valid-rmse:1.09176
[20]	train-rmse:1.06094	valid-rmse:1.06431
[360]	train-rmse:0.99291	valid-rmse:0.99853
[520]	train-rmse:0.99170	valid-rmse:0.99849
[280]	train-rmse:0.99413	valid-rmse:0.99871
[220]	train-rmse:0.99512	valid-rmse:0.99920
[20]	train-rmse:1.00603	valid-rmse:1.00945
[40]	train-rmse:1.03762	valid-rmse:1.04106
[380]	train-rmse:0.99267	valid-rmse:0.99852
[300]	train-rmse:0.99382	valid-rmse:0.99865
[540]	train-rmse:0.99147	valid-rmse:0.99850
[240]	train-rmse:0.99473	valid-rmse:0.99897
[40]	train-rmse:0.99614	valid-rmse:1.00002
[60]	train-rmse:1.02257	valid-rmse:1.02604
[400]	train-rmse:0.99244	valid-rmse:0.99850
[320]	train-rmse:0.99357	valid-rmse:0.99860
[260]	train-rmse:0.99445	valid-rmse:0.99883
[560]	train-rmse:0.99128	valid-rmse:0.99850
[60]	train-rmse:0.99424	valid-rmse:0.99881
[80]	train-rmse:1.01290	valid-rmse:1.01636
[420]	train-rmse:0.99219	valid-rmse:0.99849
[340]	train-rmse:0.99332	valid-rmse:0.99858
[280]	train-rmse:0.99416	valid-rmse:0.99873
[578]	train-rmse:0.99110	valid-rmse:0.99850
[32m[I 2022-04-17 04:42:36,753][0m Trial 113 finished with value: 0.99849 and parameters: {'colsample_bytree': 0.911502925974628, 'eta': 0.011869837490032587, 'max_depth': 3, 'n_estimators': 192, 'subsample': 0.9772810495783424}. Best is trial 48 with value: 0.998395.[0m
[04:42:40] WARNING: ../src/learner.cc:576: 
Parameters: { "n_estimators" } might not be used.

  This could be a false alarm, with some parameters getting used by language bindings but
  then being mistakenly passed down to XGBoost core, or some parameter actually being used
  but getting flagged wrongly here. Please open an issue if you find any such cases.


[0]	train-rmse:1.08968	valid-rmse:1.09293
[80]	train-rmse:0.99315	valid-rmse:0.99865
[100]	train-rmse:1.00666	valid-rmse:1.01015
[440]	train-rmse:0.99197	valid-rmse:0.99849
[360]	train-rmse:0.99308	valid-rmse:0.99855
[300]	train-rmse:0.99386	valid-rmse:0.99866
[20]	train-rmse:1.00930	valid-rmse:1.01276
[100]	train-rmse:0.99210	valid-rmse:0.99857
[120]	train-rmse:1.00262	valid-rmse:1.00612
[460]	train-rmse:0.99177	valid-rmse:0.99849
[380]	train-rmse:0.99286	valid-rmse:0.99853
[320]	train-rmse:0.99361	valid-rmse:0.99862
[40]	train-rmse:0.99718	valid-rmse:1.00093
[120]	train-rmse:0.99113	valid-rmse:0.99861
[473]	train-rmse:0.99161	valid-rmse:0.99850
[32m[I 2022-04-17 04:45:13,480][0m Trial 115 finished with value: 0.998485 and parameters: {'colsample_bytree': 0.8537400463801017, 'eta': 0.013258045167978606, 'max_depth': 3, 'n_estimators': 200, 'subsample': 0.9553065433772585}. Best is trial 48 with value: 0.998395.[0m
[140]	train-rmse:0.99999	valid-rmse:1.00354
[04:45:17] WARNING: ../src/learner.cc:576: 
Parameters: { "n_estimators" } might not be used.

  This could be a false alarm, with some parameters getting used by language bindings but
  then being mistakenly passed down to XGBoost core, or some parameter actually being used
  but getting flagged wrongly here. Please open an issue if you find any such cases.


[0]	train-rmse:1.08930	valid-rmse:1.09256
[400]	train-rmse:0.99263	valid-rmse:0.99852
[340]	train-rmse:0.99335	valid-rmse:0.99858
[60]	train-rmse:0.99472	valid-rmse:0.99902
[140]	train-rmse:0.99020	valid-rmse:0.99859
[160]	train-rmse:0.99825	valid-rmse:1.00185
[20]	train-rmse:1.00812	valid-rmse:1.01159
[420]	train-rmse:0.99240	valid-rmse:0.99850
[152]	train-rmse:0.98967	valid-rmse:0.99859
[32m[I 2022-04-17 04:46:49,309][0m Trial 119 finished with value: 0.998553 and parameters: {'colsample_bytree': 0.861891861752015, 'eta': 0.05570307281432461, 'max_depth': 3, 'n_estimators': 255, 'subsample': 0.954246530806525}. Best is trial 48 with value: 0.998395.[0m
[360]	train-rmse:0.99310	valid-rmse:0.99856
[04:46:53] WARNING: ../src/learner.cc:576: 
Parameters: { "n_estimators" } might not be used.

  This could be a false alarm, with some parameters getting used by language bindings but
  then being mistakenly passed down to XGBoost core, or some parameter actually being used
  but getting flagged wrongly here. Please open an issue if you find any such cases.


[80]	train-rmse:0.99358	valid-rmse:0.99867
[0]	train-rmse:1.09445	valid-rmse:1.09766
[180]	train-rmse:0.99705	valid-rmse:1.00076
[40]	train-rmse:0.99687	valid-rmse:1.00051
[440]	train-rmse:0.99217	valid-rmse:0.99850
[380]	train-rmse:0.99287	valid-rmse:0.99853
[100]	train-rmse:0.99267	valid-rmse:0.99856
[20]	train-rmse:1.03490	valid-rmse:1.03837
[200]	train-rmse:0.99621	valid-rmse:1.00005
[60]	train-rmse:0.99460	valid-rmse:0.99889
[460]	train-rmse:0.99194	valid-rmse:0.99849
[400]	train-rmse:0.99264	valid-rmse:0.99851
[120]	train-rmse:0.99171	valid-rmse:0.99864
[40]	train-rmse:1.01108	valid-rmse:1.01461
[220]	train-rmse:0.99562	valid-rmse:0.99957
[80]	train-rmse:0.99354	valid-rmse:0.99861
[480]	train-rmse:0.99172	valid-rmse:0.99849
[420]	train-rmse:0.99242	valid-rmse:0.99849
[140]	train-rmse:0.99082	valid-rmse:0.99867
[60]	train-rmse:1.00161	valid-rmse:1.00512
[240]	train-rmse:0.99515	valid-rmse:0.99925
[100]	train-rmse:0.99252	valid-rmse:0.99853
[153]	train-rmse:0.99038	valid-rmse:0.99868
[32m[I 2022-04-17 04:50:54,690][0m Trial 120 finished with value: 0.998549 and parameters: {'colsample_bytree': 0.872589446644262, 'eta': 0.049318196107538806, 'max_depth': 3, 'n_estimators': 224, 'subsample': 0.902275881218962}. Best is trial 48 with value: 0.998395.[0m
[500]	train-rmse:0.99148	valid-rmse:0.99848
[04:50:58] WARNING: ../src/learner.cc:576: 
Parameters: { "n_estimators" } might not be used.

  This could be a false alarm, with some parameters getting used by language bindings but
  then being mistakenly passed down to XGBoost core, or some parameter actually being used
  but getting flagged wrongly here. Please open an issue if you find any such cases.


[440]	train-rmse:0.99220	valid-rmse:0.99849
[0]	train-rmse:1.09489	valid-rmse:1.09811
[80]	train-rmse:0.99770	valid-rmse:1.00131
[260]	train-rmse:0.99482	valid-rmse:0.99904
[120]	train-rmse:0.99158	valid-rmse:0.99857
[520]	train-rmse:0.99127	valid-rmse:0.99849
[460]	train-rmse:0.99199	valid-rmse:0.99849
[20]	train-rmse:1.03884	valid-rmse:1.04233
[100]	train-rmse:0.99589	valid-rmse:0.99977
[280]	train-rmse:0.99451	valid-rmse:0.99889
[140]	train-rmse:0.99072	valid-rmse:0.99866
[40]	train-rmse:1.01429	valid-rmse:1.01782
[540]	train-rmse:0.99106	valid-rmse:0.99850
[479]	train-rmse:0.99179	valid-rmse:0.99849
[32m[I 2022-04-17 04:53:10,878][0m Trial 117 finished with value: 0.998485 and parameters: {'colsample_bytree': 0.8606303102810513, 'eta': 0.01269879765492121, 'max_depth': 3, 'n_estimators': 254, 'subsample': 0.9511750082830448}. Best is trial 48 with value: 0.998395.[0m
[04:53:15] WARNING: ../src/learner.cc:576: 
Parameters: { "n_estimators" } might not be used.

  This could be a false alarm, with some parameters getting used by language bindings but
  then being mistakenly passed down to XGBoost core, or some parameter actually being used
  but getting flagged wrongly here. Please open an issue if you find any such cases.


[0]	train-rmse:1.09431	valid-rmse:1.09753
[150]	train-rmse:0.99024	valid-rmse:0.99868
[32m[I 2022-04-17 04:53:21,623][0m Trial 121 finished with value: 0.99853 and parameters: {'colsample_bytree': 0.8621608559901863, 'eta': 0.051404514089689796, 'max_depth': 3, 'n_estimators': 255, 'subsample': 0.9308773262426107}. Best is trial 48 with value: 0.998395.[0m
[04:53:25] WARNING: ../src/learner.cc:576: 
Parameters: { "n_estimators" } might not be used.

  This could be a false alarm, with some parameters getting used by language bindings but
  then being mistakenly passed down to XGBoost core, or some parameter actually being used
  but getting flagged wrongly here. Please open an issue if you find any such cases.


[120]	train-rmse:0.99488	valid-rmse:0.99910
[0]	train-rmse:1.09531	valid-rmse:1.09853
[300]	train-rmse:0.99421	valid-rmse:0.99879
[556]	train-rmse:0.99088	valid-rmse:0.99849
[32m[I 2022-04-17 04:53:57,889][0m Trial 116 finished with value: 0.998481 and parameters: {'colsample_bytree': 0.8560504096961885, 'eta': 0.012772637827485339, 'max_depth': 3, 'n_estimators': 245, 'subsample': 0.9561542706478211}. Best is trial 48 with value: 0.998395.[0m
[04:54:02] WARNING: ../src/learner.cc:576: 
Parameters: { "n_estimators" } might not be used.

  This could be a false alarm, with some parameters getting used by language bindings but
  then being mistakenly passed down to XGBoost core, or some parameter actually being used
  but getting flagged wrongly here. Please open an issue if you find any such cases.


[60]	train-rmse:1.00360	valid-rmse:1.00711
[0]	train-rmse:1.09765	valid-rmse:1.10084
[20]	train-rmse:1.04264	valid-rmse:1.04613
[20]	train-rmse:1.03369	valid-rmse:1.03714
[140]	train-rmse:0.99422	valid-rmse:0.99882
[320]	train-rmse:0.99397	valid-rmse:0.99871
[80]	train-rmse:0.99885	valid-rmse:1.00247
[20]	train-rmse:1.07302	valid-rmse:1.07635
[40]	train-rmse:1.01768	valid-rmse:1.02118
[40]	train-rmse:1.01018	valid-rmse:1.01367
[160]	train-rmse:0.99367	valid-rmse:0.99869
[340]	train-rmse:0.99372	valid-rmse:0.99866
[60]	train-rmse:1.00586	valid-rmse:1.00934
[100]	train-rmse:0.99659	valid-rmse:1.00042
[40]	train-rmse:1.05424	valid-rmse:1.05764
[60]	train-rmse:1.00107	valid-rmse:1.00454
[180]	train-rmse:0.99319	valid-rmse:0.99857
[80]	train-rmse:1.00027	valid-rmse:1.00383
[360]	train-rmse:0.99350	valid-rmse:0.99862
[120]	train-rmse:0.99540	valid-rmse:0.99946
[60]	train-rmse:1.03995	valid-rmse:1.04339
[80]	train-rmse:0.99739	valid-rmse:1.00102
[100]	train-rmse:0.99748	valid-rmse:1.00119
[200]	train-rmse:0.99272	valid-rmse:0.99853
[380]	train-rmse:0.99327	valid-rmse:0.99857
[140]	train-rmse:0.99467	valid-rmse:0.99902
[80]	train-rmse:1.02912	valid-rmse:1.03257
[100]	train-rmse:0.99569	valid-rmse:0.99962
[120]	train-rmse:0.99598	valid-rmse:0.99991
[220]	train-rmse:0.99237	valid-rmse:0.99852
[400]	train-rmse:0.99306	valid-rmse:0.99855
[160]	train-rmse:0.99410	valid-rmse:0.99883
[100]	train-rmse:1.02093	valid-rmse:1.02440
[140]	train-rmse:0.99508	valid-rmse:0.99927
[120]	train-rmse:0.99474	valid-rmse:0.99907
[240]	train-rmse:0.99195	valid-rmse:0.99851
[180]	train-rmse:0.99362	valid-rmse:0.99871
[420]	train-rmse:0.99284	valid-rmse:0.99853
[160]	train-rmse:0.99446	valid-rmse:0.99892
[120]	train-rmse:1.01473	valid-rmse:1.01821
[140]	train-rmse:0.99411	valid-rmse:0.99882
[180]	train-rmse:0.99394	valid-rmse:0.99874
[260]	train-rmse:0.99158	valid-rmse:0.99850
[200]	train-rmse:0.99317	valid-rmse:0.99865
[140]	train-rmse:1.01003	valid-rmse:1.01349
[440]	train-rmse:0.99264	valid-rmse:0.99852
[160]	train-rmse:0.99352	valid-rmse:0.99873
[200]	train-rmse:0.99348	valid-rmse:0.99864
[280]	train-rmse:0.99117	valid-rmse:0.99848
[220]	train-rmse:0.99281	valid-rmse:0.99861
[160]	train-rmse:1.00647	valid-rmse:1.00992
[460]	train-rmse:0.99243	valid-rmse:0.99851
[180]	train-rmse:0.99304	valid-rmse:0.99864
[220]	train-rmse:0.99308	valid-rmse:0.99860
[240]	train-rmse:0.99241	valid-rmse:0.99857
[180]	train-rmse:1.00375	valid-rmse:1.00722
[300]	train-rmse:0.99074	valid-rmse:0.99847
[480]	train-rmse:0.99224	valid-rmse:0.99851
[200]	train-rmse:0.99260	valid-rmse:0.99860
[240]	train-rmse:0.99270	valid-rmse:0.99860
[260]	train-rmse:0.99208	valid-rmse:0.99856
[200]	train-rmse:1.00171	valid-rmse:1.00519
[320]	train-rmse:0.99033	valid-rmse:0.99850
[260]	train-rmse:0.99233	valid-rmse:0.99860
[220]	train-rmse:0.99225	valid-rmse:0.99858
[500]	train-rmse:0.99203	valid-rmse:0.99850
[334]	train-rmse:0.99004	valid-rmse:0.99853
[32m[I 2022-04-17 05:05:12,562][0m Trial 122 finished with value: 0.998466 and parameters: {'colsample_bytree': 0.8883153803773723, 'eta': 0.024006344982643684, 'max_depth': 3, 'n_estimators': 216, 'subsample': 0.9354131883721892}. Best is trial 48 with value: 0.998395.[0m
[220]	train-rmse:1.00013	valid-rmse:1.00366
[280]	train-rmse:0.99169	valid-rmse:0.99853
[280]	train-rmse:0.99199	valid-rmse:0.99859
[05:05:16] WARNING: ../src/learner.cc:576: 
Parameters: { "n_estimators" } might not be used.

  This could be a false alarm, with some parameters getting used by language bindings but
  then being mistakenly passed down to XGBoost core, or some parameter actually being used
  but getting flagged wrongly here. Please open an issue if you find any such cases.


[0]	train-rmse:1.09765	valid-rmse:1.10083
[240]	train-rmse:0.99182	valid-rmse:0.99855
[520]	train-rmse:0.99184	valid-rmse:0.99851
[300]	train-rmse:0.99160	valid-rmse:0.99859
[240]	train-rmse:0.99892	valid-rmse:1.00248
[300]	train-rmse:0.99129	valid-rmse:0.99853
[20]	train-rmse:1.07303	valid-rmse:1.07635
[260]	train-rmse:0.99144	valid-rmse:0.99856
[540]	train-rmse:0.99162	valid-rmse:0.99851
[320]	train-rmse:0.99123	valid-rmse:0.99860
[260]	train-rmse:0.99798	valid-rmse:1.00158
[320]	train-rmse:0.99094	valid-rmse:0.99853
[40]	train-rmse:1.05425	valid-rmse:1.05764
[280]	train-rmse:0.99103	valid-rmse:0.99854
[556]	train-rmse:0.99146	valid-rmse:0.99851
