[32m[I 2022-04-15 07:35:34,593][0m Trial 46 finished with value: 0.999319 and parameters: {'colsample_bytree': 0.38203590504097085, 'eta': 0.02524325556662713, 'max_depth': 7, 'n_estimators': 957, 'subsample': 0.9360031786495214}. Best is trial 44 with value: 0.999254.[0m
[07:35:38] WARNING: ../src/learner.cc:576: 
Parameters: { "n_estimators" } might not be used.

  This could be a false alarm, with some parameters getting used by language bindings but
  then being mistakenly passed down to XGBoost core, or some parameter actually being used
  but getting flagged wrongly here. Please open an issue if you find any such cases.


[180]	train-rmse:0.96897	valid-rmse:0.99992
[0]	train-rmse:1.03391	valid-rmse:1.03945
[500]	train-rmse:1.08851	valid-rmse:1.09380
[20]	train-rmse:0.94737	valid-rmse:1.02044
[40]	train-rmse:0.97017	valid-rmse:1.00083
[620]	train-rmse:1.06810	valid-rmse:1.07420
[190]	train-rmse:0.96762	valid-rmse:0.99993
[32m[I 2022-04-15 07:36:39,510][0m Trial 47 finished with value: 0.999757 and parameters: {'colsample_bytree': 0.40365670872730364, 'eta': 0.024321239370962477, 'max_depth': 7, 'n_estimators': 797, 'subsample': 0.9545176651375398}. Best is trial 44 with value: 0.999254.[0m
[07:36:43] WARNING: ../src/learner.cc:576: 
Parameters: { "n_estimators" } might not be used.

  This could be a false alarm, with some parameters getting used by language bindings but
  then being mistakenly passed down to XGBoost core, or some parameter actually being used
  but getting flagged wrongly here. Please open an issue if you find any such cases.


[0]	train-rmse:1.07831	valid-rmse:1.08312
[20]	train-rmse:0.98033	valid-rmse:1.00700
[40]	train-rmse:0.90120	valid-rmse:1.03309
[520]	train-rmse:1.08809	valid-rmse:1.09339
[20]	train-rmse:0.99166	valid-rmse:1.00023
[60]	train-rmse:0.95906	valid-rmse:1.00155
[40]	train-rmse:0.96504	valid-rmse:1.01191
[640]	train-rmse:1.06724	valid-rmse:1.07338
[51]	train-rmse:0.87587	valid-rmse:1.03897
[32m[I 2022-04-15 07:38:51,788][0m Trial 51 finished with value: 1.007178 and parameters: {'colsample_bytree': 0.38790647227033853, 'eta': 0.49835079615813926, 'max_depth': 7, 'n_estimators': 972, 'subsample': 0.9325775083852919}. Best is trial 44 with value: 0.999254.[0m
[07:38:56] WARNING: ../src/learner.cc:576: 
Parameters: { "n_estimators" } might not be used.

  This could be a false alarm, with some parameters getting used by language bindings but
  then being mistakenly passed down to XGBoost core, or some parameter actually being used
  but getting flagged wrongly here. Please open an issue if you find any such cases.


[55]	train-rmse:0.95382	valid-rmse:1.01503
[32m[I 2022-04-15 07:38:57,068][0m Trial 52 finished with value: 1.00178 and parameters: {'colsample_bytree': 0.38598617630485493, 'eta': 0.4047895876775741, 'max_depth': 5, 'n_estimators': 979, 'subsample': 0.9299230103797044}. Best is trial 44 with value: 0.999254.[0m
[40]	train-rmse:0.98567	valid-rmse:0.99977
[07:39:01] WARNING: ../src/learner.cc:576: 
Parameters: { "n_estimators" } might not be used.

  This could be a false alarm, with some parameters getting used by language bindings but
  then being mistakenly passed down to XGBoost core, or some parameter actually being used
  but getting flagged wrongly here. Please open an issue if you find any such cases.


[0]	train-rmse:1.07993	valid-rmse:1.08488
[0]	train-rmse:1.08257	valid-rmse:1.08797
[80]	train-rmse:0.94840	valid-rmse:1.00222
[540]	train-rmse:1.08767	valid-rmse:1.09299
[20]	train-rmse:0.99215	valid-rmse:1.00079
[60]	train-rmse:0.98077	valid-rmse:1.00035
[84]	train-rmse:0.94602	valid-rmse:1.00247
[32m[I 2022-04-15 07:40:07,299][0m Trial 50 finished with value: 1.000527 and parameters: {'colsample_bytree': 0.3938887184789647, 'eta': 0.10139974910417099, 'max_depth': 7, 'n_estimators': 478, 'subsample': 0.9366098612748853}. Best is trial 44 with value: 0.999254.[0m
[07:40:11] WARNING: ../src/learner.cc:576: 
Parameters: { "n_estimators" } might not be used.

  This could be a false alarm, with some parameters getting used by language bindings but
  then being mistakenly passed down to XGBoost core, or some parameter actually being used
  but getting flagged wrongly here. Please open an issue if you find any such cases.


[660]	train-rmse:1.06639	valid-rmse:1.07257
[0]	train-rmse:1.09836	valid-rmse:1.10330
[20]	train-rmse:0.98552	valid-rmse:1.00195
[40]	train-rmse:0.98619	valid-rmse:0.99980
[80]	train-rmse:0.97610	valid-rmse:1.00098
[85]	train-rmse:0.97485	valid-rmse:1.00117
[32m[I 2022-04-15 07:41:27,014][0m Trial 53 finished with value: 0.999481 and parameters: {'colsample_bytree': 0.36585267695351464, 'eta': 0.1138682378523554, 'max_depth': 5, 'n_estimators': 976, 'subsample': 0.8905969998650687}. Best is trial 44 with value: 0.999254.[0m
[40]	train-rmse:0.97316	valid-rmse:1.00035
[07:41:31] WARNING: ../src/learner.cc:576: 
Parameters: { "n_estimators" } might not be used.

  This could be a false alarm, with some parameters getting used by language bindings but
  then being mistakenly passed down to XGBoost core, or some parameter actually being used
  but getting flagged wrongly here. Please open an issue if you find any such cases.


[0]	train-rmse:1.09847	valid-rmse:1.10336
[20]	train-rmse:1.07591	valid-rmse:1.08168
[560]	train-rmse:1.08726	valid-rmse:1.09259
[60]	train-rmse:0.98166	valid-rmse:1.00080
[20]	train-rmse:1.07812	valid-rmse:1.08266
[680]	train-rmse:1.06555	valid-rmse:1.07176
[40]	train-rmse:1.06173	valid-rmse:1.06597
[60]	train-rmse:0.96451	valid-rmse:1.00113
[80]	train-rmse:0.97716	valid-rmse:1.00148
[40]	train-rmse:1.05780	valid-rmse:1.06446
[86]	train-rmse:0.97603	valid-rmse:1.00165
[32m[I 2022-04-15 07:43:55,282][0m Trial 54 finished with value: 0.99976 and parameters: {'colsample_bytree': 0.3160607738093691, 'eta': 0.10492305932027576, 'max_depth': 5, 'n_estimators': 866, 'subsample': 0.8846742133181381}. Best is trial 44 with value: 0.999254.[0m
[07:44:04] WARNING: ../src/learner.cc:576: 
Parameters: { "n_estimators" } might not be used.

  This could be a false alarm, with some parameters getting used by language bindings but
  then being mistakenly passed down to XGBoost core, or some parameter actually being used
  but getting flagged wrongly here. Please open an issue if you find any such cases.


[60]	train-rmse:1.04857	valid-rmse:1.05255
[0]	train-rmse:1.09960	valid-rmse:1.10451
[580]	train-rmse:1.08684	valid-rmse:1.09219
[20]	train-rmse:1.09950	valid-rmse:1.10441
[80]	train-rmse:1.03802	valid-rmse:1.04183
[80]	train-rmse:0.95540	valid-rmse:1.00196
[700]	train-rmse:1.06472	valid-rmse:1.07096
[60]	train-rmse:1.04340	valid-rmse:1.05070
[84]	train-rmse:0.95357	valid-rmse:1.00216
[32m[I 2022-04-15 07:46:03,831][0m Trial 55 finished with value: 1.000084 and parameters: {'colsample_bytree': 0.2506538466505188, 'eta': 0.08812252743486487, 'max_depth': 7, 'n_estimators': 862, 'subsample': 0.8634652183715412}. Best is trial 44 with value: 0.999254.[0m
[40]	train-rmse:1.09941	valid-rmse:1.10432
[07:46:13] WARNING: ../src/learner.cc:576: 
Parameters: { "n_estimators" } might not be used.

  This could be a false alarm, with some parameters getting used by language bindings but
  then being mistakenly passed down to XGBoost core, or some parameter actually being used
  but getting flagged wrongly here. Please open an issue if you find any such cases.


[0]	train-rmse:1.09876	valid-rmse:1.10366
[100]	train-rmse:1.02958	valid-rmse:1.03322
[60]	train-rmse:1.09931	valid-rmse:1.10422
[20]	train-rmse:1.08311	valid-rmse:1.08778
[120]	train-rmse:1.02285	valid-rmse:1.02633
[80]	train-rmse:1.09922	valid-rmse:1.10412
[40]	train-rmse:1.06977	valid-rmse:1.07422
[80]	train-rmse:1.03176	valid-rmse:1.03985
[140]	train-rmse:1.01744	valid-rmse:1.02081
[600]	train-rmse:1.08643	valid-rmse:1.09179
[100]	train-rmse:1.09912	valid-rmse:1.10403
[60]	train-rmse:1.05846	valid-rmse:1.06274
[160]	train-rmse:1.01314	valid-rmse:1.01640
[720]	train-rmse:1.06389	valid-rmse:1.07018
[120]	train-rmse:1.09903	valid-rmse:1.10393
[80]	train-rmse:1.04887	valid-rmse:1.05297
[180]	train-rmse:1.00970	valid-rmse:1.01285
[100]	train-rmse:1.02241	valid-rmse:1.03126
[140]	train-rmse:1.09894	valid-rmse:1.10384
[100]	train-rmse:1.04072	valid-rmse:1.04465
[200]	train-rmse:1.00696	valid-rmse:1.01005
[160]	train-rmse:1.09884	valid-rmse:1.10374
[120]	train-rmse:1.03384	valid-rmse:1.03764
[220]	train-rmse:1.00476	valid-rmse:1.00780
[180]	train-rmse:1.09875	valid-rmse:1.10364
[620]	train-rmse:1.08602	valid-rmse:1.09139
[120]	train-rmse:1.01490	valid-rmse:1.02448
[740]	train-rmse:1.06307	valid-rmse:1.06940
[140]	train-rmse:1.02799	valid-rmse:1.03166
[240]	train-rmse:1.00300	valid-rmse:1.00600
[200]	train-rmse:1.09865	valid-rmse:1.10355
[160]	train-rmse:1.02304	valid-rmse:1.02661
[260]	train-rmse:1.00159	valid-rmse:1.00456
[220]	train-rmse:1.09856	valid-rmse:1.10345
[180]	train-rmse:1.01886	valid-rmse:1.02232
[140]	train-rmse:1.00876	valid-rmse:1.01912
[280]	train-rmse:1.00045	valid-rmse:1.00341
[240]	train-rmse:1.09847	valid-rmse:1.10336
[200]	train-rmse:1.01534	valid-rmse:1.01871
[640]	train-rmse:1.08561	valid-rmse:1.09099
[300]	train-rmse:0.99953	valid-rmse:1.00248
[760]	train-rmse:1.06226	valid-rmse:1.06863
[260]	train-rmse:1.09837	valid-rmse:1.10326
[220]	train-rmse:1.01235	valid-rmse:1.01565
[320]	train-rmse:0.99878	valid-rmse:1.00173
[280]	train-rmse:1.09828	valid-rmse:1.10317
[240]	train-rmse:1.00984	valid-rmse:1.01306
[160]	train-rmse:1.00376	valid-rmse:1.01490
[300]	train-rmse:1.09819	valid-rmse:1.10307
[340]	train-rmse:0.99817	valid-rmse:1.00114
[260]	train-rmse:1.00769	valid-rmse:1.01089
[320]	train-rmse:1.09809	valid-rmse:1.10298
[280]	train-rmse:1.00588	valid-rmse:1.00904
[360]	train-rmse:0.99766	valid-rmse:1.00067
[180]	train-rmse:0.99971	valid-rmse:1.01149
[780]	train-rmse:1.06147	valid-rmse:1.06787
[660]	train-rmse:1.08520	valid-rmse:1.09060
[340]	train-rmse:1.09800	valid-rmse:1.10288
[300]	train-rmse:1.00434	valid-rmse:1.00745
[380]	train-rmse:0.99724	valid-rmse:1.00028
[360]	train-rmse:1.09791	valid-rmse:1.10279
[320]	train-rmse:1.00306	valid-rmse:1.00615
[400]	train-rmse:0.99690	valid-rmse:0.99997
[380]	train-rmse:1.09781	valid-rmse:1.10269
[340]	train-rmse:1.00196	valid-rmse:1.00503
[200]	train-rmse:0.99641	valid-rmse:1.00891
[420]	train-rmse:0.99660	valid-rmse:0.99972
[400]	train-rmse:1.09772	valid-rmse:1.10260
[360]	train-rmse:1.00102	valid-rmse:1.00407
[440]	train-rmse:0.99635	valid-rmse:0.99953
[800]	train-rmse:1.06067	valid-rmse:1.06712
[680]	train-rmse:1.08479	valid-rmse:1.09021
[420]	train-rmse:1.09763	valid-rmse:1.10250
[380]	train-rmse:1.00021	valid-rmse:1.00325
[460]	train-rmse:0.99613	valid-rmse:0.99938
[220]	train-rmse:0.99362	valid-rmse:1.00684
[440]	train-rmse:1.09753	valid-rmse:1.10241
[400]	train-rmse:0.99953	valid-rmse:1.00255
[480]	train-rmse:0.99594	valid-rmse:0.99925
[460]	train-rmse:1.09744	valid-rmse:1.10231
[420]	train-rmse:0.99894	valid-rmse:1.00195
[500]	train-rmse:0.99578	valid-rmse:0.99915
[480]	train-rmse:1.09735	valid-rmse:1.10222
[440]	train-rmse:0.99845	valid-rmse:1.00146
[240]	train-rmse:0.99134	valid-rmse:1.00527
[820]	train-rmse:1.05989	valid-rmse:1.06638
[700]	train-rmse:1.08438	valid-rmse:1.08982
[520]	train-rmse:0.99563	valid-rmse:0.99908
[460]	train-rmse:0.99801	valid-rmse:1.00105
[500]	train-rmse:1.09726	valid-rmse:1.10212
[540]	train-rmse:0.99550	valid-rmse:0.99902
[480]	train-rmse:0.99763	valid-rmse:1.00069
[520]	train-rmse:1.09716	valid-rmse:1.10203
[260]	train-rmse:0.98925	valid-rmse:1.00398
[560]	train-rmse:0.99538	valid-rmse:0.99896
[500]	train-rmse:0.99731	valid-rmse:1.00039
[540]	train-rmse:1.09707	valid-rmse:1.10194
[520]	train-rmse:0.99703	valid-rmse:1.00015
[560]	train-rmse:1.09698	valid-rmse:1.10184
[580]	train-rmse:0.99526	valid-rmse:0.99892
[840]	train-rmse:1.05911	valid-rmse:1.06564
[720]	train-rmse:1.08398	valid-rmse:1.08943
[540]	train-rmse:0.99677	valid-rmse:0.99992
[580]	train-rmse:1.09689	valid-rmse:1.10175
[600]	train-rmse:0.99514	valid-rmse:0.99887
[280]	train-rmse:0.98749	valid-rmse:1.00301
[560]	train-rmse:0.99655	valid-rmse:0.99974
[600]	train-rmse:1.09679	valid-rmse:1.10165
[620]	train-rmse:0.99504	valid-rmse:0.99885
[580]	train-rmse:0.99635	valid-rmse:0.99957
[620]	train-rmse:1.09670	valid-rmse:1.10156
[640]	train-rmse:0.99495	valid-rmse:0.99882
[300]	train-rmse:0.98598	valid-rmse:1.00216
[600]	train-rmse:0.99616	valid-rmse:0.99942
[640]	train-rmse:1.09661	valid-rmse:1.10147
[860]	train-rmse:1.05834	valid-rmse:1.06491
[660]	train-rmse:0.99484	valid-rmse:0.99880
[740]	train-rmse:1.08358	valid-rmse:1.08904
[620]	train-rmse:0.99601	valid-rmse:0.99929
[660]	train-rmse:1.09652	valid-rmse:1.10137
[680]	train-rmse:0.99474	valid-rmse:0.99880
[640]	train-rmse:0.99587	valid-rmse:0.99919
[680]	train-rmse:1.09643	valid-rmse:1.10128
[320]	train-rmse:0.98463	valid-rmse:1.00156
[700]	train-rmse:0.99465	valid-rmse:0.99878
[660]	train-rmse:0.99573	valid-rmse:0.99911
[700]	train-rmse:1.09633	valid-rmse:1.10119
[720]	train-rmse:0.99456	valid-rmse:0.99877
[880]	train-rmse:1.05758	valid-rmse:1.06420
[680]	train-rmse:0.99561	valid-rmse:0.99904
[720]	train-rmse:1.09624	valid-rmse:1.10109
[760]	train-rmse:1.08318	valid-rmse:1.08866
[340]	train-rmse:0.98348	valid-rmse:1.00107
[740]	train-rmse:0.99448	valid-rmse:0.99875
[700]	train-rmse:0.99550	valid-rmse:0.99898
[740]	train-rmse:1.09615	valid-rmse:1.10100
[760]	train-rmse:0.99440	valid-rmse:0.99875
[720]	train-rmse:0.99539	valid-rmse:0.99893
[760]	train-rmse:1.09606	valid-rmse:1.10091
[780]	train-rmse:0.99431	valid-rmse:0.99875
[740]	train-rmse:0.99529	valid-rmse:0.99889
[780]	train-rmse:1.09597	valid-rmse:1.10081
[360]	train-rmse:0.98249	valid-rmse:1.00070
[900]	train-rmse:1.05683	valid-rmse:1.06348
[760]	train-rmse:0.99519	valid-rmse:0.99884
[800]	train-rmse:1.09588	valid-rmse:1.10072
[800]	train-rmse:0.99423	valid-rmse:0.99875
[780]	train-rmse:1.08278	valid-rmse:1.08827
[780]	train-rmse:0.99511	valid-rmse:0.99881
[820]	train-rmse:1.09579	valid-rmse:1.10063
[820]	train-rmse:0.99414	valid-rmse:0.99875
[380]	train-rmse:0.98143	valid-rmse:1.00038
[800]	train-rmse:0.99503	valid-rmse:0.99879
[840]	train-rmse:1.09569	valid-rmse:1.10053
[840]	train-rmse:0.99406	valid-rmse:0.99875
[842]	train-rmse:0.99405	valid-rmse:0.99875
[32m[I 2022-04-15 08:11:29,549][0m Trial 57 finished with value: 0.998744 and parameters: {'colsample_bytree': 0.32087077030990446, 'eta': 0.005849862760416412, 'max_depth': 3, 'n_estimators': 869, 'subsample': 0.8790116796538695}. Best is trial 57 with value: 0.998744.[0m
[08:11:34] WARNING: ../src/learner.cc:576: 
Parameters: { "n_estimators" } might not be used.

  This could be a false alarm, with some parameters getting used by language bindings but
  then being mistakenly passed down to XGBoost core, or some parameter actually being used
  but getting flagged wrongly here. Please open an issue if you find any such cases.


[0]	train-rmse:1.09829	valid-rmse:1.10318
[860]	train-rmse:1.09560	valid-rmse:1.10044
[820]	train-rmse:0.99494	valid-rmse:0.99876
[920]	train-rmse:1.05608	valid-rmse:1.06278
[20]	train-rmse:1.07520	valid-rmse:1.07971
[840]	train-rmse:0.99486	valid-rmse:0.99874
[880]	train-rmse:1.09551	valid-rmse:1.10035
[400]	train-rmse:0.98046	valid-rmse:1.00011
[800]	train-rmse:1.08238	valid-rmse:1.08789
[860]	train-rmse:0.99479	valid-rmse:0.99873
[900]	train-rmse:1.09542	valid-rmse:1.10025
[40]	train-rmse:1.05722	valid-rmse:1.06140
[920]	train-rmse:1.09533	valid-rmse:1.10016
[880]	train-rmse:0.99471	valid-rmse:0.99870
[60]	train-rmse:1.04329	valid-rmse:1.04720
[420]	train-rmse:0.97955	valid-rmse:0.99991
[940]	train-rmse:1.09524	valid-rmse:1.10007
[900]	train-rmse:0.99464	valid-rmse:0.99870
[940]	train-rmse:1.05534	valid-rmse:1.06208
[80]	train-rmse:1.03250	valid-rmse:1.03622
[960]	train-rmse:1.09515	valid-rmse:1.09998
[920]	train-rmse:0.99457	valid-rmse:0.99869
[820]	train-rmse:1.08198	valid-rmse:1.08751
[100]	train-rmse:1.02416	valid-rmse:1.02772
[980]	train-rmse:1.09506	valid-rmse:1.09988
[940]	train-rmse:0.99450	valid-rmse:0.99869
[440]	train-rmse:0.97864	valid-rmse:0.99976
[120]	train-rmse:1.01774	valid-rmse:1.02113
[999]	train-rmse:1.09497	valid-rmse:1.09980
[960]	train-rmse:0.99442	valid-rmse:0.99870
[32m[I 2022-04-15 08:15:25,370][0m Trial 58 finished with value: 1.099796 and parameters: {'colsample_bytree': 0.2645788096077266, 'eta': 2.4325314719490172e-05, 'max_depth': 3, 'n_estimators': 1020, 'subsample': 0.9987781403546474}. Best is trial 57 with value: 0.998744.[0m
[08:15:29] WARNING: ../src/learner.cc:576: 
Parameters: { "n_estimators" } might not be used.

  This could be a false alarm, with some parameters getting used by language bindings but
  then being mistakenly passed down to XGBoost core, or some parameter actually being used
  but getting flagged wrongly here. Please open an issue if you find any such cases.


[0]	train-rmse:1.09833	valid-rmse:1.10323
[969]	train-rmse:0.99439	valid-rmse:0.99870
[32m[I 2022-04-15 08:15:42,322][0m Trial 59 finished with value: 0.998688 and parameters: {'colsample_bytree': 0.3507224721069534, 'eta': 0.004374062435152421, 'max_depth': 3, 'n_estimators': 998, 'subsample': 0.6120220762055004}. Best is trial 59 with value: 0.998688.[0m
[08:15:46] WARNING: ../src/learner.cc:576: 
Parameters: { "n_estimators" } might not be used.

  This could be a false alarm, with some parameters getting used by language bindings but
  then being mistakenly passed down to XGBoost core, or some parameter actually being used
  but getting flagged wrongly here. Please open an issue if you find any such cases.


[0]	train-rmse:1.09853	valid-rmse:1.10342
[960]	train-rmse:1.05461	valid-rmse:1.06139
[140]	train-rmse:1.01277	valid-rmse:1.01604
[20]	train-rmse:1.07569	valid-rmse:1.08025
[460]	train-rmse:0.97770	valid-rmse:0.99967
[20]	train-rmse:1.07891	valid-rmse:1.08353
[160]	train-rmse:1.00894	valid-rmse:1.01211
[840]	train-rmse:1.08159	valid-rmse:1.08713
[40]	train-rmse:1.05793	valid-rmse:1.06221
[40]	train-rmse:1.06295	valid-rmse:1.06732
[60]	train-rmse:1.04411	valid-rmse:1.04812
[180]	train-rmse:1.00599	valid-rmse:1.00907
[60]	train-rmse:1.05005	valid-rmse:1.05418
[80]	train-rmse:1.03337	valid-rmse:1.03717
[480]	train-rmse:0.97687	valid-rmse:0.99958
[200]	train-rmse:1.00371	valid-rmse:1.00674
[80]	train-rmse:1.03962	valid-rmse:1.04356
[980]	train-rmse:1.05389	valid-rmse:1.06071
[100]	train-rmse:1.02501	valid-rmse:1.02860
[100]	train-rmse:1.03118	valid-rmse:1.03491
[220]	train-rmse:1.00194	valid-rmse:1.00493
[120]	train-rmse:1.01853	valid-rmse:1.02199
[860]	train-rmse:1.08120	valid-rmse:1.08675
[120]	train-rmse:1.02438	valid-rmse:1.02797
[240]	train-rmse:1.00057	valid-rmse:1.00353
[500]	train-rmse:0.97604	valid-rmse:0.99952
[140]	train-rmse:1.01348	valid-rmse:1.01682
[140]	train-rmse:1.01888	valid-rmse:1.02233
[260]	train-rmse:0.99950	valid-rmse:1.00245
[160]	train-rmse:1.00957	valid-rmse:1.01279
[160]	train-rmse:1.01445	valid-rmse:1.01778
[999]	train-rmse:1.05321	valid-rmse:1.06007
