[32m[I 2022-04-17 03:11:06,734][0m Trial 100 finished with value: 0.998457 and parameters: {'colsample_bytree': 0.8324883582693274, 'eta': 0.015256587752254129, 'max_depth': 3, 'n_estimators': 130, 'subsample': 0.9971508223484419}. Best is trial 48 with value: 0.998395.[0m
[03:11:10] WARNING: ../src/learner.cc:576: 
Parameters: { "n_estimators" } might not be used.

  This could be a false alarm, with some parameters getting used by language bindings but
  then being mistakenly passed down to XGBoost core, or some parameter actually being used
  but getting flagged wrongly here. Please open an issue if you find any such cases.


[0]	train-rmse:1.09819	valid-rmse:1.10137
[200]	train-rmse:0.99417	valid-rmse:0.99871
[920]	train-rmse:1.09899	valid-rmse:1.10217
[380]	train-rmse:1.00178	valid-rmse:1.00516
[340]	train-rmse:1.00099	valid-rmse:1.00441
[860]	train-rmse:0.96326	valid-rmse:0.99891
[20]	train-rmse:1.08217	valid-rmse:1.08544
[220]	train-rmse:0.99380	valid-rmse:0.99863
[400]	train-rmse:1.00090	valid-rmse:1.00429
[360]	train-rmse:1.00008	valid-rmse:1.00352
[40]	train-rmse:1.06859	valid-rmse:1.07193
[240]	train-rmse:0.99348	valid-rmse:0.99857
[420]	train-rmse:1.00012	valid-rmse:1.00354
[380]	train-rmse:0.99932	valid-rmse:1.00277
[940]	train-rmse:1.09899	valid-rmse:1.10217
[60]	train-rmse:1.05712	valid-rmse:1.06049
[880]	train-rmse:0.96254	valid-rmse:0.99889
[260]	train-rmse:0.99317	valid-rmse:0.99854
[440]	train-rmse:0.99946	valid-rmse:1.00288
[400]	train-rmse:0.99866	valid-rmse:1.00213
[80]	train-rmse:1.04742	valid-rmse:1.05082
[460]	train-rmse:0.99888	valid-rmse:1.00232
[280]	train-rmse:0.99286	valid-rmse:0.99853
[420]	train-rmse:0.99809	valid-rmse:1.00160
[100]	train-rmse:1.03924	valid-rmse:1.04265
[960]	train-rmse:1.09899	valid-rmse:1.10217
[480]	train-rmse:0.99837	valid-rmse:1.00183
[300]	train-rmse:0.99254	valid-rmse:0.99851
[440]	train-rmse:0.99761	valid-rmse:1.00115
[900]	train-rmse:0.96187	valid-rmse:0.99888
[120]	train-rmse:1.03234	valid-rmse:1.03577
[500]	train-rmse:0.99792	valid-rmse:1.00141
[320]	train-rmse:0.99224	valid-rmse:0.99850
[460]	train-rmse:0.99718	valid-rmse:1.00076
[140]	train-rmse:1.02652	valid-rmse:1.02995
[520]	train-rmse:0.99752	valid-rmse:1.00104
[340]	train-rmse:0.99195	valid-rmse:0.99849
[480]	train-rmse:0.99681	valid-rmse:1.00043
[980]	train-rmse:1.09898	valid-rmse:1.10216
[160]	train-rmse:1.02162	valid-rmse:1.02503
[540]	train-rmse:0.99718	valid-rmse:1.00072
[920]	train-rmse:0.96123	valid-rmse:0.99886
[500]	train-rmse:0.99649	valid-rmse:1.00016
[360]	train-rmse:0.99165	valid-rmse:0.99850
[180]	train-rmse:1.01749	valid-rmse:1.02089
[560]	train-rmse:0.99687	valid-rmse:1.00044
[520]	train-rmse:0.99621	valid-rmse:0.99991
[380]	train-rmse:0.99136	valid-rmse:0.99850
[200]	train-rmse:1.01403	valid-rmse:1.01742
[999]	train-rmse:1.09898	valid-rmse:1.10216
[580]	train-rmse:0.99660	valid-rmse:1.00020
[32m[I 2022-04-17 03:22:17,500][0m Trial 88 finished with value: 1.102163 and parameters: {'colsample_bytree': 0.9625988610791189, 'eta': 3.9311754884145435e-07, 'max_depth': 7, 'n_estimators': 841, 'subsample': 0.8074397776110054}. Best is trial 48 with value: 0.998395.[0m
[540]	train-rmse:0.99596	valid-rmse:0.99972
[03:22:21] WARNING: ../src/learner.cc:576: 
Parameters: { "n_estimators" } might not be used.

  This could be a false alarm, with some parameters getting used by language bindings but
  then being mistakenly passed down to XGBoost core, or some parameter actually being used
  but getting flagged wrongly here. Please open an issue if you find any such cases.


[400]	train-rmse:0.99107	valid-rmse:0.99850
[0]	train-rmse:1.09826	valid-rmse:1.10144
[220]	train-rmse:1.01110	valid-rmse:1.01450
[940]	train-rmse:0.96049	valid-rmse:0.99884
[600]	train-rmse:0.99635	valid-rmse:0.99999
[560]	train-rmse:0.99574	valid-rmse:0.99954
[418]	train-rmse:0.99079	valid-rmse:0.99850
[32m[I 2022-04-17 03:23:22,150][0m Trial 104 finished with value: 0.998489 and parameters: {'colsample_bytree': 0.8354279332193445, 'eta': 0.017948480093832958, 'max_depth': 3, 'n_estimators': 115, 'subsample': 0.9970076159411958}. Best is trial 48 with value: 0.998395.[0m
[03:23:26] WARNING: ../src/learner.cc:576: 
Parameters: { "n_estimators" } might not be used.

  This could be a false alarm, with some parameters getting used by language bindings but
  then being mistakenly passed down to XGBoost core, or some parameter actually being used
  but getting flagged wrongly here. Please open an issue if you find any such cases.


[0]	train-rmse:1.09823	valid-rmse:1.10141
[20]	train-rmse:1.08342	valid-rmse:1.08669
[240]	train-rmse:1.00865	valid-rmse:1.01203
[620]	train-rmse:0.99612	valid-rmse:0.99980
[580]	train-rmse:0.99553	valid-rmse:0.99940
[20]	train-rmse:1.08295	valid-rmse:1.08622
[40]	train-rmse:1.07069	valid-rmse:1.07402
[260]	train-rmse:1.00657	valid-rmse:1.00995
[640]	train-rmse:0.99592	valid-rmse:0.99964
[600]	train-rmse:0.99536	valid-rmse:0.99928
[960]	train-rmse:0.95984	valid-rmse:0.99884
[40]	train-rmse:1.06988	valid-rmse:1.07322
[60]	train-rmse:1.05977	valid-rmse:1.06313
[280]	train-rmse:1.00481	valid-rmse:1.00820
[660]	train-rmse:0.99574	valid-rmse:0.99950
[620]	train-rmse:0.99518	valid-rmse:0.99916
[60]	train-rmse:1.05874	valid-rmse:1.06212
[80]	train-rmse:1.05041	valid-rmse:1.05381
[300]	train-rmse:1.00332	valid-rmse:1.00672
[680]	train-rmse:0.99558	valid-rmse:0.99937
[640]	train-rmse:0.99504	valid-rmse:0.99907
[80]	train-rmse:1.04925	valid-rmse:1.05266
[100]	train-rmse:1.04241	valid-rmse:1.04582
[320]	train-rmse:1.00206	valid-rmse:1.00547
[980]	train-rmse:0.95916	valid-rmse:0.99884
[700]	train-rmse:0.99543	valid-rmse:0.99927
[660]	train-rmse:0.99489	valid-rmse:0.99899
[100]	train-rmse:1.04117	valid-rmse:1.04461
[340]	train-rmse:1.00101	valid-rmse:1.00442
[120]	train-rmse:1.03556	valid-rmse:1.03898
[720]	train-rmse:0.99528	valid-rmse:0.99917
[680]	train-rmse:0.99476	valid-rmse:0.99891
[360]	train-rmse:1.00011	valid-rmse:1.00353
[120]	train-rmse:1.03430	valid-rmse:1.03775
[140]	train-rmse:1.02971	valid-rmse:1.03314
[740]	train-rmse:0.99514	valid-rmse:0.99909
[700]	train-rmse:0.99463	valid-rmse:0.99885
[999]	train-rmse:0.95857	valid-rmse:0.99884
[32m[I 2022-04-17 03:31:03,609][0m Trial 89 finished with value: 0.998835 and parameters: {'colsample_bytree': 0.965909936257697, 'eta': 0.004392682827875594, 'max_depth': 7, 'n_estimators': 839, 'subsample': 0.8153741859954279}. Best is trial 48 with value: 0.998395.[0m
[03:31:07] WARNING: ../src/learner.cc:576: 
Parameters: { "n_estimators" } might not be used.

  This could be a false alarm, with some parameters getting used by language bindings but
  then being mistakenly passed down to XGBoost core, or some parameter actually being used
  but getting flagged wrongly here. Please open an issue if you find any such cases.


[0]	train-rmse:1.09835	valid-rmse:1.10153
[380]	train-rmse:0.99934	valid-rmse:1.00279
[140]	train-rmse:1.02846	valid-rmse:1.03191
[160]	train-rmse:1.02470	valid-rmse:1.02813
[760]	train-rmse:0.99503	valid-rmse:0.99901
[720]	train-rmse:0.99453	valid-rmse:0.99880
[400]	train-rmse:0.99869	valid-rmse:1.00216
[20]	train-rmse:1.08502	valid-rmse:1.08828
[160]	train-rmse:1.02349	valid-rmse:1.02695
[180]	train-rmse:1.02043	valid-rmse:1.02385
[780]	train-rmse:0.99491	valid-rmse:0.99895
[740]	train-rmse:0.99442	valid-rmse:0.99875
[420]	train-rmse:0.99813	valid-rmse:1.00162
[40]	train-rmse:1.07337	valid-rmse:1.07669
[180]	train-rmse:1.01927	valid-rmse:1.02272
[200]	train-rmse:1.01679	valid-rmse:1.02020
[800]	train-rmse:0.99481	valid-rmse:0.99890
[760]	train-rmse:0.99431	valid-rmse:0.99872
[440]	train-rmse:0.99764	valid-rmse:1.00116
[60]	train-rmse:1.06321	valid-rmse:1.06657
[200]	train-rmse:1.01569	valid-rmse:1.01914
[820]	train-rmse:0.99470	valid-rmse:0.99885
[220]	train-rmse:1.01368	valid-rmse:1.01708
[780]	train-rmse:0.99421	valid-rmse:0.99868
[460]	train-rmse:0.99723	valid-rmse:1.00077
[80]	train-rmse:1.05436	valid-rmse:1.05776
[840]	train-rmse:0.99459	valid-rmse:0.99880
[220]	train-rmse:1.01265	valid-rmse:1.01608
[240]	train-rmse:1.01103	valid-rmse:1.01442
[800]	train-rmse:0.99412	valid-rmse:0.99865
[480]	train-rmse:0.99687	valid-rmse:1.00044
[100]	train-rmse:1.04665	valid-rmse:1.05008
[860]	train-rmse:0.99450	valid-rmse:0.99876
[240]	train-rmse:1.01006	valid-rmse:1.01349
[820]	train-rmse:0.99402	valid-rmse:0.99863
[260]	train-rmse:1.00876	valid-rmse:1.01215
[500]	train-rmse:0.99655	valid-rmse:1.00017
[880]	train-rmse:0.99441	valid-rmse:0.99873
[120]	train-rmse:1.03995	valid-rmse:1.04339
[840]	train-rmse:0.99391	valid-rmse:0.99861
[260]	train-rmse:1.00787	valid-rmse:1.01128
[280]	train-rmse:1.00682	valid-rmse:1.01020
[520]	train-rmse:0.99626	valid-rmse:0.99993
[900]	train-rmse:0.99432	valid-rmse:0.99869
[140]	train-rmse:1.03412	valid-rmse:1.03756
[860]	train-rmse:0.99382	valid-rmse:0.99859
[280]	train-rmse:1.00600	valid-rmse:1.00942
[300]	train-rmse:1.00516	valid-rmse:1.00855
[540]	train-rmse:0.99601	valid-rmse:0.99973
[920]	train-rmse:0.99423	valid-rmse:0.99868
[160]	train-rmse:1.02905	valid-rmse:1.03251
[880]	train-rmse:0.99373	valid-rmse:0.99857
[300]	train-rmse:1.00441	valid-rmse:1.00783
[320]	train-rmse:1.00374	valid-rmse:1.00713
[560]	train-rmse:0.99579	valid-rmse:0.99955
[940]	train-rmse:0.99415	valid-rmse:0.99865
[900]	train-rmse:0.99365	valid-rmse:0.99856
[180]	train-rmse:1.02464	valid-rmse:1.02809
[320]	train-rmse:1.00304	valid-rmse:1.00647
[340]	train-rmse:1.00253	valid-rmse:1.00591
[580]	train-rmse:0.99559	valid-rmse:0.99941
[960]	train-rmse:0.99408	valid-rmse:0.99863
[920]	train-rmse:0.99357	valid-rmse:0.99855
[200]	train-rmse:1.02081	valid-rmse:1.02427
[340]	train-rmse:1.00189	valid-rmse:1.00532
[360]	train-rmse:1.00148	valid-rmse:1.00487
[600]	train-rmse:0.99541	valid-rmse:0.99928
[980]	train-rmse:0.99400	valid-rmse:0.99861
[940]	train-rmse:0.99349	valid-rmse:0.99853
[220]	train-rmse:1.01749	valid-rmse:1.02093
[360]	train-rmse:1.00090	valid-rmse:1.00433
[620]	train-rmse:0.99525	valid-rmse:0.99917
[380]	train-rmse:1.00059	valid-rmse:1.00398
[999]	train-rmse:0.99392	valid-rmse:0.99859
[32m[I 2022-04-17 03:44:22,606][0m Trial 102 finished with value: 0.99859 and parameters: {'colsample_bytree': 0.8326420893083085, 'eta': 0.0038536662782712454, 'max_depth': 3, 'n_estimators': 135, 'subsample': 0.997738980306797}. Best is trial 48 with value: 0.998395.[0m
[03:44:26] WARNING: ../src/learner.cc:576: 
Parameters: { "n_estimators" } might not be used.

  This could be a false alarm, with some parameters getting used by language bindings but
  then being mistakenly passed down to XGBoost core, or some parameter actually being used
  but getting flagged wrongly here. Please open an issue if you find any such cases.


[0]	train-rmse:1.09644	valid-rmse:1.09964
[960]	train-rmse:0.99340	valid-rmse:0.99852
[240]	train-rmse:1.01460	valid-rmse:1.01803
[640]	train-rmse:0.99509	valid-rmse:0.99909
[380]	train-rmse:1.00005	valid-rmse:1.00349
[400]	train-rmse:0.99981	valid-rmse:1.00321
[20]	train-rmse:1.05583	valid-rmse:1.05922
[980]	train-rmse:0.99333	valid-rmse:0.99852
[260]	train-rmse:1.01210	valid-rmse:1.01552
[660]	train-rmse:0.99496	valid-rmse:0.99900
[400]	train-rmse:0.99932	valid-rmse:1.00278
[420]	train-rmse:0.99913	valid-rmse:1.00257
[999]	train-rmse:0.99324	valid-rmse:0.99851
[32m[I 2022-04-17 03:46:42,933][0m Trial 103 finished with value: 0.998508 and parameters: {'colsample_bytree': 0.8440302821284009, 'eta': 0.004503894142428696, 'max_depth': 3, 'n_estimators': 391, 'subsample': 0.9762821635137916}. Best is trial 48 with value: 0.998395.[0m
[40]	train-rmse:1.03141	valid-rmse:1.03486
[03:46:47] WARNING: ../src/learner.cc:576: 
Parameters: { "n_estimators" } might not be used.

  This could be a false alarm, with some parameters getting used by language bindings but
  then being mistakenly passed down to XGBoost core, or some parameter actually being used
  but getting flagged wrongly here. Please open an issue if you find any such cases.


[0]	train-rmse:1.09487	valid-rmse:1.09807
[680]	train-rmse:0.99483	valid-rmse:0.99893
[280]	train-rmse:1.00991	valid-rmse:1.01334
[420]	train-rmse:0.99869	valid-rmse:1.00218
[440]	train-rmse:0.99855	valid-rmse:1.00201
[60]	train-rmse:1.01686	valid-rmse:1.02030
[20]	train-rmse:1.03869	valid-rmse:1.04215
[700]	train-rmse:0.99471	valid-rmse:0.99887
[300]	train-rmse:1.00802	valid-rmse:1.01144
[440]	train-rmse:0.99814	valid-rmse:1.00166
[460]	train-rmse:0.99806	valid-rmse:1.00153
[80]	train-rmse:1.00820	valid-rmse:1.01160
[40]	train-rmse:1.01416	valid-rmse:1.01763
[720]	train-rmse:0.99458	valid-rmse:0.99882
[320]	train-rmse:1.00636	valid-rmse:1.00978
[460]	train-rmse:0.99768	valid-rmse:1.00121
[480]	train-rmse:0.99762	valid-rmse:1.00112
[100]	train-rmse:1.00301	valid-rmse:1.00645
[740]	train-rmse:0.99447	valid-rmse:0.99878
[60]	train-rmse:1.00357	valid-rmse:1.00697
[340]	train-rmse:1.00494	valid-rmse:1.00835
[480]	train-rmse:0.99725	valid-rmse:1.00084
[500]	train-rmse:0.99723	valid-rmse:1.00077
[120]	train-rmse:0.99991	valid-rmse:1.00334
[760]	train-rmse:0.99437	valid-rmse:0.99874
[80]	train-rmse:0.99882	valid-rmse:1.00234
[360]	train-rmse:1.00368	valid-rmse:1.00710
[500]	train-rmse:0.99689	valid-rmse:1.00052
[520]	train-rmse:0.99689	valid-rmse:1.00046
[140]	train-rmse:0.99794	valid-rmse:1.00147
[780]	train-rmse:0.99428	valid-rmse:0.99870
[100]	train-rmse:0.99658	valid-rmse:1.00030
[380]	train-rmse:1.00259	valid-rmse:1.00601
[520]	train-rmse:0.99658	valid-rmse:1.00024
[540]	train-rmse:0.99660	valid-rmse:1.00020
[800]	train-rmse:0.99418	valid-rmse:0.99867
[160]	train-rmse:0.99668	valid-rmse:1.00036
[120]	train-rmse:0.99545	valid-rmse:0.99936
[400]	train-rmse:1.00164	valid-rmse:1.00507
[540]	train-rmse:0.99630	valid-rmse:1.00001
[560]	train-rmse:0.99633	valid-rmse:0.99997
[820]	train-rmse:0.99409	valid-rmse:0.99864
[180]	train-rmse:0.99587	valid-rmse:0.99967
[140]	train-rmse:0.99469	valid-rmse:0.99893
[420]	train-rmse:1.00080	valid-rmse:1.00424
[560]	train-rmse:0.99605	valid-rmse:0.99980
[580]	train-rmse:0.99609	valid-rmse:0.99978
[840]	train-rmse:0.99399	valid-rmse:0.99862
[200]	train-rmse:0.99528	valid-rmse:0.99925
[160]	train-rmse:0.99415	valid-rmse:0.99870
[440]	train-rmse:1.00007	valid-rmse:1.00353
[580]	train-rmse:0.99583	valid-rmse:0.99962
[600]	train-rmse:0.99587	valid-rmse:0.99961
[860]	train-rmse:0.99391	valid-rmse:0.99860
[220]	train-rmse:0.99484	valid-rmse:0.99897
[180]	train-rmse:0.99370	valid-rmse:0.99860
[460]	train-rmse:0.99943	valid-rmse:1.00290
[600]	train-rmse:0.99562	valid-rmse:0.99947
[620]	train-rmse:0.99569	valid-rmse:0.99946
[880]	train-rmse:0.99382	valid-rmse:0.99858
[240]	train-rmse:0.99448	valid-rmse:0.99879
[200]	train-rmse:0.99330	valid-rmse:0.99853
[480]	train-rmse:0.99886	valid-rmse:1.00236
[620]	train-rmse:0.99543	valid-rmse:0.99935
[640]	train-rmse:0.99551	valid-rmse:0.99934
[900]	train-rmse:0.99373	valid-rmse:0.99856
[260]	train-rmse:0.99419	valid-rmse:0.99868
[220]	train-rmse:0.99291	valid-rmse:0.99850
[500]	train-rmse:0.99836	valid-rmse:1.00189
[640]	train-rmse:0.99526	valid-rmse:0.99923
[660]	train-rmse:0.99535	valid-rmse:0.99923
[920]	train-rmse:0.99364	valid-rmse:0.99855
[280]	train-rmse:0.99390	valid-rmse:0.99859
[240]	train-rmse:0.99255	valid-rmse:0.99849
[520]	train-rmse:0.99793	valid-rmse:1.00147
[660]	train-rmse:0.99510	valid-rmse:0.99913
[680]	train-rmse:0.99521	valid-rmse:0.99913
[940]	train-rmse:0.99356	valid-rmse:0.99854
[300]	train-rmse:0.99360	valid-rmse:0.99853
[260]	train-rmse:0.99220	valid-rmse:0.99847
[540]	train-rmse:0.99754	valid-rmse:1.00111
[680]	train-rmse:0.99497	valid-rmse:0.99905
[960]	train-rmse:0.99348	valid-rmse:0.99853
[700]	train-rmse:0.99507	valid-rmse:0.99905
[320]	train-rmse:0.99335	valid-rmse:0.99850
[280]	train-rmse:0.99179	valid-rmse:0.99846
[560]	train-rmse:0.99719	valid-rmse:1.00079
[700]	train-rmse:0.99484	valid-rmse:0.99897
[980]	train-rmse:0.99340	valid-rmse:0.99852
[720]	train-rmse:0.99494	valid-rmse:0.99898
[340]	train-rmse:0.99306	valid-rmse:0.99847
[300]	train-rmse:0.99146	valid-rmse:0.99845
[580]	train-rmse:0.99688	valid-rmse:1.00052
[999]	train-rmse:0.99333	valid-rmse:0.99851
[32m[I 2022-04-17 04:04:08,035][0m Trial 105 finished with value: 0.998511 and parameters: {'colsample_bytree': 0.832729595859015, 'eta': 0.004498727920290569, 'max_depth': 3, 'n_estimators': 133, 'subsample': 0.9990679868645642}. Best is trial 48 with value: 0.998395.[0m
[720]	train-rmse:0.99472	valid-rmse:0.99891
[04:04:12] WARNING: ../src/learner.cc:576: 
Parameters: { "n_estimators" } might not be used.

  This could be a false alarm, with some parameters getting used by language bindings but
  then being mistakenly passed down to XGBoost core, or some parameter actually being used
  but getting flagged wrongly here. Please open an issue if you find any such cases.


[0]	train-rmse:1.09475	valid-rmse:1.09795
[740]	train-rmse:0.99482	valid-rmse:0.99891
[360]	train-rmse:0.99284	valid-rmse:0.99846
[320]	train-rmse:0.99106	valid-rmse:0.99846
[600]	train-rmse:0.99661	valid-rmse:1.00028
[740]	train-rmse:0.99461	valid-rmse:0.99885
[20]	train-rmse:1.03754	valid-rmse:1.04098
[760]	train-rmse:0.99471	valid-rmse:0.99886
[380]	train-rmse:0.99260	valid-rmse:0.99844
[340]	train-rmse:0.99070	valid-rmse:0.99846
[620]	train-rmse:0.99635	valid-rmse:1.00006
[760]	train-rmse:0.99451	valid-rmse:0.99880
[344]	train-rmse:0.99062	valid-rmse:0.99846
[32m[I 2022-04-17 04:06:30,277][0m Trial 110 finished with value: 0.998436 and parameters: {'colsample_bytree': 0.9054689697352344, 'eta': 0.021754913053207953, 'max_depth': 3, 'n_estimators': 158, 'subsample': 0.981482969562427}. Best is trial 48 with value: 0.998395.[0m
[40]	train-rmse:1.01320	valid-rmse:1.01668
[780]	train-rmse:0.99461	valid-rmse:0.99881
[04:06:34] WARNING: ../src/learner.cc:576: 
Parameters: { "n_estimators" } might not be used.

  This could be a false alarm, with some parameters getting used by language bindings but
  then being mistakenly passed down to XGBoost core, or some parameter actually being used
  but getting flagged wrongly here. Please open an issue if you find any such cases.


[0]	train-rmse:1.09674	valid-rmse:1.09993
[400]	train-rmse:0.99236	valid-rmse:0.99845
[640]	train-rmse:0.99613	valid-rmse:0.99988
[780]	train-rmse:0.99440	valid-rmse:0.99875
[60]	train-rmse:1.00293	valid-rmse:1.00637
[800]	train-rmse:0.99450	valid-rmse:0.99876
[20]	train-rmse:1.05968	valid-rmse:1.06306
[420]	train-rmse:0.99213	valid-rmse:0.99846
[660]	train-rmse:0.99593	valid-rmse:0.99971
[800]	train-rmse:0.99430	valid-rmse:0.99872
[80]	train-rmse:0.99845	valid-rmse:1.00200
[820]	train-rmse:0.99440	valid-rmse:0.99873
[40]	train-rmse:1.03605	valid-rmse:1.03947
[440]	train-rmse:0.99191	valid-rmse:0.99845
[32m[I 2022-04-17 04:09:26,386][0m Trial 109 finished with value: 0.998441 and parameters: {'colsample_bytree': 0.9077666626632006, 'eta': 0.013534666927636165, 'max_depth': 3, 'n_estimators': 200, 'subsample': 0.9760535834581956}. Best is trial 48 with value: 0.998395.[0m
[04:09:30] WARNING: ../src/learner.cc:576: 
Parameters: { "n_estimators" } might not be used.

  This could be a false alarm, with some parameters getting used by language bindings but
  then being mistakenly passed down to XGBoost core, or some parameter actually being used
  but getting flagged wrongly here. Please open an issue if you find any such cases.


[0]	train-rmse:1.09677	valid-rmse:1.09996
[680]	train-rmse:0.99575	valid-rmse:0.99957
[820]	train-rmse:0.99420	valid-rmse:0.99868
[100]	train-rmse:0.99636	valid-rmse:1.00013
[840]	train-rmse:0.99430	valid-rmse:0.99869
[60]	train-rmse:1.02109	valid-rmse:1.02452
[20]	train-rmse:1.06001	valid-rmse:1.06340
[700]	train-rmse:0.99558	valid-rmse:0.99944
[840]	train-rmse:0.99410	valid-rmse:0.99866
[120]	train-rmse:0.99530	valid-rmse:0.99929
[860]	train-rmse:0.99421	valid-rmse:0.99865
[80]	train-rmse:1.01165	valid-rmse:1.01504
[40]	train-rmse:1.03647	valid-rmse:1.03991
[720]	train-rmse:0.99543	valid-rmse:0.99933
[860]	train-rmse:0.99399	valid-rmse:0.99864
[140]	train-rmse:0.99460	valid-rmse:0.99889
[880]	train-rmse:0.99412	valid-rmse:0.99863
[100]	train-rmse:1.00568	valid-rmse:1.00910
[60]	train-rmse:1.02148	valid-rmse:1.02493
[740]	train-rmse:0.99529	valid-rmse:0.99923
[880]	train-rmse:0.99391	valid-rmse:0.99862
[160]	train-rmse:0.99406	valid-rmse:0.99869
[900]	train-rmse:0.99403	valid-rmse:0.99861
[120]	train-rmse:1.00190	valid-rmse:1.00531
[80]	train-rmse:1.01197	valid-rmse:1.01540
[760]	train-rmse:0.99516	valid-rmse:0.99914
[900]	train-rmse:0.99383	valid-rmse:0.99860
[180]	train-rmse:0.99360	valid-rmse:0.99860
[920]	train-rmse:0.99394	valid-rmse:0.99859
[140]	train-rmse:0.99944	valid-rmse:1.00292
[100]	train-rmse:1.00593	valid-rmse:1.00938
[780]	train-rmse:0.99504	valid-rmse:0.99907
[920]	train-rmse:0.99374	valid-rmse:0.99858
[200]	train-rmse:0.99315	valid-rmse:0.99855
[940]	train-rmse:0.99386	valid-rmse:0.99857
[160]	train-rmse:0.99781	valid-rmse:1.00140
[120]	train-rmse:1.00208	valid-rmse:1.00553
[800]	train-rmse:0.99492	valid-rmse:0.99900
[940]	train-rmse:0.99366	valid-rmse:0.99857
[220]	train-rmse:0.99278	valid-rmse:0.99852
[180]	train-rmse:0.99674	valid-rmse:1.00042
[960]	train-rmse:0.99379	valid-rmse:0.99856
[140]	train-rmse:0.99957	valid-rmse:1.00306
[820]	train-rmse:0.99481	valid-rmse:0.99894
[960]	train-rmse:0.99358	valid-rmse:0.99855
[240]	train-rmse:0.99243	valid-rmse:0.99851
[200]	train-rmse:0.99598	valid-rmse:0.99979
[980]	train-rmse:0.99371	valid-rmse:0.99854
[160]	train-rmse:0.99790	valid-rmse:1.00151
[840]	train-rmse:0.99470	valid-rmse:0.99889
[980]	train-rmse:0.99350	valid-rmse:0.99854
[220]	train-rmse:0.99542	valid-rmse:0.99939
[999]	train-rmse:0.99364	valid-rmse:0.99853
[260]	train-rmse:0.99211	valid-rmse:0.99850
