[32m[I 2022-04-15 09:14:56,006][0m Trial 70 finished with value: 0.998729 and parameters: {'colsample_bytree': 0.3090530210611952, 'eta': 0.004009623307253773, 'max_depth': 3, 'n_estimators': 1004, 'subsample': 0.5987933657450584}. Best is trial 65 with value: 0.998642.[0m
[740]	train-rmse:1.01857	valid-rmse:1.02197
[09:15:00] WARNING: ../src/learner.cc:576: 
Parameters: { "n_estimators" } might not be used.

  This could be a false alarm, with some parameters getting used by language bindings but
  then being mistakenly passed down to XGBoost core, or some parameter actually being used
  but getting flagged wrongly here. Please open an issue if you find any such cases.


[0]	train-rmse:1.09920	valid-rmse:1.10411
[80]	train-rmse:1.02192	valid-rmse:1.02551
[920]	train-rmse:1.00714	valid-rmse:1.01022
[740]	train-rmse:1.01230	valid-rmse:1.01554
[900]	train-rmse:1.01225	valid-rmse:1.01547
[760]	train-rmse:1.01766	valid-rmse:1.02103
[100]	train-rmse:1.01439	valid-rmse:1.01778
[20]	train-rmse:1.09147	valid-rmse:1.09628
[940]	train-rmse:1.00662	valid-rmse:1.00968
[920]	train-rmse:1.01160	valid-rmse:1.01479
[760]	train-rmse:1.01151	valid-rmse:1.01472
[780]	train-rmse:1.01679	valid-rmse:1.02014
[120]	train-rmse:1.00909	valid-rmse:1.01235
[40]	train-rmse:1.08430	valid-rmse:1.08901
[960]	train-rmse:1.00612	valid-rmse:1.00917
[940]	train-rmse:1.01097	valid-rmse:1.01415
[780]	train-rmse:1.01076	valid-rmse:1.01395
[800]	train-rmse:1.01595	valid-rmse:1.01928
[140]	train-rmse:1.00527	valid-rmse:1.00842
[60]	train-rmse:1.07766	valid-rmse:1.08225
[980]	train-rmse:1.00564	valid-rmse:1.00868
[960]	train-rmse:1.01037	valid-rmse:1.01353
[800]	train-rmse:1.01004	valid-rmse:1.01321
[820]	train-rmse:1.01515	valid-rmse:1.01846
[160]	train-rmse:1.00259	valid-rmse:1.00569
[80]	train-rmse:1.07152	valid-rmse:1.07603
[999]	train-rmse:1.00521	valid-rmse:1.00824
[32m[I 2022-04-15 09:16:40,150][0m Trial 72 finished with value: 1.008236 and parameters: {'colsample_bytree': 0.21705981733222637, 'eta': 0.001274035826727054, 'max_depth': 3, 'n_estimators': 885, 'subsample': 0.5496601838010127}. Best is trial 65 with value: 0.998642.[0m
[980]	train-rmse:1.00979	valid-rmse:1.01294
[820]	train-rmse:1.00936	valid-rmse:1.01252
[09:16:44] WARNING: ../src/learner.cc:576: 
Parameters: { "n_estimators" } might not be used.

  This could be a false alarm, with some parameters getting used by language bindings but
  then being mistakenly passed down to XGBoost core, or some parameter actually being used
  but getting flagged wrongly here. Please open an issue if you find any such cases.


[0]	train-rmse:1.09913	valid-rmse:1.10403
[840]	train-rmse:1.01438	valid-rmse:1.01766
[180]	train-rmse:1.00065	valid-rmse:1.00371
[100]	train-rmse:1.06582	valid-rmse:1.07023
[999]	train-rmse:1.00926	valid-rmse:1.01240
[32m[I 2022-04-15 09:17:05,637][0m Trial 73 finished with value: 1.012398 and parameters: {'colsample_bytree': 0.2186712207981328, 'eta': 0.0010814589697468264, 'max_depth': 3, 'n_estimators': 1005, 'subsample': 0.5473712250290337}. Best is trial 65 with value: 0.998642.[0m
[840]	train-rmse:1.00871	valid-rmse:1.01185
[09:17:10] WARNING: ../src/learner.cc:576: 
Parameters: { "n_estimators" } might not be used.

  This could be a false alarm, with some parameters getting used by language bindings but
  then being mistakenly passed down to XGBoost core, or some parameter actually being used
  but getting flagged wrongly here. Please open an issue if you find any such cases.


[0]	train-rmse:1.09912	valid-rmse:1.10403
[860]	train-rmse:1.01364	valid-rmse:1.01690
[200]	train-rmse:0.99927	valid-rmse:1.00232
[120]	train-rmse:1.06055	valid-rmse:1.06487
[20]	train-rmse:1.08994	valid-rmse:1.09473
[860]	train-rmse:1.00809	valid-rmse:1.01121
[880]	train-rmse:1.01293	valid-rmse:1.01618
[220]	train-rmse:0.99826	valid-rmse:1.00129
[20]	train-rmse:1.08983	valid-rmse:1.09459
[140]	train-rmse:1.05566	valid-rmse:1.05989
[880]	train-rmse:1.00751	valid-rmse:1.01062
[40]	train-rmse:1.08154	valid-rmse:1.08620
[900]	train-rmse:1.01225	valid-rmse:1.01548
[240]	train-rmse:0.99751	valid-rmse:1.00057
[160]	train-rmse:1.05114	valid-rmse:1.05529
[40]	train-rmse:1.08133	valid-rmse:1.08596
[900]	train-rmse:1.00695	valid-rmse:1.01004
[920]	train-rmse:1.01159	valid-rmse:1.01480
[260]	train-rmse:0.99694	valid-rmse:1.00006
[60]	train-rmse:1.07389	valid-rmse:1.07843
[180]	train-rmse:1.04695	valid-rmse:1.05102
[60]	train-rmse:1.07360	valid-rmse:1.07810
[920]	train-rmse:1.00642	valid-rmse:1.00950
[940]	train-rmse:1.01096	valid-rmse:1.01416
[280]	train-rmse:0.99651	valid-rmse:0.99967
[200]	train-rmse:1.04309	valid-rmse:1.04708
[80]	train-rmse:1.06691	valid-rmse:1.07135
[940]	train-rmse:1.00591	valid-rmse:1.00897
[80]	train-rmse:1.06658	valid-rmse:1.07096
[960]	train-rmse:1.01036	valid-rmse:1.01354
[300]	train-rmse:0.99617	valid-rmse:0.99938
[220]	train-rmse:1.03951	valid-rmse:1.04343
[960]	train-rmse:1.00543	valid-rmse:1.00848
[100]	train-rmse:1.06054	valid-rmse:1.06487
[980]	train-rmse:1.00978	valid-rmse:1.01295
[320]	train-rmse:0.99591	valid-rmse:0.99919
[100]	train-rmse:1.06016	valid-rmse:1.06443
[240]	train-rmse:1.03621	valid-rmse:1.04007
[980]	train-rmse:1.00497	valid-rmse:1.00801
[999]	train-rmse:1.00926	valid-rmse:1.01240
[32m[I 2022-04-15 09:19:53,952][0m Trial 74 finished with value: 1.012404 and parameters: {'colsample_bytree': 0.23087423486579287, 'eta': 0.0010814423450732618, 'max_depth': 3, 'n_estimators': 833, 'subsample': 0.5477947207020273}. Best is trial 65 with value: 0.998642.[0m
[340]	train-rmse:0.99568	valid-rmse:0.99906
[09:19:58] WARNING: ../src/learner.cc:576: 
Parameters: { "n_estimators" } might not be used.

  This could be a false alarm, with some parameters getting used by language bindings but
  then being mistakenly passed down to XGBoost core, or some parameter actually being used
  but getting flagged wrongly here. Please open an issue if you find any such cases.


[260]	train-rmse:1.03316	valid-rmse:1.03695
[120]	train-rmse:1.05474	valid-rmse:1.05898
[120]	train-rmse:1.05432	valid-rmse:1.05849
[0]	train-rmse:1.09188	valid-rmse:1.09671
[999]	train-rmse:1.00456	valid-rmse:1.00758
[32m[I 2022-04-15 09:20:11,382][0m Trial 75 finished with value: 1.007583 and parameters: {'colsample_bytree': 0.2322129383642631, 'eta': 0.0013121608184514014, 'max_depth': 3, 'n_estimators': 1005, 'subsample': 0.5532722495539474}. Best is trial 65 with value: 0.998642.[0m
[09:20:15] WARNING: ../src/learner.cc:576: 
Parameters: { "n_estimators" } might not be used.

  This could be a false alarm, with some parameters getting used by language bindings but
  then being mistakenly passed down to XGBoost core, or some parameter actually being used
  but getting flagged wrongly here. Please open an issue if you find any such cases.


[360]	train-rmse:0.99547	valid-rmse:0.99898
[0]	train-rmse:1.09913	valid-rmse:1.10404
[280]	train-rmse:1.03033	valid-rmse:1.03407
[20]	train-rmse:1.01589	valid-rmse:1.01913
[140]	train-rmse:1.04899	valid-rmse:1.05308
[140]	train-rmse:1.04944	valid-rmse:1.05358
[380]	train-rmse:0.99528	valid-rmse:0.99891
[300]	train-rmse:1.02771	valid-rmse:1.03138
[40]	train-rmse:1.00017	valid-rmse:1.00315
[20]	train-rmse:1.09008	valid-rmse:1.09487
[160]	train-rmse:1.04415	valid-rmse:1.04814
[400]	train-rmse:0.99512	valid-rmse:0.99885
[320]	train-rmse:1.02531	valid-rmse:1.02893
[160]	train-rmse:1.04462	valid-rmse:1.04866
[60]	train-rmse:0.99669	valid-rmse:0.99991
[420]	train-rmse:0.99496	valid-rmse:0.99880
[40]	train-rmse:1.08179	valid-rmse:1.08645
[180]	train-rmse:1.03975	valid-rmse:1.04364
[340]	train-rmse:1.02309	valid-rmse:1.02665
[80]	train-rmse:0.99549	valid-rmse:0.99924
[180]	train-rmse:1.04022	valid-rmse:1.04417
[440]	train-rmse:0.99482	valid-rmse:0.99878
[360]	train-rmse:1.02103	valid-rmse:1.02455
[100]	train-rmse:0.99475	valid-rmse:0.99914
[200]	train-rmse:1.03575	valid-rmse:1.03958
[60]	train-rmse:1.07424	valid-rmse:1.07876
[460]	train-rmse:0.99469	valid-rmse:0.99878
[200]	train-rmse:1.03623	valid-rmse:1.04010
[380]	train-rmse:1.01913	valid-rmse:1.02259
[120]	train-rmse:0.99414	valid-rmse:0.99919
[220]	train-rmse:1.03211	valid-rmse:1.03587
[80]	train-rmse:1.06733	valid-rmse:1.07174
[480]	train-rmse:0.99455	valid-rmse:0.99876
[400]	train-rmse:1.01739	valid-rmse:1.02079
[140]	train-rmse:0.99355	valid-rmse:0.99920
[143]	train-rmse:0.99347	valid-rmse:0.99924
[32m[I 2022-04-15 09:22:44,775][0m Trial 80 finished with value: 0.999097 and parameters: {'colsample_bytree': 0.2505630894610299, 'eta': 0.04060951737429295, 'max_depth': 3, 'n_estimators': 1023, 'subsample': 0.5038036780125158}. Best is trial 65 with value: 0.998642.[0m
[220]	train-rmse:1.03259	valid-rmse:1.03639
[09:22:49] WARNING: ../src/learner.cc:576: 
Parameters: { "n_estimators" } might not be used.

  This could be a false alarm, with some parameters getting used by language bindings but
  then being mistakenly passed down to XGBoost core, or some parameter actually being used
  but getting flagged wrongly here. Please open an issue if you find any such cases.


[240]	train-rmse:1.02881	valid-rmse:1.03251
[0]	train-rmse:1.09910	valid-rmse:1.10400
[420]	train-rmse:1.01577	valid-rmse:1.01913
[500]	train-rmse:0.99442	valid-rmse:0.99873
[100]	train-rmse:1.06103	valid-rmse:1.06532
[240]	train-rmse:1.02929	valid-rmse:1.03302
[440]	train-rmse:1.01428	valid-rmse:1.01760
[260]	train-rmse:1.02581	valid-rmse:1.02943
[520]	train-rmse:0.99429	valid-rmse:0.99875
[20]	train-rmse:1.08946	valid-rmse:1.09423
[120]	train-rmse:1.05528	valid-rmse:1.05948
[460]	train-rmse:1.01290	valid-rmse:1.01619
[540]	train-rmse:0.99416	valid-rmse:0.99880
[280]	train-rmse:1.02308	valid-rmse:1.02664
[260]	train-rmse:1.02627	valid-rmse:1.02994
[550]	train-rmse:0.99410	valid-rmse:0.99880
[32m[I 2022-04-15 09:23:57,721][0m Trial 76 finished with value: 0.99873 and parameters: {'colsample_bytree': 0.24079233165085817, 'eta': 0.008965247747586374, 'max_depth': 3, 'n_estimators': 998, 'subsample': 0.5436841633844631}. Best is trial 65 with value: 0.998642.[0m
[40]	train-rmse:1.08068	valid-rmse:1.08532
[09:24:02] WARNING: ../src/learner.cc:576: 
Parameters: { "n_estimators" } might not be used.

  This could be a false alarm, with some parameters getting used by language bindings but
  then being mistakenly passed down to XGBoost core, or some parameter actually being used
  but getting flagged wrongly here. Please open an issue if you find any such cases.


[480]	train-rmse:1.01162	valid-rmse:1.01487
[140]	train-rmse:1.05000	valid-rmse:1.05411
[0]	train-rmse:1.09908	valid-rmse:1.10398
[300]	train-rmse:1.02059	valid-rmse:1.02410
[280]	train-rmse:1.02354	valid-rmse:1.02715
[500]	train-rmse:1.01044	valid-rmse:1.01365
[60]	train-rmse:1.07272	valid-rmse:1.07723
[20]	train-rmse:1.08903	valid-rmse:1.09381
[160]	train-rmse:1.04520	valid-rmse:1.04922
[320]	train-rmse:1.01835	valid-rmse:1.02181
[520]	train-rmse:1.00935	valid-rmse:1.01255
[300]	train-rmse:1.02104	valid-rmse:1.02458
[80]	train-rmse:1.06550	valid-rmse:1.06988
[40]	train-rmse:1.07993	valid-rmse:1.08456
[180]	train-rmse:1.04082	valid-rmse:1.04474
[540]	train-rmse:1.00834	valid-rmse:1.01151
[340]	train-rmse:1.01632	valid-rmse:1.01972
[320]	train-rmse:1.01878	valid-rmse:1.02227
[100]	train-rmse:1.05894	valid-rmse:1.06320
[560]	train-rmse:1.00742	valid-rmse:1.01056
[360]	train-rmse:1.01446	valid-rmse:1.01782
[60]	train-rmse:1.07171	valid-rmse:1.07621
[200]	train-rmse:1.03684	valid-rmse:1.04069
[580]	train-rmse:1.00656	valid-rmse:1.00967
[340]	train-rmse:1.01672	valid-rmse:1.02016
[120]	train-rmse:1.05300	valid-rmse:1.05716
[380]	train-rmse:1.01277	valid-rmse:1.01608
[80]	train-rmse:1.06428	valid-rmse:1.06866
[220]	train-rmse:1.03320	valid-rmse:1.03698
[600]	train-rmse:1.00575	valid-rmse:1.00883
[360]	train-rmse:1.01485	valid-rmse:1.01824
[140]	train-rmse:1.04759	valid-rmse:1.05167
[400]	train-rmse:1.01126	valid-rmse:1.01451
[620]	train-rmse:1.00501	valid-rmse:1.00806
[100]	train-rmse:1.05757	valid-rmse:1.06182
[240]	train-rmse:1.02989	valid-rmse:1.03361
[640]	train-rmse:1.00434	valid-rmse:1.00737
[380]	train-rmse:1.01314	valid-rmse:1.01647
[420]	train-rmse:1.00985	valid-rmse:1.01307
[160]	train-rmse:1.04270	valid-rmse:1.04668
[120]	train-rmse:1.05151	valid-rmse:1.05567
[260]	train-rmse:1.02687	valid-rmse:1.03053
[660]	train-rmse:1.00371	valid-rmse:1.00671
[440]	train-rmse:1.00860	valid-rmse:1.01179
[400]	train-rmse:1.01160	valid-rmse:1.01488
[180]	train-rmse:1.03826	valid-rmse:1.04215
[140]	train-rmse:1.04602	valid-rmse:1.05008
[680]	train-rmse:1.00313	valid-rmse:1.00612
[280]	train-rmse:1.02412	valid-rmse:1.02772
[460]	train-rmse:1.00746	valid-rmse:1.01061
[420]	train-rmse:1.01019	valid-rmse:1.01343
[200]	train-rmse:1.03426	valid-rmse:1.03807
[700]	train-rmse:1.00259	valid-rmse:1.00557
[160]	train-rmse:1.04108	valid-rmse:1.04504
[300]	train-rmse:1.02161	valid-rmse:1.02514
[480]	train-rmse:1.00641	valid-rmse:1.00953
[720]	train-rmse:1.00209	valid-rmse:1.00506
[440]	train-rmse:1.00891	valid-rmse:1.01211
[220]	train-rmse:1.03063	valid-rmse:1.03437
[180]	train-rmse:1.03662	valid-rmse:1.04048
[740]	train-rmse:1.00163	valid-rmse:1.00459
[320]	train-rmse:1.01934	valid-rmse:1.02282
[500]	train-rmse:1.00546	valid-rmse:1.00856
[460]	train-rmse:1.00774	valid-rmse:1.01092
[240]	train-rmse:1.02734	valid-rmse:1.03103
[760]	train-rmse:1.00120	valid-rmse:1.00414
[200]	train-rmse:1.03261	valid-rmse:1.03638
[520]	train-rmse:1.00460	valid-rmse:1.00769
[340]	train-rmse:1.01726	valid-rmse:1.02069
[780]	train-rmse:1.00081	valid-rmse:1.00374
[480]	train-rmse:1.00668	valid-rmse:1.00982
[260]	train-rmse:1.02436	valid-rmse:1.02798
[220]	train-rmse:1.02899	valid-rmse:1.03269
[540]	train-rmse:1.00381	valid-rmse:1.00690
[360]	train-rmse:1.01537	valid-rmse:1.01875
[800]	train-rmse:1.00044	valid-rmse:1.00337
[500]	train-rmse:1.00572	valid-rmse:1.00884
[280]	train-rmse:1.02167	valid-rmse:1.02523
[560]	train-rmse:1.00310	valid-rmse:1.00617
[820]	train-rmse:1.00010	valid-rmse:1.00302
[240]	train-rmse:1.02573	valid-rmse:1.02936
[380]	train-rmse:1.01364	valid-rmse:1.01696
[840]	train-rmse:0.99978	valid-rmse:1.00270
[520]	train-rmse:1.00484	valid-rmse:1.00794
[300]	train-rmse:1.01922	valid-rmse:1.02272
[580]	train-rmse:1.00245	valid-rmse:1.00549
[260]	train-rmse:1.02278	valid-rmse:1.02636
[400]	train-rmse:1.01207	valid-rmse:1.01536
[860]	train-rmse:0.99949	valid-rmse:1.00240
[540]	train-rmse:1.00404	valid-rmse:1.00712
[320]	train-rmse:1.01703	valid-rmse:1.02048
[600]	train-rmse:1.00185	valid-rmse:1.00487
[280]	train-rmse:1.02013	valid-rmse:1.02365
[880]	train-rmse:0.99921	valid-rmse:1.00213
[420]	train-rmse:1.01064	valid-rmse:1.01389
[560]	train-rmse:1.00331	valid-rmse:1.00638
[620]	train-rmse:1.00131	valid-rmse:1.00432
[340]	train-rmse:1.01504	valid-rmse:1.01843
[900]	train-rmse:0.99896	valid-rmse:1.00188
[300]	train-rmse:1.01774	valid-rmse:1.02120
[440]	train-rmse:1.00934	valid-rmse:1.01255
[640]	train-rmse:1.00082	valid-rmse:1.00382
[920]	train-rmse:0.99872	valid-rmse:1.00164
[580]	train-rmse:1.00263	valid-rmse:1.00569
[360]	train-rmse:1.01323	valid-rmse:1.01657
[320]	train-rmse:1.01560	valid-rmse:1.01900
[940]	train-rmse:0.99849	valid-rmse:1.00142
[460]	train-rmse:1.00815	valid-rmse:1.01133
[660]	train-rmse:1.00036	valid-rmse:1.00336
[600]	train-rmse:1.00202	valid-rmse:1.00506
[380]	train-rmse:1.01159	valid-rmse:1.01488
[960]	train-rmse:0.99829	valid-rmse:1.00122
[340]	train-rmse:1.01366	valid-rmse:1.01701
[680]	train-rmse:0.99996	valid-rmse:1.00295
[480]	train-rmse:1.00707	valid-rmse:1.01022
[620]	train-rmse:1.00147	valid-rmse:1.00450
[980]	train-rmse:0.99809	valid-rmse:1.00104
[400]	train-rmse:1.01012	valid-rmse:1.01336
[360]	train-rmse:1.01192	valid-rmse:1.01522
[700]	train-rmse:0.99958	valid-rmse:1.00257
[500]	train-rmse:1.00609	valid-rmse:1.00921
[999]	train-rmse:0.99793	valid-rmse:1.00088
[32m[I 2022-04-15 09:34:44,167][0m Trial 77 finished with value: 1.000876 and parameters: {'colsample_bytree': 0.23701645839658222, 'eta': 0.002067403186239875, 'max_depth': 3, 'n_estimators': 1003, 'subsample': 0.5371785733475928}. Best is trial 65 with value: 0.998642.[0m
[09:34:48] WARNING: ../src/learner.cc:576: 
Parameters: { "n_estimators" } might not be used.

  This could be a false alarm, with some parameters getting used by language bindings but
  then being mistakenly passed down to XGBoost core, or some parameter actually being used
  but getting flagged wrongly here. Please open an issue if you find any such cases.


[640]	train-rmse:1.00097	valid-rmse:1.00399
[420]	train-rmse:1.00878	valid-rmse:1.01197
[0]	train-rmse:1.09960	valid-rmse:1.10451
[720]	train-rmse:0.99923	valid-rmse:1.00223
[380]	train-rmse:1.01033	valid-rmse:1.01360
[520]	train-rmse:1.00520	valid-rmse:1.00829
[660]	train-rmse:1.00050	valid-rmse:1.00351
[440]	train-rmse:1.00757	valid-rmse:1.01074
[20]	train-rmse:1.09960	valid-rmse:1.10451
[740]	train-rmse:0.99892	valid-rmse:1.00192
[400]	train-rmse:1.00892	valid-rmse:1.01214
[540]	train-rmse:1.00437	valid-rmse:1.00744
[680]	train-rmse:1.00008	valid-rmse:1.00309
[460]	train-rmse:1.00647	valid-rmse:1.00961
[40]	train-rmse:1.09960	valid-rmse:1.10451
[760]	train-rmse:0.99863	valid-rmse:1.00163
[420]	train-rmse:1.00764	valid-rmse:1.01082
[560]	train-rmse:1.00362	valid-rmse:1.00669
[700]	train-rmse:0.99969	valid-rmse:1.00269
[480]	train-rmse:1.00547	valid-rmse:1.00860
[780]	train-rmse:0.99836	valid-rmse:1.00137
[60]	train-rmse:1.09960	valid-rmse:1.10451
[440]	train-rmse:1.00649	valid-rmse:1.00964
[580]	train-rmse:1.00293	valid-rmse:1.00597
[500]	train-rmse:1.00458	valid-rmse:1.00768
[800]	train-rmse:0.99812	valid-rmse:1.00113
[720]	train-rmse:0.99934	valid-rmse:1.00234
[80]	train-rmse:1.09960	valid-rmse:1.10451
[460]	train-rmse:1.00546	valid-rmse:1.00857
[600]	train-rmse:1.00231	valid-rmse:1.00533
[820]	train-rmse:0.99790	valid-rmse:1.00091
[520]	train-rmse:1.00377	valid-rmse:1.00685
[740]	train-rmse:0.99901	valid-rmse:1.00202
[100]	train-rmse:1.09960	valid-rmse:1.10451
[480]	train-rmse:1.00452	valid-rmse:1.00761
[620]	train-rmse:1.00174	valid-rmse:1.00475
[840]	train-rmse:0.99769	valid-rmse:1.00072
[540]	train-rmse:1.00302	valid-rmse:1.00608
[760]	train-rmse:0.99871	valid-rmse:1.00173
[120]	train-rmse:1.09959	valid-rmse:1.10451
[500]	train-rmse:1.00367	valid-rmse:1.00676
[860]	train-rmse:0.99750	valid-rmse:1.00054
[640]	train-rmse:1.00122	valid-rmse:1.00423
[560]	train-rmse:1.00235	valid-rmse:1.00540
[780]	train-rmse:0.99844	valid-rmse:1.00145
[140]	train-rmse:1.09960	valid-rmse:1.10451
[520]	train-rmse:1.00292	valid-rmse:1.00598
[880]	train-rmse:0.99732	valid-rmse:1.00039
[660]	train-rmse:1.00075	valid-rmse:1.00374
[580]	train-rmse:1.00174	valid-rmse:1.00476
[160]	train-rmse:1.09959	valid-rmse:1.10450
[800]	train-rmse:0.99820	valid-rmse:1.00121
[900]	train-rmse:0.99715	valid-rmse:1.00024
[540]	train-rmse:1.00222	valid-rmse:1.00527
[680]	train-rmse:1.00031	valid-rmse:1.00330
[600]	train-rmse:1.00118	valid-rmse:1.00418
[180]	train-rmse:1.09959	valid-rmse:1.10450
[820]	train-rmse:0.99796	valid-rmse:1.00098
[920]	train-rmse:0.99700	valid-rmse:1.00010
[560]	train-rmse:1.00159	valid-rmse:1.00464
[700]	train-rmse:0.99991	valid-rmse:1.00289
[620]	train-rmse:1.00067	valid-rmse:1.00367
[200]	train-rmse:1.09959	valid-rmse:1.10450
[840]	train-rmse:0.99775	valid-rmse:1.00078
[940]	train-rmse:0.99685	valid-rmse:0.99996
[580]	train-rmse:1.00102	valid-rmse:1.00406
[720]	train-rmse:0.99954	valid-rmse:1.00253
[640]	train-rmse:1.00022	valid-rmse:1.00321
[960]	train-rmse:0.99672	valid-rmse:0.99984
[220]	train-rmse:1.09959	valid-rmse:1.10450
[860]	train-rmse:0.99755	valid-rmse:1.00059
[600]	train-rmse:1.00051	valid-rmse:1.00354
[740]	train-rmse:0.99921	valid-rmse:1.00220
[660]	train-rmse:0.99980	valid-rmse:1.00279
[980]	train-rmse:0.99660	valid-rmse:0.99974
[240]	train-rmse:1.09959	valid-rmse:1.10450
[880]	train-rmse:0.99737	valid-rmse:1.00042
[620]	train-rmse:1.00005	valid-rmse:1.00307
[999]	train-rmse:0.99648	valid-rmse:0.99966
[760]	train-rmse:0.99890	valid-rmse:1.00189
