[32m[I 2022-04-17 05:59:45,434][0m Trial 136 finished with value: 0.998516 and parameters: {'colsample_bytree': 0.929368429270613, 'eta': 0.03595623309267765, 'max_depth': 3, 'n_estimators': 306, 'subsample': 0.984089317315107}. Best is trial 48 with value: 0.998395.[0m
[05:59:49] WARNING: ../src/learner.cc:576: 
Parameters: { "n_estimators" } might not be used.

  This could be a false alarm, with some parameters getting used by language bindings but
  then being mistakenly passed down to XGBoost core, or some parameter actually being used
  but getting flagged wrongly here. Please open an issue if you find any such cases.


[880]	train-rmse:0.99207	valid-rmse:0.99844
[0]	train-rmse:1.09116	valid-rmse:1.09439
[900]	train-rmse:0.99155	valid-rmse:0.99851
[120]	train-rmse:0.99254	valid-rmse:0.99851
[340]	train-rmse:0.99687	valid-rmse:1.00054
[60]	train-rmse:0.99650	valid-rmse:1.00008
[900]	train-rmse:0.99196	valid-rmse:0.99843
[20]	train-rmse:1.01475	valid-rmse:1.01819
[920]	train-rmse:0.99143	valid-rmse:0.99850
[140]	train-rmse:0.99173	valid-rmse:0.99848
[360]	train-rmse:0.99643	valid-rmse:1.00015
[80]	train-rmse:0.99484	valid-rmse:0.99901
[920]	train-rmse:0.99185	valid-rmse:0.99843
[40]	train-rmse:0.99920	valid-rmse:1.00273
[940]	train-rmse:0.99131	valid-rmse:0.99851
[160]	train-rmse:0.99095	valid-rmse:0.99853
[940]	train-rmse:0.99174	valid-rmse:0.99843
[380]	train-rmse:0.99606	valid-rmse:0.99983
[100]	train-rmse:0.99386	valid-rmse:0.99867
[948]	train-rmse:0.99126	valid-rmse:0.99851
[32m[I 2022-04-17 06:03:09,077][0m Trial 131 finished with value: 0.998502 and parameters: {'colsample_bytree': 0.933702814586604, 'eta': 0.006735211340976579, 'max_depth': 3, 'n_estimators': 277, 'subsample': 0.9153507593078518}. Best is trial 48 with value: 0.998395.[0m
[06:03:13] WARNING: ../src/learner.cc:576: 
Parameters: { "n_estimators" } might not be used.

  This could be a false alarm, with some parameters getting used by language bindings but
  then being mistakenly passed down to XGBoost core, or some parameter actually being used
  but getting flagged wrongly here. Please open an issue if you find any such cases.


[0]	train-rmse:1.09123	valid-rmse:1.09447
[60]	train-rmse:0.99572	valid-rmse:0.99950
[180]	train-rmse:0.99021	valid-rmse:0.99852
[960]	train-rmse:0.99163	valid-rmse:0.99843
[400]	train-rmse:0.99574	valid-rmse:0.99958
[120]	train-rmse:0.99318	valid-rmse:0.99857
[20]	train-rmse:1.01504	valid-rmse:1.01847
[190]	train-rmse:0.98988	valid-rmse:0.99851
[32m[I 2022-04-17 06:04:36,573][0m Trial 137 finished with value: 0.99848 and parameters: {'colsample_bytree': 0.9317300583647626, 'eta': 0.0438001672752091, 'max_depth': 3, 'n_estimators': 308, 'subsample': 0.9855099675370941}. Best is trial 48 with value: 0.998395.[0m
[06:04:40] WARNING: ../src/learner.cc:576: 
Parameters: { "n_estimators" } might not be used.

  This could be a false alarm, with some parameters getting used by language bindings but
  then being mistakenly passed down to XGBoost core, or some parameter actually being used
  but getting flagged wrongly here. Please open an issue if you find any such cases.


[80]	train-rmse:0.99437	valid-rmse:0.99877
[0]	train-rmse:1.08593	valid-rmse:1.08920
[980]	train-rmse:0.99152	valid-rmse:0.99843
[420]	train-rmse:0.99547	valid-rmse:0.99938
[140]	train-rmse:0.99251	valid-rmse:0.99849
[40]	train-rmse:0.99931	valid-rmse:1.00285
[20]	train-rmse:1.00133	valid-rmse:1.00472
[100]	train-rmse:0.99353	valid-rmse:0.99859
[999]	train-rmse:0.99140	valid-rmse:0.99843
[32m[I 2022-04-17 06:06:19,019][0m Trial 132 finished with value: 0.998423 and parameters: {'colsample_bytree': 0.8443074635917809, 'eta': 0.006626845126356534, 'max_depth': 3, 'n_estimators': 288, 'subsample': 0.9862614249907917}. Best is trial 48 with value: 0.998395.[0m
[06:06:23] WARNING: ../src/learner.cc:576: 
Parameters: { "n_estimators" } might not be used.

  This could be a false alarm, with some parameters getting used by language bindings but
  then being mistakenly passed down to XGBoost core, or some parameter actually being used
  but getting flagged wrongly here. Please open an issue if you find any such cases.


[440]	train-rmse:0.99523	valid-rmse:0.99922
[0]	train-rmse:1.09357	valid-rmse:1.09681
[160]	train-rmse:0.99189	valid-rmse:0.99849
[60]	train-rmse:0.99574	valid-rmse:0.99952
[40]	train-rmse:0.99491	valid-rmse:0.99916
[120]	train-rmse:0.99277	valid-rmse:0.99851
[20]	train-rmse:1.02810	valid-rmse:1.03156
[460]	train-rmse:0.99502	valid-rmse:0.99909
[180]	train-rmse:0.99132	valid-rmse:0.99848
[80]	train-rmse:0.99439	valid-rmse:0.99878
[60]	train-rmse:0.99343	valid-rmse:0.99870
[140]	train-rmse:0.99203	valid-rmse:0.99847
[40]	train-rmse:1.00627	valid-rmse:1.00968
[480]	train-rmse:0.99481	valid-rmse:0.99898
[200]	train-rmse:0.99065	valid-rmse:0.99850
[100]	train-rmse:0.99345	valid-rmse:0.99860
[80]	train-rmse:0.99222	valid-rmse:0.99867
[160]	train-rmse:0.99127	valid-rmse:0.99845
[60]	train-rmse:0.99894	valid-rmse:1.00241
[500]	train-rmse:0.99463	valid-rmse:0.99889
[220]	train-rmse:0.99005	valid-rmse:0.99850
[224]	train-rmse:0.98996	valid-rmse:0.99851
[32m[I 2022-04-17 06:10:21,286][0m Trial 138 finished with value: 0.998465 and parameters: {'colsample_bytree': 0.9295359475623362, 'eta': 0.03675055748867596, 'max_depth': 3, 'n_estimators': 318, 'subsample': 0.967242047050153}. Best is trial 48 with value: 0.998395.[0m
[06:10:25] WARNING: ../src/learner.cc:576: 
Parameters: { "n_estimators" } might not be used.

  This could be a false alarm, with some parameters getting used by language bindings but
  then being mistakenly passed down to XGBoost core, or some parameter actually being used
  but getting flagged wrongly here. Please open an issue if you find any such cases.


[120]	train-rmse:0.99269	valid-rmse:0.99854
[0]	train-rmse:1.09482	valid-rmse:1.09804
[80]	train-rmse:0.99617	valid-rmse:0.99995
[100]	train-rmse:0.99094	valid-rmse:0.99867
[180]	train-rmse:0.99059	valid-rmse:0.99844
[520]	train-rmse:0.99448	valid-rmse:0.99882
[20]	train-rmse:1.03811	valid-rmse:1.04157
[100]	train-rmse:0.99492	valid-rmse:0.99908
[140]	train-rmse:0.99194	valid-rmse:0.99853
[120]	train-rmse:0.98986	valid-rmse:0.99868
[200]	train-rmse:0.98989	valid-rmse:0.99850
[540]	train-rmse:0.99432	valid-rmse:0.99877
[40]	train-rmse:1.01367	valid-rmse:1.01713
[120]	train-rmse:0.99415	valid-rmse:0.99876
[160]	train-rmse:0.99116	valid-rmse:0.99857
[139]	train-rmse:0.98877	valid-rmse:0.99869
[32m[I 2022-04-17 06:13:15,642][0m Trial 141 finished with value: 0.998638 and parameters: {'colsample_bytree': 0.9838101320257957, 'eta': 0.06968287003734874, 'max_depth': 3, 'n_estimators': 158, 'subsample': 0.9637368821567001}. Best is trial 48 with value: 0.998395.[0m
[560]	train-rmse:0.99417	valid-rmse:0.99872
[220]	train-rmse:0.98924	valid-rmse:0.99852
[06:13:19] WARNING: ../src/learner.cc:576: 
Parameters: { "n_estimators" } might not be used.

  This could be a false alarm, with some parameters getting used by language bindings but
  then being mistakenly passed down to XGBoost core, or some parameter actually being used
  but getting flagged wrongly here. Please open an issue if you find any such cases.


[0]	train-rmse:1.09522	valid-rmse:1.09843
[60]	train-rmse:1.00325	valid-rmse:1.00663
[140]	train-rmse:0.99359	valid-rmse:0.99862
[229]	train-rmse:0.98900	valid-rmse:0.99853
[32m[I 2022-04-17 06:13:56,556][0m Trial 139 finished with value: 0.998444 and parameters: {'colsample_bytree': 0.9904146618109516, 'eta': 0.04137208483493571, 'max_depth': 3, 'n_estimators': 146, 'subsample': 0.9666696714558498}. Best is trial 48 with value: 0.998395.[0m
[06:14:00] WARNING: ../src/learner.cc:576: 
Parameters: { "n_estimators" } might not be used.

  This could be a false alarm, with some parameters getting used by language bindings but
  then being mistakenly passed down to XGBoost core, or some parameter actually being used
  but getting flagged wrongly here. Please open an issue if you find any such cases.


[0]	train-rmse:1.09515	valid-rmse:1.09836
[180]	train-rmse:0.99052	valid-rmse:0.99855
[182]	train-rmse:0.99045	valid-rmse:0.99856
[32m[I 2022-04-17 06:14:19,278][0m Trial 140 finished with value: 0.998528 and parameters: {'colsample_bytree': 0.9862439934238957, 'eta': 0.0410243657435405, 'max_depth': 3, 'n_estimators': 146, 'subsample': 0.962889943844409}. Best is trial 48 with value: 0.998395.[0m
[06:14:23] WARNING: ../src/learner.cc:576: 
Parameters: { "n_estimators" } might not be used.

  This could be a false alarm, with some parameters getting used by language bindings but
  then being mistakenly passed down to XGBoost core, or some parameter actually being used
  but getting flagged wrongly here. Please open an issue if you find any such cases.


[580]	train-rmse:0.99402	valid-rmse:0.99869
[20]	train-rmse:1.04208	valid-rmse:1.04552
[0]	train-rmse:1.09560	valid-rmse:1.09879
[80]	train-rmse:0.99863	valid-rmse:1.00213
[160]	train-rmse:0.99301	valid-rmse:0.99856
[20]	train-rmse:1.04135	valid-rmse:1.04481
[40]	train-rmse:1.01713	valid-rmse:1.02060
[600]	train-rmse:0.99389	valid-rmse:0.99866
[20]	train-rmse:1.04594	valid-rmse:1.04933
[100]	train-rmse:0.99646	valid-rmse:1.00020
[180]	train-rmse:0.99253	valid-rmse:0.99852
[40]	train-rmse:1.01649	valid-rmse:1.01993
[60]	train-rmse:1.00558	valid-rmse:1.00896
[620]	train-rmse:0.99376	valid-rmse:0.99864
[40]	train-rmse:1.02079	valid-rmse:1.02418
[120]	train-rmse:0.99535	valid-rmse:0.99929
[200]	train-rmse:0.99201	valid-rmse:0.99849
[60]	train-rmse:1.00513	valid-rmse:1.00852
[80]	train-rmse:1.00008	valid-rmse:1.00354
[140]	train-rmse:0.99465	valid-rmse:0.99887
[640]	train-rmse:0.99364	valid-rmse:0.99861
[60]	train-rmse:1.00818	valid-rmse:1.01156
[220]	train-rmse:0.99155	valid-rmse:0.99848
[80]	train-rmse:0.99979	valid-rmse:1.00324
[100]	train-rmse:0.99740	valid-rmse:1.00099
[160]	train-rmse:0.99408	valid-rmse:0.99865
[660]	train-rmse:0.99351	valid-rmse:0.99859
[80]	train-rmse:1.00183	valid-rmse:1.00523
[240]	train-rmse:0.99109	valid-rmse:0.99851
[100]	train-rmse:0.99724	valid-rmse:1.00079
[120]	train-rmse:0.99601	valid-rmse:0.99975
[180]	train-rmse:0.99362	valid-rmse:0.99856
[680]	train-rmse:0.99338	valid-rmse:0.99858
[100]	train-rmse:0.99854	valid-rmse:1.00203
[260]	train-rmse:0.99064	valid-rmse:0.99851
[120]	train-rmse:0.99594	valid-rmse:0.99962
[140]	train-rmse:0.99515	valid-rmse:0.99916
[270]	train-rmse:0.99043	valid-rmse:0.99850
[32m[I 2022-04-17 06:20:47,156][0m Trial 142 finished with value: 0.998485 and parameters: {'colsample_bytree': 0.8461413147203778, 'eta': 0.028622939020710985, 'max_depth': 3, 'n_estimators': 155, 'subsample': 0.9650984737024777}. Best is trial 48 with value: 0.998395.[0m
[06:20:51] WARNING: ../src/learner.cc:576: 
Parameters: { "n_estimators" } might not be used.

  This could be a false alarm, with some parameters getting used by language bindings but
  then being mistakenly passed down to XGBoost core, or some parameter actually being used
  but getting flagged wrongly here. Please open an issue if you find any such cases.


[0]	train-rmse:1.07609	valid-rmse:1.07938
[200]	train-rmse:0.99316	valid-rmse:0.99849
[120]	train-rmse:0.99679	valid-rmse:1.00038
[700]	train-rmse:0.99326	valid-rmse:0.99857
[140]	train-rmse:0.99509	valid-rmse:0.99906
[160]	train-rmse:0.99455	valid-rmse:0.99886
[220]	train-rmse:0.99279	valid-rmse:0.99844
[20]	train-rmse:0.99535	valid-rmse:0.99927
[140]	train-rmse:0.99575	valid-rmse:0.99952
[720]	train-rmse:0.99316	valid-rmse:0.99856
[160]	train-rmse:0.99448	valid-rmse:0.99877
[180]	train-rmse:0.99408	valid-rmse:0.99870
[240]	train-rmse:0.99243	valid-rmse:0.99843
[40]	train-rmse:0.99286	valid-rmse:0.99863
[160]	train-rmse:0.99508	valid-rmse:0.99906
[740]	train-rmse:0.99304	valid-rmse:0.99855
[180]	train-rmse:0.99402	valid-rmse:0.99863
[200]	train-rmse:0.99367	valid-rmse:0.99864
[260]	train-rmse:0.99211	valid-rmse:0.99843
[180]	train-rmse:0.99458	valid-rmse:0.99879
[60]	train-rmse:0.99078	valid-rmse:0.99859
[760]	train-rmse:0.99294	valid-rmse:0.99853
[200]	train-rmse:0.99362	valid-rmse:0.99854
[220]	train-rmse:0.99329	valid-rmse:0.99857
[280]	train-rmse:0.99174	valid-rmse:0.99841
[200]	train-rmse:0.99416	valid-rmse:0.99864
[220]	train-rmse:0.99325	valid-rmse:0.99850
[780]	train-rmse:0.99283	valid-rmse:0.99853
[80]	train-rmse:0.98859	valid-rmse:0.99873
[240]	train-rmse:0.99292	valid-rmse:0.99854
[300]	train-rmse:0.99129	valid-rmse:0.99841
[220]	train-rmse:0.99381	valid-rmse:0.99857
[240]	train-rmse:0.99292	valid-rmse:0.99847
[800]	train-rmse:0.99272	valid-rmse:0.99852
[260]	train-rmse:0.99261	valid-rmse:0.99852
[100]	train-rmse:0.98681	valid-rmse:0.99882
[320]	train-rmse:0.99092	valid-rmse:0.99843
[108]	train-rmse:0.98611	valid-rmse:0.99885
[32m[I 2022-04-17 06:27:47,550][0m Trial 147 finished with value: 0.998556 and parameters: {'colsample_bytree': 0.9971943048333668, 'eta': 0.12471353155906692, 'max_depth': 3, 'n_estimators': 121, 'subsample': 0.9996618893988417}. Best is trial 48 with value: 0.998395.[0m
[06:27:51] WARNING: ../src/learner.cc:576: 
Parameters: { "n_estimators" } might not be used.

  This could be a false alarm, with some parameters getting used by language bindings but
  then being mistakenly passed down to XGBoost core, or some parameter actually being used
  but getting flagged wrongly here. Please open an issue if you find any such cases.


[0]	train-rmse:1.05580	valid-rmse:1.05913
[240]	train-rmse:0.99349	valid-rmse:0.99852
[260]	train-rmse:0.99258	valid-rmse:0.99845
[280]	train-rmse:0.99226	valid-rmse:0.99849
[820]	train-rmse:0.99260	valid-rmse:0.99851
[340]	train-rmse:0.99054	valid-rmse:0.99845
[32m[I 2022-04-17 06:28:34,626][0m Trial 143 finished with value: 0.998394 and parameters: {'colsample_bytree': 0.8442658569272272, 'eta': 0.022097230087882953, 'max_depth': 3, 'n_estimators': 166, 'subsample': 0.9626062337518138}. Best is trial 143 with value: 0.998394.[0m
[06:28:38] WARNING: ../src/learner.cc:576: 
Parameters: { "n_estimators" } might not be used.

  This could be a false alarm, with some parameters getting used by language bindings but
  then being mistakenly passed down to XGBoost core, or some parameter actually being used
  but getting flagged wrongly here. Please open an issue if you find any such cases.


[0]	train-rmse:1.05146	valid-rmse:1.05479
[280]	train-rmse:0.99222	valid-rmse:0.99844
[260]	train-rmse:0.99319	valid-rmse:0.99849
[20]	train-rmse:0.99269	valid-rmse:0.99865
[300]	train-rmse:0.99192	valid-rmse:0.99848
[840]	train-rmse:0.99248	valid-rmse:0.99851
[20]	train-rmse:0.99243	valid-rmse:0.99886
[300]	train-rmse:0.99191	valid-rmse:0.99844
[280]	train-rmse:0.99289	valid-rmse:0.99847
[40]	train-rmse:0.98901	valid-rmse:0.99905
[320]	train-rmse:0.99156	valid-rmse:0.99849
[860]	train-rmse:0.99237	valid-rmse:0.99851
[40]	train-rmse:0.98786	valid-rmse:0.99900
[320]	train-rmse:0.99152	valid-rmse:0.99845
[300]	train-rmse:0.99257	valid-rmse:0.99847
[340]	train-rmse:0.99124	valid-rmse:0.99849
[32m[I 2022-04-17 06:31:31,777][0m Trial 144 finished with value: 0.998479 and parameters: {'colsample_bytree': 0.8430212439409827, 'eta': 0.019909048200718493, 'max_depth': 3, 'n_estimators': 236, 'subsample': 0.982634336768418}. Best is trial 143 with value: 0.998394.[0m
[60]	train-rmse:0.98514	valid-rmse:0.99925
[06:31:36] WARNING: ../src/learner.cc:576: 
Parameters: { "n_estimators" } might not be used.

  This could be a false alarm, with some parameters getting used by language bindings but
  then being mistakenly passed down to XGBoost core, or some parameter actually being used
  but getting flagged wrongly here. Please open an issue if you find any such cases.


[0]	train-rmse:1.05868	valid-rmse:1.06209
[880]	train-rmse:0.99226	valid-rmse:0.99851
[67]	train-rmse:0.98386	valid-rmse:0.99941
[32m[I 2022-04-17 06:31:59,995][0m Trial 148 finished with value: 0.998612 and parameters: {'colsample_bytree': 0.9509164210843755, 'eta': 0.24924714329554012, 'max_depth': 3, 'n_estimators': 227, 'subsample': 0.9836686628258211}. Best is trial 143 with value: 0.998394.[0m
[06:32:04] WARNING: ../src/learner.cc:576: 
Parameters: { "n_estimators" } might not be used.

  This could be a false alarm, with some parameters getting used by language bindings but
  then being mistakenly passed down to XGBoost core, or some parameter actually being used
  but getting flagged wrongly here. Please open an issue if you find any such cases.


[60]	train-rmse:0.98384	valid-rmse:0.99938
[0]	train-rmse:1.08544	valid-rmse:1.08873
[62]	train-rmse:0.98351	valid-rmse:0.99946
[32m[I 2022-04-17 06:32:12,817][0m Trial 149 finished with value: 0.998719 and parameters: {'colsample_bytree': 0.8793032186820506, 'eta': 0.27810673420171933, 'max_depth': 3, 'n_estimators': 236, 'subsample': 0.9873917503948002}. Best is trial 143 with value: 0.998394.[0m
[06:32:16] WARNING: ../src/learner.cc:576: 
Parameters: { "n_estimators" } might not be used.

  This could be a false alarm, with some parameters getting used by language bindings but
  then being mistakenly passed down to XGBoost core, or some parameter actually being used
  but getting flagged wrongly here. Please open an issue if you find any such cases.


[339]	train-rmse:0.99120	valid-rmse:0.99845
[32m[I 2022-04-17 06:32:22,308][0m Trial 145 finished with value: 0.998432 and parameters: {'colsample_bytree': 0.8438312507749335, 'eta': 0.020289024121565035, 'max_depth': 3, 'n_estimators': 235, 'subsample': 0.9850407663293481}. Best is trial 143 with value: 0.998394.[0m
[0]	train-rmse:1.09375	valid-rmse:1.09697
[06:32:26] WARNING: ../src/learner.cc:576: 
Parameters: { "n_estimators" } might not be used.

  This could be a false alarm, with some parameters getting used by language bindings but
  then being mistakenly passed down to XGBoost core, or some parameter actually being used
  but getting flagged wrongly here. Please open an issue if you find any such cases.


[320]	train-rmse:0.99227	valid-rmse:0.99844
[0]	train-rmse:1.09853	valid-rmse:1.10171
[20]	train-rmse:1.00075	valid-rmse:1.00410
[20]	train-rmse:0.99314	valid-rmse:0.99867
[900]	train-rmse:0.99214	valid-rmse:0.99851
[40]	train-rmse:0.99506	valid-rmse:0.99907
[20]	train-rmse:1.02940	valid-rmse:1.03284
[20]	train-rmse:1.08840	valid-rmse:1.09164
[60]	train-rmse:0.99370	valid-rmse:0.99861
[340]	train-rmse:0.99197	valid-rmse:0.99845
[40]	train-rmse:0.98914	valid-rmse:0.99889
[80]	train-rmse:0.99251	valid-rmse:0.99857
[920]	train-rmse:0.99203	valid-rmse:0.99851
[100]	train-rmse:0.99135	valid-rmse:0.99869
[40]	train-rmse:1.07924	valid-rmse:1.08253
[40]	train-rmse:1.00711	valid-rmse:1.01058
[360]	train-rmse:0.99168	valid-rmse:0.99843
[60]	train-rmse:0.98567	valid-rmse:0.99926
[120]	train-rmse:0.99031	valid-rmse:0.99876
[940]	train-rmse:0.99191	valid-rmse:0.99850
[134]	train-rmse:0.98953	valid-rmse:0.99877
[32m[I 2022-04-17 06:35:20,015][0m Trial 151 finished with value: 0.998563 and parameters: {'colsample_bytree': 0.3107678333135863, 'eta': 0.07244659061942124, 'max_depth': 3, 'n_estimators': 179, 'subsample': 0.9493024805054996}. Best is trial 143 with value: 0.998394.[0m
[06:35:24] WARNING: ../src/learner.cc:576: 
Parameters: { "n_estimators" } might not be used.

  This could be a false alarm, with some parameters getting used by language bindings but
  then being mistakenly passed down to XGBoost core, or some parameter actually being used
  but getting flagged wrongly here. Please open an issue if you find any such cases.


[0]	train-rmse:1.09591	valid-rmse:1.09911
[60]	train-rmse:1.07096	valid-rmse:1.07430
[60]	train-rmse:0.99939	valid-rmse:1.00285
[73]	train-rmse:0.98361	valid-rmse:0.99948
[32m[I 2022-04-17 06:35:45,391][0m Trial 150 finished with value: 0.998605 and parameters: {'colsample_bytree': 0.8819844316227796, 'eta': 0.2308308101334781, 'max_depth': 3, 'n_estimators': 173, 'subsample': 0.9477557586802385}. Best is trial 143 with value: 0.998394.[0m
[06:35:49] WARNING: ../src/learner.cc:576: 
Parameters: { "n_estimators" } might not be used.

  This could be a false alarm, with some parameters getting used by language bindings but
  then being mistakenly passed down to XGBoost core, or some parameter actually being used
  but getting flagged wrongly here. Please open an issue if you find any such cases.


[0]	train-rmse:1.09587	valid-rmse:1.09907
[380]	train-rmse:0.99136	valid-rmse:0.99844
[960]	train-rmse:0.99182	valid-rmse:0.99850
[20]	train-rmse:1.04941	valid-rmse:1.05279
[80]	train-rmse:1.06349	valid-rmse:1.06686
[80]	train-rmse:0.99647	valid-rmse:1.00016
[20]	train-rmse:1.04897	valid-rmse:1.05239
[400]	train-rmse:0.99108	valid-rmse:0.99843
[40]	train-rmse:1.02431	valid-rmse:1.02772
[100]	train-rmse:1.05675	valid-rmse:1.06015
[980]	train-rmse:0.99171	valid-rmse:0.99851
[100]	train-rmse:0.99510	valid-rmse:0.99919
[40]	train-rmse:1.02386	valid-rmse:1.02730
[420]	train-rmse:0.99076	valid-rmse:0.99843
[120]	train-rmse:1.05066	valid-rmse:1.05409
[60]	train-rmse:1.01093	valid-rmse:1.01427
[999]	train-rmse:0.99160	valid-rmse:0.99851
