[32m[I 2022-04-15 04:25:22,189][0m Trial 28 finished with value: 1.000078 and parameters: {'colsample_bytree': 0.5170008772374808, 'eta': 0.05779924439693843, 'max_depth': 7, 'n_estimators': 521, 'subsample': 0.7002189951657986}. Best is trial 15 with value: 0.999478.[0m
[04:25:26] WARNING: ../src/learner.cc:576: 
Parameters: { "n_estimators" } might not be used.

  This could be a false alarm, with some parameters getting used by language bindings but
  then being mistakenly passed down to XGBoost core, or some parameter actually being used
  but getting flagged wrongly here. Please open an issue if you find any such cases.


[0]	train-rmse:1.09947	valid-rmse:1.10438
[500]	train-rmse:0.97760	valid-rmse:1.00715
[40]	train-rmse:1.09378	valid-rmse:1.09888
[440]	train-rmse:0.99571	valid-rmse:1.01738
[340]	train-rmse:1.04841	valid-rmse:1.05855
[20]	train-rmse:1.09676	valid-rmse:1.10176
[500]	train-rmse:1.00578	valid-rmse:1.02485
[60]	train-rmse:1.09105	valid-rmse:1.09625
[520]	train-rmse:0.97594	valid-rmse:1.00641
[40]	train-rmse:1.09411	valid-rmse:1.09920
[360]	train-rmse:1.04612	valid-rmse:1.05658
[460]	train-rmse:0.99355	valid-rmse:1.01598
[80]	train-rmse:1.08838	valid-rmse:1.09368
[60]	train-rmse:1.09153	valid-rmse:1.09670
[520]	train-rmse:1.00381	valid-rmse:1.02345
[540]	train-rmse:0.97452	valid-rmse:1.00574
[100]	train-rmse:1.08579	valid-rmse:1.09119
[80]	train-rmse:1.08902	valid-rmse:1.09427
[380]	train-rmse:1.04390	valid-rmse:1.05466
[480]	train-rmse:0.99160	valid-rmse:1.01470
[100]	train-rmse:1.08655	valid-rmse:1.09189
[120]	train-rmse:1.08325	valid-rmse:1.08874
[540]	train-rmse:1.00197	valid-rmse:1.02212
[560]	train-rmse:0.97313	valid-rmse:1.00511
[400]	train-rmse:1.04173	valid-rmse:1.05282
[120]	train-rmse:1.08415	valid-rmse:1.08957
[140]	train-rmse:1.08078	valid-rmse:1.08637
[500]	train-rmse:0.98968	valid-rmse:1.01352
[140]	train-rmse:1.08179	valid-rmse:1.08731
[160]	train-rmse:1.07837	valid-rmse:1.08405
[420]	train-rmse:1.03964	valid-rmse:1.05101
[560]	train-rmse:1.00012	valid-rmse:1.02086
[580]	train-rmse:0.97183	valid-rmse:1.00454
[160]	train-rmse:1.07950	valid-rmse:1.08510
[180]	train-rmse:1.07600	valid-rmse:1.08179
[520]	train-rmse:0.98798	valid-rmse:1.01245
[440]	train-rmse:1.03761	valid-rmse:1.04928
[180]	train-rmse:1.07726	valid-rmse:1.08294
[200]	train-rmse:1.07372	valid-rmse:1.07959
[580]	train-rmse:0.99838	valid-rmse:1.01966
[600]	train-rmse:0.97061	valid-rmse:1.00403
[200]	train-rmse:1.07507	valid-rmse:1.08085
[540]	train-rmse:0.98629	valid-rmse:1.01146
[220]	train-rmse:1.07148	valid-rmse:1.07745
[460]	train-rmse:1.03564	valid-rmse:1.04760
[220]	train-rmse:1.07294	valid-rmse:1.07878
[600]	train-rmse:0.99671	valid-rmse:1.01852
[620]	train-rmse:0.96956	valid-rmse:1.00358
[240]	train-rmse:1.06930	valid-rmse:1.07537
[560]	train-rmse:0.98477	valid-rmse:1.01052
[240]	train-rmse:1.07085	valid-rmse:1.07678
[480]	train-rmse:1.03373	valid-rmse:1.04598
[260]	train-rmse:1.06717	valid-rmse:1.07334
[260]	train-rmse:1.06881	valid-rmse:1.07482
[640]	train-rmse:0.96850	valid-rmse:1.00316
[620]	train-rmse:0.99514	valid-rmse:1.01745
[280]	train-rmse:1.06509	valid-rmse:1.07136
[580]	train-rmse:0.98320	valid-rmse:1.00965
[500]	train-rmse:1.03184	valid-rmse:1.04442
[280]	train-rmse:1.06683	valid-rmse:1.07292
[300]	train-rmse:1.06306	valid-rmse:1.06943
[300]	train-rmse:1.06488	valid-rmse:1.07106
[660]	train-rmse:0.96742	valid-rmse:1.00280
[640]	train-rmse:0.99360	valid-rmse:1.01646
[520]	train-rmse:1.03004	valid-rmse:1.04292
[320]	train-rmse:1.06110	valid-rmse:1.06756
[600]	train-rmse:0.98175	valid-rmse:1.00885
[320]	train-rmse:1.06299	valid-rmse:1.06925
[340]	train-rmse:1.05918	valid-rmse:1.06573
[540]	train-rmse:1.02832	valid-rmse:1.04146
[680]	train-rmse:0.96634	valid-rmse:1.00247
[660]	train-rmse:0.99216	valid-rmse:1.01551
[340]	train-rmse:1.06114	valid-rmse:1.06748
[620]	train-rmse:0.98042	valid-rmse:1.00812
[360]	train-rmse:1.05730	valid-rmse:1.06395
[360]	train-rmse:1.05934	valid-rmse:1.06576
[560]	train-rmse:1.02660	valid-rmse:1.04004
[380]	train-rmse:1.05547	valid-rmse:1.06221
[700]	train-rmse:0.96546	valid-rmse:1.00216
[680]	train-rmse:0.99079	valid-rmse:1.01462
[380]	train-rmse:1.05756	valid-rmse:1.06407
[640]	train-rmse:0.97925	valid-rmse:1.00745
[400]	train-rmse:1.05368	valid-rmse:1.06052
[400]	train-rmse:1.05585	valid-rmse:1.06245
[580]	train-rmse:1.02492	valid-rmse:1.03868
[720]	train-rmse:0.96437	valid-rmse:1.00188
[420]	train-rmse:1.05194	valid-rmse:1.05887
[700]	train-rmse:0.98942	valid-rmse:1.01376
[660]	train-rmse:0.97795	valid-rmse:1.00682
[420]	train-rmse:1.05417	valid-rmse:1.06084
[600]	train-rmse:1.02329	valid-rmse:1.03735
[440]	train-rmse:1.05024	valid-rmse:1.05726
[440]	train-rmse:1.05253	valid-rmse:1.05929
[740]	train-rmse:0.96353	valid-rmse:1.00163
[720]	train-rmse:0.98815	valid-rmse:1.01297
[680]	train-rmse:0.97667	valid-rmse:1.00626
[460]	train-rmse:1.04859	valid-rmse:1.05570
[460]	train-rmse:1.05093	valid-rmse:1.05777
[620]	train-rmse:1.02172	valid-rmse:1.03608
[480]	train-rmse:1.04698	valid-rmse:1.05418
[480]	train-rmse:1.04937	valid-rmse:1.05628
[760]	train-rmse:0.96261	valid-rmse:1.00142
[740]	train-rmse:0.98694	valid-rmse:1.01223
[700]	train-rmse:0.97548	valid-rmse:1.00575
[640]	train-rmse:1.02019	valid-rmse:1.03484
[500]	train-rmse:1.04540	valid-rmse:1.05270
[500]	train-rmse:1.04784	valid-rmse:1.05483
[520]	train-rmse:1.04387	valid-rmse:1.05127
[520]	train-rmse:1.04635	valid-rmse:1.05342
[780]	train-rmse:0.96170	valid-rmse:1.00121
[660]	train-rmse:1.01871	valid-rmse:1.03364
[760]	train-rmse:0.98576	valid-rmse:1.01153
[720]	train-rmse:0.97437	valid-rmse:1.00524
[540]	train-rmse:1.04238	valid-rmse:1.04987
[540]	train-rmse:1.04490	valid-rmse:1.05204
[680]	train-rmse:1.01725	valid-rmse:1.03249
[800]	train-rmse:0.96080	valid-rmse:1.00104
[560]	train-rmse:1.04349	valid-rmse:1.05070
[560]	train-rmse:1.04092	valid-rmse:1.04850
[740]	train-rmse:0.97340	valid-rmse:1.00480
[780]	train-rmse:0.98456	valid-rmse:1.01085
[580]	train-rmse:1.04211	valid-rmse:1.04939
[580]	train-rmse:1.03950	valid-rmse:1.04718
[700]	train-rmse:1.01584	valid-rmse:1.03137
[760]	train-rmse:0.97244	valid-rmse:1.00439
[820]	train-rmse:0.95988	valid-rmse:1.00088
[600]	train-rmse:1.04075	valid-rmse:1.04810
[800]	train-rmse:0.98342	valid-rmse:1.01022
[600]	train-rmse:1.03811	valid-rmse:1.04588
[720]	train-rmse:1.01446	valid-rmse:1.03030
[620]	train-rmse:1.03943	valid-rmse:1.04685
[620]	train-rmse:1.03676	valid-rmse:1.04462
[780]	train-rmse:0.97138	valid-rmse:1.00399
[840]	train-rmse:0.95912	valid-rmse:1.00074
[820]	train-rmse:0.98237	valid-rmse:1.00964
[640]	train-rmse:1.03815	valid-rmse:1.04564
[640]	train-rmse:1.03543	valid-rmse:1.04340
[740]	train-rmse:1.01313	valid-rmse:1.02925
[660]	train-rmse:1.03690	valid-rmse:1.04446
[660]	train-rmse:1.03414	valid-rmse:1.04220
[800]	train-rmse:0.97040	valid-rmse:1.00363
[860]	train-rmse:0.95817	valid-rmse:1.00061
[840]	train-rmse:0.98137	valid-rmse:1.00906
[680]	train-rmse:1.03567	valid-rmse:1.04331
[760]	train-rmse:1.01183	valid-rmse:1.02825
[680]	train-rmse:1.03288	valid-rmse:1.04105
[700]	train-rmse:1.03446	valid-rmse:1.04220
[820]	train-rmse:0.96949	valid-rmse:1.00329
[700]	train-rmse:1.03166	valid-rmse:1.03992
[880]	train-rmse:0.95727	valid-rmse:1.00050
[780]	train-rmse:1.01053	valid-rmse:1.02728
[860]	train-rmse:0.98040	valid-rmse:1.00853
[720]	train-rmse:1.03329	valid-rmse:1.04110
[720]	train-rmse:1.03047	valid-rmse:1.03883
[840]	train-rmse:0.96854	valid-rmse:1.00300
[740]	train-rmse:1.03216	valid-rmse:1.04003
[800]	train-rmse:1.00928	valid-rmse:1.02635
[900]	train-rmse:0.95652	valid-rmse:1.00040
[740]	train-rmse:1.02931	valid-rmse:1.03776
[880]	train-rmse:0.97940	valid-rmse:1.00803
[760]	train-rmse:1.03103	valid-rmse:1.03899
[760]	train-rmse:1.02817	valid-rmse:1.03672
[820]	train-rmse:1.00807	valid-rmse:1.02544
[860]	train-rmse:0.96767	valid-rmse:1.00272
[780]	train-rmse:1.02994	valid-rmse:1.03798
[920]	train-rmse:0.95573	valid-rmse:1.00032
[900]	train-rmse:0.97844	valid-rmse:1.00756
[780]	train-rmse:1.02706	valid-rmse:1.03570
[800]	train-rmse:1.02887	valid-rmse:1.03700
[840]	train-rmse:1.00690	valid-rmse:1.02457
[880]	train-rmse:0.96681	valid-rmse:1.00246
[800]	train-rmse:1.02597	valid-rmse:1.03471
[820]	train-rmse:1.02782	valid-rmse:1.03603
[940]	train-rmse:0.95495	valid-rmse:1.00023
[920]	train-rmse:0.97759	valid-rmse:1.00710
[820]	train-rmse:1.02491	valid-rmse:1.03375
[860]	train-rmse:1.00576	valid-rmse:1.02372
[840]	train-rmse:1.02681	valid-rmse:1.03508
[900]	train-rmse:0.96608	valid-rmse:1.00222
[840]	train-rmse:1.02388	valid-rmse:1.03282
[960]	train-rmse:0.95417	valid-rmse:1.00015
[860]	train-rmse:1.02581	valid-rmse:1.03417
[940]	train-rmse:0.97672	valid-rmse:1.00668
[880]	train-rmse:1.00463	valid-rmse:1.02290
[860]	train-rmse:1.02287	valid-rmse:1.03191
[880]	train-rmse:1.02484	valid-rmse:1.03328
[920]	train-rmse:0.96527	valid-rmse:1.00200
[880]	train-rmse:1.02188	valid-rmse:1.03102
[980]	train-rmse:0.95339	valid-rmse:1.00008
[900]	train-rmse:1.02391	valid-rmse:1.03240
[900]	train-rmse:1.00356	valid-rmse:1.02212
[960]	train-rmse:0.97582	valid-rmse:1.00629
[900]	train-rmse:1.02093	valid-rmse:1.03016
[940]	train-rmse:0.96445	valid-rmse:1.00180
[920]	train-rmse:1.02298	valid-rmse:1.03155
[999]	train-rmse:0.95269	valid-rmse:1.00003
[920]	train-rmse:1.00251	valid-rmse:1.02135
[32m[I 2022-04-15 05:48:31,256][0m Trial 21 finished with value: 1.000034 and parameters: {'colsample_bytree': 0.6234740940796359, 'eta': 0.00274542141193771, 'max_depth': 9, 'n_estimators': 417, 'subsample': 0.92331105640835}. Best is trial 15 with value: 0.999478.[0m
[920]	train-rmse:1.01999	valid-rmse:1.02932
[05:48:35] WARNING: ../src/learner.cc:576: 
Parameters: { "n_estimators" } might not be used.

  This could be a false alarm, with some parameters getting used by language bindings but
  then being mistakenly passed down to XGBoost core, or some parameter actually being used
  but getting flagged wrongly here. Please open an issue if you find any such cases.


[980]	train-rmse:0.97501	valid-rmse:1.00591
[0]	train-rmse:1.09952	valid-rmse:1.10443
[940]	train-rmse:1.02208	valid-rmse:1.03072
[960]	train-rmse:0.96358	valid-rmse:1.00162
[940]	train-rmse:1.01907	valid-rmse:1.02850
[960]	train-rmse:1.02119	valid-rmse:1.02992
[20]	train-rmse:1.09786	valid-rmse:1.10282
[940]	train-rmse:1.00149	valid-rmse:1.02060
[999]	train-rmse:0.97433	valid-rmse:1.00557
[32m[I 2022-04-15 05:52:02,730][0m Trial 22 finished with value: 1.005572 and parameters: {'colsample_bytree': 0.619645900321685, 'eta': 0.0014966043150283384, 'max_depth': 9, 'n_estimators': 366, 'subsample': 0.8930232324569021}. Best is trial 15 with value: 0.999478.[0m
[05:52:07] WARNING: ../src/learner.cc:576: 
Parameters: { "n_estimators" } might not be used.

  This could be a false alarm, with some parameters getting used by language bindings but
  then being mistakenly passed down to XGBoost core, or some parameter actually being used
  but getting flagged wrongly here. Please open an issue if you find any such cases.


[960]	train-rmse:1.01818	valid-rmse:1.02771
[0]	train-rmse:1.09952	valid-rmse:1.10443
[980]	train-rmse:1.02033	valid-rmse:1.02914
[40]	train-rmse:1.09622	valid-rmse:1.10123
[980]	train-rmse:0.96283	valid-rmse:1.00145
[20]	train-rmse:1.09784	valid-rmse:1.10281
[960]	train-rmse:1.00047	valid-rmse:1.01988
[999]	train-rmse:1.01953	valid-rmse:1.02841
[980]	train-rmse:1.01730	valid-rmse:1.02694
[32m[I 2022-04-15 05:54:04,935][0m Trial 30 finished with value: 1.028414 and parameters: {'colsample_bytree': 0.6683160762661686, 'eta': 0.0006775545094420505, 'max_depth': 7, 'n_estimators': 303, 'subsample': 0.4520571664540545}. Best is trial 15 with value: 0.999478.[0m
[05:54:09] WARNING: ../src/learner.cc:576: 
Parameters: { "n_estimators" } might not be used.

  This could be a false alarm, with some parameters getting used by language bindings but
  then being mistakenly passed down to XGBoost core, or some parameter actually being used
  but getting flagged wrongly here. Please open an issue if you find any such cases.


[0]	train-rmse:1.06265	valid-rmse:1.06776
[40]	train-rmse:1.09619	valid-rmse:1.10120
[60]	train-rmse:1.09461	valid-rmse:1.09967
[999]	train-rmse:1.01651	valid-rmse:1.02622
[32m[I 2022-04-15 05:55:51,302][0m Trial 29 finished with value: 1.026224 and parameters: {'colsample_bytree': 0.5373216578225679, 'eta': 0.0007167836867297866, 'max_depth': 7, 'n_estimators': 303, 'subsample': 0.6974853933295484}. Best is trial 15 with value: 0.999478.[0m
[05:55:55] WARNING: ../src/learner.cc:576: 
Parameters: { "n_estimators" } might not be used.

  This could be a false alarm, with some parameters getting used by language bindings but
  then being mistakenly passed down to XGBoost core, or some parameter actually being used
  but getting flagged wrongly here. Please open an issue if you find any such cases.


[0]	train-rmse:1.09956	valid-rmse:1.10447
[60]	train-rmse:1.09457	valid-rmse:1.09962
[20]	train-rmse:0.98581	valid-rmse:1.00140
[999]	train-rmse:0.96227	valid-rmse:1.00130
[980]	train-rmse:0.99949	valid-rmse:1.01918
[32m[I 2022-04-15 05:56:30,362][0m Trial 23 finished with value: 1.001298 and parameters: {'colsample_bytree': 0.6448644594115787, 'eta': 0.0021076813207415337, 'max_depth': 9, 'n_estimators': 342, 'subsample': 0.8154280337609541}. Best is trial 15 with value: 0.999478.[0m
[05:56:34] WARNING: ../src/learner.cc:576: 
Parameters: { "n_estimators" } might not be used.

  This could be a false alarm, with some parameters getting used by language bindings but
  then being mistakenly passed down to XGBoost core, or some parameter actually being used
  but getting flagged wrongly here. Please open an issue if you find any such cases.


[0]	train-rmse:1.09956	valid-rmse:1.10447
[80]	train-rmse:1.09303	valid-rmse:1.09814
[20]	train-rmse:1.09869	valid-rmse:1.10360
[80]	train-rmse:1.09297	valid-rmse:1.09807
[40]	train-rmse:0.97710	valid-rmse:1.00378
[20]	train-rmse:1.09871	valid-rmse:1.10362
[40]	train-rmse:1.09782	valid-rmse:1.10274
[100]	train-rmse:1.09139	valid-rmse:1.09654
[100]	train-rmse:1.09146	valid-rmse:1.09663
[999]	train-rmse:0.99859	valid-rmse:1.01855
[40]	train-rmse:1.09786	valid-rmse:1.10277
[32m[I 2022-04-15 05:59:21,089][0m Trial 25 finished with value: 1.018552 and parameters: {'colsample_bytree': 0.5895291132617325, 'eta': 0.0008976312534943112, 'max_depth': 9, 'n_estimators': 552, 'subsample': 0.6841271015595596}. Best is trial 15 with value: 0.999478.[0m
[60]	train-rmse:1.09696	valid-rmse:1.10188
[05:59:25] WARNING: ../src/learner.cc:576: 
Parameters: { "n_estimators" } might not be used.

  This could be a false alarm, with some parameters getting used by language bindings but
  then being mistakenly passed down to XGBoost core, or some parameter actually being used
  but getting flagged wrongly here. Please open an issue if you find any such cases.


[0]	train-rmse:1.06662	valid-rmse:1.07191
[60]	train-rmse:0.96828	valid-rmse:1.00527
[120]	train-rmse:1.08983	valid-rmse:1.09502
[63]	train-rmse:0.96694	valid-rmse:1.00553
[20]	train-rmse:0.99092	valid-rmse:1.00457
[32m[I 2022-04-15 06:00:09,210][0m Trial 33 finished with value: 1.00072 and parameters: {'colsample_bytree': 0.7994283434264277, 'eta': 0.20729025207093363, 'max_depth': 5, 'n_estimators': 281, 'subsample': 0.7938264595516275}. Best is trial 15 with value: 0.999478.[0m
[06:00:13] WARNING: ../src/learner.cc:576: 
Parameters: { "n_estimators" } might not be used.

  This could be a false alarm, with some parameters getting used by language bindings but
  then being mistakenly passed down to XGBoost core, or some parameter actually being used
  but getting flagged wrongly here. Please open an issue if you find any such cases.


[0]	train-rmse:1.09741	valid-rmse:1.10236
[80]	train-rmse:1.09611	valid-rmse:1.10103
[60]	train-rmse:1.09702	valid-rmse:1.10193
[40]	train-rmse:0.98417	valid-rmse:1.00818
[120]	train-rmse:1.08992	valid-rmse:1.09513
[140]	train-rmse:1.08829	valid-rmse:1.09353
[20]	train-rmse:1.06110	valid-rmse:1.06676
[60]	train-rmse:0.97775	valid-rmse:1.01223
[62]	train-rmse:0.97730	valid-rmse:1.01262
[32m[I 2022-04-15 06:01:35,101][0m Trial 36 finished with value: 1.003748 and parameters: {'colsample_bytree': 0.40877159565495447, 'eta': 0.1845834058249249, 'max_depth': 5, 'n_estimators': 619, 'subsample': 0.2811394174641439}. Best is trial 15 with value: 0.999478.[0m
[100]	train-rmse:1.09526	valid-rmse:1.10019
[06:01:39] WARNING: ../src/learner.cc:576: 
Parameters: { "n_estimators" } might not be used.

  This could be a false alarm, with some parameters getting used by language bindings but
  then being mistakenly passed down to XGBoost core, or some parameter actually being used
  but getting flagged wrongly here. Please open an issue if you find any such cases.


[0]	train-rmse:1.09700	valid-rmse:1.10199
[80]	train-rmse:1.09619	valid-rmse:1.10110
[160]	train-rmse:1.08678	valid-rmse:1.09206
[40]	train-rmse:1.03657	valid-rmse:1.04340
[120]	train-rmse:1.09443	valid-rmse:1.09935
[140]	train-rmse:1.08839	valid-rmse:1.09367
[100]	train-rmse:1.09537	valid-rmse:1.10028
[60]	train-rmse:1.02045	valid-rmse:1.02810
[20]	train-rmse:1.05534	valid-rmse:1.06207
[180]	train-rmse:1.08530	valid-rmse:1.09061
[140]	train-rmse:1.09359	valid-rmse:1.09852
[120]	train-rmse:1.09455	valid-rmse:1.09946
[80]	train-rmse:1.00948	valid-rmse:1.01834
[200]	train-rmse:1.08383	valid-rmse:1.08919
[160]	train-rmse:1.09277	valid-rmse:1.09770
[160]	train-rmse:1.08689	valid-rmse:1.09221
[100]	train-rmse:1.00181	valid-rmse:1.01181
[140]	train-rmse:1.09373	valid-rmse:1.09865
[40]	train-rmse:1.02894	valid-rmse:1.03753
[180]	train-rmse:1.09195	valid-rmse:1.09688
[220]	train-rmse:1.08238	valid-rmse:1.08778
[120]	train-rmse:0.99638	valid-rmse:1.00746
[160]	train-rmse:1.09293	valid-rmse:1.09784
[180]	train-rmse:1.08541	valid-rmse:1.09078
[200]	train-rmse:1.09114	valid-rmse:1.09607
[60]	train-rmse:1.01195	valid-rmse:1.02253
[240]	train-rmse:1.08095	valid-rmse:1.08641
[140]	train-rmse:0.99255	valid-rmse:1.00457
[180]	train-rmse:1.09213	valid-rmse:1.09704
[220]	train-rmse:1.09033	valid-rmse:1.09527
[160]	train-rmse:0.98973	valid-rmse:1.00278
[260]	train-rmse:1.07955	valid-rmse:1.08505
[200]	train-rmse:1.08395	valid-rmse:1.08938
[80]	train-rmse:1.00093	valid-rmse:1.01344
[200]	train-rmse:1.09133	valid-rmse:1.09624
[240]	train-rmse:1.08953	valid-rmse:1.09447
[180]	train-rmse:0.98746	valid-rmse:1.00164
[280]	train-rmse:1.07816	valid-rmse:1.08371
[220]	train-rmse:1.09054	valid-rmse:1.09545
[260]	train-rmse:1.08874	valid-rmse:1.09368
[200]	train-rmse:0.98548	valid-rmse:1.00097
[100]	train-rmse:0.99365	valid-rmse:1.00794
[220]	train-rmse:1.08251	valid-rmse:1.08798
[300]	train-rmse:1.07679	valid-rmse:1.08239
[220]	train-rmse:0.98376	valid-rmse:1.00052
[280]	train-rmse:1.08796	valid-rmse:1.09290
[240]	train-rmse:1.08976	valid-rmse:1.09467
[320]	train-rmse:1.07545	valid-rmse:1.08110
[240]	train-rmse:0.98220	valid-rmse:1.00016
[300]	train-rmse:1.08717	valid-rmse:1.09212
[120]	train-rmse:0.98901	valid-rmse:1.00455
[260]	train-rmse:1.08899	valid-rmse:1.09390
[240]	train-rmse:1.08110	valid-rmse:1.08662
[260]	train-rmse:0.98073	valid-rmse:1.00004
[340]	train-rmse:1.07413	valid-rmse:1.07983
[320]	train-rmse:1.08640	valid-rmse:1.09135
[280]	train-rmse:1.08822	valid-rmse:1.09313
[280]	train-rmse:0.97941	valid-rmse:0.99991
[140]	train-rmse:0.98562	valid-rmse:1.00249
[340]	train-rmse:1.08563	valid-rmse:1.09058
[360]	train-rmse:1.07282	valid-rmse:1.07856
[260]	train-rmse:1.07970	valid-rmse:1.08528
[300]	train-rmse:1.08745	valid-rmse:1.09236
[300]	train-rmse:0.97819	valid-rmse:0.99983
[360]	train-rmse:1.08487	valid-rmse:1.08982
[380]	train-rmse:1.07153	valid-rmse:1.07732
[160]	train-rmse:0.98291	valid-rmse:1.00121
[320]	train-rmse:0.97696	valid-rmse:0.99979
[320]	train-rmse:1.08669	valid-rmse:1.09161
[280]	train-rmse:1.07833	valid-rmse:1.08396
[380]	train-rmse:1.08411	valid-rmse:1.08907
[400]	train-rmse:1.07027	valid-rmse:1.07611
[340]	train-rmse:0.97596	valid-rmse:0.99987
[340]	train-rmse:1.08594	valid-rmse:1.09085
[400]	train-rmse:1.08336	valid-rmse:1.08832
[180]	train-rmse:0.98081	valid-rmse:1.00044
[360]	train-rmse:0.97464	valid-rmse:0.99997
